 *******************************************
    Scalable Molecular Analysis Solver for
      High performance computing systems
            SMASH Version 1.0       
           written by K. ISHIMURA
 *******************************************

 The job started at Sun Aug 31 19:06:38 2014
 Master node is hpcs01.local
 Number of processes =     3
 Number of threads   =    12

 --------------------------------------------------------------------------
   Job infomation
 --------------------------------------------------------------------------
   Runtype = ENERGY      ,   Method  = HARTREE-FOCK,   Basis    = STO-3G      
   Memory  =      2000MB ,   SCFtype = RHF         ,   Spher    = T
   Charge  =         0.0 ,   Multi   =           1 ,   Bohr     = F
   Guess   = HUCKEL      
   Check   = anthracene.chk                                                  
 --------------------------------------------------------------------------

 ------------------------------------------------
   Computational condition
 ------------------------------------------------
   Number of atoms                      =   24
   Number of alpha electrons            =   47
   Number of beta electrons             =   47
   Number of basis shells               =   52
   Number of basis contracted functions =   80
   Number of basis primitive functions  =  156
 ------------------------------------------------

 ----------------------------------------------------
          Molecular Geometry (Angstrom)
  Atom            X             Y             Z
 ----------------------------------------------------
   C          0.0000000     0.0000000     1.4057190
   C          0.0000000     1.2229570     0.7213980
   C          0.0000000    -1.2229570     0.7213980
   C          0.0000000     1.2229570    -0.7213980
   C          0.0000000    -1.2229570    -0.7213980
   C          0.0000000     0.0000000    -1.4057190
   C          0.0000000     2.4733470     1.4075940
   C          0.0000000     3.6582160     0.7111020
   C          0.0000000     3.6582160    -0.7111020
   C          0.0000000     2.4733470    -1.4075940
   C          0.0000000    -2.4733470     1.4075940
   C          0.0000000    -3.6582160     0.7111020
   C          0.0000000    -3.6582160    -0.7111020
   C          0.0000000    -2.4733470    -1.4075940
   H          0.0000000     0.0000000     2.4968600
   H          0.0000000     0.0000000    -2.4968600
   H          0.0000000     2.4725530     2.4968800
   H          0.0000000     2.4725530    -2.4968800
   H          0.0000000    -2.4725530     2.4968800
   H          0.0000000    -2.4725530    -2.4968800
   H          0.0000000     4.6045680     1.2472370
   H          0.0000000    -4.6045680     1.2472370
   H          0.0000000     4.6045680    -1.2472370
   H          0.0000000    -4.6045680    -1.2472370
 ----------------------------------------------------

 -------------
   Basis set
 -------------
  C  
    S  3
         71.6168373      0.15432897
         13.0450963      0.53532814
          3.5305122      0.44463454
    S  3
          2.9412494     -0.09996723
          0.6834831      0.39951283
          0.2222899      0.70011547
    P  3
          2.9412494      0.15591627
          0.6834831      0.60768372
          0.2222899      0.39195739
  ****
  H  
    S  3
          3.4252509      0.15432897
          0.6239137      0.53532814
          0.1688554      0.44463454
  ****
 Nuclear repulsion energy =   765.57204854 a.u.

 ---------------------
   Guess calculation
 ---------------------
 Guess MOs are generated using extended Huckel orbitals.

 If the calculation stops at the beginning of SCF, increase the stack size.
 bash: Write the following two lines in the ~/.bashrc file.
       ulimit -s unlimited
       export OMP_STACKSIZE=1G
 tcsh: Write the following two lines in the ~/.tcshrc file.
       unlimit
       setenv OMP_STACKSIZE 1G

 Step CPU :       2.8, Total CPU :       2.8 of Master node
 Step Wall :      0.3, Total Wall :      0.3 at Sun Aug 31 19:06:38 2014

 --------------------------------------------------------------------------
   Hartree-Fock calculation
 --------------------------------------------------------------------------
   DIIS = T,   SOSCF = F
   Dconv      = 5.00D-06,  MaxIter    =       100,  ThreshSOSCF= 2.50D-01
   Cutint2    = 1.00D-12,  ThreshEx   =  3.00D+01,  ThreshOver = 1.00D-06
 --------------------------------------------------------------------------
 ====================
    SCF Iteration
 ====================
 Iter SubIt   Total Energy      Delta Energy      Delta Density     DIIS Error
   1    0    -527.363694706    -527.363694706      0.231032574      2.291547021
   2    1    -529.458425905      -2.094731199      0.024421829      0.112359156
   3    2    -529.465414121      -0.006988216      0.007087876      0.009482851
   4    3    -529.465712793      -0.000298672      0.003021775      0.004722978
   5    4    -529.465769174      -0.000056381      0.003320662      0.002419320
   6    5    -529.465791954      -0.000022779      0.000846779      0.000653360
   7    6    -529.465793577      -0.000001623      0.000402536      0.000206875
   8    7    -529.465793795      -0.000000218      0.000007552      0.000005021
   9    8    -529.465793795       0.000000000      0.000004623      0.000002181
 -----------------------------------------
    SCF Converged.
    RHF Energy =    -529.465793795 a.u.
 -----------------------------------------

 --------------------------------------------------------------------------------
   Eigenvalues (Hartree)
 --------------------------------------------------------------------------------
   Alpha Occupied:    -11.03943   -11.03938   -11.03936   -11.03933   -11.02971
   Alpha Occupied:    -11.02970   -11.02966   -11.02966   -11.02859   -11.02859
   Alpha Occupied:    -11.02854   -11.02854   -11.02683   -11.02676    -1.12172
   Alpha Occupied:     -1.08297    -1.02057    -1.00056    -0.95968    -0.94122
   Alpha Occupied:     -0.89658    -0.81641    -0.77900    -0.75767    -0.74913
   Alpha Occupied:     -0.68444    -0.65308    -0.63260    -0.59110    -0.57807
   Alpha Occupied:     -0.57172    -0.55230    -0.53305    -0.52296    -0.50092
   Alpha Occupied:     -0.49801    -0.48788    -0.47316    -0.44292    -0.43399
   Alpha Occupied:     -0.41064    -0.40317    -0.35594    -0.35142    -0.28677
   Alpha Occupied:     -0.25010    -0.18735
   Alpha Virtual :      0.16160     0.23558     0.27590     0.35521     0.36212
   Alpha Virtual :      0.48462     0.57222     0.58040     0.58267     0.59830
   Alpha Virtual :      0.63932     0.64941     0.67376     0.70239     0.70345
   Alpha Virtual :      0.71032     0.71283     0.73556     0.74472     0.76987
   Alpha Virtual :      0.81724     0.84484     0.85410     0.87243     0.90963
   Alpha Virtual :      0.97248     0.97335     0.98189     0.98382     1.06534
   Alpha Virtual :      1.10674     1.17301     1.17791
 --------------------------------------------------------------------------------
 Step CPU :       5.1, Total CPU :       8.0 of Master node
 Step Wall :      0.4, Total Wall :      0.7 at Sun Aug 31 19:06:38 2014

-----------------
 MO coefficients
-----------------
 
                          1          2          3          4          5
                     -11.0394   -11.0394   -11.0394   -11.0393   -11.0297
    1   1 C  S         0.0000    -0.0114     0.0000    -0.0074     0.0000
    2        S         0.0000     0.0069     0.0000     0.0066     0.0000
    3        Px        0.0000     0.0000     0.0000     0.0000     0.0000
    4        Py       -0.0039     0.0000    -0.0040     0.0000     0.0001
    5        Pz        0.0000    -0.0022     0.0000    -0.0022     0.0000
    6   2 C  S         0.4963    -0.4958     0.4958    -0.4963    -0.0029
    7        S         0.0149    -0.0217     0.0214    -0.0150     0.0004
    8        Px        0.0000     0.0000     0.0000     0.0000     0.0000
    9        Py       -0.0001     0.0002     0.0000     0.0000     0.0004
   10        Pz        0.0022     0.0022    -0.0021    -0.0023     0.0001
   11   3 C  S        -0.4963    -0.4958    -0.4958    -0.4963     0.0029
   12        S        -0.0149    -0.0217    -0.0214    -0.0150    -0.0004
   13        Px        0.0000     0.0000     0.0000     0.0000     0.0000
   14        Py       -0.0001    -0.0002     0.0000     0.0000     0.0004
   15        Pz       -0.0022     0.0022     0.0021    -0.0023    -0.0001
   16   4 C  S         0.4963     0.4958    -0.4958    -0.4963    -0.0029
   17        S         0.0149     0.0217    -0.0214    -0.0150     0.0004
   18        Px        0.0000     0.0000     0.0000     0.0000     0.0000
   19        Py       -0.0001    -0.0002     0.0000     0.0000     0.0004
   20        Pz       -0.0022     0.0022    -0.0021     0.0023    -0.0001
   21   5 C  S        -0.4963     0.4958     0.4958    -0.4963     0.0029
   22        S        -0.0149     0.0217     0.0214    -0.0150    -0.0004
   23        Px        0.0000     0.0000     0.0000     0.0000     0.0000
   24        Py       -0.0001     0.0002     0.0000     0.0000     0.0004
   25        Pz        0.0022     0.0022     0.0021     0.0023     0.0001
   26   6 C  S         0.0000     0.0114     0.0000    -0.0074     0.0000
   27        S         0.0000    -0.0069     0.0000     0.0066     0.0000
   28        Px        0.0000     0.0000     0.0000     0.0000     0.0000
   29        Py       -0.0039     0.0000     0.0040     0.0000     0.0001
   30        Pz        0.0000    -0.0022     0.0000     0.0022     0.0000
   31   7 C  S         0.0006    -0.0024     0.0027     0.0001    -0.0857
   32        S        -0.0032     0.0034    -0.0034     0.0033     0.0004
   33        Px        0.0000     0.0000     0.0000     0.0000     0.0000
   34        Py        0.0019    -0.0020     0.0019    -0.0020     0.0018
   35        Pz        0.0010    -0.0011     0.0011    -0.0011    -0.0011
   36   8 C  S        -0.0029    -0.0004     0.0005     0.0029    -0.4889
   37        S         0.0000    -0.0002     0.0002     0.0000    -0.0139
   38        Px        0.0000     0.0000     0.0000     0.0000     0.0000
   39        Py        0.0001     0.0001    -0.0001    -0.0001     0.0002
   40        Pz        0.0000     0.0000     0.0000     0.0000    -0.0019
   41   9 C  S        -0.0029     0.0004    -0.0005     0.0029    -0.4889
   42        S         0.0000     0.0002    -0.0002     0.0000    -0.0139
   43        Px        0.0000     0.0000     0.0000     0.0000     0.0000
   44        Py        0.0001    -0.0001     0.0001    -0.0001     0.0002
   45        Pz        0.0000     0.0000     0.0000     0.0000     0.0019
   46  10 C  S         0.0006     0.0024    -0.0027     0.0001    -0.0857
   47        S        -0.0032    -0.0034     0.0034     0.0033     0.0004
   48        Px        0.0000     0.0000     0.0000     0.0000     0.0000
   49        Py        0.0019     0.0020    -0.0019    -0.0020     0.0018
   50        Pz       -0.0010    -0.0011     0.0011     0.0011     0.0011
   51  11 C  S        -0.0006    -0.0024    -0.0027     0.0001     0.0857
   52        S         0.0032     0.0034     0.0034     0.0033    -0.0004
   53        Px        0.0000     0.0000     0.0000     0.0000     0.0000
   54        Py        0.0019     0.0020     0.0019     0.0020     0.0018
   55        Pz       -0.0010    -0.0011    -0.0011    -0.0011     0.0011
   56  12 C  S         0.0029    -0.0004    -0.0005     0.0029     0.4889
   57        S         0.0000    -0.0002    -0.0002     0.0000     0.0139
   58        Px        0.0000     0.0000     0.0000     0.0000     0.0000
   59        Py        0.0001    -0.0001    -0.0001     0.0001     0.0002
   60        Pz        0.0000     0.0000     0.0000     0.0000     0.0019
   61  13 C  S         0.0029     0.0004     0.0005     0.0029     0.4889
   62        S         0.0000     0.0002     0.0002     0.0000     0.0139
   63        Px        0.0000     0.0000     0.0000     0.0000     0.0000
   64        Py        0.0001     0.0001     0.0001     0.0001     0.0002
   65        Pz        0.0000     0.0000     0.0000     0.0000    -0.0019
   66  14 C  S        -0.0006     0.0024     0.0027     0.0001     0.0857
   67        S         0.0032    -0.0034    -0.0034     0.0033    -0.0004
   68        Px        0.0000     0.0000     0.0000     0.0000     0.0000
   69        Py        0.0019    -0.0020    -0.0019     0.0020     0.0018
   70        Pz        0.0010    -0.0011    -0.0011     0.0011    -0.0011
   71  15 H  S         0.0000    -0.0001     0.0000     0.0000     0.0000
   72  16 H  S         0.0000     0.0001     0.0000     0.0000     0.0000
   73  17 H  S         0.0000    -0.0001     0.0001     0.0000     0.0006
   74  18 H  S         0.0000     0.0001    -0.0001     0.0000     0.0006
   75  19 H  S         0.0000    -0.0001    -0.0001     0.0000    -0.0006
   76  20 H  S         0.0000     0.0001     0.0001     0.0000    -0.0006
   77  21 H  S         0.0000     0.0000     0.0000     0.0000     0.0033
   78  22 H  S         0.0000     0.0000     0.0000     0.0000    -0.0033
   79  23 H  S         0.0000     0.0000     0.0000     0.0000     0.0033
   80  24 H  S         0.0000     0.0000     0.0000     0.0000    -0.0033
 
                          6          7          8          9         10
                     -11.0297   -11.0297   -11.0297   -11.0286   -11.0286
    1   1 C  S        -0.0039     0.0031     0.0000    -0.0090     0.0000
    2        S        -0.0003     0.0001     0.0000     0.0000     0.0000
    3        Px        0.0000     0.0000     0.0000     0.0000     0.0000
    4        Py        0.0000     0.0000     0.0000     0.0000    -0.0001
    5        Pz        0.0000     0.0000     0.0000    -0.0001     0.0000
    6   2 C  S         0.0030     0.0008     0.0011    -0.0017     0.0021
    7        S        -0.0004     0.0007     0.0007    -0.0035     0.0035
    8        Px        0.0000     0.0000     0.0000     0.0000     0.0000
    9        Py       -0.0004     0.0004     0.0004    -0.0019     0.0019
   10        Pz       -0.0001     0.0002     0.0002    -0.0009     0.0010
   11   3 C  S         0.0030     0.0008    -0.0011    -0.0017    -0.0021
   12        S        -0.0004     0.0007    -0.0007    -0.0035    -0.0035
   13        Px        0.0000     0.0000     0.0000     0.0000     0.0000
   14        Py        0.0004    -0.0004     0.0004     0.0019     0.0019
   15        Pz       -0.0001     0.0002    -0.0002    -0.0009    -0.0010
   16   4 C  S         0.0030    -0.0008    -0.0011     0.0017    -0.0021
   17        S        -0.0004    -0.0007    -0.0007     0.0035    -0.0035
   18        Px        0.0000     0.0000     0.0000     0.0000     0.0000
   19        Py       -0.0004    -0.0004    -0.0004     0.0019    -0.0019
   20        Pz        0.0001     0.0002     0.0002    -0.0009     0.0010
   21   5 C  S         0.0030    -0.0008     0.0011     0.0017     0.0021
   22        S        -0.0004    -0.0007     0.0007     0.0035     0.0035
   23        Px        0.0000     0.0000     0.0000     0.0000     0.0000
   24        Py        0.0004     0.0004    -0.0004    -0.0019    -0.0019
   25        Pz        0.0001     0.0002    -0.0002    -0.0009    -0.0010
   26   6 C  S        -0.0039    -0.0031     0.0000     0.0090     0.0000
   27        S        -0.0003    -0.0001     0.0000     0.0000     0.0000
   28        Px        0.0000     0.0000     0.0000     0.0000     0.0000
   29        Py        0.0000     0.0000     0.0000     0.0000     0.0001
   30        Pz        0.0000     0.0000     0.0000    -0.0001     0.0000
   31   7 C  S         0.0858    -0.1214    -0.1212     0.4809    -0.4810
   32        S        -0.0004    -0.0008    -0.0008     0.0186    -0.0186
   33        Px        0.0000     0.0000     0.0000     0.0000     0.0000
   34        Py       -0.0018     0.0019     0.0019     0.0006    -0.0006
   35        Pz        0.0011    -0.0010    -0.0010    -0.0009     0.0009
   36   8 C  S         0.4889    -0.4809    -0.4809    -0.1211     0.1208
   37        S         0.0139    -0.0200    -0.0200    -0.0090     0.0089
   38        Px        0.0000     0.0000     0.0000     0.0000     0.0000
   39        Py       -0.0002     0.0002     0.0002     0.0020    -0.0020
   40        Pz        0.0019     0.0025     0.0025    -0.0005     0.0005
   41   9 C  S         0.4889     0.4809     0.4809     0.1211    -0.1208
   42        S         0.0139     0.0200     0.0200     0.0090    -0.0089
   43        Px        0.0000     0.0000     0.0000     0.0000     0.0000
   44        Py       -0.0002    -0.0002    -0.0002    -0.0020     0.0020
   45        Pz       -0.0019     0.0025     0.0025    -0.0005     0.0005
   46  10 C  S         0.0858     0.1214     0.1212    -0.4809     0.4810
   47        S        -0.0004     0.0008     0.0008    -0.0186     0.0186
   48        Px        0.0000     0.0000     0.0000     0.0000     0.0000
   49        Py       -0.0018    -0.0019    -0.0019    -0.0006     0.0006
   50        Pz       -0.0011    -0.0010    -0.0010    -0.0009     0.0009
   51  11 C  S         0.0858    -0.1214     0.1212     0.4809     0.4810
   52        S        -0.0004    -0.0008     0.0008     0.0186     0.0186
   53        Px        0.0000     0.0000     0.0000     0.0000     0.0000
   54        Py        0.0018    -0.0019     0.0019    -0.0006    -0.0006
   55        Pz        0.0011    -0.0010     0.0010    -0.0009    -0.0009
   56  12 C  S         0.4889    -0.4809     0.4809    -0.1211    -0.1208
   57        S         0.0139    -0.0200     0.0200    -0.0090    -0.0089
   58        Px        0.0000     0.0000     0.0000     0.0000     0.0000
   59        Py        0.0002    -0.0002     0.0002    -0.0020    -0.0020
   60        Pz        0.0019     0.0025    -0.0025    -0.0005    -0.0005
   61  13 C  S         0.4889     0.4809    -0.4809     0.1211     0.1208
   62        S         0.0139     0.0200    -0.0200     0.0090     0.0089
   63        Px        0.0000     0.0000     0.0000     0.0000     0.0000
   64        Py        0.0002     0.0002    -0.0002     0.0020     0.0020
   65        Pz       -0.0019     0.0025    -0.0025    -0.0005    -0.0005
   66  14 C  S         0.0858     0.1214    -0.1212    -0.4809    -0.4810
   67        S        -0.0004     0.0008    -0.0008    -0.0186    -0.0186
   68        Px        0.0000     0.0000     0.0000     0.0000     0.0000
   69        Py        0.0018     0.0019    -0.0019     0.0006     0.0006
   70        Pz       -0.0011    -0.0010     0.0010    -0.0009    -0.0009
   71  15 H  S         0.0000     0.0000     0.0000     0.0000     0.0000
   72  16 H  S         0.0000     0.0000     0.0000     0.0000     0.0000
   73  17 H  S        -0.0006     0.0007     0.0007    -0.0033     0.0033
   74  18 H  S        -0.0006    -0.0007    -0.0007     0.0033    -0.0033
   75  19 H  S        -0.0006     0.0007    -0.0007    -0.0033    -0.0033
   76  20 H  S        -0.0006    -0.0007     0.0007     0.0033     0.0033
   77  21 H  S        -0.0033     0.0033     0.0033     0.0009    -0.0009
   78  22 H  S        -0.0033     0.0033    -0.0033     0.0009     0.0009
   79  23 H  S        -0.0033    -0.0033    -0.0033    -0.0009     0.0009
   80  24 H  S        -0.0033    -0.0033     0.0033    -0.0009    -0.0009
 
                         11         12         13         14         15
                     -11.0285   -11.0285   -11.0268   -11.0268    -1.1217
    1   1 C  S         0.0000     0.0124    -0.7014     0.7014     0.0780
    2        S         0.0000     0.0003    -0.0258     0.0256    -0.1968
    3        Px        0.0000     0.0000     0.0000     0.0000     0.0000
    4        Py        0.0000     0.0000     0.0000     0.0000     0.0000
    5        Pz        0.0000     0.0000     0.0009    -0.0006     0.0443
    6   2 C  S        -0.0006    -0.0001     0.0076    -0.0046     0.0942
    7        S        -0.0033     0.0032     0.0056    -0.0050    -0.2373
    8        Px        0.0000     0.0000     0.0000     0.0000     0.0000
    9        Py       -0.0020     0.0020    -0.0027     0.0028     0.0117
   10        Pz       -0.0011     0.0010     0.0014    -0.0016     0.0173
   11   3 C  S         0.0006    -0.0001     0.0076    -0.0046     0.0942
   12        S         0.0033     0.0032     0.0056    -0.0050    -0.2373
   13        Px        0.0000     0.0000     0.0000     0.0000     0.0000
   14        Py       -0.0020    -0.0020     0.0027    -0.0028    -0.0117
   15        Pz        0.0011     0.0010     0.0014    -0.0016     0.0173
   16   4 C  S        -0.0006    -0.0001    -0.0076    -0.0046     0.0942
   17        S        -0.0033     0.0032    -0.0056    -0.0050    -0.2373
   18        Px        0.0000     0.0000     0.0000     0.0000     0.0000
   19        Py       -0.0020     0.0020     0.0027     0.0028     0.0117
   20        Pz        0.0011    -0.0010     0.0014     0.0016    -0.0173
   21   5 C  S         0.0006    -0.0001    -0.0076    -0.0046     0.0942
   22        S         0.0033     0.0032    -0.0056    -0.0050    -0.2373
   23        Px        0.0000     0.0000     0.0000     0.0000     0.0000
   24        Py       -0.0020    -0.0020    -0.0027    -0.0028    -0.0117
   25        Pz       -0.0011    -0.0010     0.0014     0.0016    -0.0173
   26   6 C  S         0.0000     0.0124     0.7014     0.7014     0.0780
   27        S         0.0000     0.0003     0.0258     0.0256    -0.1968
   28        Px        0.0000     0.0000     0.0000     0.0000     0.0000
   29        Py        0.0000     0.0000     0.0000     0.0000     0.0000
   30        Pz        0.0000     0.0000     0.0009     0.0006    -0.0443
   31   7 C  S         0.4887    -0.4886    -0.0067     0.0092     0.0557
   32        S         0.0184    -0.0184    -0.0005     0.0005    -0.1405
   33        Px        0.0000     0.0000     0.0000     0.0000     0.0000
   34        Py        0.0005    -0.0005     0.0001     0.0000     0.0157
   35        Pz       -0.0007     0.0007     0.0001     0.0000     0.0323
   36   8 C  S        -0.0853     0.0855    -0.0006     0.0013     0.0434
   37        S        -0.0060     0.0060     0.0001    -0.0001    -0.1086
   38        Px        0.0000     0.0000     0.0000     0.0000     0.0000
   39        Py        0.0021    -0.0021    -0.0001     0.0001     0.0271
   40        Pz       -0.0015     0.0015     0.0000     0.0000     0.0091
   41   9 C  S        -0.0853     0.0855     0.0006     0.0013     0.0434
   42        S        -0.0060     0.0060    -0.0001    -0.0001    -0.1086
   43        Px        0.0000     0.0000     0.0000     0.0000     0.0000
   44        Py        0.0021    -0.0021     0.0001     0.0001     0.0271
   45        Pz        0.0015    -0.0015     0.0000     0.0000    -0.0091
   46  10 C  S         0.4887    -0.4886     0.0067     0.0092     0.0557
   47        S         0.0184    -0.0184     0.0005     0.0005    -0.1405
   48        Px        0.0000     0.0000     0.0000     0.0000     0.0000
   49        Py        0.0005    -0.0005    -0.0001     0.0000     0.0157
   50        Pz        0.0007    -0.0007     0.0001     0.0000    -0.0323
   51  11 C  S        -0.4887    -0.4886    -0.0067     0.0092     0.0557
   52        S        -0.0184    -0.0184    -0.0005     0.0005    -0.1405
   53        Px        0.0000     0.0000     0.0000     0.0000     0.0000
   54        Py        0.0005     0.0005    -0.0001     0.0000    -0.0157
   55        Pz        0.0007     0.0007     0.0001     0.0000     0.0323
   56  12 C  S         0.0853     0.0855    -0.0006     0.0013     0.0434
   57        S         0.0060     0.0060     0.0001    -0.0001    -0.1086
   58        Px        0.0000     0.0000     0.0000     0.0000     0.0000
   59        Py        0.0021     0.0021     0.0001    -0.0001    -0.0271
   60        Pz        0.0015     0.0015     0.0000     0.0000     0.0091
   61  13 C  S         0.0853     0.0855     0.0006     0.0013     0.0434
   62        S         0.0060     0.0060    -0.0001    -0.0001    -0.1086
   63        Px        0.0000     0.0000     0.0000     0.0000     0.0000
   64        Py        0.0021     0.0021    -0.0001    -0.0001    -0.0271
   65        Pz       -0.0015    -0.0015     0.0000     0.0000    -0.0091
   66  14 C  S        -0.4887    -0.4886     0.0067     0.0092     0.0557
   67        S        -0.0184    -0.0184     0.0005     0.0005    -0.1405
   68        Px        0.0000     0.0000     0.0000     0.0000     0.0000
   69        Py        0.0005     0.0005     0.0001     0.0000    -0.0157
   70        Pz       -0.0007    -0.0007     0.0001     0.0000    -0.0323
   71  15 H  S         0.0000     0.0000     0.0048    -0.0048    -0.0344
   72  16 H  S         0.0000     0.0000    -0.0048    -0.0048    -0.0344
   73  17 H  S        -0.0034     0.0034     0.0001    -0.0001    -0.0245
   74  18 H  S        -0.0034     0.0034    -0.0001    -0.0001    -0.0245
   75  19 H  S         0.0034     0.0034     0.0001    -0.0001    -0.0245
   76  20 H  S         0.0034     0.0034    -0.0001    -0.0001    -0.0245
   77  21 H  S         0.0006    -0.0006     0.0000     0.0000    -0.0176
   78  22 H  S        -0.0006    -0.0006     0.0000     0.0000    -0.0176
   79  23 H  S         0.0006    -0.0006     0.0000     0.0000    -0.0176
   80  24 H  S        -0.0006    -0.0006     0.0000     0.0000    -0.0176
 
                         16         17         18         19         20
                      -1.0830    -1.0206    -1.0006    -0.9597    -0.9412
    1   1 C  S         0.0000    -0.0721     0.1045     0.0000     0.0000
    2        S         0.0000     0.1871    -0.2776     0.0000     0.0000
    3        Px        0.0000     0.0000     0.0000     0.0000     0.0000
    4        Py        0.0516     0.0000     0.0000    -0.0670     0.1057
    5        Pz        0.0000    -0.0383     0.0215     0.0000     0.0000
    6   2 C  S        -0.0681    -0.0426     0.0714     0.0518    -0.0933
    7        S         0.1744     0.1119    -0.1888    -0.1388     0.2552
    8        Px        0.0000     0.0000     0.0000     0.0000     0.0000
    9        Py        0.0393    -0.0757     0.0152    -0.0451     0.0030
   10        Pz       -0.0158    -0.0122    -0.0845    -0.0623    -0.0393
   11   3 C  S         0.0681    -0.0426     0.0714    -0.0518     0.0933
   12        S        -0.1744     0.1119    -0.1888     0.1388    -0.2552
   13        Px        0.0000     0.0000     0.0000     0.0000     0.0000
   14        Py        0.0393     0.0757    -0.0152    -0.0451     0.0030
   15        Pz        0.0158    -0.0122    -0.0845     0.0623     0.0393
   16   4 C  S        -0.0681    -0.0426    -0.0714    -0.0518    -0.0933
   17        S         0.1744     0.1119     0.1888     0.1388     0.2552
   18        Px        0.0000     0.0000     0.0000     0.0000     0.0000
   19        Py        0.0393    -0.0757    -0.0152     0.0451     0.0030
   20        Pz        0.0158     0.0122    -0.0845    -0.0623     0.0393
   21   5 C  S         0.0681    -0.0426    -0.0714     0.0518     0.0933
   22        S        -0.1744     0.1119     0.1888    -0.1388    -0.2552
   23        Px        0.0000     0.0000     0.0000     0.0000     0.0000
   24        Py        0.0393     0.0757     0.0152     0.0451     0.0030
   25        Pz       -0.0158     0.0122    -0.0845     0.0623    -0.0393
   26   6 C  S         0.0000    -0.0721    -0.1045     0.0000     0.0000
   27        S         0.0000     0.1871     0.2776     0.0000     0.0000
   28        Px        0.0000     0.0000     0.0000     0.0000     0.0000
   29        Py        0.0516     0.0000     0.0000     0.0670     0.1057
   30        Pz        0.0000     0.0383     0.0215     0.0000     0.0000
   31   7 C  S        -0.0757     0.0479     0.0719     0.1022    -0.0052
   32        S         0.1928    -0.1239    -0.1910    -0.2758     0.0149
   33        Px        0.0000     0.0000     0.0000     0.0000     0.0000
   34        Py        0.0051    -0.0612     0.0220    -0.0027    -0.0988
   35        Pz       -0.0434     0.0277     0.0152     0.0196     0.0006
   36   8 C  S        -0.0777     0.0952     0.0297     0.0536     0.0867
   37        S         0.1978    -0.2492    -0.0789    -0.1441    -0.2361
   38        Px        0.0000     0.0000     0.0000     0.0000     0.0000
   39        Py       -0.0399     0.0270     0.0310     0.0495    -0.0124
   40        Pz       -0.0202     0.0336    -0.0352    -0.0645     0.0450
   41   9 C  S        -0.0777     0.0952    -0.0297    -0.0536     0.0867
   42        S         0.1978    -0.2492     0.0789     0.1441    -0.2361
   43        Px        0.0000     0.0000     0.0000     0.0000     0.0000
   44        Py       -0.0399     0.0270    -0.0310    -0.0495    -0.0124
   45        Pz        0.0202    -0.0336    -0.0352    -0.0645    -0.0450
   46  10 C  S        -0.0757     0.0479    -0.0719    -0.1022    -0.0052
   47        S         0.1928    -0.1239     0.1910     0.2758     0.0149
   48        Px        0.0000     0.0000     0.0000     0.0000     0.0000
   49        Py        0.0051    -0.0612    -0.0220     0.0027    -0.0988
   50        Pz        0.0434    -0.0277     0.0152     0.0196    -0.0006
   51  11 C  S         0.0757     0.0479     0.0719    -0.1022     0.0052
   52        S        -0.1928    -0.1239    -0.1910     0.2758    -0.0149
   53        Px        0.0000     0.0000     0.0000     0.0000     0.0000
   54        Py        0.0051     0.0612    -0.0220    -0.0027    -0.0988
   55        Pz        0.0434     0.0277     0.0152    -0.0196    -0.0006
   56  12 C  S         0.0777     0.0952     0.0297    -0.0536    -0.0867
   57        S        -0.1978    -0.2492    -0.0789     0.1441     0.2361
   58        Px        0.0000     0.0000     0.0000     0.0000     0.0000
   59        Py       -0.0399    -0.0270    -0.0310     0.0495    -0.0124
   60        Pz        0.0202     0.0336    -0.0352     0.0645    -0.0450
   61  13 C  S         0.0777     0.0952    -0.0297     0.0536    -0.0867
   62        S        -0.1978    -0.2492     0.0789    -0.1441     0.2361
   63        Px        0.0000     0.0000     0.0000     0.0000     0.0000
   64        Py       -0.0399    -0.0270     0.0310    -0.0495    -0.0124
   65        Pz       -0.0202    -0.0336    -0.0352     0.0645     0.0450
   66  14 C  S         0.0757     0.0479    -0.0719     0.1022     0.0052
   67        S        -0.1928    -0.1239     0.1910    -0.2758    -0.0149
   68        Px        0.0000     0.0000     0.0000     0.0000     0.0000
   69        Py        0.0051     0.0612     0.0220     0.0027    -0.0988
   70        Pz       -0.0434    -0.0277     0.0152    -0.0196     0.0006
   71  15 H  S         0.0000     0.0371    -0.0724     0.0000     0.0000
   72  16 H  S         0.0000     0.0371     0.0724     0.0000     0.0000
   73  17 H  S         0.0350    -0.0237    -0.0498    -0.0751     0.0049
   74  18 H  S         0.0350    -0.0237     0.0498     0.0751     0.0049
   75  19 H  S        -0.0350    -0.0237    -0.0498     0.0751    -0.0049
   76  20 H  S        -0.0350    -0.0237     0.0498    -0.0751    -0.0049
   77  21 H  S         0.0358    -0.0546    -0.0188    -0.0388    -0.0680
   78  22 H  S        -0.0358    -0.0546    -0.0188     0.0388     0.0680
   79  23 H  S         0.0358    -0.0546     0.0188     0.0388    -0.0680
   80  24 H  S        -0.0358    -0.0546     0.0188    -0.0388     0.0680
 
                         21         22         23         24         25
                      -0.8966    -0.8164    -0.7790    -0.7577    -0.7491
    1   1 C  S        -0.1000    -0.0745     0.0000     0.0746     0.0000
    2        S         0.2778     0.2116     0.0000    -0.2227     0.0000
    3        Px        0.0000     0.0000     0.0000     0.0000     0.0000
    4        Py        0.0000     0.0000    -0.1697     0.0000     0.0616
    5        Pz       -0.0140    -0.0196     0.0000    -0.1354     0.0000
    6   2 C  S        -0.0260     0.0226     0.0726    -0.0448    -0.0485
    7        S         0.0712    -0.0668    -0.2100     0.1328     0.1464
    8        Px        0.0000     0.0000     0.0000     0.0000     0.0000
    9        Py       -0.0970    -0.1511     0.0049     0.0211    -0.0636
   10        Pz        0.0323     0.0162    -0.0976    -0.1807    -0.1128
   11   3 C  S        -0.0260     0.0226    -0.0726    -0.0448     0.0485
   12        S         0.0712    -0.0668     0.2100     0.1328    -0.1464
   13        Px        0.0000     0.0000     0.0000     0.0000     0.0000
   14        Py        0.0970     0.1511     0.0049    -0.0211    -0.0636
   15        Pz        0.0323     0.0162     0.0976    -0.1807     0.1128
   16   4 C  S         0.0260     0.0226    -0.0726    -0.0448    -0.0485
   17        S        -0.0712    -0.0668     0.2100     0.1328     0.1464
   18        Px        0.0000     0.0000     0.0000     0.0000     0.0000
   19        Py        0.0970    -0.1511    -0.0049     0.0211    -0.0636
   20        Pz        0.0323    -0.0162    -0.0976     0.1807     0.1128
   21   5 C  S         0.0260     0.0226     0.0726    -0.0448     0.0485
   22        S        -0.0712    -0.0668    -0.2100     0.1328    -0.1464
   23        Px        0.0000     0.0000     0.0000     0.0000     0.0000
   24        Py       -0.0970     0.1511    -0.0049    -0.0211    -0.0636
   25        Pz        0.0323    -0.0162     0.0976     0.1807    -0.1128
   26   6 C  S         0.1000    -0.0745     0.0000     0.0746     0.0000
   27        S        -0.2778     0.2116     0.0000    -0.2227     0.0000
   28        Px        0.0000     0.0000     0.0000     0.0000     0.0000
   29        Py        0.0000     0.0000     0.1697     0.0000     0.0616
   30        Pz       -0.0140     0.0196     0.0000     0.1354     0.0000
   31   7 C  S         0.0742     0.0644    -0.0036     0.0425     0.0795
   32        S        -0.2051    -0.1839     0.0081    -0.1271    -0.2373
   33        Px        0.0000     0.0000     0.0000     0.0000     0.0000
   34        Py       -0.0687     0.0650     0.1609    -0.0087    -0.0188
   35        Pz        0.0125     0.0048    -0.0050    -0.0929    -0.0816
   36   8 C  S         0.0626    -0.0637    -0.0691    -0.0091    -0.0360
   37        S        -0.1724     0.1862     0.2016     0.0253     0.1083
   38        Px        0.0000     0.0000     0.0000     0.0000     0.0000
   39        Py        0.0434     0.0919    -0.0014     0.0110     0.0939
   40        Pz       -0.0777    -0.0760     0.0918    -0.0648    -0.1196
   41   9 C  S        -0.0626    -0.0637     0.0691    -0.0091    -0.0360
   42        S         0.1724     0.1862    -0.2016     0.0253     0.1083
   43        Px        0.0000     0.0000     0.0000     0.0000     0.0000
   44        Py       -0.0434     0.0919     0.0014     0.0110     0.0939
   45        Pz       -0.0777     0.0760     0.0918     0.0648     0.1196
   46  10 C  S        -0.0742     0.0644     0.0036     0.0425     0.0795
   47        S         0.2051    -0.1839    -0.0081    -0.1271    -0.2373
   48        Px        0.0000     0.0000     0.0000     0.0000     0.0000
   49        Py        0.0687     0.0650    -0.1609    -0.0087    -0.0188
   50        Pz        0.0125    -0.0048    -0.0050     0.0929     0.0816
   51  11 C  S         0.0742     0.0644     0.0036     0.0425    -0.0795
   52        S        -0.2051    -0.1839    -0.0081    -0.1271     0.2373
   53        Px        0.0000     0.0000     0.0000     0.0000     0.0000
   54        Py        0.0687    -0.0650     0.1609     0.0087    -0.0188
   55        Pz        0.0125     0.0048     0.0050    -0.0929     0.0816
   56  12 C  S         0.0626    -0.0637     0.0691    -0.0091     0.0360
   57        S        -0.1724     0.1862    -0.2016     0.0253    -0.1083
   58        Px        0.0000     0.0000     0.0000     0.0000     0.0000
   59        Py       -0.0434    -0.0919    -0.0014    -0.0110     0.0939
   60        Pz       -0.0777    -0.0760    -0.0918    -0.0648     0.1196
   61  13 C  S        -0.0626    -0.0637    -0.0691    -0.0091     0.0360
   62        S         0.1724     0.1862     0.2016     0.0253    -0.1083
   63        Px        0.0000     0.0000     0.0000     0.0000     0.0000
   64        Py        0.0434    -0.0919     0.0014    -0.0110     0.0939
   65        Pz       -0.0777     0.0760    -0.0918     0.0648    -0.1196
   66  14 C  S        -0.0742     0.0644    -0.0036     0.0425    -0.0795
   67        S         0.2051    -0.1839     0.0081    -0.1271     0.2373
   68        Px        0.0000     0.0000     0.0000     0.0000     0.0000
   69        Py       -0.0687    -0.0650    -0.1609     0.0087    -0.0188
   70        Pz        0.0125    -0.0048     0.0050     0.0929    -0.0816
   71  15 H  S         0.0816     0.0634     0.0000    -0.1700     0.0000
   72  16 H  S        -0.0816     0.0634     0.0000    -0.1700     0.0000
   73  17 H  S        -0.0595    -0.0626     0.0004    -0.1071    -0.1413
   74  18 H  S         0.0595    -0.0626    -0.0004    -0.1071    -0.1413
   75  19 H  S        -0.0595    -0.0626    -0.0004    -0.1071     0.1413
   76  20 H  S         0.0595    -0.0626     0.0004    -0.1071     0.1413
   77  21 H  S        -0.0567     0.0891     0.1012    -0.0025     0.0563
   78  22 H  S        -0.0567     0.0891    -0.1012    -0.0025    -0.0563
   79  23 H  S         0.0567     0.0891    -0.1012    -0.0025     0.0563
   80  24 H  S         0.0567     0.0891     0.1012    -0.0025    -0.0563
 
                         26         27         28         29         30
                      -0.6844    -0.6531    -0.6326    -0.5911    -0.5781
    1   1 C  S         0.0630     0.0000     0.0268     0.0000    -0.0313
    2        S        -0.1963     0.0000    -0.0942     0.0000     0.1004
    3        Px        0.0000     0.0000     0.0000     0.0000     0.0000
    4        Py        0.0000     0.1776     0.0000     0.2025     0.0000
    5        Pz       -0.0154     0.0000    -0.1915     0.0000    -0.0681
    6   2 C  S        -0.0267    -0.0174    -0.0024    -0.0472     0.0292
    7        S         0.0822     0.0551     0.0075     0.1535    -0.0992
    8        Px        0.0000     0.0000     0.0000     0.0000     0.0000
    9        Py        0.1309    -0.1212    -0.1122    -0.0843    -0.1297
   10        Pz        0.0386     0.0972    -0.0683     0.0603    -0.0224
   11   3 C  S        -0.0267     0.0174    -0.0024     0.0472     0.0292
   12        S         0.0822    -0.0551     0.0075    -0.1535    -0.0992
   13        Px        0.0000     0.0000     0.0000     0.0000     0.0000
   14        Py       -0.1309    -0.1212     0.1122    -0.0843     0.1297
   15        Pz        0.0386    -0.0972    -0.0683    -0.0603    -0.0224
   16   4 C  S         0.0267    -0.0174    -0.0024     0.0472     0.0292
   17        S        -0.0822     0.0551     0.0075    -0.1535    -0.0992
   18        Px        0.0000     0.0000     0.0000     0.0000     0.0000
   19        Py       -0.1309    -0.1212    -0.1122     0.0843    -0.1297
   20        Pz        0.0386    -0.0972     0.0683     0.0603     0.0224
   21   5 C  S         0.0267     0.0174    -0.0024    -0.0472     0.0292
   22        S        -0.0822    -0.0551     0.0075     0.1535    -0.0992
   23        Px        0.0000     0.0000     0.0000     0.0000     0.0000
   24        Py        0.1309    -0.1212     0.1122     0.0843     0.1297
   25        Pz        0.0386     0.0972     0.0683    -0.0603     0.0224
   26   6 C  S        -0.0630     0.0000     0.0268     0.0000    -0.0313
   27        S         0.1963     0.0000    -0.0942     0.0000     0.1004
   28        Px        0.0000     0.0000     0.0000     0.0000     0.0000
   29        Py        0.0000     0.1776     0.0000    -0.2025     0.0000
   30        Pz       -0.0154     0.0000     0.1915     0.0000     0.0681
   31   7 C  S        -0.0444     0.0055    -0.0208     0.0481    -0.0093
   32        S         0.1413    -0.0110     0.0709    -0.1610     0.0249
   33        Px        0.0000     0.0000     0.0000     0.0000     0.0000
   34        Py       -0.1517    -0.0388     0.0854    -0.0028     0.1986
   35        Pz        0.0202     0.1532     0.1443    -0.1259    -0.0634
   36   8 C  S         0.0675    -0.0086     0.0055    -0.0477    -0.0068
   37        S        -0.2098     0.0336    -0.0154     0.1605     0.0161
   38        Px        0.0000     0.0000     0.0000     0.0000     0.0000
   39        Py       -0.0649     0.1842     0.0617     0.1063    -0.2495
   40        Pz       -0.0932     0.0508     0.1643     0.0562     0.0336
   41   9 C  S        -0.0675    -0.0086     0.0055     0.0477    -0.0068
   42        S         0.2098     0.0336    -0.0154    -0.1605     0.0161
   43        Px        0.0000     0.0000     0.0000     0.0000     0.0000
   44        Py        0.0649     0.1842     0.0617    -0.1063    -0.2495
   45        Pz       -0.0932    -0.0508    -0.1643     0.0562    -0.0336
   46  10 C  S         0.0444     0.0055    -0.0208    -0.0481    -0.0093
   47        S        -0.1413    -0.0110     0.0709     0.1610     0.0249
   48        Px        0.0000     0.0000     0.0000     0.0000     0.0000
   49        Py        0.1517    -0.0388     0.0854     0.0028     0.1986
   50        Pz        0.0202    -0.1532    -0.1443    -0.1259     0.0634
   51  11 C  S        -0.0444    -0.0055    -0.0208    -0.0481    -0.0093
   52        S         0.1413     0.0110     0.0709     0.1610     0.0249
   53        Px        0.0000     0.0000     0.0000     0.0000     0.0000
   54        Py        0.1517    -0.0388    -0.0854    -0.0028    -0.1986
   55        Pz        0.0202    -0.1532     0.1443     0.1259    -0.0634
   56  12 C  S         0.0675     0.0086     0.0055     0.0477    -0.0068
   57        S        -0.2098    -0.0336    -0.0154    -0.1605     0.0161
   58        Px        0.0000     0.0000     0.0000     0.0000     0.0000
   59        Py        0.0649     0.1842    -0.0617     0.1063     0.2495
   60        Pz       -0.0932    -0.0508     0.1643    -0.0562     0.0336
   61  13 C  S        -0.0675     0.0086     0.0055    -0.0477    -0.0068
   62        S         0.2098    -0.0336    -0.0154     0.1605     0.0161
   63        Px        0.0000     0.0000     0.0000     0.0000     0.0000
   64        Py       -0.0649     0.1842    -0.0617    -0.1063     0.2495
   65        Pz       -0.0932     0.0508    -0.1643    -0.0562    -0.0336
   66  14 C  S         0.0444    -0.0055    -0.0208     0.0481    -0.0093
   67        S        -0.1413     0.0110     0.0709    -0.1610     0.0249
   68        Px        0.0000     0.0000     0.0000     0.0000     0.0000
   69        Py       -0.1517    -0.0388    -0.0854     0.0028    -0.1986
   70        Pz        0.0202     0.1532    -0.1443     0.1259     0.0634
   71  15 H  S        -0.0877     0.0000    -0.1729     0.0000    -0.0085
   72  16 H  S         0.0877     0.0000    -0.1729     0.0000    -0.0085
   73  17 H  S         0.0694     0.1015     0.1309    -0.1755    -0.0376
   74  18 H  S        -0.0694     0.1015     0.1309     0.1755    -0.0376
   75  19 H  S         0.0694    -0.1015     0.1309     0.1755    -0.0376
   76  20 H  S        -0.0694    -0.1015     0.1309    -0.1755    -0.0376
   77  21 H  S        -0.1568     0.1437     0.0904     0.1707    -0.1544
   78  22 H  S        -0.1568    -0.1437     0.0904    -0.1707    -0.1544
   79  23 H  S         0.1568     0.1437     0.0904    -0.1707    -0.1544
   80  24 H  S         0.1568    -0.1437     0.0904     0.1707    -0.1544
 
                         31         32         33         34         35
                      -0.5717    -0.5523    -0.5331    -0.5230    -0.5009
    1   1 C  S        -0.0154     0.0000     0.0000     0.0019     0.0000
    2        S         0.0544     0.0000     0.0000     0.0021     0.0000
    3        Px        0.0000     0.0000     0.0000     0.0000     0.0000
    4        Py        0.0000    -0.1177    -0.1139     0.0000    -0.2593
    5        Pz        0.2688     0.0000     0.0000     0.2794     0.0000
    6   2 C  S         0.0555    -0.0149    -0.0064     0.0079     0.0045
    7        S        -0.1863     0.0547     0.0248    -0.0263    -0.0132
    8        Px        0.0000     0.0000     0.0000     0.0000     0.0000
    9        Py        0.0023    -0.0286     0.1239     0.1430     0.2564
   10        Pz       -0.0386    -0.2533    -0.0186    -0.0034    -0.0453
   11   3 C  S         0.0555     0.0149     0.0064     0.0079    -0.0045
   12        S        -0.1863    -0.0547    -0.0248    -0.0263     0.0132
   13        Px        0.0000     0.0000     0.0000     0.0000     0.0000
   14        Py       -0.0023    -0.0286     0.1239    -0.1430     0.2564
   15        Pz       -0.0386     0.2533     0.0186    -0.0034     0.0453
   16   4 C  S        -0.0555    -0.0149     0.0064    -0.0079     0.0045
   17        S         0.1863     0.0547    -0.0248     0.0263    -0.0132
   18        Px        0.0000     0.0000     0.0000     0.0000     0.0000
   19        Py       -0.0023    -0.0286    -0.1239    -0.1430     0.2564
   20        Pz       -0.0386     0.2533    -0.0186    -0.0034     0.0453
   21   5 C  S        -0.0555     0.0149    -0.0064    -0.0079    -0.0045
   22        S         0.1863    -0.0547     0.0248     0.0263     0.0132
   23        Px        0.0000     0.0000     0.0000     0.0000     0.0000
   24        Py        0.0023    -0.0286    -0.1239     0.1430     0.2564
   25        Pz       -0.0386    -0.2533     0.0186    -0.0034    -0.0453
   26   6 C  S         0.0154     0.0000     0.0000    -0.0019     0.0000
   27        S        -0.0544     0.0000     0.0000    -0.0021     0.0000
   28        Px        0.0000     0.0000     0.0000     0.0000     0.0000
   29        Py        0.0000    -0.1177     0.1139     0.0000    -0.2593
   30        Pz        0.2688     0.0000     0.0000     0.2794     0.0000
   31   7 C  S        -0.0083     0.0005    -0.0215    -0.0055    -0.0092
   32        S         0.0293    -0.0036     0.0680     0.0130     0.0351
   33        Px        0.0000     0.0000     0.0000     0.0000     0.0000
   34        Py        0.0336     0.1506     0.0202    -0.0019    -0.1914
   35        Pz        0.1866     0.0244    -0.2542    -0.2118     0.0072
   36   8 C  S         0.0208     0.0083    -0.0072    -0.0135     0.0166
   37        S        -0.0698    -0.0289     0.0196     0.0440    -0.0539
   38        Px        0.0000     0.0000     0.0000     0.0000     0.0000
   39        Py        0.0133     0.0175    -0.1733    -0.0956     0.1801
   40        Pz       -0.0116     0.2403    -0.0146    -0.0025    -0.0228
   41   9 C  S        -0.0208     0.0083     0.0072     0.0135     0.0166
   42        S         0.0698    -0.0289    -0.0196    -0.0440    -0.0539
   43        Px        0.0000     0.0000     0.0000     0.0000     0.0000
   44        Py       -0.0133     0.0175     0.1733     0.0956     0.1801
   45        Pz       -0.0116    -0.2403    -0.0146    -0.0025     0.0228
   46  10 C  S         0.0083     0.0005     0.0215     0.0055    -0.0092
   47        S        -0.0293    -0.0036    -0.0680    -0.0130     0.0351
   48        Px        0.0000     0.0000     0.0000     0.0000     0.0000
   49        Py       -0.0336     0.1506    -0.0202     0.0019    -0.1914
   50        Pz        0.1866    -0.0244    -0.2542    -0.2118    -0.0072
   51  11 C  S        -0.0083    -0.0005     0.0215    -0.0055     0.0092
   52        S         0.0293     0.0036    -0.0680     0.0130    -0.0351
   53        Px        0.0000     0.0000     0.0000     0.0000     0.0000
   54        Py       -0.0336     0.1506     0.0202     0.0019    -0.1914
   55        Pz        0.1866    -0.0244     0.2542    -0.2118    -0.0072
   56  12 C  S         0.0208    -0.0083     0.0072    -0.0135    -0.0166
   57        S        -0.0698     0.0289    -0.0196     0.0440     0.0539
   58        Px        0.0000     0.0000     0.0000     0.0000     0.0000
   59        Py       -0.0133     0.0175    -0.1733     0.0956     0.1801
   60        Pz       -0.0116    -0.2403     0.0146    -0.0025     0.0228
   61  13 C  S        -0.0208    -0.0083    -0.0072     0.0135    -0.0166
   62        S         0.0698     0.0289     0.0196    -0.0440     0.0539
   63        Px        0.0000     0.0000     0.0000     0.0000     0.0000
   64        Py        0.0133     0.0175     0.1733    -0.0956     0.1801
   65        Pz       -0.0116     0.2403     0.0146    -0.0025    -0.0228
   66  14 C  S         0.0083    -0.0005    -0.0215     0.0055     0.0092
   67        S        -0.0293     0.0036     0.0680    -0.0130    -0.0351
   68        Px        0.0000     0.0000     0.0000     0.0000     0.0000
   69        Py        0.0336     0.1506    -0.0202    -0.0019    -0.1914
   70        Pz        0.1866     0.0244     0.2542    -0.2118     0.0072
   71  15 H  S         0.2619     0.0000     0.0000     0.2393     0.0000
   72  16 H  S        -0.2619     0.0000     0.0000    -0.2393     0.0000
   73  17 H  S         0.1778     0.0187    -0.1908    -0.1743     0.0249
   74  18 H  S        -0.1778     0.0187     0.1908     0.1743     0.0249
   75  19 H  S         0.1778    -0.0187     0.1908    -0.1743    -0.0249
   76  20 H  S        -0.1778    -0.0187    -0.1908     0.1743    -0.0249
   77  21 H  S        -0.0288     0.0999    -0.1294    -0.0529     0.1091
   78  22 H  S        -0.0288    -0.0999     0.1294    -0.0529    -0.1091
   79  23 H  S         0.0288     0.0999     0.1294     0.0529     0.1091
   80  24 H  S         0.0288    -0.0999    -0.1294     0.0529    -0.1091
 
                         36         37         38         39         40
                      -0.4980    -0.4879    -0.4732    -0.4429    -0.4340
    1   1 C  S         0.0000    -0.0060    -0.0344     0.0000     0.0000
    2        S         0.0000     0.0294     0.1191     0.0000     0.0000
    3        Px        0.2425     0.0000     0.0000     0.0000     0.0000
    4        Py        0.0000     0.0000     0.0000     0.0000     0.0958
    5        Pz        0.0000     0.1939    -0.1033     0.0000     0.0000
    6   2 C  S         0.0000    -0.0074     0.0205     0.0000     0.0029
    7        S         0.0000     0.0281    -0.0720     0.0000    -0.0114
    8        Px        0.2794     0.0000     0.0000    -0.2049     0.0000
    9        Py        0.0000     0.0692    -0.1371     0.0000     0.0605
   10        Pz        0.0000    -0.1269    -0.0505     0.0000     0.2037
   11   3 C  S         0.0000    -0.0074     0.0205     0.0000    -0.0029
   12        S         0.0000     0.0281    -0.0720     0.0000     0.0114
   13        Px        0.2794     0.0000     0.0000     0.2049     0.0000
   14        Py        0.0000    -0.0692     0.1371     0.0000     0.0605
   15        Pz        0.0000    -0.1269    -0.0505     0.0000    -0.2037
   16   4 C  S         0.0000    -0.0074    -0.0205     0.0000     0.0029
   17        S         0.0000     0.0281     0.0720     0.0000    -0.0114
   18        Px        0.2794     0.0000     0.0000    -0.2049     0.0000
   19        Py        0.0000     0.0692     0.1371     0.0000     0.0605
   20        Pz        0.0000     0.1269    -0.0505     0.0000    -0.2037
   21   5 C  S         0.0000    -0.0074    -0.0205     0.0000    -0.0029
   22        S         0.0000     0.0281     0.0720     0.0000     0.0114
   23        Px        0.2794     0.0000     0.0000     0.2049     0.0000
   24        Py        0.0000    -0.0692    -0.1371     0.0000     0.0605
   25        Pz        0.0000     0.1269    -0.0505     0.0000     0.2037
   26   6 C  S         0.0000    -0.0060     0.0344     0.0000     0.0000
   27        S         0.0000     0.0294    -0.1191     0.0000     0.0000
   28        Px        0.2425     0.0000     0.0000     0.0000     0.0000
   29        Py        0.0000     0.0000     0.0000     0.0000     0.0958
   30        Pz        0.0000    -0.1939    -0.1033     0.0000     0.0000
   31   7 C  S         0.0000     0.0077    -0.0168     0.0000    -0.0059
   32        S         0.0000    -0.0337     0.0568     0.0000     0.0140
   33        Px        0.1737     0.0000     0.0000    -0.2443     0.0000
   34        Py        0.0000     0.0964     0.2210     0.0000    -0.0139
   35        Pz        0.0000    -0.1109    -0.0220     0.0000    -0.2011
   36   8 C  S         0.0000     0.0083     0.0035     0.0000     0.0056
   37        S         0.0000    -0.0301    -0.0225     0.0000    -0.0197
   38        Px        0.1391     0.0000     0.0000    -0.2623     0.0000
   39        Py        0.0000     0.0181    -0.2457     0.0000     0.0063
   40        Pz        0.0000     0.2749     0.0005     0.0000     0.2395
   41   9 C  S         0.0000     0.0083    -0.0035     0.0000     0.0056
   42        S         0.0000    -0.0301     0.0225     0.0000    -0.0197
   43        Px        0.1391     0.0000     0.0000    -0.2623     0.0000
   44        Py        0.0000     0.0181     0.2457     0.0000     0.0063
   45        Pz        0.0000    -0.2749     0.0005     0.0000    -0.2395
   46  10 C  S         0.0000     0.0077     0.0168     0.0000    -0.0059
   47        S         0.0000    -0.0337    -0.0568     0.0000     0.0140
   48        Px        0.1737     0.0000     0.0000    -0.2443     0.0000
   49        Py        0.0000     0.0964    -0.2210     0.0000    -0.0139
   50        Pz        0.0000     0.1109    -0.0220     0.0000     0.2011
   51  11 C  S         0.0000     0.0077    -0.0168     0.0000     0.0059
   52        S         0.0000    -0.0337     0.0568     0.0000    -0.0140
   53        Px        0.1737     0.0000     0.0000     0.2443     0.0000
   54        Py        0.0000    -0.0964    -0.2210     0.0000    -0.0139
   55        Pz        0.0000    -0.1109    -0.0220     0.0000     0.2011
   56  12 C  S         0.0000     0.0083     0.0035     0.0000    -0.0056
   57        S         0.0000    -0.0301    -0.0225     0.0000     0.0197
   58        Px        0.1391     0.0000     0.0000     0.2623     0.0000
   59        Py        0.0000    -0.0181     0.2457     0.0000     0.0063
   60        Pz        0.0000     0.2749     0.0005     0.0000    -0.2395
   61  13 C  S         0.0000     0.0083    -0.0035     0.0000    -0.0056
   62        S         0.0000    -0.0301     0.0225     0.0000     0.0197
   63        Px        0.1391     0.0000     0.0000     0.2623     0.0000
   64        Py        0.0000    -0.0181    -0.2457     0.0000     0.0063
   65        Pz        0.0000    -0.2749     0.0005     0.0000     0.2395
   66  14 C  S         0.0000     0.0077     0.0168     0.0000     0.0059
   67        S         0.0000    -0.0337    -0.0568     0.0000    -0.0140
   68        Px        0.1737     0.0000     0.0000     0.2443     0.0000
   69        Py        0.0000    -0.0964     0.2210     0.0000    -0.0139
   70        Pz        0.0000     0.1109    -0.0220     0.0000    -0.2011
   71  15 H  S         0.0000     0.1918    -0.0365     0.0000     0.0000
   72  16 H  S         0.0000     0.1918     0.0365     0.0000     0.0000
   73  17 H  S         0.0000    -0.1164     0.0094     0.0000    -0.2116
   74  18 H  S         0.0000    -0.1164    -0.0094     0.0000    -0.2116
   75  19 H  S         0.0000    -0.1164     0.0094     0.0000     0.2116
   76  20 H  S         0.0000    -0.1164    -0.0094     0.0000     0.2116
   77  21 H  S         0.0000     0.1319    -0.2258     0.0000     0.1238
   78  22 H  S         0.0000     0.1319    -0.2258     0.0000    -0.1238
   79  23 H  S         0.0000     0.1319     0.2258     0.0000     0.1238
   80  24 H  S         0.0000     0.1319     0.2258     0.0000    -0.1238
 
                         41         42         43         44         45
                      -0.4106    -0.4032    -0.3559    -0.3514    -0.2868
    1   1 C  S         0.0000    -0.0179     0.0000     0.0000     0.0000
    2        S         0.0000     0.0599     0.0000     0.0000     0.0000
    3        Px        0.0000     0.0000     0.2302    -0.3473     0.0000
    4        Py        0.2718     0.0000     0.0000     0.0000     0.0000
    5        Pz        0.0000    -0.2083     0.0000     0.0000     0.0000
    6   2 C  S        -0.0018     0.0016     0.0000     0.0000     0.0000
    7        S         0.0039    -0.0052     0.0000     0.0000     0.0000
    8        Px        0.0000     0.0000     0.1674    -0.2446     0.1653
    9        Py       -0.2484     0.0016     0.0000     0.0000     0.0000
   10        Pz        0.0076     0.2961     0.0000     0.0000     0.0000
   11   3 C  S         0.0018     0.0016     0.0000     0.0000     0.0000
   12        S        -0.0039    -0.0052     0.0000     0.0000     0.0000
   13        Px        0.0000     0.0000     0.1674    -0.2446    -0.1653
   14        Py       -0.2484    -0.0016     0.0000     0.0000     0.0000
   15        Pz       -0.0076     0.2961     0.0000     0.0000     0.0000
   16   4 C  S         0.0018     0.0016     0.0000     0.0000     0.0000
   17        S        -0.0039    -0.0052     0.0000     0.0000     0.0000
   18        Px        0.0000     0.0000     0.1674     0.2446    -0.1653
   19        Py        0.2484     0.0016     0.0000     0.0000     0.0000
   20        Pz        0.0076    -0.2961     0.0000     0.0000     0.0000
   21   5 C  S        -0.0018     0.0016     0.0000     0.0000     0.0000
   22        S         0.0039    -0.0052     0.0000     0.0000     0.0000
   23        Px        0.0000     0.0000     0.1674     0.2446     0.1653
   24        Py        0.2484    -0.0016     0.0000     0.0000     0.0000
   25        Pz       -0.0076    -0.2961     0.0000     0.0000     0.0000
   26   6 C  S         0.0000    -0.0179     0.0000     0.0000     0.0000
   27        S         0.0000     0.0599     0.0000     0.0000     0.0000
   28        Px        0.0000     0.0000     0.2302     0.3473     0.0000
   29        Py       -0.2718     0.0000     0.0000     0.0000     0.0000
   30        Pz        0.0000     0.2083     0.0000     0.0000     0.0000
   31   7 C  S         0.0082    -0.0139     0.0000     0.0000     0.0000
   32        S        -0.0326     0.0471     0.0000     0.0000     0.0000
   33        Px        0.0000     0.0000    -0.1610    -0.2453     0.3706
   34        Py        0.2406    -0.0593     0.0000     0.0000     0.0000
   35        Pz        0.0267    -0.1563     0.0000     0.0000     0.0000
   36   8 C  S        -0.0065     0.0027     0.0000     0.0000     0.0000
   37        S         0.0156    -0.0085     0.0000     0.0000     0.0000
   38        Px        0.0000     0.0000    -0.3354    -0.1206     0.2169
   39        Py       -0.1838     0.0005     0.0000     0.0000     0.0000
   40        Pz        0.0235     0.1412     0.0000     0.0000     0.0000
   41   9 C  S         0.0065     0.0027     0.0000     0.0000     0.0000
   42        S        -0.0156    -0.0085     0.0000     0.0000     0.0000
   43        Px        0.0000     0.0000    -0.3354     0.1206    -0.2169
   44        Py        0.1838     0.0005     0.0000     0.0000     0.0000
   45        Pz        0.0235    -0.1412     0.0000     0.0000     0.0000
   46  10 C  S        -0.0082    -0.0139     0.0000     0.0000     0.0000
   47        S         0.0326     0.0471     0.0000     0.0000     0.0000
   48        Px        0.0000     0.0000    -0.1610     0.2453    -0.3706
   49        Py       -0.2406    -0.0593     0.0000     0.0000     0.0000
   50        Pz        0.0267     0.1563     0.0000     0.0000     0.0000
   51  11 C  S        -0.0082    -0.0139     0.0000     0.0000     0.0000
   52        S         0.0326     0.0471     0.0000     0.0000     0.0000
   53        Px        0.0000     0.0000    -0.1610    -0.2453    -0.3706
   54        Py        0.2406     0.0593     0.0000     0.0000     0.0000
   55        Pz       -0.0267    -0.1563     0.0000     0.0000     0.0000
   56  12 C  S         0.0065     0.0027     0.0000     0.0000     0.0000
   57        S        -0.0156    -0.0085     0.0000     0.0000     0.0000
   58        Px        0.0000     0.0000    -0.3354    -0.1206    -0.2169
   59        Py       -0.1838    -0.0005     0.0000     0.0000     0.0000
   60        Pz       -0.0235     0.1412     0.0000     0.0000     0.0000
   61  13 C  S        -0.0065     0.0027     0.0000     0.0000     0.0000
   62        S         0.0156    -0.0085     0.0000     0.0000     0.0000
   63        Px        0.0000     0.0000    -0.3354     0.1206     0.2169
   64        Py        0.1838    -0.0005     0.0000     0.0000     0.0000
   65        Pz       -0.0235    -0.1412     0.0000     0.0000     0.0000
   66  14 C  S         0.0082    -0.0139     0.0000     0.0000     0.0000
   67        S        -0.0326     0.0471     0.0000     0.0000     0.0000
   68        Px        0.0000     0.0000    -0.1610     0.2453     0.3706
   69        Py       -0.2406     0.0593     0.0000     0.0000     0.0000
   70        Pz       -0.0267     0.1563     0.0000     0.0000     0.0000
   71  15 H  S         0.0000    -0.2302     0.0000     0.0000     0.0000
   72  16 H  S         0.0000    -0.2302     0.0000     0.0000     0.0000
   73  17 H  S         0.0121    -0.1690     0.0000     0.0000     0.0000
   74  18 H  S        -0.0121    -0.1690     0.0000     0.0000     0.0000
   75  19 H  S        -0.0121    -0.1690     0.0000     0.0000     0.0000
   76  20 H  S         0.0121    -0.1690     0.0000     0.0000     0.0000
   77  21 H  S        -0.1606     0.0764     0.0000     0.0000     0.0000
   78  22 H  S         0.1606     0.0764     0.0000     0.0000     0.0000
   79  23 H  S         0.1606     0.0764     0.0000     0.0000     0.0000
   80  24 H  S        -0.1606     0.0764     0.0000     0.0000     0.0000
 
                         46         47         48         49         50
                      -0.2501    -0.1873     0.1616     0.2356     0.2759
    1   1 C  S         0.0000     0.0000     0.0000     0.0000     0.0000
    2        S         0.0000     0.0000     0.0000     0.0000     0.0000
    3        Px        0.0000    -0.4171    -0.4595     0.0000     0.0000
    4        Py        0.0000     0.0000     0.0000     0.0000     0.0000
    5        Pz        0.0000     0.0000     0.0000     0.0000     0.0000
    6   2 C  S         0.0000     0.0000     0.0000     0.0000     0.0000
    7        S         0.0000     0.0000     0.0000     0.0000     0.0000
    8        Px        0.3682    -0.1109     0.1194    -0.4439     0.2166
    9        Py        0.0000     0.0000     0.0000     0.0000     0.0000
   10        Pz        0.0000     0.0000     0.0000     0.0000     0.0000
   11   3 C  S         0.0000     0.0000     0.0000     0.0000     0.0000
   12        S         0.0000     0.0000     0.0000     0.0000     0.0000
   13        Px       -0.3682    -0.1109     0.1194     0.4439    -0.2166
   14        Py        0.0000     0.0000     0.0000     0.0000     0.0000
   15        Pz        0.0000     0.0000     0.0000     0.0000     0.0000
   16   4 C  S         0.0000     0.0000     0.0000     0.0000     0.0000
   17        S         0.0000     0.0000     0.0000     0.0000     0.0000
   18        Px        0.3682     0.1109     0.1194     0.4439     0.2166
   19        Py        0.0000     0.0000     0.0000     0.0000     0.0000
   20        Pz        0.0000     0.0000     0.0000     0.0000     0.0000
   21   5 C  S         0.0000     0.0000     0.0000     0.0000     0.0000
   22        S         0.0000     0.0000     0.0000     0.0000     0.0000
   23        Px       -0.3682     0.1109     0.1194    -0.4439    -0.2166
   24        Py        0.0000     0.0000     0.0000     0.0000     0.0000
   25        Pz        0.0000     0.0000     0.0000     0.0000     0.0000
   26   6 C  S         0.0000     0.0000     0.0000     0.0000     0.0000
   27        S         0.0000     0.0000     0.0000     0.0000     0.0000
   28        Px        0.0000     0.4171    -0.4595     0.0000     0.0000
   29        Py        0.0000     0.0000     0.0000     0.0000     0.0000
   30        Pz        0.0000     0.0000     0.0000     0.0000     0.0000
   31   7 C  S         0.0000     0.0000     0.0000     0.0000     0.0000
   32        S         0.0000     0.0000     0.0000     0.0000     0.0000
   33        Px       -0.0033     0.2950     0.3259     0.0022    -0.4612
   34        Py        0.0000     0.0000     0.0000     0.0000     0.0000
   35        Pz        0.0000     0.0000     0.0000     0.0000     0.0000
   36   8 C  S         0.0000     0.0000     0.0000     0.0000     0.0000
   37        S         0.0000     0.0000     0.0000     0.0000     0.0000
   38        Px       -0.2872     0.2284    -0.2519     0.3538     0.2596
   39        Py        0.0000     0.0000     0.0000     0.0000     0.0000
   40        Pz        0.0000     0.0000     0.0000     0.0000     0.0000
   41   9 C  S         0.0000     0.0000     0.0000     0.0000     0.0000
   42        S         0.0000     0.0000     0.0000     0.0000     0.0000
   43        Px       -0.2872    -0.2284    -0.2519    -0.3538     0.2596
   44        Py        0.0000     0.0000     0.0000     0.0000     0.0000
   45        Pz        0.0000     0.0000     0.0000     0.0000     0.0000
   46  10 C  S         0.0000     0.0000     0.0000     0.0000     0.0000
   47        S         0.0000     0.0000     0.0000     0.0000     0.0000
   48        Px       -0.0033    -0.2950     0.3259    -0.0022    -0.4612
   49        Py        0.0000     0.0000     0.0000     0.0000     0.0000
   50        Pz        0.0000     0.0000     0.0000     0.0000     0.0000
   51  11 C  S         0.0000     0.0000     0.0000     0.0000     0.0000
   52        S         0.0000     0.0000     0.0000     0.0000     0.0000
   53        Px        0.0033     0.2950     0.3259    -0.0022     0.4612
   54        Py        0.0000     0.0000     0.0000     0.0000     0.0000
   55        Pz        0.0000     0.0000     0.0000     0.0000     0.0000
   56  12 C  S         0.0000     0.0000     0.0000     0.0000     0.0000
   57        S         0.0000     0.0000     0.0000     0.0000     0.0000
   58        Px        0.2872     0.2284    -0.2519    -0.3538    -0.2596
   59        Py        0.0000     0.0000     0.0000     0.0000     0.0000
   60        Pz        0.0000     0.0000     0.0000     0.0000     0.0000
   61  13 C  S         0.0000     0.0000     0.0000     0.0000     0.0000
   62        S         0.0000     0.0000     0.0000     0.0000     0.0000
   63        Px        0.2872    -0.2284    -0.2519     0.3538    -0.2596
   64        Py        0.0000     0.0000     0.0000     0.0000     0.0000
   65        Pz        0.0000     0.0000     0.0000     0.0000     0.0000
   66  14 C  S         0.0000     0.0000     0.0000     0.0000     0.0000
   67        S         0.0000     0.0000     0.0000     0.0000     0.0000
   68        Px        0.0033    -0.2950     0.3259     0.0022     0.4612
   69        Py        0.0000     0.0000     0.0000     0.0000     0.0000
   70        Pz        0.0000     0.0000     0.0000     0.0000     0.0000
   71  15 H  S         0.0000     0.0000     0.0000     0.0000     0.0000
   72  16 H  S         0.0000     0.0000     0.0000     0.0000     0.0000
   73  17 H  S         0.0000     0.0000     0.0000     0.0000     0.0000
   74  18 H  S         0.0000     0.0000     0.0000     0.0000     0.0000
   75  19 H  S         0.0000     0.0000     0.0000     0.0000     0.0000
   76  20 H  S         0.0000     0.0000     0.0000     0.0000     0.0000
   77  21 H  S         0.0000     0.0000     0.0000     0.0000     0.0000
   78  22 H  S         0.0000     0.0000     0.0000     0.0000     0.0000
   79  23 H  S         0.0000     0.0000     0.0000     0.0000     0.0000
   80  24 H  S         0.0000     0.0000     0.0000     0.0000     0.0000
 
                         51         52         53         54         55
                       0.3552     0.3621     0.4846     0.5722     0.5804
    1   1 C  S         0.0000     0.0000     0.0000     0.0000     0.0130
    2        S         0.0000     0.0000     0.0000     0.0000    -0.0738
    3        Px       -0.4708    -0.3121     0.0000    -0.4028     0.0000
    4        Py        0.0000     0.0000     0.0000     0.0000     0.0000
    5        Pz        0.0000     0.0000     0.0000     0.0000    -0.3817
    6   2 C  S         0.0000     0.0000     0.0000     0.0000    -0.0144
    7        S         0.0000     0.0000     0.0000     0.0000     0.0722
    8        Px        0.3356     0.2239    -0.3269     0.4767     0.0000
    9        Py        0.0000     0.0000     0.0000     0.0000     0.0050
   10        Pz        0.0000     0.0000     0.0000     0.0000    -0.3918
   11   3 C  S         0.0000     0.0000     0.0000     0.0000    -0.0144
   12        S         0.0000     0.0000     0.0000     0.0000     0.0722
   13        Px        0.3356     0.2239     0.3269     0.4767     0.0000
   14        Py        0.0000     0.0000     0.0000     0.0000    -0.0050
   15        Pz        0.0000     0.0000     0.0000     0.0000    -0.3918
   16   4 C  S         0.0000     0.0000     0.0000     0.0000     0.0144
   17        S         0.0000     0.0000     0.0000     0.0000    -0.0722
   18        Px        0.3356    -0.2239     0.3269    -0.4767     0.0000
   19        Py        0.0000     0.0000     0.0000     0.0000    -0.0050
   20        Pz        0.0000     0.0000     0.0000     0.0000    -0.3918
   21   5 C  S         0.0000     0.0000     0.0000     0.0000     0.0144
   22        S         0.0000     0.0000     0.0000     0.0000    -0.0722
   23        Px        0.3356    -0.2239    -0.3269    -0.4767     0.0000
   24        Py        0.0000     0.0000     0.0000     0.0000     0.0050
   25        Pz        0.0000     0.0000     0.0000     0.0000    -0.3918
   26   6 C  S         0.0000     0.0000     0.0000     0.0000    -0.0130
   27        S         0.0000     0.0000     0.0000     0.0000     0.0738
   28        Px       -0.4708     0.3121     0.0000     0.4028     0.0000
   29        Py        0.0000     0.0000     0.0000     0.0000     0.0000
   30        Pz        0.0000     0.0000     0.0000     0.0000    -0.3817
   31   7 C  S         0.0000     0.0000     0.0000     0.0000     0.0049
   32        S         0.0000     0.0000     0.0000     0.0000    -0.0289
   33        Px       -0.3316     0.2147     0.3740    -0.2898     0.0000
   34        Py        0.0000     0.0000     0.0000     0.0000    -0.0444
   35        Pz        0.0000     0.0000     0.0000     0.0000    -0.2921
   36   8 C  S         0.0000     0.0000     0.0000     0.0000     0.0082
   37        S         0.0000     0.0000     0.0000     0.0000    -0.0540
   38        Px        0.1529    -0.4613    -0.3985     0.2270     0.0000
   39        Py        0.0000     0.0000     0.0000     0.0000    -0.0166
   40        Pz        0.0000     0.0000     0.0000     0.0000    -0.2056
   41   9 C  S         0.0000     0.0000     0.0000     0.0000    -0.0082
   42        S         0.0000     0.0000     0.0000     0.0000     0.0540
   43        Px        0.1529     0.4613     0.3985    -0.2270     0.0000
   44        Py        0.0000     0.0000     0.0000     0.0000     0.0166
   45        Pz        0.0000     0.0000     0.0000     0.0000    -0.2056
   46  10 C  S         0.0000     0.0000     0.0000     0.0000    -0.0049
   47        S         0.0000     0.0000     0.0000     0.0000     0.0289
   48        Px       -0.3316    -0.2147    -0.3740     0.2898     0.0000
   49        Py        0.0000     0.0000     0.0000     0.0000     0.0444
   50        Pz        0.0000     0.0000     0.0000     0.0000    -0.2921
   51  11 C  S         0.0000     0.0000     0.0000     0.0000     0.0049
   52        S         0.0000     0.0000     0.0000     0.0000    -0.0289
   53        Px       -0.3316     0.2147    -0.3740    -0.2898     0.0000
   54        Py        0.0000     0.0000     0.0000     0.0000     0.0444
   55        Pz        0.0000     0.0000     0.0000     0.0000    -0.2921
   56  12 C  S         0.0000     0.0000     0.0000     0.0000     0.0082
   57        S         0.0000     0.0000     0.0000     0.0000    -0.0540
   58        Px        0.1529    -0.4613     0.3985     0.2270     0.0000
   59        Py        0.0000     0.0000     0.0000     0.0000     0.0166
   60        Pz        0.0000     0.0000     0.0000     0.0000    -0.2056
   61  13 C  S         0.0000     0.0000     0.0000     0.0000    -0.0082
   62        S         0.0000     0.0000     0.0000     0.0000     0.0540
   63        Px        0.1529     0.4613    -0.3985    -0.2270     0.0000
   64        Py        0.0000     0.0000     0.0000     0.0000    -0.0166
   65        Pz        0.0000     0.0000     0.0000     0.0000    -0.2056
   66  14 C  S         0.0000     0.0000     0.0000     0.0000    -0.0049
   67        S         0.0000     0.0000     0.0000     0.0000     0.0289
   68        Px       -0.3316    -0.2147     0.3740     0.2898     0.0000
   69        Py        0.0000     0.0000     0.0000     0.0000    -0.0444
   70        Pz        0.0000     0.0000     0.0000     0.0000    -0.2921
   71  15 H  S         0.0000     0.0000     0.0000     0.0000     0.4390
   72  16 H  S         0.0000     0.0000     0.0000     0.0000    -0.4390
   73  17 H  S         0.0000     0.0000     0.0000     0.0000     0.3200
   74  18 H  S         0.0000     0.0000     0.0000     0.0000    -0.3200
   75  19 H  S         0.0000     0.0000     0.0000     0.0000     0.3200
   76  20 H  S         0.0000     0.0000     0.0000     0.0000    -0.3200
   77  21 H  S         0.0000     0.0000     0.0000     0.0000     0.1580
   78  22 H  S         0.0000     0.0000     0.0000     0.0000     0.1580
   79  23 H  S         0.0000     0.0000     0.0000     0.0000    -0.1580
   80  24 H  S         0.0000     0.0000     0.0000     0.0000    -0.1580
 
                         56         57         58         59         60
                       0.5827     0.5983     0.6393     0.6494     0.6738
    1   1 C  S         0.0145     0.0000    -0.0978     0.0000     0.0000
    2        S        -0.0864     0.0000     0.6134     0.0000     0.0000
    3        Px        0.0000     0.0000     0.0000     0.0000     0.0000
    4        Py        0.0000    -0.1649     0.0000    -0.0201    -0.3681
    5        Pz        0.2510     0.0000     0.2779     0.0000     0.0000
    6   2 C  S        -0.0443    -0.0156    -0.0182    -0.0520     0.0138
    7        S         0.2745     0.1021     0.1178     0.3110    -0.0779
    8        Px        0.0000     0.0000     0.0000     0.0000     0.0000
    9        Py        0.0481    -0.0277     0.2858    -0.0276    -0.4329
   10        Pz        0.1005     0.0380     0.0460    -0.2721    -0.0527
   11   3 C  S        -0.0443     0.0156    -0.0182     0.0520    -0.0138
   12        S         0.2745    -0.1021     0.1178    -0.3110     0.0779
   13        Px        0.0000     0.0000     0.0000     0.0000     0.0000
   14        Py       -0.0481    -0.0277    -0.2858    -0.0276    -0.4329
   15        Pz        0.1005    -0.0380     0.0460     0.2721     0.0527
   16   4 C  S        -0.0443    -0.0156    -0.0182     0.0520     0.0138
   17        S         0.2745     0.1021     0.1178    -0.3110    -0.0779
   18        Px        0.0000     0.0000     0.0000     0.0000     0.0000
   19        Py        0.0481    -0.0277     0.2858     0.0276    -0.4329
   20        Pz       -0.1005    -0.0380    -0.0460    -0.2721     0.0527
   21   5 C  S        -0.0443     0.0156    -0.0182    -0.0520    -0.0138
   22        S         0.2745    -0.1021     0.1178     0.3110     0.0779
   23        Px        0.0000     0.0000     0.0000     0.0000     0.0000
   24        Py       -0.0481    -0.0277    -0.2858     0.0276    -0.4329
   25        Pz       -0.1005     0.0380    -0.0460     0.2721    -0.0527
   26   6 C  S         0.0145     0.0000    -0.0978     0.0000     0.0000
   27        S        -0.0864     0.0000     0.6134     0.0000     0.0000
   28        Px        0.0000     0.0000     0.0000     0.0000     0.0000
   29        Py        0.0000    -0.1649     0.0000     0.0201    -0.3681
   30        Pz       -0.2510     0.0000    -0.2779     0.0000     0.0000
   31   7 C  S        -0.0026    -0.0455     0.0716     0.0493    -0.0778
   32        S         0.0253     0.2874    -0.4467    -0.3053     0.4854
   33        Px        0.0000     0.0000     0.0000     0.0000     0.0000
   34        Py        0.1621     0.0591     0.1936     0.0529    -0.2528
   35        Pz        0.2568     0.2184    -0.0325    -0.3501     0.0465
   36   8 C  S        -0.0469    -0.0385     0.0010    -0.0065     0.0295
   37        S         0.2934     0.2468    -0.0147     0.0293    -0.1824
   38        Px        0.0000     0.0000     0.0000     0.0000     0.0000
   39        Py        0.2564     0.3232    -0.0898    -0.0758    -0.1344
   40        Pz        0.1348     0.1172    -0.0123    -0.2360    -0.1100
   41   9 C  S        -0.0469    -0.0385     0.0010     0.0065     0.0295
   42        S         0.2934     0.2468    -0.0147    -0.0293    -0.1824
   43        Px        0.0000     0.0000     0.0000     0.0000     0.0000
   44        Py        0.2564     0.3232    -0.0898     0.0758    -0.1344
   45        Pz       -0.1348    -0.1172     0.0123    -0.2360     0.1100
   46  10 C  S        -0.0026    -0.0455     0.0716    -0.0493    -0.0778
   47        S         0.0253     0.2874    -0.4467     0.3053     0.4854
   48        Px        0.0000     0.0000     0.0000     0.0000     0.0000
   49        Py        0.1621     0.0591     0.1936    -0.0529    -0.2528
   50        Pz       -0.2568    -0.2184     0.0325    -0.3501    -0.0465
   51  11 C  S        -0.0026     0.0455     0.0716    -0.0493     0.0778
   52        S         0.0253    -0.2874    -0.4467     0.3053    -0.4854
   53        Px        0.0000     0.0000     0.0000     0.0000     0.0000
   54        Py       -0.1621     0.0591    -0.1936     0.0529    -0.2528
   55        Pz        0.2568    -0.2184    -0.0325     0.3501    -0.0465
   56  12 C  S        -0.0469     0.0385     0.0010     0.0065    -0.0295
   57        S         0.2934    -0.2468    -0.0147    -0.0293     0.1824
   58        Px        0.0000     0.0000     0.0000     0.0000     0.0000
   59        Py       -0.2564     0.3232     0.0898    -0.0758    -0.1344
   60        Pz        0.1348    -0.1172    -0.0123     0.2360     0.1100
   61  13 C  S        -0.0469     0.0385     0.0010    -0.0065    -0.0295
   62        S         0.2934    -0.2468    -0.0147     0.0293     0.1824
   63        Px        0.0000     0.0000     0.0000     0.0000     0.0000
   64        Py       -0.2564     0.3232     0.0898     0.0758    -0.1344
   65        Pz       -0.1348     0.1172     0.0123     0.2360    -0.1100
   66  14 C  S        -0.0026     0.0455     0.0716     0.0493     0.0778
   67        S         0.0253    -0.2874    -0.4467    -0.3053    -0.4854
   68        Px        0.0000     0.0000     0.0000     0.0000     0.0000
   69        Py       -0.1621     0.0591    -0.1936    -0.0529    -0.2528
   70        Pz       -0.2568     0.2184     0.0325     0.3501     0.0465
   71  15 H  S        -0.1857     0.0000    -0.6188     0.0000     0.0000
   72  16 H  S        -0.1857     0.0000    -0.6188     0.0000     0.0000
   73  17 H  S        -0.2692    -0.3735     0.2966     0.5133    -0.2874
   74  18 H  S        -0.2692    -0.3735     0.2966    -0.5133    -0.2874
   75  19 H  S        -0.2692     0.3735     0.2966    -0.5133     0.2874
   76  20 H  S        -0.2692     0.3735     0.2966     0.5133     0.2874
   77  21 H  S        -0.4685    -0.4784     0.0765     0.1565     0.2652
   78  22 H  S        -0.4685     0.4784     0.0765    -0.1565    -0.2652
   79  23 H  S        -0.4685    -0.4784     0.0765    -0.1565     0.2652
   80  24 H  S        -0.4685     0.4784     0.0765     0.1565    -0.2652
 
                         61         62         63         64         65
                       0.7024     0.7035     0.7103     0.7128     0.7356
    1   1 C  S         0.1168     0.0000    -0.0344     0.1215     0.0000
    2        S        -0.7372     0.0000     0.2167    -0.7776     0.0000
    3        Px        0.0000     0.0000     0.0000     0.0000     0.0000
    4        Py        0.0000    -0.2879     0.0000     0.0000    -0.2873
    5        Pz       -0.2091     0.0000    -0.1118     0.1807     0.0000
    6   2 C  S        -0.0879    -0.0987     0.0377    -0.0747    -0.0771
    7        S         0.5431     0.6283    -0.2294     0.4735     0.4913
    8        Px        0.0000     0.0000     0.0000     0.0000     0.0000
    9        Py       -0.0300    -0.0075    -0.0152    -0.1611     0.0553
   10        Pz       -0.0445    -0.2240    -0.1329     0.2491    -0.0626
   11   3 C  S        -0.0879     0.0987     0.0377    -0.0747     0.0771
   12        S         0.5431    -0.6283    -0.2294     0.4735    -0.4913
   13        Px        0.0000     0.0000     0.0000     0.0000     0.0000
   14        Py        0.0300    -0.0075     0.0152     0.1611     0.0553
   15        Pz       -0.0445     0.2240    -0.1329     0.2491     0.0626
   16   4 C  S         0.0879     0.0987    -0.0377    -0.0747     0.0771
   17        S        -0.5431    -0.6283     0.2294     0.4735    -0.4913
   18        Px        0.0000     0.0000     0.0000     0.0000     0.0000
   19        Py        0.0300     0.0075     0.0152    -0.1611    -0.0553
   20        Pz       -0.0445    -0.2240    -0.1329    -0.2491    -0.0626
   21   5 C  S         0.0879    -0.0987    -0.0377    -0.0747    -0.0771
   22        S        -0.5431     0.6283     0.2294     0.4735     0.4913
   23        Px        0.0000     0.0000     0.0000     0.0000     0.0000
   24        Py       -0.0300     0.0075    -0.0152     0.1611    -0.0553
   25        Pz       -0.0445     0.2240    -0.1329    -0.2491     0.0626
   26   6 C  S        -0.1168     0.0000     0.0344     0.1215     0.0000
   27        S         0.7372     0.0000    -0.2167    -0.7776     0.0000
   28        Px        0.0000     0.0000     0.0000     0.0000     0.0000
   29        Py        0.0000     0.2879     0.0000     0.0000     0.2873
   30        Pz       -0.2091     0.0000    -0.1118    -0.1807     0.0000
   31   7 C  S         0.0100    -0.0153    -0.0845     0.0772     0.0543
   32        S        -0.0565     0.0995     0.5307    -0.4985    -0.3347
   33        Px        0.0000     0.0000     0.0000     0.0000     0.0000
   34        Py        0.1290     0.2621     0.0638    -0.0761    -0.0061
   35        Pz        0.2112     0.1122     0.0614     0.1313     0.1441
   36   8 C  S         0.0148     0.0951     0.1142    -0.0313    -0.0904
   37        S        -0.0931    -0.6033    -0.7168     0.2008     0.5753
   38        Px        0.0000     0.0000     0.0000     0.0000     0.0000
   39        Py        0.0842     0.0214    -0.0446    -0.3212     0.2053
   40        Pz        0.2814     0.2532     0.0821     0.1010     0.1259
   41   9 C  S        -0.0148    -0.0951    -0.1142    -0.0313     0.0904
   42        S         0.0931     0.6033     0.7168     0.2008    -0.5753
   43        Px        0.0000     0.0000     0.0000     0.0000     0.0000
   44        Py       -0.0842    -0.0214     0.0446    -0.3212    -0.2053
   45        Pz        0.2814     0.2532     0.0821    -0.1010     0.1259
   46  10 C  S        -0.0100     0.0153     0.0845     0.0772    -0.0543
   47        S         0.0565    -0.0995    -0.5307    -0.4985     0.3347
   48        Px        0.0000     0.0000     0.0000     0.0000     0.0000
   49        Py       -0.1290    -0.2621    -0.0638    -0.0761     0.0061
   50        Pz        0.2112     0.1122     0.0614    -0.1313     0.1441
   51  11 C  S         0.0100     0.0153    -0.0845     0.0772    -0.0543
   52        S        -0.0565    -0.0995     0.5307    -0.4985     0.3347
   53        Px        0.0000     0.0000     0.0000     0.0000     0.0000
   54        Py       -0.1290     0.2621    -0.0638     0.0761    -0.0061
   55        Pz        0.2112    -0.1122     0.0614     0.1313    -0.1441
   56  12 C  S         0.0148    -0.0951     0.1142    -0.0313     0.0904
   57        S        -0.0931     0.6033    -0.7168     0.2008    -0.5753
   58        Px        0.0000     0.0000     0.0000     0.0000     0.0000
   59        Py       -0.0842     0.0214     0.0446     0.3212     0.2053
   60        Pz        0.2814    -0.2532     0.0821     0.1010    -0.1259
   61  13 C  S        -0.0148     0.0951    -0.1142    -0.0313    -0.0904
   62        S         0.0931    -0.6033     0.7168     0.2008     0.5753
   63        Px        0.0000     0.0000     0.0000     0.0000     0.0000
   64        Py        0.0842    -0.0214    -0.0446     0.3212    -0.2053
   65        Pz        0.2814    -0.2532     0.0821    -0.1010    -0.1259
   66  14 C  S        -0.0100    -0.0153     0.0845     0.0772     0.0543
   67        S         0.0565     0.0995    -0.5307    -0.4985    -0.3347
   68        Px        0.0000     0.0000     0.0000     0.0000     0.0000
   69        Py        0.1290    -0.2621     0.0638     0.0761     0.0061
   70        Pz        0.2112    -0.1122     0.0614    -0.1313    -0.1441
   71  15 H  S         0.5815     0.0000     0.0325     0.1936     0.0000
   72  16 H  S        -0.5815     0.0000    -0.0325     0.1936     0.0000
   73  17 H  S        -0.1920    -0.1498    -0.3279     0.1067     0.0509
   74  18 H  S         0.1920     0.1498     0.3279     0.1067    -0.0509
   75  19 H  S        -0.1920     0.1498    -0.3279     0.1067    -0.0509
   76  20 H  S         0.1920    -0.1498     0.3279     0.1067     0.0509
   77  21 H  S        -0.1537     0.1669     0.3662     0.1141    -0.5020
   78  22 H  S        -0.1537    -0.1669     0.3662     0.1141     0.5020
   79  23 H  S         0.1537    -0.1669    -0.3662     0.1141     0.5020
   80  24 H  S         0.1537     0.1669    -0.3662     0.1141    -0.5020
 
                         66         67
                       0.7447     0.7699
    1   1 C  S        -0.0020    -0.0136
    2        S         0.0273     0.0874
    3        Px        0.0000     0.0000
    4        Py        0.0000     0.0000
    5        Pz        0.3279     0.4481
    6   2 C  S        -0.0744    -0.0031
    7        S         0.4757     0.0352
    8        Px        0.0000     0.0000
    9        Py        0.1777    -0.1465
   10        Pz        0.0171    -0.0667
   11   3 C  S        -0.0744    -0.0031
   12        S         0.4757     0.0352
   13        Px        0.0000     0.0000
   14        Py       -0.1777     0.1465
   15        Pz        0.0171    -0.0667
   16   4 C  S         0.0744    -0.0031
   17        S        -0.4757     0.0352
   18        Px        0.0000     0.0000
   19        Py       -0.1777    -0.1465
   20        Pz        0.0171     0.0667
   21   5 C  S         0.0744    -0.0031
   22        S        -0.4757     0.0352
   23        Px        0.0000     0.0000
   24        Py        0.1777     0.1465
   25        Pz        0.0171     0.0667
   26   6 C  S         0.0020    -0.0136
   27        S        -0.0273     0.0874
   28        Px        0.0000     0.0000
   29        Py        0.0000     0.0000
   30        Pz        0.3279    -0.4481
   31   7 C  S         0.0579    -0.0512
   32        S        -0.3803     0.3306
   33        Px        0.0000     0.0000
   34        Py        0.3116    -0.0168
   35        Pz       -0.1200     0.3004
   36   8 C  S         0.0679     0.0356
   37        S        -0.4488    -0.2319
   38        Px        0.0000     0.0000
   39        Py       -0.1238    -0.2110
   40        Pz        0.1688    -0.1800
   41   9 C  S        -0.0679     0.0356
   42        S         0.4488    -0.2319
   43        Px        0.0000     0.0000
   44        Py        0.1238    -0.2110
   45        Pz        0.1688     0.1800
   46  10 C  S        -0.0579    -0.0512
   47        S         0.3803     0.3306
   48        Px        0.0000     0.0000
   49        Py       -0.3116    -0.0168
   50        Pz       -0.1200    -0.3004
   51  11 C  S         0.0579    -0.0512
   52        S        -0.3803     0.3306
   53        Px        0.0000     0.0000
   54        Py       -0.3116     0.0168
   55        Pz       -0.1200     0.3004
   56  12 C  S         0.0679     0.0356
   57        S        -0.4488    -0.2319
   58        Px        0.0000     0.0000
   59        Py        0.1238     0.2110
   60        Pz        0.1688    -0.1800
   61  13 C  S        -0.0679     0.0356
   62        S         0.4488    -0.2319
   63        Px        0.0000     0.0000
   64        Py       -0.1238     0.2110
   65        Pz        0.1688     0.1800
   66  14 C  S        -0.0579    -0.0512
   67        S         0.3803     0.3306
   68        Px        0.0000     0.0000
   69        Py        0.3116     0.0168
   70        Pz       -0.1200    -0.3004
   71  15 H  S        -0.3082    -0.3899
   72  16 H  S         0.3082    -0.3899
   73  17 H  S         0.2875    -0.3979
   74  18 H  S        -0.2875    -0.3979
   75  19 H  S         0.2875    -0.3979
   76  20 H  S        -0.2875    -0.3979
   77  21 H  S         0.2230     0.3410
   78  22 H  S         0.2230     0.3410
   79  23 H  S        -0.2230     0.3410
   80  24 H  S        -0.2230     0.3410
 
 -------------------------------------
      Mulliken Population Analysis
     Atom     Population     Charge
 -------------------------------------
    1  C       6.058801    -0.058801
    2  C       6.001660    -0.001660
    3  C       6.001660    -0.001660
    4  C       6.001660    -0.001660
    5  C       6.001660    -0.001660
    6  C       6.058801    -0.058801
    7  C       6.059246    -0.059246
    8  C       6.062982    -0.062982
    9  C       6.062982    -0.062982
   10  C       6.059246    -0.059246
   11  C       6.059246    -0.059246
   12  C       6.062982    -0.062982
   13  C       6.062982    -0.062982
   14  C       6.059246    -0.059246
   15  H       0.940959     0.059041
   16  H       0.940959     0.059041
   17  H       0.938716     0.061284
   18  H       0.938716     0.061284
   19  H       0.938716     0.061284
   20  H       0.938716     0.061284
   21  H       0.937515     0.062485
   22  H       0.937515     0.062485
   23  H       0.937515     0.062485
   24  H       0.937515     0.062485
 -------------------------------------
 
 Total CPU time :        8.1 seconds
 Total wall time:        0.7 seconds
                 ( 0 days  0 hours  0 minutes  0.7 seconds)
 The job finished at Sun Aug 31 19:06:38 2014
 Used memory :      1 MB
 Your calculation finished with  0 warning(s).
