 *******************************************
    Scalable Molecular Analysis Solver for
      High performance computing systems
            SMASH Version 3.0.0     
           written by K. ISHIMURA
 *******************************************

 The job started at Wed Aug 18 01:24:39 2021
 Master node is smash.jp
 Number of processes =     2
 Number of threads   =    12

 --------------
   Input data
 --------------
  job runtype=energy method=hf basis=sto-3g
  control check=anthracene.chk
  geom
 --------------

 -----------------------------------------------------------------------------
   Job information
 -----------------------------------------------------------------------------
   Runtype = ENERGY      ,  Method  = HF           ,  Basis    = STO-3G          
   Memory  = 8000MB      ,  SCFtype = RHF          ,  Precision= MEDIUM      
   Charge  = 0.0         ,  Multi   = 1            ,  Spher    = T
   Bohr    = F           ,  Guess   = HUCKEL       ,  Multipole= DIPOLE      
   Pop     = MULLIKEN    ,  Iprint  = 3           
   Check   = anthracene.chk
 -----------------------------------------------------------------------------

 ------------------------------------------------
   Computational condition
 ------------------------------------------------
   Number of atoms                      =   24
   Number of alpha electrons            =   47
   Number of beta electrons             =   47
   Number of basis shells               =   52
   Number of basis contracted functions =   80
   Number of basis primitive functions  =  156
 ------------------------------------------------

 ----------------------------------------------------
          Molecular Geometry (Angstrom)
  Atom            X             Y             Z
 ----------------------------------------------------
   C          0.0000000     0.0000000     1.4057190
   C          0.0000000     1.2229570     0.7213980
   C          0.0000000    -1.2229570     0.7213980
   C          0.0000000     1.2229570    -0.7213980
   C          0.0000000    -1.2229570    -0.7213980
   C          0.0000000     0.0000000    -1.4057190
   C          0.0000000     2.4733470     1.4075940
   C          0.0000000     3.6582160     0.7111020
   C          0.0000000     3.6582160    -0.7111020
   C          0.0000000     2.4733470    -1.4075940
   C          0.0000000    -2.4733470     1.4075940
   C          0.0000000    -3.6582160     0.7111020
   C          0.0000000    -3.6582160    -0.7111020
   C          0.0000000    -2.4733470    -1.4075940
   H          0.0000000     0.0000000     2.4968600
   H          0.0000000     0.0000000    -2.4968600
   H          0.0000000     2.4725530     2.4968800
   H          0.0000000     2.4725530    -2.4968800
   H          0.0000000    -2.4725530     2.4968800
   H          0.0000000    -2.4725530    -2.4968800
   H          0.0000000     4.6045680     1.2472370
   H          0.0000000    -4.6045680     1.2472370
   H          0.0000000     4.6045680    -1.2472370
   H          0.0000000    -4.6045680    -1.2472370
 ----------------------------------------------------

 -------------
   Basis set
 -------------
  C  
    S  3
         71.6168373      0.15432897
         13.0450963      0.53532814
          3.5305122      0.44463454
    S  3
          2.9412494     -0.09996723
          0.6834831      0.39951283
          0.2222899      0.70011547
    P  3
          2.9412494      0.15591627
          0.6834831      0.60768372
          0.2222899      0.39195739
  ****
  H  
    S  3
          3.4252509      0.15432897
          0.6239137      0.53532814
          0.1688554      0.44463454
  ****

 Nuclear repulsion energy =     765.572048545 Hartree

 =====================
   Guess calculation
 =====================
   Guess MOs are generated using extended Huckel orbitals.
 
 If the calculation stops at the beginning of SCF, increase the stack size.
 bash: Write the following two lines in the ~/.bashrc file.
       ulimit -s unlimited
       export OMP_STACKSIZE=1G
 tcsh: Write the following two lines in the ~/.tcshrc file.
       unlimit
       setenv OMP_STACKSIZE 1G

 Step CPU :       0.3, Total CPU :       0.3 of Master process
 Step Wall :      0.0, Total Wall :      0.0 at Wed Aug 18 01:24:39 2021

 ==========================================================================
   Restricted Hartree-Fock calculation
 ==========================================================================
   SCFConv    = DIIS    ,  Dconv      = 5.00E-06,  MaxIter     = 150     
   Cutint2    = 1.00E-11,  ThreshEx   = 3.00E+01,  ThreshOver  = 1.00E-06
   MaxDIIS    = 20      ,  ThreshDIIS = 6.00E-01
 --------------------------------------------------------------------------
 Iter SubIt   Total Energy       Delta Energy     Delta Density     DIIS Error
   1    0    -529.014958431    -529.014958431      0.179241320      0.762518081
   2    1    -529.455826167      -0.440867736      0.049236319      0.044139552
   3    2    -529.464865655      -0.009039488      0.015870309      0.012389866
   4    3    -529.465643798      -0.000778143      0.004363267      0.006577595
   5    4    -529.465768784      -0.000124986      0.002575559      0.002408104
   6    5    -529.465789416      -0.000020632      0.001134451      0.001029470
   7    6    -529.465793013      -0.000003597      0.000805421      0.000396218
   8    7    -529.465793795      -0.000000782      0.000010926      0.000009167
   9    8    -529.465793795      -0.000000001      0.000003800      0.000002517
 --------------------------------------------
    SCF Converged.
    RHF Energy =    -529.465793795 Hartree
 --------------------------------------------

 --------------------------------------------------------------------------------
   Orbital Energies (Hartree)
 --------------------------------------------------------------------------------
   Alpha Occupied:    -11.03943   -11.03938   -11.03936   -11.03933   -11.02970
   Alpha Occupied:    -11.02970   -11.02966   -11.02966   -11.02859   -11.02859
   Alpha Occupied:    -11.02854   -11.02854   -11.02683   -11.02676    -1.12172
   Alpha Occupied:     -1.08297    -1.02057    -1.00056    -0.95968    -0.94122
   Alpha Occupied:     -0.89658    -0.81641    -0.77900    -0.75767    -0.74913
   Alpha Occupied:     -0.68444    -0.65308    -0.63260    -0.59110    -0.57807
   Alpha Occupied:     -0.57172    -0.55230    -0.53305    -0.52296    -0.50092
   Alpha Occupied:     -0.49801    -0.48788    -0.47316    -0.44292    -0.43399
   Alpha Occupied:     -0.41064    -0.40317    -0.35594    -0.35142    -0.28677
   Alpha Occupied:     -0.25010    -0.18735
   Alpha Virtual :      0.16160     0.23558     0.27590     0.35521     0.36212
   Alpha Virtual :      0.48462     0.57222     0.58040     0.58267     0.59830
   Alpha Virtual :      0.63932     0.64941     0.67376     0.70239     0.70345
   Alpha Virtual :      0.71032     0.71283     0.73556     0.74472     0.76987
   Alpha Virtual :      0.81724     0.84484     0.85410     0.87243     0.90963
   Alpha Virtual :      0.97248     0.97335     0.98189     0.98382     1.06534
   Alpha Virtual :      1.10674     1.17301     1.17791
 --------------------------------------------------------------------------------
 -------------------------
   Alpha MO coefficients
 -------------------------
                             37          38          39          40          41
    Orbital Energy        -0.48788    -0.47316    -0.44292    -0.43399    -0.41064
    1    1 C   S          0.005997   -0.034388    0.000000    0.000000   -0.000000
    2    1 C   S         -0.029361    0.119138   -0.000000   -0.000000    0.000000
    3    1 C   Px         0.000000   -0.000000   -0.000000    0.000000   -0.000000
    4    1 C   Py        -0.000000   -0.000000    0.000000   -0.095795   -0.271803
    5    1 C   Pz        -0.193881   -0.103285    0.000000    0.000000   -0.000000
    6    2 C   S          0.007352    0.020453   -0.000000   -0.002905    0.001850
    7    2 C   S         -0.028065   -0.071975    0.000000    0.011412   -0.003885
    8    2 C   Px         0.000000   -0.000000    0.204927   -0.000000    0.000000
    9    2 C   Py        -0.069194   -0.137090   -0.000000   -0.060452    0.248355
   10    2 C   Pz         0.126948   -0.050460   -0.000000   -0.203717   -0.007635
   11    3 C   S          0.007352    0.020453   -0.000000    0.002905   -0.001850
   12    3 C   S         -0.028065   -0.071975    0.000000   -0.011412    0.003885
   13    3 C   Px         0.000000   -0.000000   -0.204927    0.000000   -0.000000
   14    3 C   Py         0.069194    0.137090   -0.000000   -0.060452    0.248355
   15    3 C   Pz         0.126948   -0.050460    0.000000    0.203717    0.007635
   16    4 C   S          0.007352   -0.020453    0.000000   -0.002905   -0.001850
   17    4 C   S         -0.028065    0.071975   -0.000000    0.011412    0.003885
   18    4 C   Px         0.000000   -0.000000    0.204927   -0.000000   -0.000000
   19    4 C   Py        -0.069194    0.137090   -0.000000   -0.060452   -0.248355
   20    4 C   Pz        -0.126948   -0.050460    0.000000    0.203717   -0.007635
   21    5 C   S          0.007352   -0.020453    0.000000    0.002905    0.001850
   22    5 C   S         -0.028065    0.071975   -0.000000   -0.011412   -0.003885
   23    5 C   Px         0.000000   -0.000000   -0.204927    0.000000   -0.000000
   24    5 C   Py         0.069194   -0.137090    0.000000   -0.060452   -0.248355
   25    5 C   Pz        -0.126948   -0.050460   -0.000000   -0.203717    0.007635
   26    6 C   S          0.005997    0.034388   -0.000000   -0.000000   -0.000000
   27    6 C   S         -0.029361   -0.119138    0.000000    0.000000    0.000000
   28    6 C   Px         0.000000   -0.000000   -0.000000    0.000000   -0.000000
   29    6 C   Py        -0.000000   -0.000000   -0.000000   -0.095795    0.271803
   30    6 C   Pz         0.193881   -0.103285    0.000000    0.000000    0.000000
   31    7 C   S         -0.007690   -0.016773    0.000000    0.005905   -0.008217
   32    7 C   S          0.033747    0.056800   -0.000000   -0.013973    0.032554
   33    7 C   Px         0.000000   -0.000000    0.244341   -0.000000    0.000000
   34    7 C   Py        -0.096437    0.220963    0.000000    0.013901   -0.240630
   35    7 C   Pz         0.110932   -0.022013    0.000000    0.201074   -0.026723
   36    8 C   S         -0.008325    0.003516   -0.000000   -0.005634    0.006515
   37    8 C   S          0.030119   -0.022546    0.000000    0.019740   -0.015566
   38    8 C   Px         0.000000    0.000000    0.262302   -0.000000    0.000000
   39    8 C   Py        -0.018129   -0.245692   -0.000000   -0.006277    0.183814
   40    8 C   Pz        -0.274850    0.000467   -0.000000   -0.239519   -0.023519
   41    9 C   S         -0.008325   -0.003516    0.000000   -0.005634   -0.006515
   42    9 C   S          0.030119    0.022546   -0.000000    0.019740    0.015566
   43    9 C   Px         0.000000    0.000000    0.262302   -0.000000    0.000000
   44    9 C   Py        -0.018129    0.245692   -0.000000   -0.006277   -0.183814
   45    9 C   Pz         0.274850    0.000467    0.000000    0.239519   -0.023519
   46   10 C   S         -0.007690    0.016773   -0.000000    0.005905    0.008217
   47   10 C   S          0.033747   -0.056800    0.000000   -0.013973   -0.032554
   48   10 C   Px         0.000000    0.000000    0.244341   -0.000000    0.000000
   49   10 C   Py        -0.096437   -0.220963   -0.000000    0.013901    0.240630
   50   10 C   Pz        -0.110932   -0.022013   -0.000000   -0.201074   -0.026723
   51   11 C   S         -0.007690   -0.016773   -0.000000   -0.005905    0.008217
   52   11 C   S          0.033747    0.056800    0.000000    0.013973   -0.032554
   53   11 C   Px         0.000000   -0.000000   -0.244341    0.000000   -0.000000
   54   11 C   Py         0.096437   -0.220963    0.000000    0.013901   -0.240630
   55   11 C   Pz         0.110932   -0.022013   -0.000000   -0.201074    0.026723
   56   12 C   S         -0.008325    0.003516    0.000000    0.005634   -0.006515
   57   12 C   S          0.030119   -0.022546   -0.000000   -0.019740    0.015566
   58   12 C   Px         0.000000   -0.000000   -0.262302    0.000000   -0.000000
   59   12 C   Py         0.018129    0.245692   -0.000000   -0.006277    0.183814
   60   12 C   Pz        -0.274850    0.000467    0.000000    0.239519    0.023519
   61   13 C   S         -0.008325   -0.003516    0.000000    0.005634    0.006515
   62   13 C   S          0.030119    0.022546   -0.000000   -0.019740   -0.015566
   63   13 C   Px         0.000000   -0.000000   -0.262302    0.000000   -0.000000
   64   13 C   Py         0.018129   -0.245692    0.000000   -0.006277   -0.183814
   65   13 C   Pz         0.274850    0.000467   -0.000000   -0.239519    0.023519
   66   14 C   S         -0.007690    0.016773   -0.000000   -0.005905   -0.008217
   67   14 C   S          0.033747   -0.056800    0.000000    0.013973    0.032554
   68   14 C   Px         0.000000   -0.000000   -0.244341    0.000000   -0.000000
   69   14 C   Py         0.096437    0.220963   -0.000000    0.013901    0.240630
   70   14 C   Pz        -0.110932   -0.022013    0.000000    0.201074    0.026723
   71   15 H   S         -0.191806   -0.036450    0.000000    0.000000   -0.000000
   72   16 H   S         -0.191806    0.036450   -0.000000   -0.000000   -0.000000
   73   17 H   S          0.116385    0.009376    0.000000    0.211595   -0.012133
   74   18 H   S          0.116385   -0.009376    0.000000    0.211595    0.012133
   75   19 H   S          0.116385    0.009376   -0.000000   -0.211595    0.012133
   76   20 H   S          0.116385   -0.009376   -0.000000   -0.211595   -0.012133
   77   21 H   S         -0.131870   -0.225827   -0.000000   -0.123791    0.160564
   78   22 H   S         -0.131870   -0.225827    0.000000    0.123791   -0.160564
   79   23 H   S         -0.131870    0.225827   -0.000000   -0.123791   -0.160564
   80   24 H   S         -0.131870    0.225827   -0.000000    0.123791    0.160564
 
                             42          43          44          45          46
    Orbital Energy        -0.40317    -0.35594    -0.35142    -0.28677    -0.25010
    1    1 C   S          0.017861   -0.000000   -0.000000   -0.000000   -0.000000
    2    1 C   S         -0.059928    0.000000    0.000000    0.000000    0.000000
    3    1 C   Px         0.000000    0.230226    0.347317   -0.000000   -0.000000
    4    1 C   Py        -0.000000   -0.000000    0.000000   -0.000000    0.000000
    5    1 C   Pz         0.208326   -0.000000   -0.000000   -0.000000    0.000000
    6    2 C   S         -0.001556    0.000000   -0.000000   -0.000000    0.000000
    7    2 C   S          0.005207   -0.000000    0.000000    0.000000   -0.000000
    8    2 C   Px         0.000000    0.167358    0.244598    0.165287   -0.368220
    9    2 C   Py        -0.001605    0.000000   -0.000000   -0.000000   -0.000000
   10    2 C   Pz        -0.296094    0.000000    0.000000    0.000000    0.000000
   11    3 C   S         -0.001556    0.000000    0.000000   -0.000000    0.000000
   12    3 C   S          0.005207    0.000000   -0.000000   -0.000000   -0.000000
   13    3 C   Px         0.000000    0.167358    0.244598   -0.165287    0.368220
   14    3 C   Py         0.001605    0.000000   -0.000000   -0.000000   -0.000000
   15    3 C   Pz        -0.296094    0.000000    0.000000    0.000000    0.000000
   16    4 C   S         -0.001556   -0.000000    0.000000    0.000000   -0.000000
   17    4 C   S          0.005207    0.000000   -0.000000    0.000000    0.000000
   18    4 C   Px        -0.000000    0.167358   -0.244598   -0.165287   -0.368220
   19    4 C   Py        -0.001605   -0.000000    0.000000    0.000000    0.000000
   20    4 C   Pz         0.296094   -0.000000   -0.000000   -0.000000   -0.000000
   21    5 C   S         -0.001556    0.000000   -0.000000    0.000000   -0.000000
   22    5 C   S          0.005207    0.000000    0.000000   -0.000000    0.000000
   23    5 C   Px        -0.000000    0.167358   -0.244598    0.165287    0.368220
   24    5 C   Py         0.001605   -0.000000    0.000000    0.000000    0.000000
   25    5 C   Pz         0.296094   -0.000000   -0.000000   -0.000000   -0.000000
   26    6 C   S          0.017861   -0.000000   -0.000000   -0.000000   -0.000000
   27    6 C   S         -0.059928    0.000000    0.000000    0.000000    0.000000
   28    6 C   Px        -0.000000    0.230226   -0.347317    0.000000    0.000000
   29    6 C   Py         0.000000    0.000000   -0.000000   -0.000000   -0.000000
   30    6 C   Pz        -0.208326    0.000000    0.000000    0.000000    0.000000
   31    7 C   S          0.013873   -0.000000    0.000000   -0.000000    0.000000
   32    7 C   S         -0.047124    0.000000   -0.000000    0.000000   -0.000000
   33    7 C   Px         0.000000   -0.160960    0.245252    0.370640    0.003338
   34    7 C   Py         0.059329   -0.000000    0.000000   -0.000000    0.000000
   35    7 C   Pz         0.156251   -0.000000   -0.000000   -0.000000   -0.000000
   36    8 C   S         -0.002666    0.000000    0.000000    0.000000   -0.000000
   37    8 C   S          0.008543   -0.000000   -0.000000   -0.000000    0.000000
   38    8 C   Px         0.000000   -0.335400    0.120578    0.216898    0.287223
   39    8 C   Py        -0.000546    0.000000   -0.000000   -0.000000   -0.000000
   40    8 C   Pz        -0.141225    0.000000    0.000000    0.000000    0.000000
   41    9 C   S         -0.002666   -0.000000    0.000000    0.000000    0.000000
   42    9 C   S          0.008543   -0.000000   -0.000000    0.000000   -0.000000
   43    9 C   Px        -0.000000   -0.335400   -0.120578   -0.216898    0.287223
   44    9 C   Py        -0.000546   -0.000000    0.000000    0.000000    0.000000
   45    9 C   Pz         0.141225   -0.000000   -0.000000    0.000000    0.000000
   46   10 C   S          0.013873    0.000000   -0.000000   -0.000000    0.000000
   47   10 C   S         -0.047124    0.000000    0.000000    0.000000   -0.000000
   48   10 C   Px        -0.000000   -0.160960   -0.245252   -0.370640    0.003338
   49   10 C   Py         0.059329    0.000000   -0.000000   -0.000000   -0.000000
   50   10 C   Pz        -0.156251    0.000000    0.000000    0.000000    0.000000
   51   11 C   S          0.013873   -0.000000   -0.000000    0.000000   -0.000000
   52   11 C   S         -0.047124   -0.000000    0.000000   -0.000000    0.000000
   53   11 C   Px         0.000000   -0.160960    0.245252   -0.370640   -0.003338
   54   11 C   Py        -0.059329   -0.000000    0.000000    0.000000    0.000000
   55   11 C   Pz         0.156251   -0.000000   -0.000000   -0.000000   -0.000000
   56   12 C   S         -0.002666   -0.000000    0.000000   -0.000000   -0.000000
   57   12 C   S          0.008543    0.000000   -0.000000    0.000000    0.000000
   58   12 C   Px        -0.000000   -0.335400    0.120578   -0.216898   -0.287223
   59   12 C   Py         0.000546    0.000000    0.000000   -0.000000   -0.000000
   60   12 C   Pz        -0.141225    0.000000    0.000000    0.000000    0.000000
   61   13 C   S         -0.002666   -0.000000   -0.000000    0.000000    0.000000
   62   13 C   S          0.008543    0.000000   -0.000000   -0.000000   -0.000000
   63   13 C   Px        -0.000000   -0.335400   -0.120578    0.216898   -0.287223
   64   13 C   Py         0.000546   -0.000000   -0.000000    0.000000    0.000000
   65   13 C   Pz         0.141225   -0.000000   -0.000000   -0.000000   -0.000000
   66   14 C   S          0.013873   -0.000000    0.000000    0.000000   -0.000000
   67   14 C   S         -0.047124    0.000000   -0.000000    0.000000    0.000000
   68   14 C   Px        -0.000000   -0.160960   -0.245252    0.370640   -0.003338
   69   14 C   Py        -0.059329    0.000000    0.000000   -0.000000   -0.000000
   70   14 C   Pz        -0.156251    0.000000    0.000000    0.000000    0.000000
   71   15 H   S          0.230217   -0.000000   -0.000000   -0.000000    0.000000
   72   16 H   S          0.230217   -0.000000   -0.000000   -0.000000   -0.000000
   73   17 H   S          0.169014   -0.000000   -0.000000   -0.000000   -0.000000
   74   18 H   S          0.169014   -0.000000   -0.000000   -0.000000   -0.000000
   75   19 H   S          0.169014   -0.000000   -0.000000   -0.000000   -0.000000
   76   20 H   S          0.169014   -0.000000   -0.000000   -0.000000   -0.000000
   77   21 H   S         -0.076364    0.000000    0.000000   -0.000000    0.000000
   78   22 H   S         -0.076364   -0.000000    0.000000    0.000000    0.000000
   79   23 H   S         -0.076364   -0.000000    0.000000    0.000000   -0.000000
   80   24 H   S         -0.076364    0.000000    0.000000   -0.000000   -0.000000
 
                             47          48          49          50          51
    Orbital Energy        -0.18735     0.16160     0.23558     0.27590     0.35521
    1    1 C   S         -0.000000   -0.000000   -0.000000    0.000000   -0.000000
    2    1 C   S          0.000000    0.000000    0.000000   -0.000000    0.000000
    3    1 C   Px         0.417103    0.459464   -0.000000   -0.000000    0.470751
    4    1 C   Py        -0.000000    0.000000    0.000000   -0.000000   -0.000000
    5    1 C   Pz        -0.000000   -0.000000   -0.000000   -0.000000   -0.000000
    6    2 C   S         -0.000000   -0.000000   -0.000000   -0.000000    0.000000
    7    2 C   S          0.000000    0.000000    0.000000    0.000000   -0.000000
    8    2 C   Px         0.110946   -0.119384    0.443877    0.216593   -0.335648
    9    2 C   Py         0.000000    0.000000    0.000000   -0.000000   -0.000000
   10    2 C   Pz         0.000000    0.000000    0.000000    0.000000   -0.000000
   11    3 C   S         -0.000000   -0.000000   -0.000000   -0.000000    0.000000
   12    3 C   S          0.000000    0.000000    0.000000    0.000000   -0.000000
   13    3 C   Px         0.110946   -0.119384   -0.443877   -0.216593   -0.335648
   14    3 C   Py         0.000000   -0.000000    0.000000   -0.000000    0.000000
   15    3 C   Pz         0.000000    0.000000    0.000000   -0.000000    0.000000
   16    4 C   S          0.000000    0.000000    0.000000    0.000000   -0.000000
   17    4 C   S         -0.000000   -0.000000    0.000000   -0.000000    0.000000
   18    4 C   Px        -0.110946   -0.119384   -0.443877    0.216593   -0.335648
   19    4 C   Py        -0.000000    0.000000    0.000000    0.000000   -0.000000
   20    4 C   Pz        -0.000000   -0.000000   -0.000000   -0.000000    0.000000
   21    5 C   S         -0.000000    0.000000    0.000000    0.000000   -0.000000
   22    5 C   S         -0.000000   -0.000000   -0.000000   -0.000000    0.000000
   23    5 C   Px        -0.110946   -0.119384    0.443877   -0.216593   -0.335648
   24    5 C   Py        -0.000000    0.000000    0.000000    0.000000   -0.000000
   25    5 C   Pz        -0.000000   -0.000000    0.000000   -0.000000   -0.000000
   26    6 C   S          0.000000    0.000000   -0.000000   -0.000000    0.000000
   27    6 C   S         -0.000000   -0.000000    0.000000    0.000000   -0.000000
   28    6 C   Px        -0.417103    0.459464    0.000000   -0.000000    0.470751
   29    6 C   Py         0.000000   -0.000000    0.000000   -0.000000    0.000000
   30    6 C   Pz         0.000000    0.000000   -0.000000    0.000000   -0.000000
   31    7 C   S          0.000000   -0.000000    0.000000    0.000000   -0.000000
   32    7 C   S         -0.000000    0.000000   -0.000000    0.000000    0.000000
   33    7 C   Px        -0.294951   -0.325886   -0.002213   -0.461237    0.331552
   34    7 C   Py        -0.000000    0.000000    0.000000    0.000000   -0.000000
   35    7 C   Pz        -0.000000   -0.000000    0.000000    0.000000   -0.000000
   36    8 C   S          0.000000    0.000000   -0.000000    0.000000   -0.000000
   37    8 C   S         -0.000000    0.000000   -0.000000   -0.000000    0.000000
   38    8 C   Px        -0.228420    0.251885   -0.353791    0.259583   -0.152924
   39    8 C   Py         0.000000    0.000000    0.000000    0.000000    0.000000
   40    8 C   Pz        -0.000000    0.000000    0.000000    0.000000   -0.000000
   41    9 C   S          0.000000    0.000000   -0.000000   -0.000000    0.000000
   42    9 C   S         -0.000000   -0.000000    0.000000    0.000000   -0.000000
   43    9 C   Px         0.228420    0.251885    0.353791    0.259583   -0.152924
   44    9 C   Py        -0.000000   -0.000000   -0.000000    0.000000   -0.000000
   45    9 C   Pz        -0.000000   -0.000000   -0.000000   -0.000000    0.000000
   46   10 C   S          0.000000   -0.000000    0.000000   -0.000000   -0.000000
   47   10 C   S          0.000000   -0.000000   -0.000000    0.000000    0.000000
   48   10 C   Px         0.294951   -0.325886    0.002213   -0.461237    0.331552
   49   10 C   Py         0.000000    0.000000    0.000000    0.000000    0.000000
   50   10 C   Pz         0.000000    0.000000   -0.000000    0.000000   -0.000000
   51   11 C   S         -0.000000    0.000000   -0.000000   -0.000000    0.000000
   52   11 C   S          0.000000    0.000000    0.000000    0.000000   -0.000000
   53   11 C   Px        -0.294951   -0.325886    0.002213    0.461237    0.331552
   54   11 C   Py        -0.000000    0.000000   -0.000000    0.000000    0.000000
   55   11 C   Pz        -0.000000    0.000000   -0.000000    0.000000   -0.000000
   56   12 C   S         -0.000000   -0.000000   -0.000000    0.000000   -0.000000
   57   12 C   S          0.000000    0.000000   -0.000000   -0.000000    0.000000
   58   12 C   Px        -0.228420    0.251885    0.353791   -0.259583   -0.152924
   59   12 C   Py        -0.000000   -0.000000    0.000000   -0.000000    0.000000
   60   12 C   Pz         0.000000   -0.000000   -0.000000   -0.000000   -0.000000
   61   13 C   S          0.000000   -0.000000    0.000000   -0.000000   -0.000000
   62   13 C   S         -0.000000    0.000000   -0.000000    0.000000    0.000000
   63   13 C   Px         0.228420    0.251885   -0.353791   -0.259583   -0.152924
   64   13 C   Py         0.000000    0.000000   -0.000000    0.000000   -0.000000
   65   13 C   Pz        -0.000000   -0.000000    0.000000   -0.000000   -0.000000
   66   14 C   S         -0.000000    0.000000   -0.000000    0.000000    0.000000
   67   14 C   S         -0.000000   -0.000000    0.000000   -0.000000   -0.000000
   68   14 C   Px         0.294951   -0.325886   -0.002213    0.461237    0.331552
   69   14 C   Py         0.000000    0.000000    0.000000    0.000000   -0.000000
   70   14 C   Pz         0.000000    0.000000    0.000000    0.000000   -0.000000
   71   15 H   S         -0.000000   -0.000000   -0.000000   -0.000000    0.000000
   72   16 H   S         -0.000000   -0.000000    0.000000   -0.000000   -0.000000
   73   17 H   S         -0.000000   -0.000000   -0.000000   -0.000000   -0.000000
   74   18 H   S         -0.000000   -0.000000    0.000000   -0.000000   -0.000000
   75   19 H   S         -0.000000   -0.000000    0.000000   -0.000000    0.000000
   76   20 H   S         -0.000000    0.000000   -0.000000    0.000000   -0.000000
   77   21 H   S          0.000000   -0.000000    0.000000   -0.000000    0.000000
   78   22 H   S         -0.000000   -0.000000    0.000000    0.000000    0.000000
   79   23 H   S         -0.000000    0.000000   -0.000000   -0.000000    0.000000
   80   24 H   S          0.000000    0.000000    0.000000    0.000000   -0.000000
 
                             52          53          54          55          56
    Orbital Energy         0.36212     0.48462     0.57222     0.58040     0.58267
    1    1 C   S         -0.000000   -0.000000   -0.000000   -0.012963   -0.014473
    2    1 C   S          0.000000    0.000000    0.000000    0.073759    0.086402
    3    1 C   Px         0.312058   -0.000000    0.402787    0.000000   -0.000000
    4    1 C   Py        -0.000000    0.000000   -0.000000   -0.000000   -0.000000
    5    1 C   Pz        -0.000000    0.000000   -0.000000    0.381690   -0.250955
    6    2 C   S          0.000000    0.000000    0.000000    0.014393    0.044282
    7    2 C   S         -0.000000   -0.000000   -0.000000   -0.072185   -0.274543
    8    2 C   Px        -0.223946    0.326925   -0.476729   -0.000000    0.000000
    9    2 C   Py        -0.000000   -0.000000   -0.000000   -0.005014   -0.048091
   10    2 C   Pz         0.000000    0.000000   -0.000000    0.391808   -0.100526
   11    3 C   S          0.000000    0.000000    0.000000    0.014393    0.044282
   12    3 C   S         -0.000000   -0.000000   -0.000000   -0.072185   -0.274543
   13    3 C   Px        -0.223946   -0.326925   -0.476729   -0.000000    0.000000
   14    3 C   Py         0.000000    0.000000   -0.000000    0.005014    0.048091
   15    3 C   Pz         0.000000    0.000000   -0.000000    0.391808   -0.100526
   16    4 C   S         -0.000000   -0.000000    0.000000   -0.014393    0.044282
   17    4 C   S          0.000000    0.000000   -0.000000    0.072185   -0.274543
   18    4 C   Px         0.223946   -0.326925    0.476729    0.000000   -0.000000
   19    4 C   Py        -0.000000   -0.000000    0.000000    0.005014   -0.048091
   20    4 C   Pz         0.000000   -0.000000   -0.000000    0.391808    0.100526
   21    5 C   S         -0.000000   -0.000000    0.000000   -0.014393    0.044282
   22    5 C   S          0.000000    0.000000   -0.000000    0.072185   -0.274543
   23    5 C   Px         0.223946    0.326925    0.476729    0.000000   -0.000000
   24    5 C   Py        -0.000000   -0.000000    0.000000   -0.005014    0.048091
   25    5 C   Pz        -0.000000    0.000000   -0.000000    0.391808    0.100526
   26    6 C   S          0.000000    0.000000   -0.000000    0.012963   -0.014473
   27    6 C   S         -0.000000   -0.000000    0.000000   -0.073759    0.086402
   28    6 C   Px        -0.312058    0.000000   -0.402787   -0.000000    0.000000
   29    6 C   Py         0.000000   -0.000000    0.000000    0.000000   -0.000000
   30    6 C   Pz         0.000000    0.000000   -0.000000    0.381690    0.250955
   31    7 C   S          0.000000   -0.000000    0.000000   -0.004868    0.002607
   32    7 C   S          0.000000    0.000000   -0.000000    0.028888   -0.025279
   33    7 C   Px        -0.214670   -0.373988    0.289760    0.000000   -0.000000
   34    7 C   Py        -0.000000    0.000000   -0.000000    0.044405   -0.162117
   35    7 C   Pz        -0.000000   -0.000000   -0.000000    0.292114   -0.256754
   36    8 C   S         -0.000000    0.000000   -0.000000   -0.008192    0.046931
   37    8 C   S          0.000000    0.000000    0.000000    0.054022   -0.293363
   38    8 C   Px         0.461310    0.398523   -0.226951   -0.000000    0.000000
   39    8 C   Py         0.000000    0.000000   -0.000000    0.016592   -0.256449
   40    8 C   Pz        -0.000000   -0.000000   -0.000000    0.205573   -0.134770
   41    9 C   S          0.000000    0.000000    0.000000    0.008192    0.046931
   42    9 C   S         -0.000000   -0.000000   -0.000000   -0.054022   -0.293363
   43    9 C   Px        -0.461310   -0.398523    0.226951    0.000000   -0.000000
   44    9 C   Py        -0.000000   -0.000000   -0.000000   -0.016592   -0.256449
   45    9 C   Pz        -0.000000   -0.000000   -0.000000    0.205573    0.134770
   46   10 C   S         -0.000000    0.000000   -0.000000    0.004868    0.002607
   47   10 C   S          0.000000   -0.000000    0.000000   -0.028888   -0.025279
   48   10 C   Px         0.214670    0.373988   -0.289760   -0.000000    0.000000
   49   10 C   Py         0.000000   -0.000000   -0.000000   -0.044405   -0.162117
   50   10 C   Pz         0.000000    0.000000   -0.000000    0.292114    0.256754
   51   11 C   S          0.000000   -0.000000    0.000000   -0.004868    0.002607
   52   11 C   S         -0.000000    0.000000   -0.000000    0.028888   -0.025279
   53   11 C   Px        -0.214670    0.373988    0.289760    0.000000   -0.000000
   54   11 C   Py         0.000000    0.000000    0.000000   -0.044405    0.162117
   55   11 C   Pz        -0.000000    0.000000   -0.000000    0.292114   -0.256754
   56   12 C   S         -0.000000   -0.000000    0.000000   -0.008192    0.046931
   57   12 C   S          0.000000    0.000000   -0.000000    0.054022   -0.293363
   58   12 C   Px         0.461310   -0.398523   -0.226951   -0.000000    0.000000
   59   12 C   Py         0.000000   -0.000000    0.000000   -0.016592    0.256449
   60   12 C   Pz         0.000000   -0.000000   -0.000000    0.205573   -0.134770
   61   13 C   S          0.000000   -0.000000    0.000000    0.008192    0.046931
   62   13 C   S         -0.000000   -0.000000   -0.000000   -0.054022   -0.293363
   63   13 C   Px        -0.461310    0.398523    0.226951    0.000000   -0.000000
   64   13 C   Py        -0.000000    0.000000    0.000000    0.016592    0.256449
   65   13 C   Pz        -0.000000   -0.000000   -0.000000    0.205573    0.134770
   66   14 C   S         -0.000000    0.000000   -0.000000    0.004868    0.002607
   67   14 C   S         -0.000000   -0.000000    0.000000   -0.028888   -0.025279
   68   14 C   Px         0.214670   -0.373988   -0.289760   -0.000000    0.000000
   69   14 C   Py        -0.000000   -0.000000   -0.000000    0.044405    0.162117
   70   14 C   Pz        -0.000000    0.000000   -0.000000    0.292114    0.256754
   71   15 H   S         -0.000000   -0.000000    0.000000   -0.439015    0.185733
   72   16 H   S          0.000000    0.000000   -0.000000    0.439015    0.185733
   73   17 H   S         -0.000000   -0.000000    0.000000   -0.320010    0.269222
   74   18 H   S         -0.000000    0.000000   -0.000000    0.320010    0.269222
   75   19 H   S         -0.000000   -0.000000    0.000000   -0.320010    0.269222
   76   20 H   S         -0.000000    0.000000   -0.000000    0.320010    0.269222
   77   21 H   S          0.000000   -0.000000    0.000000   -0.157973    0.468548
   78   22 H   S         -0.000000    0.000000    0.000000   -0.157973    0.468548
   79   23 H   S          0.000000    0.000000    0.000000    0.157973    0.468548
   80   24 H   S         -0.000000   -0.000000    0.000000    0.157973    0.468548
 
 Step CPU :       3.4, Total CPU :       3.7 of Master process
 Step Wall :      0.3, Total Wall :      0.3 at Wed Aug 18 01:24:39 2021

 ========================
   Property calculation
 ========================
 -------------------------------------
      Mulliken Population Analysis
     Atom       Charge     Population
 -------------------------------------
    1  C      -0.058800     6.058800
    2  C      -0.001661     6.001661
    3  C      -0.001661     6.001661
    4  C      -0.001661     6.001661
    5  C      -0.001661     6.001661
    6  C      -0.058800     6.058800
    7  C      -0.059246     6.059246
    8  C      -0.062982     6.062982
    9  C      -0.062982     6.062982
   10  C      -0.059246     6.059246
   11  C      -0.059246     6.059246
   12  C      -0.062982     6.062982
   13  C      -0.062982     6.062982
   14  C      -0.059246     6.059246
   15  H       0.059041     0.940959
   16  H       0.059041     0.940959
   17  H       0.061284     0.938716
   18  H       0.061284     0.938716
   19  H       0.061284     0.938716
   20  H       0.061284     0.938716
   21  H       0.062484     0.937516
   22  H       0.062484     0.937516
   23  H       0.062484     0.937516
   24  H       0.062484     0.937516
 -------------------------------------
     Total     0.000000
 -------------------------------------
 
 ----------------------------------------------
               Dipole Momemt (Debye)
        X          Y          Z       Total
 ----------------------------------------------
      0.0000     0.0000    -0.0000     0.0000
 ----------------------------------------------

 Step CPU :       0.0, Total CPU :       3.7 of Master process
 Step Wall :      0.0, Total Wall :      0.3 at Wed Aug 18 01:24:39 2021

 Total CPU time :        3.7 seconds
 Total Wall time:        0.3 seconds
                 ( 0 days  0 hours  0 minutes  0.3 seconds)
 The job finished at Wed Aug 18 01:24:39 2021
 Used memory :       1 MB
 Your calculation finished successfully with  0 warning.
