 *******************************************
    Scalable Molecular Analysis Solver for
      High performance computing systems
            SMASH Version 3.0.0     
           written by K. ISHIMURA
 *******************************************

 The job started at Thu Aug 12 14:07:32 2021
 Master node is smash.jp
 Number of processes =     2
 Number of threads   =    12

 --------------
   Input data
 --------------
  job runtype=energy method=b3lyp basis=cc-pvdz
  control check=anthracene.chk guess=check
  geom=check
 --------------

 Geometry is read from checkpoint file.
 -------------------------------------------------------------------------
   Job information
 -------------------------------------------------------------------------
   Runtype = ENERGY      ,  Method  = B3LYP        ,  Basis    = CC-PVDZ     
   Memory  = 8000MB      ,  SCFtype = RHF          ,  Precision= MEDIUM      
   Charge  = 0.0         ,  Multi   = 1            ,  Spher    = T
   Bohr    = F           ,  Guess   = CHECK        ,  Multipole= DIPOLE      
   Pop     = MULLIKEN    ,  Iprint  = 3           
   Check   = anthracene.chk
 -------------------------------------------------------------------------

 ------------------------------------------------
   Computational condition
 ------------------------------------------------
   Number of atoms                      =   24
   Number of alpha electrons            =   47
   Number of beta electrons             =   47
   Number of basis shells               =  114
   Number of basis contracted functions =  246
   Number of basis primitive functions  =  358
 ------------------------------------------------

 ----------------------------------------------------
          Molecular Geometry (Angstrom)
  Atom            X             Y             Z
 ----------------------------------------------------
   C          0.0000000     0.0000000     1.4057190
   C          0.0000000     1.2229570     0.7213980
   C          0.0000000    -1.2229570     0.7213980
   C          0.0000000     1.2229570    -0.7213980
   C          0.0000000    -1.2229570    -0.7213980
   C          0.0000000     0.0000000    -1.4057190
   C          0.0000000     2.4733470     1.4075940
   C          0.0000000     3.6582160     0.7111020
   C          0.0000000     3.6582160    -0.7111020
   C          0.0000000     2.4733470    -1.4075940
   C          0.0000000    -2.4733470     1.4075940
   C          0.0000000    -3.6582160     0.7111020
   C          0.0000000    -3.6582160    -0.7111020
   C          0.0000000    -2.4733470    -1.4075940
   H          0.0000000     0.0000000     2.4968600
   H          0.0000000     0.0000000    -2.4968600
   H          0.0000000     2.4725530     2.4968800
   H          0.0000000     2.4725530    -2.4968800
   H          0.0000000    -2.4725530     2.4968800
   H          0.0000000    -2.4725530    -2.4968800
   H          0.0000000     4.6045680     1.2472370
   H          0.0000000    -4.6045680     1.2472370
   H          0.0000000     4.6045680    -1.2472370
   H          0.0000000    -4.6045680    -1.2472370
 ----------------------------------------------------

 -------------
   Basis set
 -------------
  C  
    S  8
       6665.0000000      0.00069200
       1000.0000000      0.00532900
        228.0000000      0.02707700
         64.7100000      0.10171800
         21.0600000      0.27474000
          7.4950000      0.44856400
          2.7970000      0.28507400
          0.5215000      0.01520400
    S  8
       6665.0000000     -0.00014600
       1000.0000000     -0.00115400
        228.0000000     -0.00572500
         64.7100000     -0.02331200
         21.0600000     -0.06395500
          7.4950000     -0.14998100
          2.7970000     -0.12726200
          0.5215000      0.54452900
    S  1
          0.1596000      1.00000000
    P  3
          9.4390000      0.03810900
          2.0020000      0.20948000
          0.5456000      0.50855700
    P  1
          0.1517000      1.00000000
    D  1
          0.5500000      1.00000000
  ****
  H  
    S  3
         13.0100000      0.01968500
          1.9620000      0.13797700
          0.4446000      0.47814800
    S  1
          0.1220000      1.00000000
    P  1
          0.7270000      1.00000000
  ****

 Nuclear repulsion energy =     765.572048545 Hartree

 =====================
   Guess calculation
 =====================
   Guess MOs are read from checkpoint file and projected.

 If the calculation stops at the beginning of SCF, increase the stack size.
 bash: Write the following two lines in the ~/.bashrc file.
       ulimit -s unlimited
       export OMP_STACKSIZE=1G
 tcsh: Write the following two lines in the ~/.tcshrc file.
       unlimit
       setenv OMP_STACKSIZE 1G

 Step CPU :       0.7, Total CPU :       0.7 of Master process
 Step Wall :      0.1, Total Wall :      0.1 at Thu Aug 12 14:07:32 2021

 ==========================================================================
   Restricted DFT calculation
 ==========================================================================
   SCFConv    = DIIS    ,  Dconv      = 5.00E-06,  MaxIter     = 150     
   Cutint2    = 1.00E-11,  ThreshEx   = 3.00E+01,  ThreshOver  = 1.00E-06
   Nrad       = 96      ,  Nleb       = 302     ,  ThreshRho   = 1.00E-05
   ThreshDfock= 1.00E-04,  Threshdftao= 1.00E-03,  ThreshWeight= 1.00E-08
   MaxDIIS    = 20      ,  ThreshDIIS = 6.00E-01
 --------------------------------------------------------------------------
 Iter SubIt   Total Energy       Delta Energy     Delta Density     DIIS Error
   1    1    -539.062488995    -539.062488995      0.507580274      0.240895632
   2    2    -539.556582754      -0.494093760      0.065913836      0.018332979
   3    3    -539.558687047      -0.002104293      0.011364979      0.017187382
   4    4    -539.562139756      -0.003452708      0.003467698      0.003733915
   5    5    -539.562245900      -0.000106145      0.001570077      0.002204209
   6    6    -539.562287630      -0.000041730      0.000591037      0.000806493
   7    7    -539.562290886      -0.000003256      0.000234178      0.000301965
   8    8    -539.562291548      -0.000000662      0.000011513      0.000017101
   9    9    -539.562291550      -0.000000003      0.000005188      0.000002725
  10   10    -539.562291550       0.000000000      0.000001798      0.000001604
 ---------------------------------------------------------------
    SCF Converged.
    DFT Energy =    -539.562291550 Hartree
    Exchange + Correlation energy =     -64.534401995 Hartree
    Number of electrons           =      94.000180101
 ---------------------------------------------------------------

 --------------------------------------------------------------------------------
   Orbital Energies (Hartree)
 --------------------------------------------------------------------------------
   Alpha Occupied:    -10.19963   -10.19962   -10.19932   -10.19929   -10.19341
   Alpha Occupied:    -10.19340   -10.19312   -10.19312   -10.19260   -10.19260
   Alpha Occupied:    -10.19253   -10.19252   -10.19239   -10.19238    -0.88446
   Alpha Occupied:     -0.85290    -0.80353    -0.78692    -0.75417    -0.74174
   Alpha Occupied:     -0.70486    -0.64777    -0.61799    -0.60220    -0.59325
   Alpha Occupied:     -0.54172    -0.52269    -0.50513    -0.46596    -0.46390
   Alpha Occupied:     -0.45304    -0.44811    -0.42560    -0.41571    -0.40813
   Alpha Occupied:     -0.40293    -0.39103    -0.37937    -0.36483    -0.34944
   Alpha Occupied:     -0.33720    -0.32969    -0.30681    -0.30212    -0.26032
   Alpha Occupied:     -0.24438    -0.19782
   Alpha Virtual :     -0.06863    -0.01854    -0.00062     0.03267     0.05891
   Alpha Virtual :      0.06513     0.06774     0.07219     0.10036     0.10047
   Alpha Virtual :      0.12299     0.12467     0.13862     0.14653     0.14784
   Alpha Virtual :      0.18117     0.20035     0.21318     0.25632     0.25732
   Alpha Virtual :      0.27930     0.28593     0.29576     0.29922     0.31221
   Alpha Virtual :      0.31840     0.35230     0.40569     0.40677     0.42564
   Alpha Virtual :      0.44230     0.44579     0.45979     0.46715     0.47309
   Alpha Virtual :      0.47466     0.47908     0.48043     0.49039     0.49342
   Alpha Virtual :      0.50009     0.51423     0.51984     0.52021     0.52347
   Alpha Virtual :      0.53222     0.53602     0.53946     0.54698     0.55296
   Alpha Virtual :      0.55373     0.55855     0.56365     0.57768     0.61378
   Alpha Virtual :      0.62287     0.64050     0.64615     0.64699     0.64846
   Alpha Virtual :      0.66421     0.67153     0.67291     0.69480     0.71179
   Alpha Virtual :      0.71752     0.74356     0.74615     0.74921     0.76492
   Alpha Virtual :      0.82749     0.83624     0.84353     0.84671     0.88982
   Alpha Virtual :      0.89678     0.90185     0.90400     0.91709     0.91949
   Alpha Virtual :      0.93058     0.93901     0.94898     0.95303     0.95521
   Alpha Virtual :      0.98289     0.98393     0.99669     0.99738     1.00408
   Alpha Virtual :      1.01963     1.04066     1.04637     1.05629     1.06007
   Alpha Virtual :      1.08047     1.08938     1.10071     1.10121     1.14083
   Alpha Virtual :      1.15855     1.17860     1.30041     1.30331     1.30734
   Alpha Virtual :      1.37016     1.37918     1.39362     1.39554     1.40487
   Alpha Virtual :      1.42418     1.43116     1.43820     1.47391     1.48201
   Alpha Virtual :      1.48289     1.49560     1.50627     1.51677     1.51687
   Alpha Virtual :      1.53946     1.56070     1.58113     1.58861     1.60533
   Alpha Virtual :      1.61348     1.62222     1.63507     1.64324     1.64590
   Alpha Virtual :      1.65788     1.67123     1.67566     1.68831     1.69163
   Alpha Virtual :      1.70782     1.71668     1.73757     1.73891     1.74973
   Alpha Virtual :      1.75302     1.75896     1.78207     1.78635     1.79669
   Alpha Virtual :      1.80888     1.81723     1.82810     1.84669     1.84912
   Alpha Virtual :      1.85958     1.86730     1.87599     1.89570     1.91369
   Alpha Virtual :      1.93419     1.94446     1.96397     1.97085     1.97561
   Alpha Virtual :      2.01759     2.03023     2.03825     2.04142     2.04367
   Alpha Virtual :      2.04643     2.13738     2.18006     2.18546     2.19572
   Alpha Virtual :      2.20031     2.21247     2.23397     2.28099     2.28234
   Alpha Virtual :      2.33534     2.35356     2.38683     2.38847     2.43112
   Alpha Virtual :      2.45842     2.45855     2.45954     2.59592     2.61211
   Alpha Virtual :      2.62943     2.66975     2.71962     2.71991     2.75161
   Alpha Virtual :      2.76246     2.77973     2.84032     2.89009     2.91288
   Alpha Virtual :      2.96443     3.32462     3.54197     3.56214
 --------------------------------------------------------------------------------
 -------------------------
   Alpha MO coefficients
 -------------------------
                             37          38          39          40          41
    Orbital Energy        -0.39103    -0.37937    -0.36483    -0.34944    -0.33720
    1    1 C   S         -0.004169   -0.003466    0.000000   -0.000000    0.000002
    2    1 C   S          0.008380    0.057439    0.000000   -0.000001    0.000004
    3    1 C   S          0.070262    0.224371   -0.000000    0.000010   -0.000080
    4    1 C   Px         0.000000   -0.000000   -0.000000   -0.000000   -0.000000
    5    1 C   Py        -0.000000    0.000001    0.000000    0.074751    0.212909
    6    1 C   Pz         0.169095   -0.069715   -0.000000    0.000000    0.000000
    7    1 C   Px         0.000000   -0.000000   -0.000000   -0.000000   -0.000000
    8    1 C   Py        -0.000016    0.000008    0.000000    0.031536    0.119328
    9    1 C   Pz        -0.004046   -0.073944    0.000000   -0.000008    0.000042
   10    1 C   D-2        0.000000   -0.000000    0.012762    0.000000    0.000000
   11    1 C   D-1        0.000000   -0.000000    0.000000    0.007313   -0.012631
   12    1 C   D0         0.009661    0.004139    0.000000    0.000000   -0.000001
   13    1 C   D+1        0.000000    0.000000    0.000000    0.000000    0.000000
   14    1 C   D+2        0.006106    0.003589    0.000000   -0.000000    0.000002
   15    2 C   S         -0.000728   -0.000220   -0.000000   -0.000680   -0.000446
   16    2 C   S          0.013905   -0.040604   -0.000000   -0.003679    0.000938
   17    2 C   S          0.040563   -0.062928    0.000000    0.014863    0.012161
   18    2 C   Px         0.000000   -0.000000    0.149893   -0.000000   -0.000000
   19    2 C   Py         0.058872   -0.102992    0.000000    0.049595   -0.195413
   20    2 C   Pz        -0.111370   -0.039855    0.000000    0.158871    0.004684
   21    2 C   Px         0.000000   -0.000000    0.079934   -0.000000   -0.000000
   22    2 C   Py         0.075412    0.052065   -0.000000    0.043739    0.034658
   23    2 C   Pz        -0.021933   -0.059644   -0.000000    0.051841   -0.006333
   24    2 C   D-2        0.000000    0.000000    0.008213    0.000000   -0.000000
   25    2 C   D-1       -0.008495   -0.008520    0.000000   -0.005868   -0.018569
   26    2 C   D0         0.005662   -0.003284    0.000000   -0.009196    0.001239
   27    2 C   D+1        0.000000   -0.000000   -0.003924   -0.000000   -0.000000
   28    2 C   D+2        0.003227   -0.004256   -0.000000   -0.005753    0.000677
   29    3 C   S         -0.000727   -0.000220   -0.000000    0.000681    0.000444
   30    3 C   S          0.013906   -0.040604   -0.000000    0.003680   -0.000942
   31    3 C   S          0.040549   -0.062935    0.000000   -0.014880   -0.012085
   32    3 C   Px        -0.000000   -0.000000   -0.149893   -0.000000   -0.000000
   33    3 C   Py        -0.058872    0.102992    0.000000    0.049595   -0.195413
   34    3 C   Pz        -0.111370   -0.039855   -0.000000   -0.158871   -0.004685
   35    3 C   Px        -0.000000   -0.000000   -0.079934   -0.000000   -0.000000
   36    3 C   Py        -0.075429   -0.052043    0.000000    0.043727    0.034755
   37    3 C   Pz        -0.021958   -0.059629    0.000000   -0.051835    0.006325
   38    3 C   D-2        0.000000    0.000000    0.008213   -0.000000    0.000000
   39    3 C   D-1        0.008494    0.008520   -0.000000   -0.005869   -0.018568
   40    3 C   D0         0.005662   -0.003284   -0.000000    0.009196   -0.001238
   41    3 C   D+1        0.000000    0.000000    0.003924   -0.000000   -0.000000
   42    3 C   D+2        0.003227   -0.004256   -0.000000    0.005754   -0.000679
   43    4 C   S         -0.000729    0.000218    0.000000   -0.000679    0.000443
   44    4 C   S          0.013902    0.040601    0.000000   -0.003677   -0.000943
   45    4 C   S          0.040590    0.062969   -0.000000    0.014818   -0.012076
   46    4 C   Px        -0.000000   -0.000000    0.149893   -0.000000    0.000000
   47    4 C   Py         0.058873    0.102991   -0.000000    0.049596    0.195414
   48    4 C   Pz         0.111371   -0.039855   -0.000000   -0.158871    0.004686
   49    4 C   Px        -0.000000    0.000000    0.079934   -0.000000    0.000000
   50    4 C   Py         0.075381   -0.052083    0.000000    0.043667   -0.034665
   51    4 C   Pz         0.021870   -0.059658   -0.000000   -0.051764   -0.006369
   52    4 C   D-2       -0.000000    0.000000    0.008213   -0.000000   -0.000000
   53    4 C   D-1        0.008495   -0.008519   -0.000000    0.005869   -0.018569
   54    4 C   D0         0.005661    0.003284   -0.000000   -0.009195   -0.001239
   55    4 C   D+1        0.000000   -0.000000    0.003924   -0.000000   -0.000000
   56    4 C   D+2        0.003225    0.004254    0.000000   -0.005752   -0.000679
   57    5 C   S         -0.000728    0.000217   -0.000000    0.000679   -0.000442
   58    5 C   S          0.013904    0.040599   -0.000000    0.003678    0.000945
   59    5 C   S          0.040562    0.062993    0.000000   -0.014833    0.012036
   60    5 C   Px        -0.000000   -0.000000   -0.149893    0.000000    0.000000
   61    5 C   Py        -0.058873   -0.102991    0.000000    0.049596    0.195414
   62    5 C   Pz         0.111370   -0.039855    0.000000    0.158871   -0.004686
   63    5 C   Px        -0.000000   -0.000000   -0.079934    0.000000    0.000000
   64    5 C   Py        -0.075367    0.052062   -0.000000    0.043658   -0.034736
   65    5 C   Pz         0.021866   -0.059652    0.000000    0.051780    0.006352
   66    5 C   D-2       -0.000000    0.000000    0.008213   -0.000000    0.000000
   67    5 C   D-1       -0.008495    0.008519    0.000000    0.005869   -0.018569
   68    5 C   D0         0.005661    0.003284    0.000000    0.009195    0.001239
   69    5 C   D+1        0.000000   -0.000000   -0.003924   -0.000000   -0.000000
   70    5 C   D+2        0.003225    0.004254   -0.000000    0.005752    0.000679
   71    6 C   S         -0.004165    0.003470   -0.000000   -0.000001   -0.000001
   72    6 C   S          0.008386   -0.057434   -0.000000   -0.000001   -0.000002
   73    6 C   S          0.070121   -0.224446    0.000000    0.000017    0.000046
   74    6 C   Px        -0.000000    0.000000   -0.000000    0.000000    0.000000
   75    6 C   Py        -0.000000    0.000000    0.000000    0.074750   -0.212910
   76    6 C   Pz        -0.169099   -0.069715    0.000000    0.000000   -0.000000
   77    6 C   Px        -0.000000    0.000000   -0.000000   -0.000000    0.000000
   78    6 C   Py        -0.000000   -0.000002   -0.000000    0.031573   -0.119376
   79    6 C   Pz         0.004014   -0.073967    0.000000    0.000006    0.000024
   80    6 C   D-2        0.000000   -0.000000    0.012762   -0.000000    0.000000
   81    6 C   D-1       -0.000000    0.000000   -0.000000   -0.007313   -0.012632
   82    6 C   D0         0.009662   -0.004139    0.000000   -0.000000    0.000000
   83    6 C   D+1       -0.000000   -0.000000   -0.000000   -0.000000    0.000000
   84    6 C   D+2        0.006109   -0.003587   -0.000000   -0.000001   -0.000000
   85    7 C   S          0.002998   -0.000899   -0.000000    0.003027    0.000707
   86    7 C   S         -0.015794    0.035913   -0.000000    0.012528   -0.008834
   87    7 C   S         -0.080657    0.033554    0.000000   -0.015694   -0.064416
   88    7 C   Px         0.000000   -0.000000    0.164375    0.000000   -0.000000
   89    7 C   Py         0.077775    0.176039   -0.000000   -0.010107    0.195846
   90    7 C   Pz        -0.086053   -0.022852   -0.000000   -0.160598    0.015136
   91    7 C   Px         0.000000   -0.000000    0.089565    0.000000   -0.000000
   92    7 C   Py         0.052674    0.055421   -0.000000    0.006775    0.096186
   93    7 C   Pz         0.016767   -0.001345   -0.000000   -0.010970    0.026611
   94    7 C   D-2       -0.000000    0.000000    0.000675    0.000000   -0.000000
   95    7 C   D-1        0.006909   -0.010148    0.000000    0.002724   -0.011587
   96    7 C   D0        -0.005735    0.004031   -0.000000   -0.016902    0.000344
   97    7 C   D+1       -0.000000   -0.000000   -0.009199    0.000000    0.000000
   98    7 C   D+2       -0.002931    0.004697   -0.000000   -0.008800    0.000901
   99    8 C   S         -0.001693    0.003326    0.000000   -0.001849    0.002231
  100    8 C   S         -0.016350   -0.007997    0.000000   -0.012526    0.011731
  101    8 C   S         -0.017336   -0.036624   -0.000000   -0.011723   -0.001565
  102    8 C   Px         0.000000   -0.000000    0.170187    0.000000   -0.000000
  103    8 C   Py         0.018072   -0.203778    0.000000    0.007359   -0.157096
  104    8 C   Pz         0.218801   -0.000011   -0.000000    0.194971    0.018321
  105    8 C   Px         0.000000   -0.000000    0.091310    0.000000   -0.000000
  106    8 C   Py        -0.011231   -0.020925   -0.000000   -0.016756   -0.025276
  107    8 C   Pz         0.057806    0.022852    0.000000    0.053479    0.015079
  108    8 C   D-2       -0.000000    0.000000   -0.008258   -0.000000    0.000000
  109    8 C   D-1        0.000706   -0.021349    0.000000    0.003836   -0.016795
  110    8 C   D0        -0.008738    0.003268   -0.000000   -0.012296    0.004034
  111    8 C   D+1        0.000000   -0.000000   -0.004638    0.000000    0.000000
  112    8 C   D+2       -0.005647    0.002220    0.000000   -0.007686    0.003701
  113    9 C   S         -0.001691   -0.003327   -0.000000   -0.001846   -0.002231
  114    9 C   S         -0.016347    0.007996   -0.000000   -0.012521   -0.011733
  115    9 C   S         -0.017380    0.036623    0.000000   -0.011801    0.001569
  116    9 C   Px        -0.000000    0.000000    0.170187    0.000000    0.000000
  117    9 C   Py         0.018072    0.203778   -0.000000    0.007359    0.157097
  118    9 C   Pz        -0.218801   -0.000011    0.000000   -0.194970    0.018321
  119    9 C   Px        -0.000000    0.000000    0.091310   -0.000000    0.000000
  120    9 C   Py        -0.011195    0.020923    0.000000   -0.016720    0.025269
  121    9 C   Pz        -0.057769    0.022854    0.000000   -0.053516    0.015082
  122    9 C   D-2        0.000000   -0.000000   -0.008258    0.000000   -0.000000
  123    9 C   D-1       -0.000707   -0.021349   -0.000000   -0.003836   -0.016794
  124    9 C   D0        -0.008738   -0.003268    0.000000   -0.012297   -0.004034
  125    9 C   D+1        0.000000   -0.000000    0.004638    0.000000   -0.000000
  126    9 C   D+2       -0.005646   -0.002220    0.000000   -0.007683   -0.003702
  127   10 C   S          0.002997    0.000900    0.000000    0.003024   -0.000706
  128   10 C   S         -0.015795   -0.035912    0.000000    0.012521    0.008836
  129   10 C   S         -0.080622   -0.033564   -0.000000   -0.015572    0.064378
  130   10 C   Px        -0.000000    0.000000    0.164374   -0.000000    0.000000
  131   10 C   Py         0.077775   -0.176039   -0.000000   -0.010107   -0.195847
  132   10 C   Pz         0.086055   -0.022853   -0.000000    0.160599    0.015134
  133   10 C   Px        -0.000000    0.000000    0.089565   -0.000000    0.000000
  134   10 C   Py         0.052737   -0.055411    0.000000    0.006738   -0.096171
  135   10 C   Pz        -0.016743   -0.001339   -0.000000    0.011018    0.026606
  136   10 C   D-2        0.000000   -0.000000    0.000675    0.000000   -0.000000
  137   10 C   D-1       -0.006907   -0.010148    0.000000   -0.002724   -0.011587
  138   10 C   D0        -0.005734   -0.004030    0.000000   -0.016901   -0.000344
  139   10 C   D+1       -0.000000   -0.000000    0.009199   -0.000000   -0.000000
  140   10 C   D+2       -0.002931   -0.004696   -0.000000   -0.008803   -0.000900
  141   11 C   S          0.002998   -0.000900    0.000000   -0.003027   -0.000708
  142   11 C   S         -0.015794    0.035912    0.000000   -0.012527    0.008833
  143   11 C   S         -0.080657    0.033571    0.000000    0.015687    0.064469
  144   11 C   Px        -0.000000   -0.000000   -0.164375   -0.000000   -0.000000
  145   11 C   Py        -0.077775   -0.176039   -0.000000   -0.010107    0.195847
  146   11 C   Pz        -0.086053   -0.022852    0.000000    0.160598   -0.015135
  147   11 C   Px        -0.000000   -0.000000   -0.089565   -0.000000   -0.000000
  148   11 C   Py        -0.052671   -0.055421   -0.000000    0.006774    0.096186
  149   11 C   Pz         0.016773   -0.001358   -0.000000    0.010976   -0.026638
  150   11 C   D-2        0.000000   -0.000000    0.000675   -0.000000    0.000000
  151   11 C   D-1       -0.006908    0.010148    0.000000    0.002724   -0.011587
  152   11 C   D0        -0.005735    0.004031   -0.000000    0.016902   -0.000344
  153   11 C   D+1        0.000000    0.000000    0.009199    0.000000    0.000000
  154   11 C   D+2       -0.002931    0.004697    0.000000    0.008800   -0.000901
  155   12 C   S         -0.001693    0.003326    0.000000    0.001849   -0.002230
  156   12 C   S         -0.016350   -0.007996    0.000000    0.012526   -0.011731
  157   12 C   S         -0.017329   -0.036640   -0.000000    0.011730    0.001538
  158   12 C   Px        -0.000000   -0.000000   -0.170187    0.000000   -0.000000
  159   12 C   Py        -0.018072    0.203778    0.000000    0.007359   -0.157097
  160   12 C   Pz         0.218801   -0.000011   -0.000000   -0.194971   -0.018322
  161   12 C   Px        -0.000000   -0.000000   -0.091310    0.000000   -0.000000
  162   12 C   Py         0.011232    0.020918   -0.000000   -0.016756   -0.025288
  163   12 C   Pz         0.057805    0.022856   -0.000000   -0.053481   -0.015078
  164   12 C   D-2       -0.000000   -0.000000   -0.008258   -0.000000   -0.000000
  165   12 C   D-1       -0.000706    0.021349   -0.000000    0.003836   -0.016795
  166   12 C   D0        -0.008738    0.003268    0.000000    0.012296   -0.004034
  167   12 C   D+1        0.000000    0.000000    0.004638   -0.000000    0.000000
  168   12 C   D+2       -0.005647    0.002220    0.000000    0.007685   -0.003701
  169   13 C   S         -0.001691   -0.003327   -0.000000    0.001846    0.002231
  170   13 C   S         -0.016347    0.007995   -0.000000    0.012521    0.011732
  171   13 C   S         -0.017384    0.036636    0.000000    0.011808   -0.001555
  172   13 C   Px        -0.000000   -0.000000   -0.170187    0.000000   -0.000000
  173   13 C   Py        -0.018072   -0.203778    0.000000    0.007359    0.157097
  174   13 C   Pz        -0.218801   -0.000011    0.000000    0.194970   -0.018321
  175   13 C   Px        -0.000000   -0.000000   -0.091310    0.000000   -0.000000
  176   13 C   Py         0.011192   -0.020916    0.000000   -0.016717    0.025278
  177   13 C   Pz        -0.057773    0.022860   -0.000000    0.053508   -0.015076
  178   13 C   D-2       -0.000000   -0.000000   -0.008258    0.000000    0.000000
  179   13 C   D-1        0.000707    0.021349    0.000000   -0.003836   -0.016794
  180   13 C   D0        -0.008738   -0.003268    0.000000    0.012297    0.004034
  181   13 C   D+1        0.000000    0.000000   -0.004638   -0.000000   -0.000000
  182   13 C   D+2       -0.005646   -0.002221   -0.000000    0.007683    0.003702
  183   14 C   S          0.002997    0.000901    0.000000   -0.003024    0.000706
  184   14 C   S         -0.015795   -0.035911    0.000000   -0.012521   -0.008835
  185   14 C   S         -0.080609   -0.033586   -0.000000    0.015571   -0.064421
  186   14 C   Px        -0.000000   -0.000000   -0.164374    0.000000   -0.000000
  187   14 C   Py        -0.077775    0.176039   -0.000000   -0.010107   -0.195847
  188   14 C   Pz         0.086055   -0.022853   -0.000000   -0.160599   -0.015135
  189   14 C   Px        -0.000000    0.000000   -0.089565    0.000000   -0.000000
  190   14 C   Py        -0.052731    0.055406    0.000000    0.006752   -0.096181
  191   14 C   Pz        -0.016736   -0.001351   -0.000000   -0.011023   -0.026621
  192   14 C   D-2       -0.000000    0.000000    0.000675   -0.000000    0.000000
  193   14 C   D-1        0.006907    0.010148    0.000000   -0.002724   -0.011587
  194   14 C   D0        -0.005734   -0.004030   -0.000000    0.016901    0.000344
  195   14 C   D+1       -0.000000   -0.000000   -0.009199    0.000000    0.000000
  196   14 C   D+2       -0.002931   -0.004696    0.000000    0.008803    0.000900
  197   15 H   S          0.163531   -0.015636   -0.000000    0.000000   -0.000000
  198   15 H   S          0.097444    0.001666   -0.000000    0.000003   -0.000012
  199   15 H   Px         0.000000   -0.000000    0.000000   -0.000000    0.000000
  200   15 H   Py         0.000000   -0.000000   -0.000000    0.000070    0.006124
  201   15 H   Pz        -0.006994   -0.000338   -0.000000    0.000000   -0.000001
  202   16 H   S          0.163536    0.015637   -0.000000   -0.000000    0.000000
  203   16 H   S          0.097446   -0.001669    0.000000    0.000001    0.000007
  204   16 H   Px        -0.000000    0.000000    0.000000    0.000000    0.000000
  205   16 H   Py         0.000000   -0.000000    0.000000    0.000069   -0.006123
  206   16 H   Pz         0.006995   -0.000338   -0.000000   -0.000000   -0.000000
  207   17 H   S         -0.091367    0.007196   -0.000000   -0.162576    0.007497
  208   17 H   S         -0.054035    0.000424    0.000000   -0.110989   -0.001358
  209   17 H   Px         0.000000   -0.000000    0.005510    0.000000   -0.000000
  210   17 H   Py         0.000593    0.005650    0.000000   -0.000315    0.005696
  211   17 H   Pz         0.004081   -0.001201    0.000000    0.004405   -0.000155
  212   18 H   S         -0.091368   -0.007194    0.000000   -0.162578   -0.007495
  213   18 H   S         -0.054031   -0.000420   -0.000000   -0.110979    0.001363
  214   18 H   Px        -0.000000    0.000000    0.005510   -0.000000    0.000000
  215   18 H   Py         0.000592   -0.005651   -0.000000   -0.000314   -0.005697
  216   18 H   Pz        -0.004081   -0.001201   -0.000000   -0.004406   -0.000154
  217   19 H   S         -0.091367    0.007196    0.000000    0.162576   -0.007496
  218   19 H   S         -0.054039    0.000429    0.000000    0.110987    0.001368
  219   19 H   Px        -0.000000    0.000000   -0.005510   -0.000000   -0.000000
  220   19 H   Py        -0.000594   -0.005650    0.000000   -0.000315    0.005697
  221   19 H   Pz         0.004081   -0.001201    0.000000   -0.004405    0.000155
  222   20 H   S         -0.091368   -0.007194    0.000000    0.162577    0.007496
  223   20 H   S         -0.054030   -0.000424   -0.000000    0.110977   -0.001366
  224   20 H   Px        -0.000000   -0.000000   -0.005510    0.000000    0.000000
  225   20 H   Py        -0.000592    0.005651   -0.000000   -0.000315   -0.005697
  226   20 H   Pz        -0.004081   -0.001201    0.000000    0.004406    0.000155
  227   21 H   S          0.104280   -0.181718   -0.000000    0.098943   -0.131038
  228   21 H   S          0.059602   -0.112934   -0.000000    0.066237   -0.091720
  229   21 H   Px         0.000000    0.000000    0.005740    0.000000    0.000000
  230   21 H   Py        -0.005898    0.003491    0.000000   -0.005002    0.001078
  231   21 H   Pz         0.002561    0.005823   -0.000000    0.003163    0.004279
  232   22 H   S          0.104280   -0.181719   -0.000000   -0.098943    0.131038
  233   22 H   S          0.059602   -0.112936   -0.000000   -0.066237    0.091717
  234   22 H   Px        -0.000000    0.000000   -0.005740    0.000000    0.000000
  235   22 H   Py         0.005898   -0.003491    0.000000   -0.005002    0.001078
  236   22 H   Pz         0.002561    0.005823    0.000000   -0.003163   -0.004279
  237   23 H   S          0.104281    0.181717   -0.000000    0.098943    0.131038
  238   23 H   S          0.059601    0.112934    0.000000    0.066226    0.091722
  239   23 H   Px         0.000000    0.000000    0.005740   -0.000000    0.000000
  240   23 H   Py        -0.005899   -0.003491    0.000000   -0.005003   -0.001078
  241   23 H   Pz        -0.002561    0.005823    0.000000   -0.003162    0.004279
  242   24 H   S          0.104281    0.181718   -0.000000   -0.098943   -0.131038
  243   24 H   S          0.059600    0.112937    0.000000   -0.066227   -0.091719
  244   24 H   Px        -0.000000    0.000000   -0.005740    0.000000   -0.000000
  245   24 H   Py         0.005899    0.003491   -0.000000   -0.005003   -0.001078
  246   24 H   Pz        -0.002561    0.005823    0.000000    0.003162   -0.004279
 
                             42          43          44          45          46
    Orbital Energy        -0.32969    -0.30681    -0.30212    -0.26032    -0.24438
    1    1 C   S         -0.001367   -0.000000    0.000000   -0.000000   -0.000000
    2    1 C   S         -0.036267   -0.000000    0.000000   -0.000000   -0.000000
    3    1 C   S         -0.078384    0.000000   -0.000000    0.000000   -0.000000
    4    1 C   Px        -0.000000   -0.152082    0.235029   -0.000000   -0.000000
    5    1 C   Py        -0.000000    0.000000    0.000000    0.000000    0.000000
    6    1 C   Pz         0.156986    0.000000   -0.000000    0.000000    0.000000
    7    1 C   Px        -0.000000   -0.098760    0.159783   -0.000000   -0.000000
    8    1 C   Py        -0.000022    0.000000   -0.000000    0.000000    0.000000
    9    1 C   Pz         0.030832   -0.000000    0.000000   -0.000000    0.000000
   10    1 C   D-2       -0.000000   -0.000000    0.000000    0.012116    0.021335
   11    1 C   D-1        0.000000    0.000000    0.000000    0.000000   -0.000000
   12    1 C   D0         0.022999    0.000000    0.000000   -0.000000    0.000000
   13    1 C   D+1       -0.000000    0.007128   -0.007052    0.000000    0.000000
   14    1 C   D+2        0.011322   -0.000000    0.000000   -0.000000   -0.000000
   15    2 C   S          0.000536    0.000000   -0.000000   -0.000000   -0.000000
   16    2 C   S          0.000237    0.000000   -0.000000   -0.000000    0.000000
   17    2 C   S          0.002384   -0.000000    0.000000    0.000000    0.000000
   18    2 C   Px        -0.000000   -0.103029    0.167798    0.120739    0.232214
   19    2 C   Py        -0.004083   -0.000000   -0.000000   -0.000000   -0.000000
   20    2 C   Pz        -0.228888   -0.000000   -0.000000   -0.000000   -0.000000
   21    2 C   Px        -0.000000   -0.060089    0.083299    0.078024    0.153253
   22    2 C   Py        -0.007644   -0.000000   -0.000000    0.000000   -0.000000
   23    2 C   Pz        -0.061979    0.000000    0.000000   -0.000000   -0.000000
   24    2 C   D-2        0.000000    0.013530   -0.002931    0.009659    0.000316
   25    2 C   D-1       -0.001901   -0.000000   -0.000000   -0.000000   -0.000000
   26    2 C   D0         0.016626   -0.000000   -0.000000    0.000000    0.000000
   27    2 C   D+1       -0.000000    0.003580    0.017498    0.011729   -0.010274
   28    2 C   D+2        0.009203    0.000000   -0.000000    0.000000    0.000000
   29    3 C   S          0.000535    0.000000   -0.000000   -0.000000    0.000000
   30    3 C   S          0.000236    0.000000   -0.000000   -0.000000    0.000000
   31    3 C   S          0.002392   -0.000000   -0.000000    0.000000   -0.000000
   32    3 C   Px         0.000000   -0.103029    0.167798   -0.120739   -0.232213
   33    3 C   Py         0.004083   -0.000000   -0.000000   -0.000000   -0.000000
   34    3 C   Pz        -0.228888   -0.000000   -0.000000   -0.000000   -0.000000
   35    3 C   Px         0.000000   -0.060089    0.083299   -0.078024   -0.153253
   36    3 C   Py         0.007625   -0.000000    0.000000   -0.000000    0.000000
   37    3 C   Pz        -0.062030    0.000000   -0.000000    0.000000    0.000000
   38    3 C   D-2       -0.000000   -0.013530    0.002931    0.009659    0.000316
   39    3 C   D-1        0.001901   -0.000000   -0.000000   -0.000000    0.000000
   40    3 C   D0         0.016627   -0.000000    0.000000    0.000000   -0.000000
   41    3 C   D+1       -0.000000    0.003580    0.017498   -0.011729    0.010274
   42    3 C   D+2        0.009203    0.000000   -0.000000   -0.000000    0.000000
   43    4 C   S          0.000527   -0.000000    0.000000    0.000000    0.000000
   44    4 C   S          0.000223   -0.000000    0.000000    0.000000    0.000000
   45    4 C   S          0.002591    0.000000   -0.000000   -0.000000   -0.000000
   46    4 C   Px         0.000000   -0.103027   -0.167800   -0.120739    0.232214
   47    4 C   Py        -0.004084    0.000000    0.000000   -0.000000   -0.000000
   48    4 C   Pz         0.228888    0.000000    0.000000    0.000000    0.000000
   49    4 C   Px         0.000000   -0.060089   -0.083300   -0.078024    0.153254
   50    4 C   Py        -0.007605    0.000000    0.000000   -0.000000    0.000000
   51    4 C   Pz         0.062105    0.000000    0.000000   -0.000000   -0.000000
   52    4 C   D-2        0.000000    0.013530    0.002932   -0.009659    0.000316
   53    4 C   D-1        0.001901   -0.000000   -0.000000   -0.000000   -0.000000
   54    4 C   D0         0.016630    0.000000    0.000000   -0.000000   -0.000000
   55    4 C   D+1       -0.000000   -0.003580    0.017498    0.011729    0.010274
   56    4 C   D+2        0.009199   -0.000000    0.000000    0.000000   -0.000000
   57    5 C   S          0.000528   -0.000000    0.000000    0.000000   -0.000000
   58    5 C   S          0.000225   -0.000000    0.000000    0.000000   -0.000000
   59    5 C   S          0.002565    0.000000   -0.000000   -0.000000    0.000000
   60    5 C   Px         0.000000   -0.103027   -0.167799    0.120739   -0.232214
   61    5 C   Py         0.004083    0.000000    0.000000   -0.000000   -0.000000
   62    5 C   Pz         0.228889   -0.000000    0.000000   -0.000000    0.000000
   63    5 C   Px         0.000000   -0.060089   -0.083300    0.078024   -0.153253
   64    5 C   Py         0.007622   -0.000000   -0.000000    0.000000   -0.000000
   65    5 C   Pz         0.062063    0.000000   -0.000000   -0.000000    0.000000
   66    5 C   D-2        0.000000   -0.013530   -0.002932   -0.009659    0.000316
   67    5 C   D-1       -0.001901    0.000000    0.000000   -0.000000    0.000000
   68    5 C   D0         0.016629    0.000000   -0.000000   -0.000000    0.000000
   69    5 C   D+1        0.000000   -0.003580    0.017498   -0.011729   -0.010274
   70    5 C   D+2        0.009199   -0.000000    0.000000    0.000000   -0.000000
   71    6 C   S         -0.001364   -0.000000   -0.000000    0.000000   -0.000000
   72    6 C   S         -0.036262    0.000000   -0.000000    0.000000   -0.000000
   73    6 C   S         -0.078408    0.000000    0.000000   -0.000000    0.000000
   74    6 C   Px         0.000000   -0.152079   -0.235030    0.000000    0.000000
   75    6 C   Py         0.000001   -0.000000   -0.000000   -0.000000   -0.000000
   76    6 C   Pz        -0.156987   -0.000000    0.000000    0.000000   -0.000000
   77    6 C   Px         0.000000   -0.098758   -0.159784    0.000000   -0.000000
   78    6 C   Py         0.000014   -0.000000    0.000000   -0.000000   -0.000000
   79    6 C   Pz        -0.030879   -0.000000    0.000000   -0.000000    0.000000
   80    6 C   D-2       -0.000000   -0.000000   -0.000000   -0.012116    0.021335
   81    6 C   D-1        0.000000   -0.000000   -0.000000    0.000000   -0.000000
   82    6 C   D0         0.022998   -0.000000    0.000000    0.000000    0.000000
   83    6 C   D+1       -0.000000   -0.007128   -0.007052    0.000000   -0.000000
   84    6 C   D+2        0.011325    0.000000   -0.000000    0.000000   -0.000000
   85    7 C   S         -0.001936   -0.000000    0.000000    0.000000    0.000000
   86    7 C   S         -0.028396   -0.000000    0.000000   -0.000000    0.000000
   87    7 C   S         -0.037776    0.000000   -0.000000   -0.000000    0.000000
   88    7 C   Px        -0.000000    0.104987    0.161322    0.242628    0.004279
   89    7 C   Py         0.045847    0.000000    0.000000    0.000000    0.000000
   90    7 C   Pz         0.124192   -0.000000    0.000000    0.000000    0.000000
   91    7 C   Px        -0.000000    0.064338    0.108229    0.165633    0.008556
   92    7 C   Py         0.018535    0.000000    0.000000   -0.000000   -0.000000
   93    7 C   Pz         0.011697   -0.000000   -0.000000    0.000000    0.000000
   94    7 C   D-2        0.000000    0.013991   -0.004898    0.000125   -0.019274
   95    7 C   D-1        0.000998    0.000000    0.000000    0.000000    0.000000
   96    7 C   D0         0.017590    0.000000    0.000000    0.000000   -0.000000
   97    7 C   D+1        0.000000   -0.004892   -0.004881   -0.005165   -0.000326
   98    7 C   D+2        0.008221   -0.000000    0.000000   -0.000000   -0.000000
   99    8 C   S          0.001015    0.000000   -0.000000   -0.000000    0.000000
  100    8 C   S          0.006357    0.000000   -0.000000    0.000000   -0.000000
  101    8 C   S          0.005070   -0.000000    0.000000    0.000000   -0.000000
  102    8 C   Px        -0.000000    0.225148    0.071049    0.130504   -0.200997
  103    8 C   Py        -0.002372   -0.000000   -0.000000   -0.000000   -0.000000
  104    8 C   Pz        -0.116901    0.000000   -0.000000   -0.000000   -0.000000
  105    8 C   Px        -0.000000    0.137759    0.037221    0.086680   -0.141361
  106    8 C   Py         0.010364    0.000000   -0.000000   -0.000000   -0.000000
  107    8 C   Pz        -0.033009    0.000000   -0.000000    0.000000    0.000000
  108    8 C   D-2        0.000000   -0.005005   -0.006225   -0.010105   -0.001269
  109    8 C   D-1       -0.003505    0.000000   -0.000000   -0.000000    0.000000
  110    8 C   D0         0.009379   -0.000000    0.000000    0.000000   -0.000000
  111    8 C   D+1       -0.000000   -0.008296    0.007415    0.012646    0.009311
  112    8 C   D+2        0.005444    0.000000   -0.000000   -0.000000   -0.000000
  113    9 C   S          0.001012   -0.000000    0.000000    0.000000   -0.000000
  114    9 C   S          0.006352   -0.000000    0.000000    0.000000    0.000000
  115    9 C   S          0.005176    0.000000    0.000000   -0.000000    0.000000
  116    9 C   Px         0.000000    0.225148   -0.071047   -0.130505   -0.200997
  117    9 C   Py        -0.002374    0.000000    0.000000    0.000000   -0.000000
  118    9 C   Pz         0.116900   -0.000000    0.000000    0.000000    0.000000
  119    9 C   Px         0.000000    0.137759   -0.037220   -0.086681   -0.141360
  120    9 C   Py         0.010308   -0.000000    0.000000    0.000000   -0.000000
  121    9 C   Pz         0.033030    0.000000    0.000000    0.000000    0.000000
  122    9 C   D-2       -0.000000   -0.005005    0.006225    0.010105   -0.001269
  123    9 C   D-1        0.003505   -0.000000   -0.000000   -0.000000    0.000000
  124    9 C   D0         0.009380    0.000000    0.000000   -0.000000    0.000000
  125    9 C   D+1       -0.000000    0.008296    0.007415    0.012646   -0.009311
  126    9 C   D+2        0.005442   -0.000000    0.000000    0.000000   -0.000000
  127   10 C   S         -0.001933    0.000000   -0.000000   -0.000000    0.000000
  128   10 C   S         -0.028391    0.000000   -0.000000   -0.000000    0.000000
  129   10 C   S         -0.037866   -0.000000    0.000000    0.000000   -0.000000
  130   10 C   Px         0.000000    0.104988   -0.161321   -0.242628    0.004280
  131   10 C   Py         0.045849   -0.000000   -0.000000   -0.000000   -0.000000
  132   10 C   Pz        -0.124193   -0.000000   -0.000000   -0.000000   -0.000000
  133   10 C   Px         0.000000    0.064339   -0.108229   -0.165633    0.008556
  134   10 C   Py         0.018521   -0.000000   -0.000000    0.000000    0.000000
  135   10 C   Pz        -0.011775   -0.000000   -0.000000    0.000000   -0.000000
  136   10 C   D-2        0.000000    0.013991    0.004898   -0.000125   -0.019273
  137   10 C   D-1       -0.000997    0.000000   -0.000000    0.000000    0.000000
  138   10 C   D0         0.017588   -0.000000    0.000000    0.000000    0.000000
  139   10 C   D+1        0.000000    0.004892   -0.004881   -0.005165    0.000326
  140   10 C   D+2        0.008223    0.000000    0.000000   -0.000000    0.000000
  141   11 C   S         -0.001936    0.000000   -0.000000    0.000000   -0.000000
  142   11 C   S         -0.028396    0.000000   -0.000000    0.000000   -0.000000
  143   11 C   S         -0.037776   -0.000000    0.000000   -0.000000    0.000000
  144   11 C   Px         0.000000    0.104987    0.161322   -0.242628   -0.004279
  145   11 C   Py        -0.045848    0.000000    0.000000    0.000000    0.000000
  146   11 C   Pz         0.124192   -0.000000    0.000000    0.000000    0.000000
  147   11 C   Px         0.000000    0.064338    0.108229   -0.165633   -0.008556
  148   11 C   Py        -0.018526    0.000000   -0.000000   -0.000000    0.000000
  149   11 C   Pz         0.011707   -0.000000   -0.000000    0.000000   -0.000000
  150   11 C   D-2       -0.000000   -0.013991    0.004898    0.000125   -0.019274
  151   11 C   D-1       -0.000998   -0.000000   -0.000000    0.000000   -0.000000
  152   11 C   D0         0.017589    0.000000    0.000000   -0.000000    0.000000
  153   11 C   D+1       -0.000000   -0.004892   -0.004881    0.005165    0.000326
  154   11 C   D+2        0.008220    0.000000   -0.000000    0.000000    0.000000
  155   12 C   S          0.001015   -0.000000    0.000000   -0.000000    0.000000
  156   12 C   S          0.006357   -0.000000    0.000000   -0.000000    0.000000
  157   12 C   S          0.005078    0.000000   -0.000000    0.000000   -0.000000
  158   12 C   Px        -0.000000    0.225148    0.071048   -0.130504    0.200997
  159   12 C   Py         0.002373   -0.000000    0.000000   -0.000000   -0.000000
  160   12 C   Pz        -0.116901    0.000000   -0.000000   -0.000000   -0.000000
  161   12 C   Px        -0.000000    0.137759    0.037221   -0.086680    0.141361
  162   12 C   Py        -0.010360    0.000000   -0.000000    0.000000   -0.000000
  163   12 C   Pz        -0.033006    0.000000    0.000000   -0.000000    0.000000
  164   12 C   D-2        0.000000    0.005005    0.006225   -0.010105   -0.001269
  165   12 C   D-1        0.003505    0.000000   -0.000000   -0.000000    0.000000
  166   12 C   D0         0.009379    0.000000   -0.000000    0.000000   -0.000000
  167   12 C   D+1        0.000000   -0.008296    0.007415   -0.012646   -0.009311
  168   12 C   D+2        0.005444   -0.000000    0.000000   -0.000000   -0.000000
  169   13 C   S          0.001012    0.000000   -0.000000    0.000000   -0.000000
  170   13 C   S          0.006352    0.000000   -0.000000    0.000000   -0.000000
  171   13 C   S          0.005166    0.000000    0.000000   -0.000000    0.000000
  172   13 C   Px         0.000000    0.225148   -0.071047    0.130505    0.200997
  173   13 C   Py         0.002373    0.000000    0.000000    0.000000   -0.000000
  174   13 C   Pz         0.116901   -0.000000    0.000000    0.000000    0.000000
  175   13 C   Px        -0.000000    0.137759   -0.037220    0.086681    0.141360
  176   13 C   Py        -0.010314   -0.000000    0.000000   -0.000000    0.000000
  177   13 C   Pz         0.033033    0.000000    0.000000   -0.000000    0.000000
  178   13 C   D-2        0.000000    0.005005   -0.006225    0.010105   -0.001269
  179   13 C   D-1       -0.003505    0.000000   -0.000000    0.000000   -0.000000
  180   13 C   D0         0.009380    0.000000    0.000000   -0.000000    0.000000
  181   13 C   D+1       -0.000000    0.008296    0.007415   -0.012646    0.009311
  182   13 C   D+2        0.005442    0.000000   -0.000000    0.000000   -0.000000
  183   14 C   S         -0.001933   -0.000000    0.000000   -0.000000    0.000000
  184   14 C   S         -0.028391   -0.000000    0.000000   -0.000000    0.000000
  185   14 C   S         -0.037858    0.000000   -0.000000    0.000000   -0.000000
  186   14 C   Px         0.000000    0.104988   -0.161321    0.242628   -0.004280
  187   14 C   Py        -0.045848   -0.000000   -0.000000    0.000000   -0.000000
  188   14 C   Pz        -0.124193    0.000000   -0.000000   -0.000000   -0.000000
  189   14 C   Px         0.000000    0.064339   -0.108228    0.165633   -0.008556
  190   14 C   Py        -0.018528   -0.000000    0.000000    0.000000   -0.000000
  191   14 C   Pz        -0.011762   -0.000000   -0.000000    0.000000   -0.000000
  192   14 C   D-2        0.000000   -0.013991   -0.004898   -0.000125   -0.019273
  193   14 C   D-1        0.000997   -0.000000    0.000000   -0.000000   -0.000000
  194   14 C   D0         0.017588   -0.000000    0.000000    0.000000   -0.000000
  195   14 C   D+1        0.000000    0.004892   -0.004881    0.005165   -0.000326
  196   14 C   D+2        0.008223   -0.000000    0.000000   -0.000000    0.000000
  197   15 H   S          0.162211    0.000000   -0.000000    0.000000   -0.000000
  198   15 H   S          0.127295    0.000000   -0.000000    0.000000   -0.000000
  199   15 H   Px        -0.000000   -0.004910    0.008708    0.000000    0.000000
  200   15 H   Py         0.000000   -0.000000    0.000000   -0.000000   -0.000000
  201   15 H   Pz        -0.001991    0.000000   -0.000000   -0.000000    0.000000
  202   16 H   S          0.162211    0.000000   -0.000000   -0.000000    0.000000
  203   16 H   S          0.127286   -0.000000    0.000000   -0.000000    0.000000
  204   16 H   Px         0.000000   -0.004910   -0.008708   -0.000000    0.000000
  205   16 H   Py        -0.000000    0.000000   -0.000000   -0.000000    0.000000
  206   16 H   Pz         0.001993    0.000000   -0.000000   -0.000000   -0.000000
  207   17 H   S          0.126258    0.000000    0.000000    0.000000   -0.000000
  208   17 H   S          0.100192    0.000000    0.000000   -0.000000   -0.000000
  209   17 H   Px        -0.000000    0.003447    0.006023    0.009191    0.000033
  210   17 H   Py         0.000077   -0.000000    0.000000    0.000000    0.000000
  211   17 H   Pz        -0.001520    0.000000    0.000000   -0.000000   -0.000000
  212   18 H   S          0.126257   -0.000000    0.000000    0.000000    0.000000
  213   18 H   S          0.100167   -0.000000   -0.000000    0.000000   -0.000000
  214   18 H   Px         0.000000    0.003447   -0.006023   -0.009191    0.000034
  215   18 H   Py         0.000076   -0.000000    0.000000   -0.000000   -0.000000
  216   18 H   Pz         0.001522    0.000000    0.000000   -0.000000    0.000000
  217   19 H   S          0.126258   -0.000000    0.000000   -0.000000    0.000000
  218   19 H   S          0.100187    0.000000    0.000000   -0.000000    0.000000
  219   19 H   Px         0.000000    0.003447    0.006023   -0.009191   -0.000033
  220   19 H   Py        -0.000077   -0.000000   -0.000000    0.000000   -0.000000
  221   19 H   Pz        -0.001520    0.000000    0.000000   -0.000000    0.000000
  222   20 H   S          0.126258   -0.000000    0.000000    0.000000   -0.000000
  223   20 H   S          0.100172   -0.000000   -0.000000    0.000000   -0.000000
  224   20 H   Px         0.000000    0.003447   -0.006023    0.009191   -0.000034
  225   20 H   Py        -0.000076   -0.000000   -0.000000   -0.000000    0.000000
  226   20 H   Pz         0.001521   -0.000000    0.000000   -0.000000    0.000000
  227   21 H   S         -0.061915   -0.000000   -0.000000   -0.000000   -0.000000
  228   21 H   S         -0.043956   -0.000000   -0.000000    0.000000   -0.000000
  229   21 H   Px        -0.000000    0.008113    0.002741    0.004970   -0.007758
  230   21 H   Py         0.002939   -0.000000    0.000000   -0.000000   -0.000000
  231   21 H   Pz        -0.002288   -0.000000    0.000000    0.000000   -0.000000
  232   22 H   S         -0.061916    0.000000   -0.000000    0.000000   -0.000000
  233   22 H   S         -0.043956   -0.000000   -0.000000    0.000000   -0.000000
  234   22 H   Px        -0.000000    0.008113    0.002741   -0.004970    0.007758
  235   22 H   Py        -0.002939   -0.000000    0.000000   -0.000000    0.000000
  236   22 H   Pz        -0.002288   -0.000000   -0.000000    0.000000   -0.000000
  237   23 H   S         -0.061916    0.000000    0.000000   -0.000000    0.000000
  238   23 H   S         -0.043942    0.000000   -0.000000   -0.000000    0.000000
  239   23 H   Px         0.000000    0.008113   -0.002741   -0.004970   -0.007758
  240   23 H   Py         0.002940    0.000000   -0.000000   -0.000000   -0.000000
  241   23 H   Pz         0.002287   -0.000000    0.000000    0.000000   -0.000000
  242   24 H   S         -0.061916    0.000000   -0.000000   -0.000000   -0.000000
  243   24 H   S         -0.043943    0.000000    0.000000   -0.000000    0.000000
  244   24 H   Px        -0.000000    0.008113   -0.002741    0.004970    0.007758
  245   24 H   Py        -0.002940    0.000000   -0.000000    0.000000   -0.000000
  246   24 H   Pz         0.002287   -0.000000   -0.000000    0.000000   -0.000000
 
                             47          48          49          50          51
    Orbital Energy        -0.19782    -0.06863    -0.01854    -0.00062     0.03267
    1    1 C   S          0.000000   -0.000000    0.000000   -0.000000    0.000000
    2    1 C   S          0.000000   -0.000000    0.000000   -0.000000    0.000000
    3    1 C   S         -0.000000    0.000000   -0.000000    0.000000   -0.000000
    4    1 C   Px         0.264339   -0.264058   -0.000000   -0.000000    0.251705
    5    1 C   Py        -0.000000   -0.000000    0.000000    0.000000   -0.000000
    6    1 C   Pz        -0.000000   -0.000000   -0.000000   -0.000000    0.000000
    7    1 C   Px         0.200370   -0.268096    0.000000   -0.000000    0.430265
    8    1 C   Py         0.000000    0.000000   -0.000000    0.000000   -0.000000
    9    1 C   Pz         0.000000   -0.000000    0.000000   -0.000000    0.000000
   10    1 C   D-2        0.000000   -0.000000   -0.029590    0.012213    0.000000
   11    1 C   D-1       -0.000000    0.000000   -0.000000    0.000000    0.000000
   12    1 C   D0        -0.000000   -0.000000    0.000000   -0.000000    0.000000
   13    1 C   D+1       -0.003150   -0.000088   -0.000000   -0.000000    0.021196
   14    1 C   D+2        0.000000   -0.000000    0.000000   -0.000000    0.000000
   15    2 C   S         -0.000000   -0.000000   -0.000000   -0.000000   -0.000000
   16    2 C   S         -0.000000   -0.000000   -0.000000   -0.000000   -0.000000
   17    2 C   S          0.000000    0.000000    0.000000   -0.000000    0.000000
   18    2 C   Px         0.064866    0.068719   -0.249692    0.151011   -0.190856
   19    2 C   Py         0.000000   -0.000000    0.000000   -0.000000    0.000000
   20    2 C   Pz         0.000000    0.000000   -0.000000   -0.000000    0.000000
   21    2 C   Px         0.050273    0.059297   -0.289633    0.168765   -0.299394
   22    2 C   Py        -0.000000   -0.000000   -0.000000    0.000000    0.000000
   23    2 C   Pz        -0.000000   -0.000000    0.000000   -0.000000    0.000000
   24    2 C   D-2       -0.020002    0.026336    0.000171   -0.012557   -0.003579
   25    2 C   D-1       -0.000000    0.000000   -0.000000   -0.000000    0.000000
   26    2 C   D0         0.000000    0.000000   -0.000000    0.000000   -0.000000
   27    2 C   D+1        0.005637   -0.005651   -0.016555   -0.017779    0.029615
   28    2 C   D+2       -0.000000    0.000000   -0.000000   -0.000000   -0.000000
   29    3 C   S         -0.000000    0.000000   -0.000000    0.000000    0.000000
   30    3 C   S         -0.000000   -0.000000   -0.000000    0.000000    0.000000
   31    3 C   S          0.000000   -0.000000    0.000000   -0.000000   -0.000000
   32    3 C   Px         0.064866    0.068719    0.249692   -0.151010   -0.190856
   33    3 C   Py        -0.000000    0.000000   -0.000000    0.000000   -0.000000
   34    3 C   Pz         0.000000   -0.000000   -0.000000   -0.000000    0.000000
   35    3 C   Px         0.050273    0.059297    0.289632   -0.168765   -0.299393
   36    3 C   Py         0.000000   -0.000000    0.000000    0.000000    0.000000
   37    3 C   Pz        -0.000000    0.000000   -0.000000    0.000000    0.000000
   38    3 C   D-2        0.020002   -0.026336    0.000171   -0.012557    0.003579
   39    3 C   D-1        0.000000   -0.000000    0.000000   -0.000000    0.000000
   40    3 C   D0         0.000000   -0.000000    0.000000   -0.000000    0.000000
   41    3 C   D+1        0.005637   -0.005651    0.016555    0.017779    0.029615
   42    3 C   D+2       -0.000000    0.000000    0.000000    0.000000    0.000000
   43    4 C   S          0.000000   -0.000000    0.000000    0.000000    0.000000
   44    4 C   S          0.000000   -0.000000    0.000000    0.000000    0.000000
   45    4 C   S         -0.000000    0.000000   -0.000000   -0.000000   -0.000000
   46    4 C   Px        -0.064866    0.068718    0.249692    0.151010   -0.190856
   47    4 C   Py        -0.000000    0.000000    0.000000   -0.000000   -0.000000
   48    4 C   Pz         0.000000    0.000000    0.000000   -0.000000    0.000000
   49    4 C   Px        -0.050272    0.059298    0.289633    0.168766   -0.299398
   50    4 C   Py         0.000000    0.000000    0.000000    0.000000   -0.000000
   51    4 C   Pz        -0.000000   -0.000000    0.000000   -0.000000    0.000000
   52    4 C   D-2        0.020002    0.026336   -0.000170   -0.012557   -0.003579
   53    4 C   D-1        0.000000   -0.000000    0.000000   -0.000000    0.000000
   54    4 C   D0        -0.000000   -0.000000    0.000000    0.000000    0.000000
   55    4 C   D+1        0.005637    0.005651   -0.016555    0.017779   -0.029615
   56    4 C   D+2        0.000000   -0.000000    0.000000    0.000000    0.000000
   57    5 C   S          0.000000   -0.000000    0.000000    0.000000    0.000000
   58    5 C   S          0.000000   -0.000000    0.000000    0.000000    0.000000
   59    5 C   S         -0.000000   -0.000000   -0.000000   -0.000000   -0.000000
   60    5 C   Px        -0.064866    0.068718   -0.249692   -0.151010   -0.190856
   61    5 C   Py         0.000000   -0.000000    0.000000    0.000000    0.000000
   62    5 C   Pz         0.000000   -0.000000   -0.000000   -0.000000    0.000000
   63    5 C   Px        -0.050273    0.059298   -0.289633   -0.168766   -0.299399
   64    5 C   Py        -0.000000    0.000000   -0.000000   -0.000000   -0.000000
   65    5 C   Pz        -0.000000    0.000000   -0.000000    0.000000    0.000000
   66    5 C   D-2       -0.020002   -0.026336   -0.000170   -0.012557    0.003579
   67    5 C   D-1        0.000000    0.000000    0.000000    0.000000   -0.000000
   68    5 C   D0        -0.000000    0.000000   -0.000000    0.000000   -0.000000
   69    5 C   D+1        0.005637    0.005651    0.016555   -0.017779   -0.029615
   70    5 C   D+2        0.000000   -0.000000   -0.000000    0.000000    0.000000
   71    6 C   S         -0.000000    0.000000   -0.000000   -0.000000   -0.000000
   72    6 C   S         -0.000000    0.000000   -0.000000   -0.000000   -0.000000
   73    6 C   S          0.000000   -0.000000    0.000000    0.000000    0.000000
   74    6 C   Px        -0.264339   -0.264058    0.000000   -0.000000    0.251705
   75    6 C   Py        -0.000000   -0.000000   -0.000000   -0.000000    0.000000
   76    6 C   Pz        -0.000000    0.000000   -0.000000    0.000000    0.000000
   77    6 C   Px        -0.200371   -0.268098    0.000000   -0.000000    0.430270
   78    6 C   Py        -0.000000   -0.000000    0.000000   -0.000000   -0.000000
   79    6 C   Pz         0.000000   -0.000000    0.000000    0.000000   -0.000000
   80    6 C   D-2        0.000000   -0.000000    0.029590    0.012213   -0.000000
   81    6 C   D-1       -0.000000    0.000000   -0.000000    0.000000   -0.000000
   82    6 C   D0         0.000000    0.000000    0.000000   -0.000000   -0.000000
   83    6 C   D+1       -0.003150    0.000088   -0.000000    0.000000   -0.021196
   84    6 C   D+2       -0.000000    0.000000   -0.000000   -0.000000   -0.000000
   85    7 C   S         -0.000000   -0.000000   -0.000000    0.000000    0.000000
   86    7 C   S         -0.000000   -0.000000   -0.000000   -0.000000    0.000000
   87    7 C   S          0.000000   -0.000000    0.000000   -0.000000   -0.000000
   88    7 C   Px        -0.192639    0.196600    0.004345   -0.262206    0.164927
   89    7 C   Py        -0.000000    0.000000    0.000000   -0.000000   -0.000000
   90    7 C   Pz         0.000000    0.000000    0.000000   -0.000000    0.000000
   91    7 C   Px        -0.141894    0.212358   -0.007578   -0.343086    0.290998
   92    7 C   Py        -0.000000   -0.000000    0.000000   -0.000000    0.000000
   93    7 C   Pz        -0.000000    0.000000   -0.000000    0.000000    0.000000
   94    7 C   D-2       -0.010447   -0.010455    0.026788   -0.000796    0.003830
   95    7 C   D-1        0.000000   -0.000000   -0.000000   -0.000000   -0.000000
   96    7 C   D0         0.000000   -0.000000    0.000000   -0.000000   -0.000000
   97    7 C   D+1        0.002329   -0.000122    0.000277   -0.010421    0.013968
   98    7 C   D+2       -0.000000   -0.000000    0.000000    0.000000    0.000000
   99    8 C   S          0.000000   -0.000000   -0.000000   -0.000000    0.000000
  100    8 C   S         -0.000000   -0.000000   -0.000000   -0.000000    0.000000
  101    8 C   S         -0.000000    0.000000    0.000000    0.000000    0.000000
  102    8 C   Px        -0.147464   -0.157038    0.217802    0.132469   -0.060236
  103    8 C   Py         0.000000   -0.000000    0.000000   -0.000000    0.000000
  104    8 C   Pz        -0.000000    0.000000   -0.000000   -0.000000   -0.000000
  105    8 C   Px        -0.123777   -0.161893    0.283517    0.182346   -0.122479
  106    8 C   Py         0.000000   -0.000000    0.000000   -0.000000    0.000000
  107    8 C   Pz         0.000000    0.000000   -0.000000    0.000000   -0.000000
  108    8 C   D-2        0.008680   -0.013468    0.000124    0.015614   -0.006417
  109    8 C   D-1       -0.000000    0.000000    0.000000   -0.000000   -0.000000
  110    8 C   D0         0.000000   -0.000000    0.000000   -0.000000    0.000000
  111    8 C   D+1       -0.012763    0.013821    0.013784   -0.017851    0.011516
  112    8 C   D+2        0.000000   -0.000000    0.000000    0.000000   -0.000000
  113    9 C   S         -0.000000   -0.000000    0.000000   -0.000000    0.000000
  114    9 C   S         -0.000000   -0.000000    0.000000    0.000000    0.000000
  115    9 C   S          0.000000    0.000000   -0.000000    0.000000   -0.000000
  116    9 C   Px         0.147465   -0.157037   -0.217802    0.132468   -0.060235
  117    9 C   Py        -0.000000   -0.000000    0.000000   -0.000000    0.000000
  118    9 C   Pz         0.000000   -0.000000   -0.000000   -0.000000   -0.000000
  119    9 C   Px         0.123778   -0.161892   -0.283518    0.182346   -0.122479
  120    9 C   Py        -0.000000    0.000000   -0.000000   -0.000000    0.000000
  121    9 C   Pz         0.000000    0.000000   -0.000000    0.000000   -0.000000
  122    9 C   D-2       -0.008680   -0.013468   -0.000124    0.015614   -0.006417
  123    9 C   D-1       -0.000000   -0.000000   -0.000000    0.000000    0.000000
  124    9 C   D0        -0.000000    0.000000   -0.000000    0.000000    0.000000
  125    9 C   D+1       -0.012763   -0.013821    0.013784    0.017851   -0.011516
  126    9 C   D+2       -0.000000   -0.000000    0.000000    0.000000    0.000000
  127   10 C   S          0.000000    0.000000   -0.000000    0.000000   -0.000000
  128   10 C   S          0.000000    0.000000   -0.000000    0.000000   -0.000000
  129   10 C   S         -0.000000   -0.000000    0.000000   -0.000000    0.000000
  130   10 C   Px         0.192639    0.196600   -0.004344   -0.262206    0.164927
  131   10 C   Py         0.000000   -0.000000   -0.000000   -0.000000    0.000000
  132   10 C   Pz        -0.000000    0.000000   -0.000000    0.000000    0.000000
  133   10 C   Px         0.141894    0.212358    0.007578   -0.343086    0.290999
  134   10 C   Py         0.000000    0.000000   -0.000000    0.000000   -0.000000
  135   10 C   Pz        -0.000000   -0.000000    0.000000   -0.000000    0.000000
  136   10 C   D-2        0.010447   -0.010454   -0.026788   -0.000796    0.003830
  137   10 C   D-1       -0.000000    0.000000    0.000000    0.000000   -0.000000
  138   10 C   D0        -0.000000    0.000000   -0.000000    0.000000   -0.000000
  139   10 C   D+1        0.002329    0.000122    0.000277    0.010421   -0.013968
  140   10 C   D+2       -0.000000    0.000000   -0.000000    0.000000   -0.000000
  141   11 C   S          0.000000    0.000000   -0.000000   -0.000000   -0.000000
  142   11 C   S          0.000000   -0.000000   -0.000000   -0.000000    0.000000
  143   11 C   S          0.000000   -0.000000    0.000000    0.000000    0.000000
  144   11 C   Px        -0.192639    0.196600   -0.004344    0.262206    0.164927
  145   11 C   Py         0.000000   -0.000000   -0.000000    0.000000   -0.000000
  146   11 C   Pz         0.000000    0.000000   -0.000000   -0.000000    0.000000
  147   11 C   Px        -0.141894    0.212358    0.007578    0.343086    0.290997
  148   11 C   Py         0.000000   -0.000000    0.000000   -0.000000   -0.000000
  149   11 C   Pz        -0.000000    0.000000   -0.000000   -0.000000   -0.000000
  150   11 C   D-2        0.010447    0.010455    0.026788   -0.000796   -0.003830
  151   11 C   D-1       -0.000000    0.000000   -0.000000    0.000000   -0.000000
  152   11 C   D0         0.000000    0.000000    0.000000    0.000000   -0.000000
  153   11 C   D+1        0.002329   -0.000122   -0.000277    0.010421    0.013968
  154   11 C   D+2        0.000000   -0.000000   -0.000000   -0.000000   -0.000000
  155   12 C   S         -0.000000   -0.000000    0.000000    0.000000   -0.000000
  156   12 C   S         -0.000000   -0.000000    0.000000    0.000000   -0.000000
  157   12 C   S         -0.000000    0.000000   -0.000000   -0.000000    0.000000
  158   12 C   Px        -0.147464   -0.157038   -0.217802   -0.132469   -0.060236
  159   12 C   Py        -0.000000    0.000000    0.000000    0.000000   -0.000000
  160   12 C   Pz        -0.000000   -0.000000   -0.000000   -0.000000    0.000000
  161   12 C   Px        -0.123777   -0.161893   -0.283517   -0.182346   -0.122479
  162   12 C   Py         0.000000   -0.000000   -0.000000   -0.000000   -0.000000
  163   12 C   Pz         0.000000   -0.000000    0.000000   -0.000000   -0.000000
  164   12 C   D-2       -0.008680    0.013468    0.000124    0.015614    0.006417
  165   12 C   D-1       -0.000000   -0.000000   -0.000000   -0.000000   -0.000000
  166   12 C   D0        -0.000000    0.000000   -0.000000    0.000000    0.000000
  167   12 C   D+1       -0.012763    0.013821   -0.013784    0.017851    0.011516
  168   12 C   D+2       -0.000000    0.000000    0.000000    0.000000    0.000000
  169   13 C   S          0.000000    0.000000   -0.000000   -0.000000    0.000000
  170   13 C   S          0.000000    0.000000   -0.000000    0.000000    0.000000
  171   13 C   S          0.000000   -0.000000    0.000000    0.000000    0.000000
  172   13 C   Px         0.147465   -0.157037    0.217802   -0.132468   -0.060236
  173   13 C   Py         0.000000    0.000000    0.000000    0.000000   -0.000000
  174   13 C   Pz         0.000000   -0.000000   -0.000000   -0.000000   -0.000000
  175   13 C   Px         0.123778   -0.161892    0.283517   -0.182346   -0.122479
  176   13 C   Py        -0.000000    0.000000    0.000000    0.000000    0.000000
  177   13 C   Pz         0.000000   -0.000000    0.000000   -0.000000   -0.000000
  178   13 C   D-2        0.008680    0.013468   -0.000124    0.015614    0.006417
  179   13 C   D-1        0.000000    0.000000   -0.000000   -0.000000   -0.000000
  180   13 C   D0        -0.000000   -0.000000    0.000000   -0.000000   -0.000000
  181   13 C   D+1       -0.012763   -0.013821   -0.013784   -0.017851   -0.011516
  182   13 C   D+2       -0.000000    0.000000   -0.000000    0.000000   -0.000000
  183   14 C   S          0.000000   -0.000000    0.000000    0.000000   -0.000000
  184   14 C   S          0.000000   -0.000000    0.000000    0.000000   -0.000000
  185   14 C   S         -0.000000    0.000000   -0.000000   -0.000000   -0.000000
  186   14 C   Px         0.192639    0.196601    0.004344    0.262206    0.164927
  187   14 C   Py        -0.000000   -0.000000   -0.000000   -0.000000   -0.000000
  188   14 C   Pz        -0.000000    0.000000   -0.000000    0.000000    0.000000
  189   14 C   Px         0.141894    0.212357   -0.007578    0.343086    0.290999
  190   14 C   Py        -0.000000    0.000000   -0.000000    0.000000    0.000000
  191   14 C   Pz        -0.000000    0.000000   -0.000000   -0.000000   -0.000000
  192   14 C   D-2       -0.010447    0.010454   -0.026788   -0.000796   -0.003829
  193   14 C   D-1       -0.000000    0.000000    0.000000    0.000000    0.000000
  194   14 C   D0        -0.000000   -0.000000    0.000000   -0.000000   -0.000000
  195   14 C   D+1        0.002329    0.000122   -0.000277   -0.010421   -0.013968
  196   14 C   D+2        0.000000   -0.000000    0.000000    0.000000   -0.000000
  197   15 H   S         -0.000000    0.000000   -0.000000   -0.000000    0.000000
  198   15 H   S         -0.000000    0.000000   -0.000000    0.000000   -0.000000
  199   15 H   Px         0.010079   -0.011226   -0.000000    0.000000    0.016100
  200   15 H   Py        -0.000000   -0.000000   -0.000000   -0.000000   -0.000000
  201   15 H   Pz        -0.000000   -0.000000   -0.000000    0.000000   -0.000000
  202   16 H   S          0.000000    0.000000    0.000000   -0.000000    0.000000
  203   16 H   S          0.000000   -0.000000    0.000000    0.000000    0.000000
  204   16 H   Px        -0.010079   -0.011226    0.000000   -0.000000    0.016099
  205   16 H   Py         0.000000    0.000000   -0.000000    0.000000    0.000000
  206   16 H   Pz        -0.000000    0.000000   -0.000000    0.000000    0.000000
  207   17 H   S         -0.000000    0.000000   -0.000000   -0.000000    0.000000
  208   17 H   S          0.000000   -0.000000   -0.000000   -0.000000   -0.000000
  209   17 H   Px        -0.007431    0.008266    0.000367   -0.013976    0.010474
  210   17 H   Py         0.000000    0.000000   -0.000000    0.000000   -0.000000
  211   17 H   Pz         0.000000    0.000000    0.000000   -0.000000   -0.000000
  212   18 H   S          0.000000    0.000000    0.000000   -0.000000   -0.000000
  213   18 H   S         -0.000000    0.000000    0.000000   -0.000000    0.000000
  214   18 H   Px         0.007431    0.008266   -0.000367   -0.013976    0.010474
  215   18 H   Py         0.000000   -0.000000    0.000000   -0.000000    0.000000
  216   18 H   Pz         0.000000   -0.000000   -0.000000   -0.000000    0.000000
  217   19 H   S          0.000000   -0.000000   -0.000000   -0.000000   -0.000000
  218   19 H   S          0.000000   -0.000000    0.000000   -0.000000   -0.000000
  219   19 H   Px        -0.007431    0.008266   -0.000367    0.013976    0.010474
  220   19 H   Py        -0.000000    0.000000   -0.000000    0.000000    0.000000
  221   19 H   Pz         0.000000    0.000000    0.000000    0.000000    0.000000
  222   20 H   S          0.000000    0.000000    0.000000   -0.000000   -0.000000
  223   20 H   S         -0.000000    0.000000   -0.000000   -0.000000    0.000000
  224   20 H   Px         0.007431    0.008266    0.000367    0.013975    0.010474
  225   20 H   Py         0.000000    0.000000    0.000000   -0.000000   -0.000000
  226   20 H   Pz         0.000000    0.000000    0.000000    0.000000    0.000000
  227   21 H   S          0.000000    0.000000    0.000000   -0.000000    0.000000
  228   21 H   S         -0.000000    0.000000    0.000000   -0.000000    0.000000
  229   21 H   Px        -0.005786   -0.007623    0.010849    0.006964   -0.002829
  230   21 H   Py        -0.000000   -0.000000   -0.000000   -0.000000   -0.000000
  231   21 H   Pz        -0.000000   -0.000000    0.000000   -0.000000    0.000000
  232   22 H   S         -0.000000    0.000000   -0.000000   -0.000000   -0.000000
  233   22 H   S          0.000000    0.000000   -0.000000   -0.000000   -0.000000
  234   22 H   Px        -0.005786   -0.007623   -0.010849   -0.006964   -0.002829
  235   22 H   Py        -0.000000    0.000000    0.000000    0.000000    0.000000
  236   22 H   Pz        -0.000000    0.000000   -0.000000    0.000000    0.000000
  237   23 H   S         -0.000000    0.000000   -0.000000    0.000000   -0.000000
  238   23 H   S          0.000000    0.000000   -0.000000    0.000000   -0.000000
  239   23 H   Px         0.005786   -0.007623   -0.010849    0.006964   -0.002829
  240   23 H   Py         0.000000   -0.000000    0.000000   -0.000000   -0.000000
  241   23 H   Pz        -0.000000   -0.000000    0.000000    0.000000    0.000000
  242   24 H   S          0.000000    0.000000   -0.000000   -0.000000   -0.000000
  243   24 H   S          0.000000   -0.000000    0.000000    0.000000   -0.000000
  244   24 H   Px         0.005786   -0.007623    0.010849   -0.006964   -0.002829
  245   24 H   Py         0.000000   -0.000000   -0.000000    0.000000   -0.000000
  246   24 H   Pz        -0.000000    0.000000   -0.000000    0.000000    0.000000
 
                             52          53          54          55          56
    Orbital Energy         0.05891     0.06513     0.06774     0.07219     0.10036
    1    1 C   S         -0.000000   -0.009623   -0.000002   -0.001418    0.000007
    2    1 C   S         -0.000000    0.000062   -0.000003   -0.068844   -0.000128
    3    1 C   S          0.000000    0.372887    0.000065   -0.169783   -0.000678
    4    1 C   Px         0.192705    0.000000    0.000000   -0.000000    0.000000
    5    1 C   Py         0.000000   -0.000000   -0.048392    0.000004    0.008172
    6    1 C   Pz        -0.000000    0.101666   -0.000002   -0.154268   -0.000185
    7    1 C   Px         0.233967    0.000000    0.000000    0.000000   -0.000000
    8    1 C   Py         0.000000   -0.000033    0.045168    0.000106   -0.520692
    9    1 C   Pz        -0.000000    0.250427   -0.000043   -0.911635   -0.000814
   10    1 C   D-2        0.000000    0.000000   -0.000000   -0.000000    0.000000
   11    1 C   D-1       -0.000000    0.000001   -0.009592   -0.000002    0.003752
   12    1 C   D0         0.000000   -0.001296    0.000001    0.010793   -0.000003
   13    1 C   D+1        0.005249    0.000000    0.000000    0.000000    0.000000
   14    1 C   D+2       -0.000000   -0.008469   -0.000001   -0.000155   -0.000009
   15    2 C   S         -0.000000    0.001443    0.001588    0.019487    0.008525
   16    2 C   S         -0.000000    0.032447    0.022069    0.061587    0.031152
   17    2 C   S          0.000000    0.019117    0.001838   -0.702075   -0.240960
   18    2 C   Px        -0.120182   -0.000000   -0.000000    0.000000    0.000000
   19    2 C   Py        -0.000000    0.013098   -0.001379   -0.006917    0.021660
   20    2 C   Pz        -0.000000   -0.020480    0.000050   -0.059638   -0.034196
   21    2 C   Px        -0.151236   -0.000000   -0.000000   -0.000000    0.000000
   22    2 C   Py         0.000000    0.037578    0.077506    0.330726   -0.407396
   23    2 C   Pz        -0.000000   -0.113619   -0.063659    0.467202    0.608090
   24    2 C   D-2       -0.017550   -0.000000    0.000000    0.000000   -0.000000
   25    2 C   D-1        0.000000    0.002426    0.013445    0.002225   -0.005167
   26    2 C   D0         0.000000    0.008828    0.002213   -0.020593   -0.016607
   27    2 C   D+1       -0.006763   -0.000000   -0.000000   -0.000000   -0.000000
   28    2 C   D+2        0.000000    0.008806    0.003402    0.003809   -0.000941
   29    3 C   S          0.000000    0.001444   -0.001586    0.019495   -0.008521
   30    3 C   S          0.000000    0.032448   -0.022066    0.061599   -0.031144
   31    3 C   S         -0.000000    0.019101   -0.001903   -0.702313    0.240736
   32    3 C   Px        -0.120182   -0.000000   -0.000000    0.000000    0.000000
   33    3 C   Py         0.000000   -0.013097   -0.001378    0.006912    0.021715
   34    3 C   Pz        -0.000000   -0.020479   -0.000051   -0.059642    0.034281
   35    3 C   Px        -0.151236   -0.000000   -0.000000   -0.000000    0.000000
   36    3 C   Py         0.000000   -0.037634    0.077403   -0.330312   -0.407634
   37    3 C   Pz         0.000000   -0.113654    0.063679    0.467348   -0.608118
   38    3 C   D-2        0.017550    0.000000   -0.000000   -0.000000    0.000000
   39    3 C   D-1        0.000000   -0.002426    0.013444   -0.002223   -0.005215
   40    3 C   D0        -0.000000    0.008828   -0.002214   -0.020597    0.016609
   41    3 C   D+1       -0.006763   -0.000000    0.000000    0.000000   -0.000000
   42    3 C   D+2        0.000000    0.008806   -0.003401    0.003812    0.000948
   43    4 C   S          0.000000    0.001438    0.001582   -0.019485   -0.008485
   44    4 C   S          0.000000    0.032432    0.022058   -0.061590   -0.031093
   45    4 C   S         -0.000000    0.019327    0.002026    0.702074    0.239578
   46    4 C   Px         0.120181    0.000000    0.000000   -0.000000   -0.000000
   47    4 C   Py        -0.000000    0.013096   -0.001379    0.006913   -0.021704
   48    4 C   Pz        -0.000000    0.020468   -0.000054   -0.059647   -0.034286
   49    4 C   Px         0.151236    0.000000   -0.000000   -0.000000   -0.000000
   50    4 C   Py        -0.000000    0.037986    0.077553   -0.330964    0.407702
   51    4 C   Pz        -0.000000    0.114008    0.063974    0.467238    0.608269
   52    4 C   D-2        0.017550    0.000000   -0.000000   -0.000000    0.000000
   53    4 C   D-1       -0.000000   -0.002429   -0.013445    0.002235   -0.005212
   54    4 C   D0        -0.000000    0.008838    0.002220    0.020590    0.016605
   55    4 C   D+1       -0.006763   -0.000000   -0.000000    0.000000    0.000000
   56    4 C   D+2       -0.000000    0.008807    0.003401   -0.003812    0.000968
   57    5 C   S         -0.000000    0.001438   -0.001583   -0.019493    0.008519
   58    5 C   S         -0.000000    0.032432   -0.022060   -0.061603    0.031144
   59    5 C   S          0.000000    0.019320   -0.001965    0.702312   -0.240679
   60    5 C   Px         0.120181    0.000000   -0.000000   -0.000000   -0.000000
   61    5 C   Py         0.000000   -0.013097   -0.001380   -0.006908   -0.021647
   62    5 C   Pz        -0.000000    0.020468    0.000052   -0.059648    0.034194
   63    5 C   Px         0.151236    0.000000   -0.000000   -0.000000   -0.000000
   64    5 C   Py         0.000000   -0.037921    0.077665    0.330569    0.407316
   65    5 C   Pz         0.000000    0.113982   -0.063952    0.467377   -0.608616
   66    5 C   D-2       -0.017550   -0.000000    0.000000    0.000000   -0.000000
   67    5 C   D-1       -0.000000    0.002428   -0.013446   -0.002232   -0.005165
   68    5 C   D0         0.000000    0.008838   -0.002219    0.020594   -0.016615
   69    5 C   D+1       -0.006763   -0.000000    0.000000   -0.000000    0.000000
   70    5 C   D+2       -0.000000    0.008807   -0.003401   -0.003815   -0.000945
   71    6 C   S          0.000000   -0.009638    0.000002    0.001433   -0.000001
   72    6 C   S          0.000000    0.000051    0.000003    0.068868   -0.000139
   73    6 C   S         -0.000000    0.373612   -0.000070    0.169459   -0.000486
   74    6 C   Px        -0.192705   -0.000000   -0.000000    0.000000   -0.000000
   75    6 C   Py         0.000000    0.000001   -0.048391   -0.000001   -0.008161
   76    6 C   Pz         0.000000   -0.101691   -0.000002   -0.154250    0.000182
   77    6 C   Px        -0.233968   -0.000000    0.000000    0.000000    0.000000
   78    6 C   Py        -0.000000    0.000027    0.045391   -0.000105    0.521217
   79    6 C   Pz        -0.000000   -0.250416   -0.000049   -0.911919    0.000994
   80    6 C   D-2       -0.000000    0.000000   -0.000000    0.000000   -0.000000
   81    6 C   D-1       -0.000000    0.000001    0.009593   -0.000002    0.003759
   82    6 C   D0        -0.000000   -0.001297   -0.000001   -0.010798    0.000000
   83    6 C   D+1        0.005249   -0.000000    0.000000   -0.000000    0.000000
   84    6 C   D+2       -0.000000   -0.008478    0.000001    0.000164   -0.000015
   85    7 C   S          0.000000   -0.008091   -0.006684    0.005266    0.007571
   86    7 C   S          0.000000    0.026094    0.051963   -0.037420   -0.049818
   87    7 C   S         -0.000000    0.313078    0.402589   -0.412933   -0.460189
   88    7 C   Px        -0.134725   -0.000000    0.000000    0.000000   -0.000000
   89    7 C   Py        -0.000000    0.026443   -0.002098   -0.001929    0.014478
   90    7 C   Pz        -0.000000    0.096043    0.083951   -0.115499   -0.146746
   91    7 C   Px        -0.190416   -0.000000    0.000000    0.000000   -0.000000
   92    7 C   Py        -0.000000   -0.072096    0.001281    0.235722    0.084868
   93    7 C   Pz         0.000000    0.265976    0.250355   -0.458810   -0.664435
   94    7 C   D-2        0.023575    0.000000    0.000000   -0.000000    0.000000
   95    7 C   D-1       -0.000000    0.003879   -0.000658    0.000148    0.007053
   96    7 C   D0        -0.000000   -0.006639   -0.008974    0.003552    0.005644
   97    7 C   D+1       -0.002946    0.000000    0.000000    0.000000   -0.000000
   98    7 C   D+2        0.000000   -0.006126   -0.003917    0.001238    0.002999
   99    8 C   S         -0.000000   -0.012895   -0.010653    0.008598    0.010875
  100    8 C   S         -0.000000    0.039577    0.042824    0.011607   -0.015678
  101    8 C   S          0.000000    0.560799    0.492549   -0.331723   -0.605826
  102    8 C   Px         0.263677    0.000000   -0.000000   -0.000000    0.000000
  103    8 C   Py        -0.000000    0.100270    0.111039   -0.031404   -0.073367
  104    8 C   Pz        -0.000000    0.045951    0.051974   -0.030373   -0.042637
  105    8 C   Px         0.408241    0.000000    0.000000   -0.000000    0.000000
  106    8 C   Py        -0.000000    0.196657    0.252686    0.103829   -0.171147
  107    8 C   Pz        -0.000000    0.152040    0.123869   -0.106903   -0.003151
  108    8 C   D-2        0.008028    0.000000   -0.000000   -0.000000    0.000000
  109    8 C   D-1        0.000000   -0.011022   -0.010026    0.001175   -0.002420
  110    8 C   D0         0.000000    0.006334    0.004300   -0.003993   -0.003839
  111    8 C   D+1        0.013323    0.000000    0.000000    0.000000    0.000000
  112    8 C   D+2       -0.000000    0.001216    0.001337    0.003149    0.001784
  113    9 C   S          0.000000   -0.012904   -0.010656   -0.008595   -0.010888
  114    9 C   S          0.000000    0.039564    0.042821   -0.011620    0.015783
  115    9 C   S         -0.000000    0.561168    0.492673    0.331563    0.607081
  116    9 C   Px        -0.263677   -0.000000   -0.000000    0.000000   -0.000000
  117    9 C   Py        -0.000000    0.100273    0.111040    0.031380    0.073501
  118    9 C   Pz         0.000000   -0.045957   -0.051976   -0.030359   -0.042816
  119    9 C   Px        -0.408241   -0.000000   -0.000000    0.000000   -0.000000
  120    9 C   Py         0.000000    0.196441    0.252631   -0.103861    0.171750
  121    9 C   Pz        -0.000000   -0.152080   -0.123894   -0.106875   -0.003780
  122    9 C   D-2       -0.008028   -0.000000   -0.000000    0.000000    0.000000
  123    9 C   D-1       -0.000000    0.011024    0.010026    0.001172   -0.002428
  124    9 C   D0        -0.000000    0.006336    0.004301    0.003993    0.003836
  125    9 C   D+1        0.013323    0.000000   -0.000000   -0.000000    0.000000
  126    9 C   D+2        0.000000    0.001210    0.001336   -0.003150   -0.001784
  127   10 C   S         -0.000000   -0.008085   -0.006682   -0.005272   -0.007566
  128   10 C   S         -0.000000    0.026113    0.051967    0.037403    0.049798
  129   10 C   S          0.000000    0.312774    0.402575    0.413065    0.459943
  130   10 C   Px         0.134726    0.000000    0.000000   -0.000000    0.000000
  131   10 C   Py        -0.000000    0.026446   -0.002098    0.001922   -0.014554
  132   10 C   Pz         0.000000   -0.096064   -0.083956   -0.115480   -0.146592
  133   10 C   Px         0.190417    0.000000    0.000000   -0.000000    0.000000
  134   10 C   Py         0.000000   -0.072253    0.001192   -0.235785   -0.085382
  135   10 C   Pz         0.000000   -0.266330   -0.250464   -0.458650   -0.663876
  136   10 C   D-2       -0.023575   -0.000000   -0.000000    0.000000   -0.000000
  137   10 C   D-1        0.000000   -0.003879    0.000659    0.000147    0.007065
  138   10 C   D0         0.000000   -0.006644   -0.008976   -0.003549   -0.005679
  139   10 C   D+1       -0.002946   -0.000000    0.000000    0.000000    0.000000
  140   10 C   D+2       -0.000000   -0.006123   -0.003916   -0.001241   -0.003014
  141   11 C   S          0.000000   -0.008091    0.006685    0.005257   -0.007556
  142   11 C   S         -0.000000    0.026095   -0.051962   -0.037435    0.049820
  143   11 C   S         -0.000000    0.313070   -0.402653   -0.412627    0.459632
  144   11 C   Px        -0.134726   -0.000000   -0.000000    0.000000   -0.000000
  145   11 C   Py         0.000000   -0.026443   -0.002098    0.001932    0.014550
  146   11 C   Pz        -0.000000    0.096044   -0.083953   -0.115503    0.146598
  147   11 C   Px        -0.190416   -0.000000   -0.000000    0.000000   -0.000000
  148   11 C   Py        -0.000000    0.072085    0.001267   -0.235617    0.085180
  149   11 C   Pz        -0.000000    0.265990   -0.250337   -0.459042    0.664032
  150   11 C   D-2       -0.023575   -0.000000    0.000000    0.000000   -0.000000
  151   11 C   D-1       -0.000000   -0.003878   -0.000658   -0.000153    0.007069
  152   11 C   D0         0.000000   -0.006639    0.008974    0.003555   -0.005678
  153   11 C   D+1       -0.002946   -0.000000    0.000000   -0.000000    0.000000
  154   11 C   D+2       -0.000000   -0.006126    0.003917    0.001233   -0.003002
  155   12 C   S          0.000000   -0.012895    0.010653    0.008602   -0.010892
  156   12 C   S         -0.000000    0.039578   -0.042824    0.011616    0.015770
  157   12 C   S         -0.000000    0.560806   -0.492530   -0.331922    0.607075
  158   12 C   Px         0.263677    0.000000    0.000000   -0.000000    0.000000
  159   12 C   Py         0.000000   -0.100270    0.111039    0.031401   -0.073498
  160   12 C   Pz        -0.000000    0.045951   -0.051974   -0.030374    0.042810
  161   12 C   Px         0.408241    0.000000    0.000000   -0.000000    0.000000
  162   12 C   Py         0.000000   -0.196661    0.252698   -0.103920   -0.171611
  163   12 C   Pz        -0.000000    0.152030   -0.123880   -0.106777    0.003661
  164   12 C   D-2       -0.008028   -0.000000    0.000000    0.000000   -0.000000
  165   12 C   D-1        0.000000    0.011022   -0.010026   -0.001175   -0.002425
  166   12 C   D0         0.000000    0.006334   -0.004300   -0.003996    0.003837
  167   12 C   D+1        0.013323    0.000000    0.000000   -0.000000   -0.000000
  168   12 C   D+2        0.000000    0.001216   -0.001338    0.003152   -0.001788
  169   13 C   S          0.000000   -0.012904    0.010656   -0.008600    0.010877
  170   13 C   S          0.000000    0.039564   -0.042820   -0.011626   -0.015674
  171   13 C   S         -0.000000    0.561151   -0.492699    0.331761   -0.606020
  172   13 C   Px        -0.263677   -0.000000   -0.000000    0.000000   -0.000000
  173   13 C   Py         0.000000   -0.100273    0.111039   -0.031383    0.073360
  174   13 C   Pz         0.000000   -0.045957    0.051975   -0.030362    0.042638
  175   13 C   Px        -0.408241   -0.000000   -0.000000    0.000000   -0.000000
  176   13 C   Py        -0.000000   -0.196444    0.252614    0.103929    0.171096
  177   13 C   Pz         0.000000   -0.152089    0.123886   -0.106750    0.003188
  178   13 C   D-2        0.008028    0.000000    0.000000    0.000000   -0.000000
  179   13 C   D-1        0.000000   -0.011024    0.010026   -0.001172   -0.002423
  180   13 C   D0        -0.000000    0.006336   -0.004301    0.003995   -0.003840
  181   13 C   D+1        0.013323    0.000000   -0.000000   -0.000000    0.000000
  182   13 C   D+2        0.000000    0.001210   -0.001335   -0.003151    0.001785
  183   14 C   S         -0.000000   -0.008086    0.006681   -0.005265    0.007571
  184   14 C   S         -0.000000    0.026112   -0.051968    0.037419   -0.049805
  185   14 C   S          0.000000    0.312809   -0.402494    0.412805   -0.460312
  186   14 C   Px         0.134726    0.000000    0.000000    0.000000    0.000000
  187   14 C   Py         0.000000   -0.026446   -0.002097   -0.001923   -0.014478
  188   14 C   Pz        -0.000000   -0.096064    0.083953   -0.115488    0.146726
  189   14 C   Px         0.190417    0.000000    0.000000   -0.000000    0.000000
  190   14 C   Py         0.000000    0.072265    0.001205    0.235671   -0.085101
  191   14 C   Pz        -0.000000   -0.266306    0.250489   -0.458866    0.664434
  192   14 C   D-2        0.023575    0.000000    0.000000   -0.000000    0.000000
  193   14 C   D-1       -0.000000    0.003880    0.000659   -0.000151    0.007052
  194   14 C   D0         0.000000   -0.006643    0.008977   -0.003552    0.005649
  195   14 C   D+1       -0.002946    0.000000   -0.000000   -0.000000    0.000000
  196   14 C   D+2       -0.000000   -0.006123    0.003915   -0.001237    0.003003
  197   15 H   S         -0.000000   -0.004124    0.000001    0.052593    0.000053
  198   15 H   S          0.000000   -0.430370    0.000022    1.061791    0.001434
  199   15 H   Px         0.010177    0.000000    0.000000    0.000000    0.000000
  200   15 H   Py        -0.000000    0.000001   -0.009873   -0.000001    0.013775
  201   15 H   Pz         0.000000   -0.000594    0.000001    0.007474    0.000002
  202   16 H   S         -0.000000   -0.004140   -0.000001   -0.052602    0.000054
  203   16 H   S         -0.000000   -0.430538   -0.000025   -1.061927    0.001482
  204   16 H   Px        -0.010177   -0.000000   -0.000000   -0.000000   -0.000000
  205   16 H   Py         0.000000   -0.000000   -0.009876    0.000001   -0.013782
  206   16 H   Pz         0.000000    0.000593    0.000001    0.007474   -0.000005
  207   17 H   S          0.000000   -0.033522   -0.041384    0.034227    0.037315
  208   17 H   S          0.000000   -0.511940   -0.581068    0.690815    1.014740
  209   17 H   Px        -0.006886   -0.000000    0.000000    0.000000   -0.000000
  210   17 H   Py        -0.000000    0.003288   -0.000782   -0.005170    0.002814
  211   17 H   Pz        -0.000000   -0.002131   -0.002043    0.002573    0.001022
  212   18 H   S          0.000000   -0.033536   -0.041389   -0.034216   -0.037393
  213   18 H   S          0.000000   -0.512165   -0.581144   -0.690666   -1.014087
  214   18 H   Px         0.006886    0.000000    0.000000    0.000000   -0.000000
  215   18 H   Py         0.000000    0.003291   -0.000782    0.005170   -0.002829
  216   18 H   Pz        -0.000000    0.002134    0.002043    0.002572    0.001024
  217   19 H   S          0.000000   -0.033524    0.041383    0.034231   -0.037394
  218   19 H   S          0.000000   -0.511949    0.581073    0.690919   -1.014137
  219   19 H   Px        -0.006886   -0.000000    0.000000    0.000000    0.000000
  220   19 H   Py         0.000000   -0.003287   -0.000782    0.005168    0.002831
  221   19 H   Pz         0.000000   -0.002130    0.002043    0.002575   -0.001028
  222   20 H   S         -0.000000   -0.033537    0.041388   -0.034221    0.037311
  223   20 H   S         -0.000000   -0.512152    0.581143   -0.690782    1.014693
  224   20 H   Px         0.006886    0.000000    0.000000    0.000000    0.000000
  225   20 H   Py        -0.000000   -0.003291   -0.000782   -0.005168   -0.002812
  226   20 H   Pz        -0.000000    0.002133   -0.002044    0.002574   -0.001022
  227   21 H   S          0.000000   -0.056359   -0.049367    0.010029    0.011689
  228   21 H   S          0.000000   -0.653559   -0.697419    0.129702    0.488880
  229   21 H   Px         0.015504    0.000000   -0.000000   -0.000000    0.000000
  230   21 H   Py        -0.000000   -0.000727   -0.000524   -0.003013   -0.003535
  231   21 H   Pz         0.000000   -0.001186   -0.000952    0.000710   -0.000694
  232   22 H   S          0.000000   -0.056359    0.049367    0.010026   -0.011706
  233   22 H   S          0.000000   -0.653562    0.697426    0.129647   -0.490289
  234   22 H   Px         0.015504    0.000000   -0.000000   -0.000000    0.000000
  235   22 H   Py         0.000000    0.000727   -0.000524    0.003014   -0.003537
  236   22 H   Pz         0.000000   -0.001186    0.000952    0.000708    0.000701
  237   23 H   S          0.000000   -0.056361   -0.049368   -0.010018   -0.011710
  238   23 H   S          0.000000   -0.653541   -0.697430   -0.129533   -0.490418
  239   23 H   Px        -0.015504   -0.000000   -0.000000    0.000000   -0.000000
  240   23 H   Py        -0.000000   -0.000723   -0.000522    0.003013    0.003537
  241   23 H   Pz         0.000000    0.001187    0.000952    0.000710   -0.000701
  242   24 H   S          0.000000   -0.056361    0.049368   -0.010017    0.011689
  243   24 H   S          0.000000   -0.653542    0.697421   -0.129511    0.488871
  244   24 H   Px        -0.015504   -0.000000   -0.000000    0.000000    0.000000
  245   24 H   Py        -0.000000    0.000723   -0.000522   -0.003014    0.003536
  246   24 H   Pz         0.000000    0.001187   -0.000952    0.000707    0.000695
 
 Step CPU :      84.5, Total CPU :      85.2 of Master process
 Step Wall :      7.0, Total Wall :      7.1 at Thu Aug 12 14:07:39 2021

 ========================
   Property calculation
 ========================
 -------------------------------------
      Mulliken Population Analysis
     Atom       Charge     Population
 -------------------------------------
    1  C      -0.013086     6.013086
    2  C       0.050199     5.949801
    3  C       0.050157     5.949843
    4  C       0.050572     5.949428
    5  C       0.050559     5.949441
    6  C      -0.014049     6.014049
    7  C       0.025559     5.974441
    8  C       0.042405     5.957595
    9  C       0.042698     5.957302
   10  C       0.025395     5.974605
   11  C       0.025573     5.974427
   12  C       0.042412     5.957588
   13  C       0.042708     5.957292
   14  C       0.025408     5.974592
   15  H      -0.059028     1.059028
   16  H      -0.059052     1.059052
   17  H      -0.049354     1.049354
   18  H      -0.049352     1.049352
   19  H      -0.049353     1.049353
   20  H      -0.049348     1.049348
   21  H      -0.032755     1.032755
   22  H      -0.032755     1.032755
   23  H      -0.032757     1.032757
   24  H      -0.032757     1.032757
 -------------------------------------
     Total    -0.000000
 -------------------------------------
 
 ----------------------------------------------
               Dipole Momemt (Debye)
        X          Y          Z       Total
 ----------------------------------------------
     -0.0000     0.0000     0.0000     0.0000
 ----------------------------------------------

 Step CPU :       0.1, Total CPU :      85.3 of Master process
 Step Wall :      0.0, Total Wall :      7.1 at Thu Aug 12 14:07:39 2021

 Total CPU time :       85.4 seconds
 Total Wall time:        7.1 seconds
                 ( 0 days  0 hours  0 minutes  7.1 seconds)
 The job finished at Thu Aug 12 14:07:39 2021
 Used memory :      20 MB
 Your calculation finished successfully with  0 warning.
