 *******************************************
    Scalable Molecular Analysis Solver for
      High performance computing systems
            SMASH Version 1.1.0     
           written by K. ISHIMURA
 *******************************************

 The job started at Fri Jan  2 13:13:49 2015
 Master node is hpcs03.local
 Number of processes =     3
 Number of threads   =    12

 --------------------------------------------------------------------------
   Job infomation
 --------------------------------------------------------------------------
   Runtype = OPTIMIZE    ,   Method  = B3LYP       ,   Basis    = GEN         
   Memory  =      1000MB ,   SCFtype = RHF         ,   Spher    = T
   Charge  =         0.0 ,   Multi   =           1 ,   Bohr     = F
   Guess   = HUCKEL      
   Nopt    =          50 ,   Optconv =     1.0D-04 ,   Cartesian= F
 --------------------------------------------------------------------------

 ------------------------------------------------
   Computational condition
 ------------------------------------------------
   Number of atoms                      =    5
   Number of alpha electrons            =   14
   Number of beta electrons             =   14
   Number of basis shells               =   23
   Number of basis contracted functions =   55
   Number of basis primitive functions  =   40
 ------------------------------------------------

 ----------------------------------------------------
          Molecular Geometry (Angstrom)
  Atom            X             Y             Z
 ----------------------------------------------------
   C          0.4100000     2.5200000     0.0000000
   H          0.7666544     1.5111900     0.0000000
   Cl         0.9966768     3.3496643     1.4370343
   Br        -1.5000000     2.5200235     0.0000000
   I          1.1100121     3.5099403    -1.7146431
 ----------------------------------------------------

 -------------
   Basis set
 -------------
  C  
    S  6
       3047.5248800      0.00183474
        457.3695180      0.01403732
        103.9486850      0.06884262
         29.2101553      0.23218444
          9.2866630      0.46794135
          3.1639270      0.36231199
    S  3
          7.8682723     -0.11933242
          1.8812885     -0.16085415
          0.5442493      1.14345644
    P  3
          7.8682723      0.06899907
          1.8812885      0.31642396
          0.5442493      0.74430829
    S  1
          0.1687145      1.00000000
    P  1
          0.1687145      1.00000000
    D  1
          0.8000000      1.00000000
  ****
  H  
    S  3
         18.7311370      0.03349460
          2.8253944      0.23472695
          0.6401217      0.81375733
    S  1
          0.1612778      1.00000000
  ****
  Cl 
    S  2
          2.2310000     -0.49005890
          0.4720000      1.25426840
    S  1
          0.1631000      1.00000000
    P  2
          6.2960000     -0.06356410
          0.6333000      1.01413550
    P  1
          0.1819000      1.00000000
    D  1
          0.6720000      1.00000000
  ****
  Br 
    S  2
          1.1590000     -3.03787690
          0.7107000      3.37037350
    S  1
          0.1905000      1.00000000
    P  2
          2.6910000     -0.11898000
          0.4446000      1.04244710
    P  1
          0.1377000      1.00000000
    D  1
          0.4510000      1.00000000
  ****
  I  
    S  2
          0.7242000     -2.97310480
          0.4653000      3.48276430
    S  1
          0.1336000      1.00000000
    P  2
          1.2900000     -0.20923770
          0.3180000      1.10353470
    P  1
          0.1053000      1.00000000
    D  1
          0.3060000      1.00000000
  ****
 ----------------
   ECP function
 ----------------
  Cl 
  Cl-ECP     2   10
  d-ul potential
    5
  1      94.8130000     -10.0000000
  2     165.6440000      66.2729170
  2      30.8317000     -28.9685950
  2      10.5841000     -12.8663370
  2       3.7704000      -1.7102170
  s-ul potential
    5
  0     128.8391000       3.0000000
  1     120.3786000      12.8528510
  2      63.5622000     275.6723980
  2      18.0695000     115.6777120
  2       3.8142000      35.0606090
  p-ul potential
    6
  0     216.5263000       5.0000000
  1      46.5723000       7.4794860
  2     147.4685000     613.0320000
  2      48.9869000     280.8006850
  2      13.2096000     107.8788240
  2       3.1831000      15.3439560
  Br 
  Br-ECP     3   28
  f-ul potential
    4
  1     213.6143969     -28.0000000
  2      41.0585380    -134.9268852
  2       8.7086530     -41.9271913
  2       2.6074661      -5.9336420
  s-ul potential
    4
  0      54.1980682       3.0000000
  1      32.9053558      27.3430642
  2      13.6744890     118.8028847
  2       3.0341152      43.4354876
  p-ul potential
    5
  0      54.2563340       5.0000000
  1      26.0095593      25.0504252
  2      28.2012995      92.6157463
  2       9.4341061      95.8249016
  2       2.5321764      26.2684983
  d-ul potential
    5
  0      87.6328721       3.0000000
  1      61.7373377      22.5533557
  2      32.4385104     178.1241988
  2       8.7537199      76.9924162
  2       1.6633189       9.4818270
  I  
  I-ECP      3   46
  f-ul potential
    5
  0       1.0715702      -0.0747621
  1      44.1936028     -30.0811224
  2      12.9367609     -75.3722721
  2       3.1956412     -22.0563758
  2       0.8589806      -1.6979585
  s-ul potential
    5
  0     127.9202670       2.9380036
  1      78.6211465      41.2471267
  2      36.5146237     287.8680095
  2       9.9065681     114.3758506
  2       1.9420086      37.6547714
  p-ul potential
    5
  0      13.0035304       2.2222630
  1      76.0331404      39.4090831
  2      24.1961684     177.4075002
  2       6.4053433      77.9889462
  2       1.5851786      25.7547641
  d-ul potential
    5
  0      40.4278108       7.0524360
  1      28.9084375      33.3041635
  2      15.6268936     186.9453875
  2       4.1442856      71.9688361
  2       0.9377235       9.3630657
 
 Nuclear repulsion energy =    67.05898400 a.u.

 ---------------------
   Guess calculation
 ---------------------
   Guess MOs are generated using extended Huckel orbitals.
 
 If the calculation stops at the beginning of SCF, increase the stack size.
 bash: Write the following two lines in the ~/.bashrc file.
       ulimit -s unlimited
       export OMP_STACKSIZE=1G
 tcsh: Write the following two lines in the ~/.tcshrc file.
       unlimit
       setenv OMP_STACKSIZE 1G

 Step CPU :       2.3, Total CPU :       2.3 of Master node
 Step Wall :      0.2, Total Wall :      0.2 at Fri Jan  2 13:13:49 2015

 --------------------------------------------------------------------------
   Hartree-Fock calculation
 --------------------------------------------------------------------------
   DIIS = T,   SOSCF = F
   Dconv      = 1.00D-02,  MaxIter    =       100,  ThreshSOSCF= 2.50D-01
   Cutint2    = 1.00D-09,  ThreshEx   =  3.00D+01,  ThreshOver = 1.00D-06
 --------------------------------------------------------------------------
 ====================
    SCF Iteration
 ====================
 Iter SubIt   Total Energy      Delta Energy      Delta Density     DIIS Error
   1    0     -76.369092450     -76.369092450      0.534244734      0.862479474
   2    1     -77.168647974      -0.799555524      0.150661997      0.105489893
   3    2     -77.202262774      -0.033614799      0.065408311      0.073135922
   4    3     -77.234361539      -0.032098765      0.009979687      0.009350885
 -----------------------------------------
    SCF Converged.
    RHF Energy =     -77.234361539 a.u.
 -----------------------------------------

 Step CPU :       0.6, Total CPU :       2.8 of Master node
 Step Wall :      0.0, Total Wall :      0.3 at Fri Jan  2 13:13:49 2015

 --------------------------------------------------------------------------
   DFT calculation
 --------------------------------------------------------------------------
   DIIS = T,   SOSCF = F
   Dconv      = 5.00D-06,  MaxIter    =       100,  ThreshSOSCF= 2.50D-01
   Cutint2    = 1.00D-12,  ThreshEx   =  3.00D+01,  ThreshOver = 1.00D-06
   Nrad       =       96,  Nleb       =       302,  ThreshRho  = 1.00D-07
   ThreshDfock= 1.00D-06
 --------------------------------------------------------------------------
 ====================
    SCF Iteration
 ====================
 Iter SubIt   Total Energy      Delta Energy      Delta Density     DIIS Error
   1    1     -78.088150627     -78.088150627      0.059645750      0.040714432
   2    2     -78.094189386      -0.006038759      0.051516966      0.026613081
   3    3     -78.094347858      -0.000158472      0.024556589      0.025153477
   4    4     -78.098704563      -0.004356705      0.002262999      0.001590833
   5    5     -78.098724335      -0.000019772      0.000422876      0.000262194
   6    6     -78.098725018      -0.000000683      0.000109938      0.000071242
   7    7     -78.098725061      -0.000000044      0.000021063      0.000012961
   8    8     -78.098725063      -0.000000002      0.000002614      0.000001901
 -----------------------------------------------------------
    SCF Converged.
    DFT Energy =     -78.098725063 a.u.
    Exchange + Correlation energy =     -10.908463670 a.u.
    Number of electrons           =      27.999900976
 -----------------------------------------------------------

 --------------------------------------------------------------------------------
   Eigenvalues (Hartree)
 --------------------------------------------------------------------------------
   Alpha Occupied:    -10.33043    -0.90607    -0.79815    -0.72085    -0.62879
   Alpha Occupied:     -0.49463    -0.45294    -0.43557    -0.33412    -0.33050
   Alpha Occupied:     -0.30267    -0.29779    -0.27573    -0.26569
   Alpha Virtual :     -0.06950    -0.01378     0.01598     0.09863     0.35466
   Alpha Virtual :      0.35815     0.36584     0.38154     0.38753     0.41987
   Alpha Virtual :      0.42842     0.44439     0.46565     0.47943     0.49989
   Alpha Virtual :      0.52304     0.55855     0.59112     0.61365     0.62485
   Alpha Virtual :      0.64429     0.66222     0.67579     0.75373     0.77703
   Alpha Virtual :      0.79534     0.80571     0.84156     0.87871     0.95969
   Alpha Virtual :      0.98533     1.10383     1.14450     1.70527     1.72073
   Alpha Virtual :      1.91565     2.02260     2.16031     6.90324    10.39703
   Alpha Virtual :     18.86006
 --------------------------------------------------------------------------------
 Step CPU :       2.2, Total CPU :       5.1 of Master node
 Step Wall :      0.2, Total Wall :      0.5 at Fri Jan  2 13:13:49 2015

 -----------------------------------
   DFT energy gradient calculation
 -----------------------------------
 ----------------------------------------------------
          Gradient (Hartree/Bohr)
  Atom            X             Y             Z
 ----------------------------------------------------
   C         -0.0001178    -0.0113668    -0.0068328
   H         -0.0036529     0.0106488    -0.0002482
   Cl        -0.0083223    -0.0004374    -0.0147957
   Br         0.0249489     0.0078317    -0.0013406
   I         -0.0128558    -0.0066763     0.0232173
 ----------------------------------------------------
 Step CPU :       1.3, Total CPU :       6.3 of Master node
 Step Wall :      0.1, Total Wall :      0.6 at Fri Jan  2 13:13:50 2015

 Optimization Cycle   1    Maximum gradient =   0.024949    RMS gradient =   0.011620

 ---------------------------------------------------------------
   Redundant coordinate parameters (Angstrom and Degree)
                                        New           Old
 ---------------------------------------------------------------
   Bond1       (1,2)                   1.0854        1.0700
   Bond2       (1,3)                   1.7858        1.7600
   Bond3       (1,4)                   1.9790        1.9100
   Bond4       (1,5)                   2.1909        2.1000
   Angle1      (2,1,3)               106.0286      109.4712
   Angle2      (2,1,4)               106.2796      109.4712
   Angle3      (2,1,5)               106.6388      109.4712
   Angle4      (3,1,4)               112.0388      109.4712
   Angle5      (3,1,5)               112.0331      109.4713
   Angle6      (4,1,5)               113.2239      109.4712
   Torsion1    (2,1,3,4)            -115.5281     -120.0000
   Torsion2    (2,1,3,5)             115.9544      120.0000
   Torsion3    (2,1,4,5)            -116.7379     -120.0000
   Torsion4    (3,1,4,5)             127.8868      120.0000
 ---------------------------------------------------------------
 ----------------------------------------------------
          Delta xyz (Angstrom)
  Atom            X             Y             Z
 ----------------------------------------------------
   C         -0.0181727     0.0495262     0.0051082
   H         -0.0121380     0.0352843     0.0058329
   Cl         0.0382574    -0.0279365     0.0545598
   Br        -0.0839451    -0.0623253     0.0243668
   I          0.0759985     0.0054513    -0.0898677
 ----------------------------------------------------
 Step CPU :       0.0, Total CPU :       6.3 of Master node
 Step Wall :      0.0, Total Wall :      0.6 at Fri Jan  2 13:13:50 2015

 ----------------------------------------------------
          Molecular Geometry (Angstrom)
  Atom            X             Y             Z
 ----------------------------------------------------
   C          0.3918273     2.5695262     0.0051082
   H          0.7545164     1.5464742     0.0058329
   Cl         1.0349342     3.3217278     1.4915941
   Br        -1.5839451     2.4576982     0.0243668
   I          1.1860106     3.5153916    -1.8045109
 ----------------------------------------------------

 Nuclear repulsion energy =    64.76638234 a.u.

 Step CPU :       0.0, Total CPU :       6.4 of Master node
 Step Wall :      0.0, Total Wall :      0.6 at Fri Jan  2 13:13:50 2015

 --------------------------------------------------------------------------
   DFT calculation
 --------------------------------------------------------------------------
   DIIS = T,   SOSCF = F
   Dconv      = 5.00D-06,  MaxIter    =       100,  ThreshSOSCF= 2.50D-01
   Cutint2    = 1.00D-12,  ThreshEx   =  3.00D+01,  ThreshOver = 1.00D-06
   Nrad       =       96,  Nleb       =       302,  ThreshRho  = 1.00D-07
   ThreshDfock= 1.00D-06
 --------------------------------------------------------------------------
 ====================
    SCF Iteration
 ====================
 Iter SubIt   Total Energy      Delta Energy      Delta Density     DIIS Error
   1    1     -78.070941290     -78.070941290      0.034488073      0.047648762
   2    2     -78.103189639      -0.032248348      0.010074696      0.009705781
   3    3     -78.103142021       0.000047618      0.009794322      0.007832426
   4    4     -78.103616550      -0.000474529      0.004157935      0.004167098
   5    5     -78.103701954      -0.000085404      0.000337493      0.000312580
   6    6     -78.103702888      -0.000000934      0.000099155      0.000073059
   7    7     -78.103702942      -0.000000054      0.000018478      0.000017738
   8    8     -78.103702945      -0.000000003      0.000005853      0.000003467
   9    9     -78.103702945       0.000000000      0.000002089      0.000001455
 -----------------------------------------------------------
    SCF Converged.
    DFT Energy =     -78.103702945 a.u.
    Exchange + Correlation energy =     -10.855137814 a.u.
    Number of electrons           =      27.999871395
 -----------------------------------------------------------

 Step CPU :       2.2, Total CPU :       8.5 of Master node
 Step Wall :      0.2, Total Wall :      0.8 at Fri Jan  2 13:13:50 2015

 -----------------------------------
   DFT energy gradient calculation
 -----------------------------------
 ----------------------------------------------------
          Gradient (Hartree/Bohr)
  Atom            X             Y             Z
 ----------------------------------------------------
   C         -0.0009954    -0.0005367    -0.0040199
   H          0.0008470    -0.0003237     0.0031110
   Cl         0.0027374     0.0000066     0.0038133
   Br        -0.0051555    -0.0012543     0.0006900
   I          0.0025666     0.0021082    -0.0035945
 ----------------------------------------------------
 Step CPU :       0.9, Total CPU :       9.4 of Master node
 Step Wall :      0.1, Total Wall :      0.9 at Fri Jan  2 13:13:50 2015

 Optimization Cycle   2    Maximum gradient =   0.005156    RMS gradient =   0.002615

 ---------------------------------------------------------------
   Redundant coordinate parameters (Angstrom and Degree)
                                        New           Old
 ---------------------------------------------------------------
   Bond1       (1,2)                   1.0849        1.0854
   Bond2       (1,3)                   1.7799        1.7858
   Bond3       (1,4)                   1.9672        1.9790
   Bond4       (1,5)                   2.1776        2.1909
   Angle1      (2,1,3)               107.6311      106.0286
   Angle2      (2,1,4)               106.2837      106.2796
   Angle3      (2,1,5)               105.9832      106.6388
   Angle4      (3,1,4)               111.8422      112.0388
   Angle5      (3,1,5)               112.1067      112.0331
   Angle6      (4,1,5)               112.5164      113.2239
   Torsion1    (2,1,3,4)            -116.3822     -115.5281
   Torsion2    (2,1,3,5)             116.1645      115.9544
   Torsion3    (2,1,4,5)            -115.5711     -116.7379
   Torsion4    (3,1,4,5)             127.2330      127.8868
 ---------------------------------------------------------------
 ----------------------------------------------------
          Delta xyz (Angstrom)
  Atom            X             Y             Z
 ----------------------------------------------------
   C          0.0045580    -0.0030409     0.0061993
   H         -0.0008336    -0.0042200    -0.0141390
   Cl        -0.0074971     0.0076238    -0.0011927
   Br         0.0157162     0.0075543    -0.0033984
   I         -0.0119435    -0.0079172     0.0125307
 ----------------------------------------------------
 Step CPU :       0.0, Total CPU :       9.4 of Master node
 Step Wall :      0.0, Total Wall :      0.9 at Fri Jan  2 13:13:50 2015

 ----------------------------------------------------
          Molecular Geometry (Angstrom)
  Atom            X             Y             Z
 ----------------------------------------------------
   C          0.3963853     2.5664853     0.0113075
   H          0.7536829     1.5422542    -0.0083060
   Cl         1.0274370     3.3293515     1.4904014
   Br        -1.5682289     2.4652525     0.0209684
   I          1.1740671     3.5074745    -1.7919801
 ----------------------------------------------------

 Nuclear repulsion energy =    65.10488713 a.u.

 Step CPU :       0.0, Total CPU :       9.5 of Master node
 Step Wall :      0.0, Total Wall :      0.9 at Fri Jan  2 13:13:50 2015

 --------------------------------------------------------------------------
   DFT calculation
 --------------------------------------------------------------------------
   DIIS = T,   SOSCF = F
   Dconv      = 5.00D-06,  MaxIter    =       100,  ThreshSOSCF= 2.50D-01
   Cutint2    = 1.00D-12,  ThreshEx   =  3.00D+01,  ThreshOver = 1.00D-06
   Nrad       =       96,  Nleb       =       302,  ThreshRho  = 1.00D-07
   ThreshDfock= 1.00D-06
 --------------------------------------------------------------------------
 ====================
    SCF Iteration
 ====================
 Iter SubIt   Total Energy      Delta Energy      Delta Density     DIIS Error
   1    1     -78.110229230     -78.110229230      0.005317871      0.007151769
   2    2     -78.103994603       0.006234627      0.003229579      0.001640823
   3    3     -78.103981343       0.000013261      0.002215273      0.002134947
   4    4     -78.104011652      -0.000030310      0.000600613      0.000532700
   5    5     -78.104013419      -0.000001767      0.000105747      0.000064845
   6    6     -78.104013455      -0.000000036      0.000019115      0.000018087
   7    7     -78.104013457      -0.000000002      0.000004690      0.000003007
 -----------------------------------------------------------
    SCF Converged.
    DFT Energy =     -78.104013457 a.u.
    Exchange + Correlation energy =     -10.862614748 a.u.
    Number of electrons           =      27.999875666
 -----------------------------------------------------------

 Step CPU :       1.7, Total CPU :      11.2 of Master node
 Step Wall :      0.1, Total Wall :      1.0 at Fri Jan  2 13:13:50 2015

 -----------------------------------
   DFT energy gradient calculation
 -----------------------------------
 ----------------------------------------------------
          Gradient (Hartree/Bohr)
  Atom            X             Y             Z
 ----------------------------------------------------
   C         -0.0006125    -0.0004075    -0.0022181
   H         -0.0001311    -0.0002453     0.0004357
   Cl         0.0010661     0.0007901     0.0020003
   Br        -0.0006312    -0.0003144     0.0000625
   I          0.0003088     0.0001771    -0.0002804
 ----------------------------------------------------
 Step CPU :       1.2, Total CPU :      12.4 of Master node
 Step Wall :      0.1, Total Wall :      1.1 at Fri Jan  2 13:13:50 2015

 Optimization Cycle   3    Maximum gradient =   0.002218    RMS gradient =   0.000902

 ---------------------------------------------------------------
   Redundant coordinate parameters (Angstrom and Degree)
                                        New           Old
 ---------------------------------------------------------------
   Bond1       (1,2)                   1.0847        1.0849
   Bond2       (1,3)                   1.7749        1.7799
   Bond3       (1,4)                   1.9653        1.9672
   Bond4       (1,5)                   2.1763        2.1776
   Angle1      (2,1,3)               107.8907      107.6311
   Angle2      (2,1,4)               106.4773      106.2837
   Angle3      (2,1,5)               105.8071      105.9832
   Angle4      (3,1,4)               111.7469      111.8422
   Angle5      (3,1,5)               112.1249      112.1067
   Angle6      (4,1,5)               112.3455      112.5164
   Torsion1    (2,1,3,4)            -116.7215     -116.3822
   Torsion2    (2,1,3,5)             116.1190      116.1645
   Torsion3    (2,1,4,5)            -115.3858     -115.5711
   Torsion4    (3,1,4,5)             127.0402      127.2330
 ---------------------------------------------------------------
 ----------------------------------------------------
          Delta xyz (Angstrom)
  Atom            X             Y             Z
 ----------------------------------------------------
   C          0.0009123    -0.0011303     0.0019555
   H          0.0021660    -0.0003396    -0.0018227
   Cl        -0.0034923    -0.0002878    -0.0026125
   Br         0.0026424     0.0030307     0.0002890
   I         -0.0022284    -0.0012731     0.0021907
 ----------------------------------------------------
 Step CPU :       0.0, Total CPU :      12.4 of Master node
 Step Wall :      0.0, Total Wall :      1.1 at Fri Jan  2 13:13:50 2015

 ----------------------------------------------------
          Molecular Geometry (Angstrom)
  Atom            X             Y             Z
 ----------------------------------------------------
   C          0.3972976     2.5653550     0.0132630
   H          0.7558489     1.5419146    -0.0101287
   Cl         1.0239447     3.3290638     1.4877889
   Br        -1.5655866     2.4682832     0.0212574
   I          1.1718387     3.5062014    -1.7897894
 ----------------------------------------------------

 Nuclear repulsion energy =    65.20564459 a.u.

 Step CPU :       0.0, Total CPU :      12.5 of Master node
 Step Wall :      0.0, Total Wall :      1.1 at Fri Jan  2 13:13:50 2015

 --------------------------------------------------------------------------
   DFT calculation
 --------------------------------------------------------------------------
   DIIS = T,   SOSCF = F
   Dconv      = 5.00D-06,  MaxIter    =       100,  ThreshSOSCF= 2.50D-01
   Cutint2    = 1.00D-12,  ThreshEx   =  3.00D+01,  ThreshOver = 1.00D-06
   Nrad       =       96,  Nleb       =       302,  ThreshRho  = 1.00D-07
   ThreshDfock= 1.00D-06
 --------------------------------------------------------------------------
 ====================
    SCF Iteration
 ====================
 Iter SubIt   Total Energy      Delta Energy      Delta Density     DIIS Error
   1    1     -78.106101828     -78.106101828      0.001358635      0.003419517
   2    2     -78.104030402       0.002071426      0.001233917      0.000692746
   3    3     -78.104030328       0.000000074      0.000723605      0.000708305
   4    4     -78.104032783      -0.000002455      0.000264251      0.000250134
   5    5     -78.104033193      -0.000000410      0.000033612      0.000024913
   6    6     -78.104033197      -0.000000004      0.000004959      0.000005941
 -----------------------------------------------------------
    SCF Converged.
    DFT Energy =     -78.104033197 a.u.
    Exchange + Correlation energy =     -10.864890569 a.u.
    Number of electrons           =      27.999880212
 -----------------------------------------------------------

 Step CPU :       1.5, Total CPU :      13.9 of Master node
 Step Wall :      0.1, Total Wall :      1.2 at Fri Jan  2 13:13:50 2015

 -----------------------------------
   DFT energy gradient calculation
 -----------------------------------
 ----------------------------------------------------
          Gradient (Hartree/Bohr)
  Atom            X             Y             Z
 ----------------------------------------------------
   C         -0.0003010    -0.0002278    -0.0010324
   H         -0.0000100     0.0000304     0.0001420
   Cl         0.0001719     0.0002454     0.0004479
   Br         0.0002284     0.0000843     0.0000704
   I         -0.0000893    -0.0001323     0.0003720
 ----------------------------------------------------
 Step CPU :       1.2, Total CPU :      15.2 of Master node
 Step Wall :      0.1, Total Wall :      1.3 at Fri Jan  2 13:13:50 2015

 Optimization Cycle   4    Maximum gradient =   0.001032    RMS gradient =   0.000341

 ---------------------------------------------------------------
   Redundant coordinate parameters (Angstrom and Degree)
                                        New           Old
 ---------------------------------------------------------------
   Bond1       (1,2)                   1.0847        1.0847
   Bond2       (1,3)                   1.7733        1.7749
   Bond3       (1,4)                   1.9657        1.9653
   Bond4       (1,5)                   2.1776        2.1763
   Angle1      (2,1,3)               107.9877      107.8907
   Angle2      (2,1,4)               106.4626      106.4773
   Angle3      (2,1,5)               105.7084      105.8071
   Angle4      (3,1,4)               111.7847      111.7469
   Angle5      (3,1,5)               112.1632      112.1249
   Angle6      (4,1,5)               112.2824      112.3455
   Torsion1    (2,1,3,4)            -116.7841     -116.7215
   Torsion2    (2,1,3,5)             116.0798      116.1190
   Torsion3    (2,1,4,5)            -115.2258     -115.3858
   Torsion4    (3,1,4,5)             127.0717      127.0402
 ---------------------------------------------------------------
 ----------------------------------------------------
          Delta xyz (Angstrom)
  Atom            X             Y             Z
 ----------------------------------------------------
   C          0.0003282     0.0002240     0.0013459
   H          0.0001430     0.0001720    -0.0005174
   Cl        -0.0003317    -0.0002897    -0.0000452
   Br        -0.0000863     0.0000874    -0.0001547
   I         -0.0000532    -0.0001936    -0.0006286
 ----------------------------------------------------
 Step CPU :       0.0, Total CPU :      15.2 of Master node
 Step Wall :      0.0, Total Wall :      1.3 at Fri Jan  2 13:13:50 2015

 ----------------------------------------------------
          Molecular Geometry (Angstrom)
  Atom            X             Y             Z
 ----------------------------------------------------
   C          0.3976259     2.5655790     0.0146089
   H          0.7559918     1.5420867    -0.0106461
   Cl         1.0236130     3.3287741     1.4877437
   Br        -1.5656728     2.4683706     0.0211027
   I          1.1717855     3.5060078    -1.7904181
 ----------------------------------------------------

 Nuclear repulsion energy =    65.20726664 a.u.

 Step CPU :       0.0, Total CPU :      15.2 of Master node
 Step Wall :      0.0, Total Wall :      1.3 at Fri Jan  2 13:13:50 2015

 --------------------------------------------------------------------------
   DFT calculation
 --------------------------------------------------------------------------
   DIIS = T,   SOSCF = F
   Dconv      = 5.00D-06,  MaxIter    =       100,  ThreshSOSCF= 2.50D-01
   Cutint2    = 1.00D-12,  ThreshEx   =  3.00D+01,  ThreshOver = 1.00D-06
   Nrad       =       96,  Nleb       =       302,  ThreshRho  = 1.00D-07
   ThreshDfock= 1.00D-06
 --------------------------------------------------------------------------
 ====================
    SCF Iteration
 ====================
 Iter SubIt   Total Energy      Delta Energy      Delta Density     DIIS Error
   1    1     -78.104212428     -78.104212428      0.000436112      0.001323247
   2    2     -78.104035045       0.000177383      0.000496277      0.000341120
   3    3     -78.104035598      -0.000000554      0.000206741      0.000188372
   4    4     -78.104035785      -0.000000186      0.000051981      0.000032973
   5    5     -78.104035794      -0.000000009      0.000018462      0.000016867
   6    6     -78.104035796      -0.000000002      0.000001932      0.000002914
 -----------------------------------------------------------
    SCF Converged.
    DFT Energy =     -78.104035796 a.u.
    Exchange + Correlation energy =     -10.864912869 a.u.
    Number of electrons           =      27.999880840
 -----------------------------------------------------------

 Step CPU :       1.4, Total CPU :      16.7 of Master node
 Step Wall :      0.1, Total Wall :      1.5 at Fri Jan  2 13:13:50 2015

 -----------------------------------
   DFT energy gradient calculation
 -----------------------------------
 ----------------------------------------------------
          Gradient (Hartree/Bohr)
  Atom            X             Y             Z
 ----------------------------------------------------
   C         -0.0001244    -0.0000836    -0.0003946
   H         -0.0000054     0.0000109     0.0000404
   Cl         0.0000249     0.0000906     0.0001286
   Br         0.0001608     0.0000824     0.0000236
   I         -0.0000558    -0.0001003     0.0002019
 ----------------------------------------------------
 Step CPU :       1.2, Total CPU :      17.9 of Master node
 Step Wall :      0.1, Total Wall :      1.6 at Fri Jan  2 13:13:51 2015

 Optimization Cycle   5    Maximum gradient =   0.000395    RMS gradient =   0.000140

 ---------------------------------------------------------------
   Redundant coordinate parameters (Angstrom and Degree)
                                        New           Old
 ---------------------------------------------------------------
   Bond1       (1,2)                   1.0847        1.0847
   Bond2       (1,3)                   1.7724        1.7733
   Bond3       (1,4)                   1.9663        1.9657
   Bond4       (1,5)                   2.1788        2.1776
   Angle1      (2,1,3)               108.0308      107.9877
   Angle2      (2,1,4)               106.4332      106.4626
   Angle3      (2,1,5)               105.6532      105.7084
   Angle4      (3,1,4)               111.8268      111.7847
   Angle5      (3,1,5)               112.1850      112.1632
   Angle6      (4,1,5)               112.2543      112.2824
   Torsion1    (2,1,3,4)            -116.7986     -116.7841
   Torsion2    (2,1,3,5)             116.0513      116.0798
   Torsion3    (2,1,4,5)            -115.1277     -115.2258
   Torsion4    (3,1,4,5)             127.1128      127.0717
 ---------------------------------------------------------------
 ----------------------------------------------------
          Delta xyz (Angstrom)
  Atom            X             Y             Z
 ----------------------------------------------------
   C          0.0001335     0.0002772     0.0008461
   H         -0.0001084     0.0002058    -0.0001271
   Cl         0.0001219    -0.0002458     0.0000742
   Br        -0.0004012    -0.0002725    -0.0001220
   I          0.0002542     0.0000353    -0.0006712
 ----------------------------------------------------
 Step CPU :       0.0, Total CPU :      17.9 of Master node
 Step Wall :      0.0, Total Wall :      1.6 at Fri Jan  2 13:13:51 2015

 ----------------------------------------------------
          Molecular Geometry (Angstrom)
  Atom            X             Y             Z
 ----------------------------------------------------
   C          0.3977593     2.5658561     0.0154551
   H          0.7558834     1.5422924    -0.0107732
   Cl         1.0237349     3.3285283     1.4878179
   Br        -1.5660740     2.4680982     0.0209807
   I          1.1720397     3.5060430    -1.7910893
 ----------------------------------------------------

 Nuclear repulsion energy =    65.19923586 a.u.

 Step CPU :       0.0, Total CPU :      17.9 of Master node
 Step Wall :      0.0, Total Wall :      1.6 at Fri Jan  2 13:13:51 2015

 --------------------------------------------------------------------------
   DFT calculation
 --------------------------------------------------------------------------
   DIIS = T,   SOSCF = F
   Dconv      = 5.00D-06,  MaxIter    =       100,  ThreshSOSCF= 2.50D-01
   Cutint2    = 1.00D-12,  ThreshEx   =  3.00D+01,  ThreshOver = 1.00D-06
   Nrad       =       96,  Nleb       =       302,  ThreshRho  = 1.00D-07
   ThreshDfock= 1.00D-06
 --------------------------------------------------------------------------
 ====================
    SCF Iteration
 ====================
 Iter SubIt   Total Energy      Delta Energy      Delta Density     DIIS Error
   1    1     -78.104002102     -78.104002102      0.000262443      0.000926923
   2    2     -78.104036099      -0.000033997      0.000339459      0.000218489
   3    3     -78.104036311      -0.000000212      0.000145950      0.000130983
   4    4     -78.104036404      -0.000000092      0.000018581      0.000018065
   5    5     -78.104036405      -0.000000002      0.000008732      0.000006842
   6    6     -78.104036406       0.000000000      0.000002533      0.000002306
 -----------------------------------------------------------
    SCF Converged.
    DFT Energy =     -78.104036406 a.u.
    Exchange + Correlation energy =     -10.864735052 a.u.
    Number of electrons           =      27.999880794
 -----------------------------------------------------------

 Step CPU :       1.5, Total CPU :      19.4 of Master node
 Step Wall :      0.1, Total Wall :      1.7 at Fri Jan  2 13:13:51 2015

 -----------------------------------
   DFT energy gradient calculation
 -----------------------------------
 ----------------------------------------------------
          Gradient (Hartree/Bohr)
  Atom            X             Y             Z
 ----------------------------------------------------
   C         -0.0000071    -0.0000004     0.0000016
   H         -0.0000140    -0.0000040     0.0000088
   Cl        -0.0000066     0.0000014    -0.0000083
   Br         0.0000088     0.0000396    -0.0000099
   I          0.0000189    -0.0000367     0.0000077
 ----------------------------------------------------
 Step CPU :       1.2, Total CPU :      20.6 of Master node
 Step Wall :      0.1, Total Wall :      1.8 at Fri Jan  2 13:13:51 2015

 Optimization Cycle   6    Maximum gradient =   0.000040    RMS gradient =   0.000016

 Geometry converged.

 --------------------------------------------------------------------------------
   Eigenvalues (Hartree)
 --------------------------------------------------------------------------------
   Alpha Occupied:    -10.33853    -0.89596    -0.79288    -0.71494    -0.62897
   Alpha Occupied:     -0.48627    -0.44782    -0.42951    -0.33286    -0.32914
   Alpha Occupied:     -0.30351    -0.29734    -0.27814    -0.27086
   Alpha Virtual :     -0.08838    -0.02724     0.01315     0.09554     0.35155
   Alpha Virtual :      0.35896     0.36773     0.38039     0.38297     0.42495
   Alpha Virtual :      0.43153     0.45141     0.46034     0.48708     0.50378
   Alpha Virtual :      0.51464     0.57329     0.58957     0.59533     0.61672
   Alpha Virtual :      0.63925     0.65901     0.67337     0.73989     0.77030
   Alpha Virtual :      0.77525     0.78935     0.83231     0.86556     0.96228
   Alpha Virtual :      0.97767     1.06676     1.12162     1.69491     1.70210
   Alpha Virtual :      1.87202     1.99475     2.14955     6.88059    10.24639
   Alpha Virtual :     18.73386
 --------------------------------------------------------------------------------
  -------------------
    MO coefficients
  -------------------
 
                          1          2          3          4          5
                     -10.3385    -0.8960    -0.7929    -0.7149    -0.6290
    1   1 C  S        -0.9954    -0.1242     0.0513    -0.0705     0.1251
    2        S        -0.0358     0.2456    -0.1037     0.1413    -0.2578
    3        Px        0.0000     0.0146     0.1064     0.0806    -0.0395
    4        Py       -0.0003     0.0270     0.0440    -0.0054     0.1548
    5        Pz       -0.0002     0.0719     0.0699    -0.1018    -0.0412
    6        S         0.0259     0.2129    -0.0965     0.1582    -0.3079
    7        Px        0.0009     0.0089     0.0228     0.0268    -0.0196
    8        Py       -0.0001     0.0044     0.0117    -0.0034     0.0585
    9        Pz        0.0008     0.0147     0.0194    -0.0322    -0.0107
   10        D 0       0.0002     0.0048     0.0091     0.0027     0.0058
   11        D+1       0.0000     0.0057     0.0050    -0.0047    -0.0029
   12        D-1       0.0000     0.0079     0.0057    -0.0066    -0.0032
   13        D+2       0.0002     0.0004    -0.0074    -0.0065     0.0077
   14        D-2       0.0002     0.0027     0.0021    -0.0003     0.0067
   15   2 H  S         0.0008     0.0658    -0.0386     0.0674    -0.1768
   16        S        -0.0059    -0.0060    -0.0051     0.0085    -0.0582
   17   3 Cl S         0.0006     0.4222     0.3153    -0.1622     0.1913
   18        S        -0.0047     0.2521     0.2262    -0.1357     0.1842
   19        Px       -0.0001    -0.0344     0.0050     0.0049     0.0325
   20        Py        0.0000    -0.0405    -0.0057    -0.0075     0.0719
   21        Pz       -0.0001    -0.0778    -0.0108    -0.0342     0.0815
   22        Px        0.0011    -0.0138     0.0028     0.0055     0.0157
   23        Py        0.0012    -0.0172    -0.0042    -0.0026     0.0414
   24        Pz        0.0025    -0.0309    -0.0094    -0.0130     0.0435
   25        D 0       0.0001     0.0166     0.0059     0.0064    -0.0055
   26        D+1       0.0002     0.0165     0.0016    -0.0015    -0.0070
   27        D-1       0.0002     0.0194     0.0050     0.0020    -0.0165
   28        D+2       0.0000    -0.0010    -0.0021    -0.0022     0.0056
   29        D-2       0.0001     0.0087     0.0007    -0.0014    -0.0058
   30   4 Br S        -0.0001     0.0750    -0.2185    -0.1211     0.0961
   31        S        -0.0026     0.1814    -0.5683    -0.3328     0.2820
   32        Px       -0.0006     0.0504    -0.0630     0.0149    -0.0800
   33        Py        0.0000     0.0050    -0.0001     0.0019     0.0145
   34        Pz        0.0000     0.0041     0.0066    -0.0129    -0.0057
   35        Px       -0.0018     0.0149    -0.0278     0.0011    -0.0358
   36        Py       -0.0003    -0.0009     0.0008    -0.0009     0.0080
   37        Pz       -0.0001     0.0002     0.0020    -0.0036    -0.0012
   38        D 0       0.0000    -0.0088     0.0135     0.0011     0.0076
   39        D+1      -0.0001     0.0013     0.0025    -0.0042    -0.0014
   40        D-1       0.0000     0.0003     0.0005    -0.0009    -0.0002
   41        D+2       0.0000     0.0155    -0.0231    -0.0020    -0.0116
   42        D-2      -0.0001     0.0020    -0.0014    -0.0005     0.0054
   43   5 I  S        -0.0001     0.0471    -0.0474     0.2993     0.2291
   44        S        -0.0026     0.0607    -0.0688     0.4657     0.3911
   45        Px        0.0002    -0.0114     0.0160    -0.0196     0.0115
   46        Py        0.0005    -0.0119     0.0124    -0.0318     0.0293
   47        Pz       -0.0008     0.0303    -0.0142     0.0529    -0.0359
   48        Px        0.0008    -0.0005     0.0039    -0.0056    -0.0021
   49        Py        0.0007    -0.0024     0.0028    -0.0126     0.0074
   50        Pz       -0.0018     0.0006    -0.0028     0.0183    -0.0025
   51        D 0      -0.0006     0.0054    -0.0009     0.0141     0.0022
   52        D+1       0.0004    -0.0051     0.0060    -0.0129    -0.0022
   53        D-1       0.0005    -0.0058     0.0048    -0.0179     0.0023
   54        D+2       0.0000    -0.0004    -0.0010    -0.0030     0.0033
   55        D-2      -0.0002     0.0026    -0.0034     0.0068     0.0005
 
                          6          7          8          9         10
                      -0.4863    -0.4478    -0.4295    -0.3329    -0.3291
    1   1 C  S         0.0292     0.0191    -0.0164     0.0048    -0.0043
    2        S        -0.0626    -0.0374     0.0263    -0.0080     0.0047
    3        Px        0.0957     0.3039     0.1817    -0.0888     0.0860
    4        Py       -0.3773    -0.0021     0.1339     0.0730     0.0642
    5        Pz       -0.1171     0.2110    -0.2673     0.0333    -0.0790
    6        S        -0.1042    -0.0736     0.0753    -0.0123     0.0309
    7        Px        0.0484     0.1615     0.1159    -0.0253     0.0303
    8        Py       -0.1919    -0.0088     0.0910     0.0180     0.0312
    9        Pz       -0.0498     0.1139    -0.1727     0.0101    -0.0420
   10        D 0      -0.0112     0.0085    -0.0032     0.0027     0.0211
   11        D+1      -0.0026     0.0089     0.0008     0.0195    -0.0046
   12        D-1      -0.0095     0.0075    -0.0054    -0.0076    -0.0072
   13        D+2      -0.0088    -0.0082    -0.0035     0.0174    -0.0023
   14        D-2      -0.0099     0.0027     0.0046     0.0046    -0.0127
   15   2 H  S         0.1945     0.0362    -0.0180    -0.0888    -0.0187
   16        S         0.1327     0.0314    -0.0142    -0.0957    -0.0206
   17   3 Cl S         0.1242    -0.0865     0.0219     0.0036     0.0008
   18        S         0.1579    -0.1182     0.0329     0.0049     0.0011
   19        Px        0.1560     0.0068     0.1814     0.3261    -0.2345
   20        Py        0.0088    -0.1719     0.1513    -0.3363    -0.2736
   21        Pz        0.2395    -0.2321    -0.0560    -0.0290     0.2404
   22        Px        0.1164     0.0093     0.1551     0.3494    -0.2520
   23        Py       -0.0041    -0.1348     0.1272    -0.3526    -0.2925
   24        Pz        0.1719    -0.1806    -0.0547    -0.0280     0.2587
   25        D 0      -0.0232     0.0171     0.0193     0.0011    -0.0073
   26        D+1      -0.0264     0.0018    -0.0143    -0.0043     0.0028
   27        D-1      -0.0053     0.0249    -0.0105     0.0089     0.0032
   28        D+2      -0.0113    -0.0105    -0.0004    -0.0071    -0.0015
   29        D-2      -0.0070     0.0039    -0.0156    -0.0004     0.0030
   30   4 Br S         0.0300     0.0655     0.0282    -0.0017     0.0000
   31        S         0.1004     0.2298     0.1023    -0.0078     0.0011
   32        Px       -0.0931    -0.2900    -0.1494     0.1433    -0.1523
   33        Py       -0.0932    -0.0294     0.0329     0.0212     0.1967
   34        Pz       -0.0259     0.0586    -0.1123    -0.1900    -0.0370
   35        Px       -0.0514    -0.1870    -0.0986     0.1200    -0.1297
   36        Py       -0.0592    -0.0237     0.0205     0.0133     0.1825
   37        Pz       -0.0148     0.0364    -0.0809    -0.1871    -0.0209
   38        D 0       0.0057     0.0157     0.0062    -0.0061     0.0119
   39        D+1      -0.0054     0.0106    -0.0181    -0.0114    -0.0024
   40        D-1      -0.0004     0.0002    -0.0014    -0.0048    -0.0005
   41        D+2      -0.0093    -0.0283    -0.0135     0.0123    -0.0110
   42        D-2      -0.0202    -0.0055     0.0051     0.0034     0.0117
   43   5 I  S         0.0324     0.0332    -0.1072     0.0012    -0.0113
   44        S         0.0665     0.0713    -0.2360     0.0039    -0.0338
   45        Px        0.0373     0.0960    -0.0838    -0.0730    -0.1402
   46        Py       -0.0347     0.0351    -0.1122     0.0528    -0.1457
   47        Pz       -0.0672    -0.0296     0.2443    -0.0473     0.0848
   48        Px        0.0159     0.0470    -0.0439    -0.0570    -0.1210
   49        Py       -0.0231     0.0142    -0.0527     0.0386    -0.1179
   50        Pz       -0.0241    -0.0124     0.1320    -0.0390     0.0386
   51        D 0      -0.0104     0.0050     0.0168    -0.0046    -0.0028
   52        D+1       0.0081     0.0127    -0.0096    -0.0019    -0.0143
   53        D-1      -0.0057     0.0020    -0.0138     0.0057    -0.0163
   54        D+2      -0.0072    -0.0037    -0.0005     0.0115    -0.0004
   55        D-2       0.0013    -0.0080     0.0057     0.0026     0.0057
 
                         11         12         13         14         15
                      -0.3035    -0.2973    -0.2781    -0.2709    -0.0884
    1   1 C  S        -0.0044    -0.0038    -0.0071    -0.0006     0.1263
    2        S         0.0035     0.0107     0.0123     0.0017    -0.2558
    3        Px       -0.0327     0.0052     0.0341     0.0250     0.0422
    4        Py        0.0340    -0.1358    -0.0475     0.0033    -0.2189
    5        Pz       -0.0658     0.0551    -0.0193    -0.0056     0.1840
    6        S         0.0429    -0.0089     0.0302    -0.0002    -0.8987
    7        Px        0.0245     0.0067    -0.0002    -0.0147     0.0345
    8        Py        0.0333    -0.0290     0.0045    -0.0051    -0.2466
    9        Pz        0.0167     0.0322     0.0237    -0.0104     0.2206
   10        D 0      -0.0054    -0.0123    -0.0051     0.0059     0.0039
   11        D+1      -0.0152     0.0057     0.0009     0.0015    -0.0019
   12        D-1      -0.0108     0.0038    -0.0109    -0.0007    -0.0030
   13        D+2       0.0104    -0.0050    -0.0114    -0.0055     0.0045
   14        D-2      -0.0009    -0.0180    -0.0005    -0.0005     0.0036
   15   2 H  S        -0.0286     0.1113     0.0541     0.0052     0.0302
   16        S        -0.0357     0.1390     0.0743     0.0074     0.1218
   17   3 Cl S        -0.0248    -0.0054    -0.0147     0.0075     0.0400
   18        S        -0.0518    -0.0107    -0.0320     0.0175     0.0891
   19        Px        0.1981     0.0811    -0.0403     0.0906    -0.0565
   20        Py       -0.0829     0.1335    -0.0181     0.0413    -0.0039
   21        Pz        0.1024    -0.0599     0.0959    -0.0838    -0.1360
   22        Px        0.2103     0.0870    -0.0372     0.0941    -0.0961
   23        Py       -0.0847     0.1485    -0.0154     0.0405    -0.0139
   24        Pz        0.1243    -0.0640     0.1104    -0.0932    -0.2340
   25        D 0      -0.0060    -0.0054    -0.0013     0.0000    -0.0334
   26        D+1      -0.0091    -0.0008    -0.0040     0.0024    -0.0244
   27        D-1      -0.0074     0.0027    -0.0044     0.0029    -0.0068
   28        D+2       0.0047    -0.0016    -0.0044    -0.0001    -0.0081
   29        D-2      -0.0025    -0.0033    -0.0002    -0.0007     0.0014
   30   4 Br S         0.0041     0.0012    -0.0046    -0.0067     0.0354
   31        S         0.0174     0.0055    -0.0192    -0.0297     0.1611
   32        Px        0.0826    -0.0252    -0.0659    -0.0571     0.2016
   33        Py        0.1382     0.4833    -0.0558    -0.0630     0.0549
   34        Pz        0.4329    -0.0585     0.0134     0.2561    -0.0280
   35        Px        0.0759    -0.0215    -0.0639    -0.0591     0.3447
   36        Py        0.1267     0.4710    -0.0558    -0.0622     0.0845
   37        Pz        0.4122    -0.0647     0.0135     0.2467    -0.0414
   38        D 0      -0.0063    -0.0030     0.0013     0.0056     0.0266
   39        D+1       0.0086    -0.0004    -0.0013    -0.0015     0.0160
   40        D-1      -0.0022    -0.0003    -0.0035    -0.0039    -0.0013
   41        D+2       0.0078     0.0004    -0.0060    -0.0056    -0.0379
   42        D-2       0.0045     0.0056    -0.0032     0.0000    -0.0239
   43   5 I  S         0.0006    -0.0013     0.0029     0.0029     0.0912
   44        S        -0.0020     0.0037     0.0068     0.0063     0.2740
   45        Px        0.1291    -0.0010    -0.1730    -0.4596    -0.1400
   46        Py       -0.0186     0.1172     0.4828    -0.0768    -0.1247
   47        Pz        0.1775    -0.1644     0.2086    -0.2030     0.2821
   48        Px        0.1275    -0.0110    -0.1598    -0.4117    -0.2535
   49        Py       -0.0112     0.1003     0.4390    -0.0661    -0.2353
   50        Pz        0.1479    -0.1210     0.1852    -0.1813     0.5244
   51        D 0       0.0097    -0.0118     0.0065     0.0018    -0.0393
   52        D+1      -0.0024     0.0066    -0.0063    -0.0038     0.0493
   53        D-1      -0.0089     0.0092     0.0004     0.0001     0.0366
   54        D+2      -0.0035     0.0024     0.0035    -0.0028    -0.0033
   55        D-2      -0.0024    -0.0054    -0.0002     0.0041    -0.0195
 
                         16         17         18         19         20
                      -0.0272     0.0132     0.0955     0.3516     0.3590
    1   1 C  S        -0.0430    -0.0512     0.0671    -0.0213    -0.0001
    2        S         0.0945     0.1005    -0.0925     0.2299    -0.0195
    3        Px       -0.4366     0.2530    -0.1120     0.1747    -0.3337
    4        Py       -0.0794     0.1630     0.3421     0.0382    -0.0698
    5        Pz        0.2512     0.4235    -0.0060    -0.0823    -0.2872
    6        S         0.3420     0.4975    -1.2377    -0.3937     0.0327
    7        Px       -0.6108     0.4430    -0.3860    -0.1926     0.4631
    8        Py       -0.1198     0.2797     1.1022    -0.1551     0.0884
    9        Pz        0.3632     0.7397     0.0483     0.1145     0.3847
   10        D 0       0.0109    -0.0116    -0.0125    -0.0313    -0.0649
   11        D+1      -0.0061    -0.0111    -0.0006     0.0518    -0.0329
   12        D-1      -0.0072    -0.0152     0.0016     0.0408    -0.0022
   13        D+2      -0.0141     0.0067    -0.0165    -0.0054     0.0468
   14        D-2       0.0004    -0.0045    -0.0131    -0.0237     0.0147
   15   2 H  S        -0.0034    -0.0017     0.1468     0.0732    -0.0343
   16        S        -0.0557    -0.0830     2.0430    -0.2935    -0.0224
   17   3 Cl S        -0.0311    -0.1922    -0.0249    -0.0227    -0.0031
   18        S        -0.0896    -0.6157    -0.0600     0.0118    -0.2066
   19        Px        0.0955     0.0926     0.0162    -0.0322    -0.0377
   20        Py        0.0380     0.1471    -0.0037    -0.0634    -0.0130
   21        Pz        0.0136     0.2609     0.0247     0.0238     0.0957
   22        Px        0.2031     0.2734     0.0874     0.0107    -0.0291
   23        Py        0.0886     0.3990    -0.1240    -0.0014     0.0476
   24        Pz        0.0443     0.7216     0.0662     0.0478    -0.0010
   25        D 0      -0.0243     0.0551     0.0072     0.0860    -0.0271
   26        D+1       0.0416     0.0424     0.0275     0.0001    -0.1089
   27        D-1       0.0042     0.0693    -0.0424    -0.0057    -0.0899
   28        D+2       0.0058    -0.0115     0.0159     0.0007     0.0004
   29        D-2       0.0328     0.0250    -0.0238    -0.0130    -0.0567
   30   4 Br S        -0.0852     0.0295    -0.0111    -0.0153     0.0014
   31        S        -0.4418     0.1659    -0.0553    -0.0912     0.1083
   32        Px       -0.2988     0.0916    -0.0399     0.0199     0.2714
   33        Py       -0.0006    -0.0248     0.0056    -0.0853     0.0432
   34        Pz       -0.0248    -0.0578    -0.0001     0.1053    -0.1420
   35        Px       -0.6861     0.2221    -0.0147    -0.0966    -0.2262
   36        Py       -0.0172    -0.0490    -0.1473     0.0254    -0.0661
   37        Pz       -0.0665    -0.1453    -0.0054     0.0005     0.0884
   38        D 0      -0.0417     0.0066    -0.0163     0.0397    -0.1121
   39        D+1       0.0227     0.0529    -0.0009    -0.1587     0.0660
   40        D-1      -0.0050    -0.0093     0.0001    -0.0346     0.0026
   41        D+2       0.0718    -0.0232    -0.0346    -0.0255     0.1753
   42        D-2      -0.0002     0.0180     0.0430     0.0805     0.0193
   43   5 I  S         0.0701     0.0232    -0.0173     0.0437     0.0141
   44        S         0.2365     0.0852    -0.0443     0.1617     0.0511
   45        Px       -0.0290    -0.0468     0.0088     0.5076     0.2902
   46        Py       -0.0999    -0.0560     0.0651     0.4533     0.1608
   47        Pz        0.1497     0.0190    -0.0502    -0.9779    -0.1168
   48        Px       -0.0715    -0.1395     0.0659    -0.5761    -0.4512
   49        Py       -0.2089    -0.1331    -0.1197    -0.5797    -0.2211
   50        Pz        0.3629     0.0240    -0.0452     1.2214     0.1146
   51        D 0      -0.0320     0.0383     0.0032    -0.1488     0.4263
   52        D+1      -0.0034     0.0248    -0.0362     0.0049     0.3895
   53        D-1       0.0455     0.0126     0.0344     0.1553    -0.0470
   54        D+2       0.0142     0.0091     0.0003     0.0969    -0.1826
   55        D-2      -0.0011    -0.0449    -0.0323     0.0109    -0.3170
 
                         21         22         23         24         25
                       0.3677     0.3804     0.3830     0.4250     0.4315
    1   1 C  S        -0.0007    -0.0053     0.0021     0.0010    -0.0034
    2        S         0.0693     0.0673    -0.0246    -0.0448    -0.0116
    3        Px       -0.1005    -0.0094     0.0176     0.2253     0.0304
    4        Py        0.4129     0.0722     0.0312    -0.0188    -0.1237
    5        Pz        0.1973     0.1098     0.0743     0.0743     0.0585
    6        S        -0.1595    -0.0061     0.0329     0.1610     0.1666
    7        Px        0.1240     0.0259     0.0230    -0.4544     0.0178
    8        Py       -0.5072    -0.0590    -0.0029    -0.0025     0.1665
    9        Pz       -0.3241    -0.1685    -0.0475    -0.1845    -0.1667
   10        D 0       0.0300     0.0096     0.0187    -0.0085    -0.0031
   11        D+1      -0.0055     0.0152     0.0060     0.0009     0.0075
   12        D-1       0.0452     0.0202     0.0064     0.0068     0.0158
   13        D+2       0.0491     0.0242    -0.0140    -0.0072     0.0085
   14        D-2       0.0107     0.0175     0.0014     0.0124    -0.0172
   15   2 H  S        -0.2298    -0.1086     0.0063     0.0197     0.0031
   16        S         0.1354    -0.0925     0.0649     0.0236    -0.0232
   17   3 Cl S        -0.0111     0.0283     0.0329     0.0056     0.0110
   18        S         0.1751     0.0897     0.0395     0.1259     0.0013
   19        Px       -0.0106    -0.0488     0.0706     0.0272     0.0784
   20        Py        0.0316     0.0692     0.0107    -0.0691     0.0004
   21        Pz       -0.0538    -0.0552    -0.0770     0.0652    -0.1239
   22        Px       -0.0773     0.0010    -0.0168    -0.0041    -0.0582
   23        Py        0.0089    -0.0285     0.0206    -0.0039    -0.0260
   24        Pz        0.0085    -0.0067     0.0020    -0.1272     0.1197
   25        D 0       0.0570     0.0310    -0.0170     0.0355     0.0012
   26        D+1       0.0372     0.0107     0.0677     0.0299     0.0189
   27        D-1       0.0896     0.0861     0.0399    -0.0084     0.0163
   28        D+2      -0.0187    -0.0013    -0.0176    -0.0042     0.0136
   29        D-2       0.0306     0.0110     0.0058     0.0197    -0.0167
   30   4 Br S        -0.0011     0.0036    -0.0138    -0.0231    -0.0016
   31        S         0.0283     0.0199    -0.0469    -0.2028    -0.0101
   32        Px        0.0989     0.0682    -0.0750     0.2822     0.1425
   33        Py        0.0826     0.2100    -0.0135     0.2107    -0.1747
   34        Pz       -0.0579     0.0727     0.2077    -0.2045    -0.1875
   35        Px       -0.0991    -0.0580     0.0331    -0.4838    -0.1572
   36        Py        0.0192    -0.1485    -0.0156    -0.2168     0.1383
   37        Pz        0.1138    -0.0324    -0.1097     0.2304     0.2119
   38        D 0      -0.0356     0.0243     0.0813     0.0164    -0.0151
   39        D+1      -0.0298    -0.0560    -0.0893    -0.0242    -0.0450
   40        D-1       0.0171     0.0568    -0.0462     0.0311     0.0120
   41        D+2       0.0754     0.0756    -0.0376    -0.0620     0.0057
   42        D-2      -0.0702    -0.0685     0.0209    -0.0282     0.0552
   43   5 I  S         0.0003    -0.0030    -0.0087     0.0059    -0.0106
   44        S        -0.0110    -0.0299    -0.0280     0.0054    -0.0745
   45        Px        0.0634    -0.2878     1.1080     0.0621     0.0014
   46        Py       -0.2148     1.1615     0.0230    -0.0553     0.1436
   47        Pz       -0.2590     0.3697     0.6531     0.0088     0.0685
   48        Px       -0.1019     0.3011    -1.1077    -0.0408     0.0312
   49        Py        0.3464    -1.1483     0.0039     0.0525    -0.1170
   50        Pz        0.3046    -0.3914    -0.6960     0.0150    -0.1506
   51        D 0      -0.3306    -0.0492    -0.0376     0.2069    -0.3310
   52        D+1       0.2872     0.1020     0.0096    -0.1436    -0.4022
   53        D-1      -0.3908     0.0054    -0.0289     0.4886    -0.0550
   54        D+2      -0.3811    -0.0193    -0.0150    -0.6415    -0.3320
   55        D-2       0.1266     0.0775     0.0414     0.2958    -0.7055
 
                         26         27         28         29         30
                       0.4514     0.4603     0.4871     0.5038     0.5146
    1   1 C  S         0.0049    -0.0154     0.0043     0.0013    -0.0043
    2        S        -0.0854     0.2926     0.0160    -0.0324     0.0924
    3        Px       -0.0845    -0.3595    -0.0166     0.2779    -0.1198
    4        Py       -0.2206    -0.1081     0.2935     0.0202     0.0557
    5        Pz        0.4353     0.1381     0.1564     0.0102     0.0500
    6        S         0.3335    -0.7028    -0.1065     0.0428    -0.1183
    7        Px        0.2135     0.7763    -0.0417    -0.6828     0.2387
    8        Py        0.5719     0.1729    -0.6208    -0.0814    -0.1252
    9        Pz       -1.0176    -0.3934    -0.3245    -0.0137    -0.0498
   10        D 0      -0.0525     0.0120     0.0005     0.0264     0.0064
   11        D+1       0.0622     0.0023     0.0437     0.0087     0.0427
   12        D-1       0.0424     0.0233    -0.0096    -0.0120    -0.0016
   13        D+2       0.0265    -0.0501    -0.0111    -0.0210    -0.0040
   14        D-2      -0.0217    -0.0209     0.0803     0.0069     0.0550
   15   2 H  S         0.1572     0.0611    -0.1309    -0.0100    -0.1413
   16        S         0.1982    -0.1558    -0.0175    -0.0017    -0.0354
   17   3 Cl S         0.0308    -0.0161    -0.0061    -0.0064     0.0145
   18        S         0.2051     0.0671     0.2338     0.1025     0.0143
   19        Px       -0.1058     0.0996    -0.0909     0.0284    -0.2857
   20        Py       -0.0673    -0.0255    -0.0789     0.0803    -0.0526
   21        Pz        0.0012     0.0277     0.0523    -0.0734    -0.0081
   22        Px       -0.0455    -0.1363     0.0333     0.0843     0.1640
   23        Py       -0.1310    -0.0455     0.0800    -0.0983     0.0757
   24        Pz        0.0011    -0.0163    -0.1764    -0.0293     0.0364
   25        D 0       0.1716     0.0152     0.0428    -0.0522     0.1113
   26        D+1       0.0058     0.0262     0.0179     0.0782    -0.0534
   27        D-1       0.0228    -0.0102     0.0893    -0.0086     0.0599
   28        D+2      -0.0003     0.0880    -0.0218     0.0343    -0.1109
   29        D-2      -0.0834    -0.0013     0.0283     0.1139     0.0131
   30   4 Br S         0.0072     0.0616    -0.0015    -0.0365     0.0188
   31        S         0.0690     0.4456    -0.0145    -0.2917     0.1250
   32        Px        0.3754    -0.9474    -0.0197     0.0320    -0.2462
   33        Py        0.0048    -0.0171    -0.5726     0.6275     0.7617
   34        Pz       -0.0148    -0.3438    -0.2718    -0.7942     0.5513
   35        Px       -0.3345     1.4581    -0.0002    -0.3228     0.3878
   36        Py       -0.0931     0.0035     0.7208    -0.6550    -0.7318
   37        Pz        0.1761     0.3987     0.3506     0.8453    -0.5429
   38        D 0      -0.1246     0.0205    -0.0086     0.1173    -0.0926
   39        D+1      -0.3608    -0.1025    -0.2891    -0.2120    -0.1475
   40        D-1       0.0487     0.0579    -0.0163    -0.0863    -0.0688
   41        D+2       0.0803    -0.0335     0.0391    -0.1272     0.0004
   42        D-2       0.2019     0.1024    -0.5482     0.0261    -0.2248
   43   5 I  S        -0.0830    -0.0301    -0.0013     0.0464    -0.0103
   44        S        -0.4093    -0.1633     0.0084     0.1312    -0.0254
   45        Px       -0.1050    -0.0158     0.0233     0.1337    -0.0228
   46        Py       -0.2286     0.0750    -0.0168    -0.0214    -0.2230
   47        Pz        0.1452    -0.0353     0.0253    -0.0367    -0.1095
   48        Px        0.3076     0.0568    -0.0261    -0.1963     0.0286
   49        Py        0.4759     0.0139     0.0931    -0.0614     0.2985
   50        Pz       -0.6043    -0.1461     0.0220     0.2295     0.1002
   51        D 0      -0.2148    -0.0237     0.2859     0.1594     0.1101
   52        D+1       0.4022     0.1563    -0.0742     0.0177    -0.1635
   53        D-1       0.2898     0.1718     0.1736    -0.2510     0.1499
   54        D+2       0.1887    -0.2127     0.1624     0.2472     0.0004
   55        D-2      -0.0900    -0.0073    -0.1139    -0.1002    -0.3025
 
                         31         32         33         34
                       0.5733     0.5896     0.5953     0.6167
    1   1 C  S         0.0136    -0.0004     0.0344     0.0002
    2        S        -0.0805     0.0520    -0.1136    -0.0341
    3        Px       -0.3229    -0.0278    -0.0850     0.0787
    4        Py       -0.0130     0.1799    -0.2378    -0.0530
    5        Pz       -0.0295     0.0830     0.4722     0.0651
    6        S         0.0252    -0.2491    -0.4540     0.1531
    7        Px        0.8685     0.1705    -0.1920    -0.4325
    8        Py        0.0205    -0.3169    -0.0062     0.2173
    9        Pz        0.3137    -0.3368    -0.2399    -0.1930
   10        D 0      -0.0006    -0.0342     0.0249     0.0076
   11        D+1       0.0573    -0.0018    -0.0130    -0.0392
   12        D-1      -0.0654    -0.0297    -0.0312     0.0596
   13        D+2       0.0751     0.0266     0.0102    -0.0652
   14        D-2      -0.0189     0.0014    -0.0264     0.0086
   15   2 H  S        -0.1117     0.0026    -0.0348     0.1922
   16        S        -0.0070    -0.1088     0.0886     0.0216
   17   3 Cl S        -0.0398     0.0309     0.0157     0.0104
   18        S        -0.2728     0.2190     0.1722     0.0780
   19        Px       -0.0828     0.3520    -0.0868    -0.2459
   20        Py        0.2175     0.1681    -0.0649    -0.0397
   21        Pz       -0.1379     0.2088     0.3161    -0.0344
   22        Px        0.0203    -0.4813     0.0325     0.3009
   23        Py       -0.0417    -0.2252    -0.0213    -0.0673
   24        Pz        0.3332    -0.3591    -0.4189     0.0030
   25        D 0      -0.0240     0.0340    -0.0915     0.0838
   26        D+1      -0.2496    -0.1471     0.0126     0.2618
   27        D-1       0.1257     0.0080     0.0036    -0.1760
   28        D+2      -0.1457    -0.0579    -0.0248     0.1860
   29        D-2      -0.0720    -0.0509     0.0642     0.0452
   30   4 Br S         0.0350     0.0046    -0.0057    -0.0115
   31        S         0.3198     0.0739    -0.0399    -0.1473
   32        Px        0.0682     0.0430     0.0100    -0.0236
   33        Py       -0.0147     0.1732    -0.1276    -0.0932
   34        Pz       -0.2183    -0.0009     0.2242     0.2057
   35        Px        0.2453     0.0211    -0.0477    -0.1192
   36        Py        0.0290    -0.1516     0.1258     0.0723
   37        Pz        0.1992     0.0248    -0.1917    -0.2026
   38        D 0       0.0689     0.5381     0.0589     0.6341
   39        D+1      -0.1285     0.0484    -0.2793     0.0452
   40        D-1      -0.5647     0.4764     0.1415    -0.4380
   41        D+2       0.3585     0.4443    -0.0219     0.1259
   42        D-2       0.1916     0.0077     0.2342    -0.0916
   43   5 I  S         0.0078    -0.0083     0.0318    -0.0225
   44        S        -0.0043    -0.0410     0.0321    -0.0588
   45        Px        0.0257     0.0475     0.0045    -0.1835
   46        Py        0.0000    -0.1358     0.1258    -0.0282
   47        Pz       -0.0330    -0.0464    -0.2243     0.0041
   48        Px       -0.1730    -0.0614    -0.0257     0.3341
   49        Py        0.0028     0.2340    -0.2191     0.0409
   50        Pz        0.0089     0.0167     0.4075    -0.0624
   51        D 0      -0.0700    -0.0340     0.4693     0.0749
   52        D+1      -0.3473    -0.0874    -0.3235     0.2365
   53        D-1       0.0730     0.1549    -0.5232    -0.0584
   54        D+2       0.0540     0.1334    -0.1307    -0.1618
   55        D-2       0.2558    -0.0741     0.1229    -0.1366
 
 -------------------------------------
      Mulliken Population Analysis
     Atom     Population     Charge
 -------------------------------------
    1  C       6.354680    -0.354680
    2  H       0.714882     0.285118
    3  Cl      7.009144    -0.009144
    4  Br      7.005872    -0.005872
    5  I       6.915422     0.084578
 -------------------------------------
     Total                  0.000000
 -------------------------------------
 
 ==========================
     Optimized Geometry
 ==========================
 ----------------------------------------------------
          Molecular Geometry (Angstrom)
  Atom            X             Y             Z
 ----------------------------------------------------
   C          0.3977593     2.5658561     0.0154551
   H          0.7558834     1.5422924    -0.0107732
   Cl         1.0237349     3.3285283     1.4878179
   Br        -1.5660740     2.4680982     0.0209807
   I          1.1720397     3.5060430    -1.7910893
 ----------------------------------------------------

 Step CPU :       0.0, Total CPU :      20.6 of Master node
 Step Wall :      0.0, Total Wall :      1.8 at Fri Jan  2 13:13:51 2015

 Total CPU time :       20.8 seconds
 Total Wall time:        1.8 seconds
                 ( 0 days  0 hours  0 minutes  1.8 seconds)
 The job finished at Fri Jan  2 13:13:51 2015
 Used memory :     52 MB
 Your calculation finished with  0 warning(s).
