 *******************************************
    Scalable Molecular Analysis Solver for
      High performance computing systems
            SMASH Version 3.0.0     
           written by K. ISHIMURA
 *******************************************

 The job started at Sun Aug  1 23:59:12 2021
 Master node is smash.jp
 Number of processes =     2
 Number of threads   =    12

 --------------
   Input data
 --------------
  job runtype=energy method=hf basis=lanl2dz ecp=lanl2dz
  geom
 --------------

 -------------------------------------------------------------------------
   Job information
 -------------------------------------------------------------------------
   Runtype = ENERGY      ,  Method  = HF           ,  Basis    = LANL2DZ     
   Memory  = 8000MB      ,  SCFtype = RHF          ,  Precision= MEDIUM      
   Charge  = 0.0         ,  Multi   = 1            ,  Spher    = T
   Bohr    = F           ,  Guess   = HUCKEL       ,  Multipole= DIPOLE      
   Pop     = MULLIKEN    ,  Iprint  = 3           
 -------------------------------------------------------------------------

 ------------------------------------------------
   Computational condition
 ------------------------------------------------
   Number of atoms                      =   21
   Number of alpha electrons            =   43
   Number of beta electrons             =   43
   Number of basis shells               =   78
   Number of basis contracted functions =  132
   Number of basis primitive functions  =  208
 ------------------------------------------------

 ----------------------------------------------------
          Molecular Geometry (Angstrom)
  Atom            X             Y             Z
 ----------------------------------------------------
   C         -1.8480560    -1.1038550    -0.4841750
   H         -1.8920490    -2.0792660    -0.9119970
   C         -1.8481760    -0.8015770     0.9001850
   H         -1.8922680    -1.5098810     1.6956420
   C         -1.8480430     1.1776250    -0.2571530
   H         -1.8920290     2.2182190    -0.4843700
   C         -1.8482100     0.6084540     1.0404890
   H         -1.8923200     1.1461080     1.9599280
   C         -1.8481400     0.1193570    -1.1994450
   H         -1.8921690     0.2248250    -2.2593140
   C          1.8481520     0.6103560     1.0393840
   H          1.8922290     1.1496890     1.9578430
   C          1.8481990    -0.7999220     0.9016520
   H          1.8923060    -1.5067660     1.6984050
   C          1.8480790     0.1171600    -1.1996710
   H          1.8920720     0.2206870    -2.2597340
   C          1.8480820    -1.1047330    -0.4821610
   H          1.8920900    -2.0809210    -0.9082040
   C          1.8481190     1.1771440    -0.2593050
   H          1.8921520     2.2173150    -0.4884220
   Fe        -0.0000020    -0.0000030     0.0000550
 ----------------------------------------------------

 -------------
   Basis set
 -------------
  C  
    S  7
       4233.0000000      0.00122000
        634.9000000      0.00934200
        146.1000000      0.04545200
         42.5000000      0.15465700
         14.1900000      0.35886600
          5.1480000      0.43863200
          1.9670000      0.14591800
    S  2
          5.1480000     -0.16836700
          0.4962000      1.06009100
    S  1
          0.1533000      1.00000000
    P  4
         18.1600000      0.01853900
          3.9860000      0.11543600
          1.1430000      0.38618800
          0.3594000      0.64011400
    P  1
          0.1146000      1.00000000
  ****
  H  
    S  3
         19.2384000      0.03282800
          2.8987000      0.23120400
          0.6535000      0.81722600
    S  1
          0.1776000      1.00000000
  ****
  Fe 
    S  3
          6.4220000     -0.39278820
          1.8260000      0.77126430
          0.7135000      0.49202280
    S  4
          6.4220000      0.17868770
          1.8260000     -0.41940320
          0.7135000     -0.45681850
          0.1021000      1.10350480
    S  1
          0.0363000      1.00000000
    P  3
         19.4800000     -0.04702820
          2.3890000      0.62488410
          0.7795000      0.47225420
    P  1
          0.0740000      1.00000000
    P  1
          0.0220000      1.00000000
    D  4
         37.0800000      0.03290000
         10.1000000      0.17874180
          3.2200000      0.44876570
          0.9628000      0.58763610
    D  1
          0.2262000      1.00000000
  ****

 ----------------
   ECP function
 ----------------
  Fe 
  Fe-ECP     2   10
  d-ul potential
    3
  1     392.6149787     -10.0000000
  2      71.1756979     -63.2667518
  2      17.7320281     -10.9613338
  s-ul potential
    5
  0     126.0571895       3.0000000
  1     138.1264251      18.1729137
  2      54.2098858     339.1231164
  2       9.2837966     317.1068012
  2       8.6289082    -207.3421649
  p-ul potential
    5
  0      83.1759490       5.0000000
  1     106.0559938       5.9535930
  2      42.8284937     294.2665527
  2       8.7701805     154.4244635
  2       8.0397818     -95.3164249
 
 Nuclear repulsion energy =     713.075408182 Hartree

 =====================
   Guess calculation
 =====================
   Guess MOs are generated using extended Huckel orbitals.
 
 If the calculation stops at the beginning of SCF, increase the stack size.
 bash: Write the following two lines in the ~/.bashrc file.
       ulimit -s unlimited
       export OMP_STACKSIZE=1G
 tcsh: Write the following two lines in the ~/.tcshrc file.
       unlimit
       setenv OMP_STACKSIZE 1G

 Step CPU :       0.5, Total CPU :       0.5 of Master process
 Step Wall :      0.0, Total Wall :      0.0 at Sun Aug  1 23:59:12 2021

 ==========================================================================
   Restricted Hartree-Fock calculation
 ==========================================================================
   SCFConv    = DIIS    ,  Dconv      = 5.00E-06,  MaxIter     = 150     
   Cutint2    = 1.00E-11,  ThreshEx   = 3.00E+01,  ThreshOver  = 1.00E-06
   MaxDIIS    = 20      ,  ThreshDIIS = 6.00E-01
 --------------------------------------------------------------------------
 Iter SubIt   Total Energy       Delta Energy     Delta Density     DIIS Error
   1    1    -505.834324666    -505.834324666      0.338061695      0.503276622
   2    2    -506.568504875      -0.734180209      0.560996935      0.419327471
   3    3    -506.548291148       0.020213727      0.407677074      0.374659480
   4    4    -506.837187435      -0.288896287      0.085028809      0.053161160
   5    5    -506.843892468      -0.006705033      0.013210019      0.008859872
   6    6    -506.844833342      -0.000940874      0.009339216      0.004048801
   7    7    -506.844976250      -0.000142908      0.004027594      0.000996210
   8    8    -506.844984438      -0.000008188      0.000592739      0.000100890
   9    9    -506.844984595      -0.000000157      0.000187665      0.000057137
  10   10    -506.844984616      -0.000000021      0.000023689      0.000007338
  11   11    -506.844984616      -0.000000000      0.000003047      0.000002127
 --------------------------------------------
    SCF Converged.
    RHF Energy =    -506.844984616 Hartree
 --------------------------------------------

 --------------------------------------------------------------------------------
   Orbital Energies (Hartree)
 --------------------------------------------------------------------------------
   Alpha Occupied:    -11.23858   -11.23858   -11.23790   -11.23790   -11.23790
   Alpha Occupied:    -11.23790   -11.23667   -11.23667   -11.23667   -11.23667
   Alpha Occupied:     -4.17898    -2.79292    -2.76395    -2.76395    -1.20423
   Alpha Occupied:     -1.19255    -0.97363    -0.97363    -0.97259    -0.97259
   Alpha Occupied:     -0.74815    -0.74815    -0.74245    -0.74244    -0.73510
   Alpha Occupied:     -0.71988    -0.58881    -0.56545    -0.56545    -0.56210
   Alpha Occupied:     -0.56210    -0.53541    -0.53209    -0.53209    -0.52726
   Alpha Occupied:     -0.52726    -0.51690    -0.46369    -0.46369    -0.34097
   Alpha Occupied:     -0.34095    -0.33592    -0.33591
   Alpha Virtual :      0.06430     0.06430     0.07732     0.14711     0.18429
   Alpha Virtual :      0.18429     0.21020     0.21020     0.21219     0.21219
   Alpha Virtual :      0.26430     0.26430     0.29649     0.29650     0.31007
   Alpha Virtual :      0.31007     0.31598     0.31598     0.32254     0.34686
   Alpha Virtual :      0.37009     0.37009     0.37867     0.42296     0.42297
   Alpha Virtual :      0.43763     0.43763     0.45433     0.45434     0.47335
   Alpha Virtual :      0.47950     0.47950     0.50852     0.50884     0.50885
   Alpha Virtual :      0.51470     0.51471     0.53698     0.55739     0.55740
   Alpha Virtual :      0.56183     0.56758     0.56758     0.61071     0.61072
   Alpha Virtual :      0.63159     0.72522     0.72523     0.78763     0.78765
   Alpha Virtual :      0.81080     0.81082     0.86571     0.86776     0.86777
   Alpha Virtual :      0.87538     0.87538     0.92467     0.92468     0.96854
   Alpha Virtual :      0.98337     0.99562     1.00579     1.00580     1.03096
   Alpha Virtual :      1.03096     1.21648     1.24765     1.24768     1.35414
   Alpha Virtual :      1.35415     1.38654     1.38655     1.44315     1.44316
   Alpha Virtual :      1.46620     1.48359     1.48359     1.49269     1.57407
   Alpha Virtual :      1.57408     1.61369     1.62157     1.62157     1.76209
   Alpha Virtual :      1.76211     1.79243     1.79244     4.97649
 --------------------------------------------------------------------------------
 -------------------------
   Alpha MO coefficients
 -------------------------
                             33          34          35          36          37
    Orbital Energy        -0.53209    -0.53209    -0.52726    -0.52726    -0.51690
    1    1 C   S          0.006560    0.008164    0.005729   -0.006479   -0.002673
    2    1 C   S         -0.012095   -0.015054   -0.011647    0.013171    0.000894
    3    1 C   S         -0.021535   -0.026766   -0.014227    0.016092    0.103082
    4    1 C   Px         0.006062    0.007574    0.002547   -0.002925   -0.197164
    5    1 C   Py         0.172614    0.043821    0.179534   -0.031590    0.021870
    6    1 C   Pz        -0.151425    0.201599   -0.152337   -0.218405    0.009543
    7    1 C   Px        -0.002462   -0.003060    0.001731   -0.001966   -0.041861
    8    1 C   Py         0.042701    0.024236    0.033271   -0.009629   -0.002487
    9    1 C   Pz        -0.019746    0.041512   -0.023088   -0.037590   -0.001092
   10    2 H   S         -0.064507   -0.080325   -0.067014    0.075738   -0.004686
   11    2 H   S         -0.042551   -0.052956   -0.054962    0.062133   -0.001760
   12    3 C   S         -0.010106   -0.002746   -0.008445    0.001873   -0.002674
   13    3 C   S          0.018638    0.005068    0.017167   -0.003807    0.000891
   14    3 C   S          0.033146    0.008989    0.021000   -0.004673    0.103119
   15    3 C   Px        -0.009291   -0.002429   -0.003869    0.000835   -0.197159
   16    3 C   Py        -0.047288   -0.219356   -0.055485    0.228481    0.015956
   17    3 C   Pz         0.158517   -0.140707    0.154200    0.158351   -0.017839
   18    3 C   Px         0.003805    0.001059   -0.002574    0.000564   -0.041855
   19    3 C   Py        -0.023100   -0.041274   -0.013319    0.038184   -0.001772
   20    3 C   Pz         0.043794   -0.019190    0.029928    0.024788    0.002019
   21    4 H   S          0.099382    0.027049    0.098727   -0.021867   -0.004718
   22    4 H   S          0.065533    0.017823    0.080976   -0.017957   -0.001784
   23    5 C   S         -0.005736    0.008762   -0.004391   -0.007452   -0.002673
   24    5 C   S          0.010580   -0.016155    0.008925    0.015149    0.000894
   25    5 C   S          0.018795   -0.028746    0.010920    0.018505    0.103073
   26    5 C   Px        -0.005239    0.008120   -0.002017   -0.003344   -0.197167
   27    5 C   Py         0.130745   -0.095743    0.129178    0.100556   -0.023312
   28    5 C   Pz         0.199848    0.170558    0.221072   -0.168712    0.005044
   29    5 C   Px         0.002171   -0.003282   -0.001338   -0.002260   -0.041863
   30    5 C   Py         0.034761   -0.035417    0.024294    0.021928    0.002658
   31    5 C   Pz         0.031092    0.033085    0.035356   -0.028714   -0.000605
   32    6 H   S          0.056443   -0.086174    0.051319    0.087147   -0.004681
   33    6 H   S          0.037206   -0.056833    0.042111    0.071477   -0.001759
   34    7 C   S          0.009792   -0.003714    0.007932    0.003447   -0.002674
   35    7 C   S         -0.018058    0.006849   -0.016127   -0.007008    0.000890
   36    7 C   S         -0.032118    0.012195   -0.019718   -0.008581    0.103133
   37    7 C   Px         0.009069   -0.003338    0.003598    0.001547   -0.197156
   38    7 C   Py         0.008351    0.243122    0.025235   -0.255075   -0.012137
   39    7 C   Pz        -0.173089   -0.078392   -0.180201    0.077188   -0.020646
   40    7 C   Px        -0.003673    0.001415    0.002407    0.001045   -0.041852
   41    7 C   Py        -0.009707    0.045366    0.001087   -0.042926    0.001352
   42    7 C   Pz        -0.048309   -0.006099   -0.034580    0.010305    0.002304
   43    8 H   S         -0.096311    0.036514   -0.092727   -0.040334   -0.004724
   44    8 H   S         -0.063497    0.024095   -0.076060   -0.033072   -0.001784
   45    9 C   S         -0.000509   -0.010460   -0.000828    0.008610   -0.002674
   46    9 C   S          0.000937    0.019293    0.001682   -0.017505    0.000888
   47    9 C   S          0.001680    0.034314    0.002061   -0.021425    0.103130
   48    9 C   Px        -0.000447   -0.009573   -0.000403    0.003925   -0.197153
   49    9 C   Py        -0.264414    0.028153   -0.278449   -0.042375   -0.002374
   50    9 C   Pz        -0.033851   -0.153031   -0.042737    0.151566    0.023850
   51    9 C   Px         0.000194    0.003953   -0.000260    0.002618   -0.041856
   52    9 C   Py        -0.044661    0.007091   -0.045337   -0.007566    0.000247
   53    9 C   Pz        -0.006832   -0.049307   -0.007624    0.031215   -0.002600
   54   10 H   S          0.004977    0.102857    0.009709   -0.100649   -0.004746
   55   10 H   S          0.003298    0.067816    0.007946   -0.082557   -0.001766
   56   11 C   S          0.009797   -0.003696   -0.007935   -0.003444    0.002674
   57   11 C   S         -0.018066    0.006821    0.016131    0.006999   -0.000892
   58   11 C   S         -0.032135    0.012094    0.019720    0.008585   -0.103108
   59   11 C   Px        -0.009038    0.003285    0.003607    0.001630   -0.197167
   60   11 C   Py         0.007743    0.242962   -0.024566    0.254993    0.012138
   61   11 C   Pz        -0.173021   -0.079037    0.180162   -0.077874    0.020597
   62   11 C   Px         0.003681   -0.001421    0.002413    0.001060   -0.041859
   63   11 C   Py        -0.009825    0.045369   -0.000947    0.042899   -0.001356
   64   11 C   Pz        -0.048273   -0.006191    0.034574   -0.010472   -0.002340
   65   12 H   S         -0.096358    0.036390    0.092788    0.040235    0.004704
   66   12 H   S         -0.063541    0.023981    0.076103    0.033017    0.001779
   67   13 C   S         -0.010100   -0.002765    0.008444   -0.001879    0.002674
   68   13 C   S          0.018627    0.005100   -0.017166    0.003819   -0.000890
   69   13 C   S          0.033127    0.009073   -0.020998    0.004691   -0.103128
   70   13 C   Px         0.009305    0.002443   -0.003838    0.000912   -0.197161
   71   13 C   Py        -0.046731   -0.219665    0.054900   -0.228844   -0.015913
   72   13 C   Pz         0.158745   -0.140120   -0.154527   -0.157733    0.017898
   73   13 C   Px        -0.003800   -0.001062   -0.002564    0.000587   -0.041854
   74   13 C   Py        -0.022986   -0.041297    0.013195   -0.038284    0.001782
   75   13 C   Pz         0.043862   -0.019106   -0.029994   -0.024630   -0.001995
   76   14 H   S          0.099336    0.027169   -0.098706    0.021996    0.004725
   77   14 H   S          0.065492    0.017931   -0.080964    0.018024    0.001786
   78   15 C   S         -0.000489   -0.010460    0.000822   -0.008612    0.002673
   79   15 C   S          0.000904    0.019292   -0.001672    0.017505   -0.000890
   80   15 C   S          0.001589    0.034299   -0.002050    0.021429   -0.103104
   81   15 C   Px         0.000428    0.009525   -0.000363    0.003970   -0.197164
   82   15 C   Py        -0.264477    0.027586    0.278604    0.041710    0.002310
   83   15 C   Pz        -0.033168   -0.153133    0.042048   -0.151722   -0.023813
   84   15 C   Px        -0.000192   -0.003963   -0.000245    0.002631   -0.041863
   85   15 C   Py        -0.044678    0.006960    0.045376    0.007427   -0.000271
   86   15 C   Pz        -0.006750   -0.049324    0.007447   -0.031241    0.002632
   87   16 H   S          0.004842    0.102867   -0.009590    0.100675    0.004725
   88   16 H   S          0.003177    0.067825   -0.007884    0.082579    0.001760
   89   17 C   S          0.006546    0.008175   -0.005727    0.006481    0.002674
   90   17 C   S         -0.012072   -0.015072    0.011643   -0.013177   -0.000893
   91   17 C   S         -0.021456   -0.026836    0.014236   -0.016087   -0.103092
   92   17 C   Px        -0.006039   -0.007616    0.002617   -0.002842   -0.197165
   93   17 C   Py         0.172240    0.044385   -0.179253    0.032210   -0.021891
   94   17 C   Pz        -0.151967    0.201360    0.152961    0.218129   -0.009535
   95   17 C   Px         0.002463    0.003054    0.001742   -0.001950   -0.041859
   96   17 C   Py         0.042667    0.024322   -0.033201    0.009776    0.002469
   97   17 C   Pz        -0.019842    0.041442    0.023222    0.037539    0.001099
   98   18 H   S         -0.064388   -0.080404    0.066941   -0.075809    0.004694
   99   18 H   S         -0.042442   -0.053030    0.054916   -0.062174    0.001762
  100   19 C   S         -0.005753    0.008753    0.004395    0.007449    0.002674
  101   19 C   S          0.010607   -0.016139   -0.008935   -0.015145   -0.000891
  102   19 C   S          0.018886   -0.028711   -0.010923   -0.018500   -0.103105
  103   19 C   Px         0.005294   -0.008155   -0.001982   -0.003307   -0.197162
  104   19 C   Py         0.131215   -0.095254   -0.129695   -0.100064    0.023353
  105   19 C   Pz         0.199396    0.170938   -0.220640    0.169209   -0.005098
  106   19 C   Px        -0.002164    0.003272   -0.001334   -0.002246   -0.041856
  107   19 C   Py         0.034809   -0.035349   -0.024432   -0.021822   -0.002622
  108   19 C   Pz         0.030997    0.033175   -0.035254    0.028814    0.000579
  109   20 H   S          0.056548   -0.086092   -0.051416   -0.087076    0.004706
  110   20 H   S          0.037301   -0.056759   -0.042160   -0.071430    0.001767
  111   21 Fe  S         -0.000001   -0.000003    0.000001    0.000001   -0.000000
  112   21 Fe  S          0.000039    0.000163   -0.000035   -0.000061    0.000003
  113   21 Fe  S         -0.000003   -0.000015    0.000004    0.000007   -0.000000
  114   21 Fe  Px         0.000006   -0.000009   -0.000006    0.000024   -0.126164
  115   21 Fe  Py        -0.000003    0.000000   -0.000002   -0.000003    0.000000
  116   21 Fe  Pz        -0.000000   -0.000003   -0.000003    0.000002    0.000000
  117   21 Fe  Px        -0.000029    0.000045    0.000030   -0.000119    0.589363
  118   21 Fe  Py         0.000003   -0.000001    0.000005    0.000005    0.000000
  119   21 Fe  Pz         0.000000    0.000007    0.000005   -0.000005   -0.000000
  120   21 Fe  Px         0.000002   -0.000003   -0.000002    0.000007   -0.035181
  121   21 Fe  Py         0.000001    0.000000    0.000000    0.000000    0.000000
  122   21 Fe  Pz        -0.000000    0.000000    0.000000   -0.000000    0.000000
  123   21 Fe  D-2       -0.000004    0.000004   -0.000004   -0.000001    0.000000
  124   21 Fe  D-1        0.180984    0.027136   -0.000033   -0.000233    0.000020
  125   21 Fe  D0         0.023561   -0.156493    0.000158   -0.000107    0.000045
  126   21 Fe  D+1       -0.000004   -0.000004   -0.000001    0.000003   -0.000005
  127   21 Fe  D+2        0.013471   -0.090898    0.000202    0.000133    0.000017
  128   21 Fe  D-2       -0.000003    0.000003   -0.000005   -0.000001    0.000001
  129   21 Fe  D-1        0.069735    0.010456   -0.000012   -0.000082    0.000007
  130   21 Fe  D0         0.009070   -0.060334    0.000061   -0.000028    0.000014
  131   21 Fe  D+1       -0.000003   -0.000003   -0.000001    0.000004   -0.000008
  132   21 Fe  D+2        0.005205   -0.034964    0.000061    0.000029    0.000006
 
                             38          39          40          41          42
    Orbital Energy        -0.46369    -0.46369    -0.34097    -0.34095    -0.33592
    1    1 C   S         -0.001861    0.004339    0.008377   -0.002290    0.005293
    2    1 C   S          0.004153   -0.009683   -0.020619    0.005620   -0.032863
    3    1 C   S          0.002860   -0.006662   -0.040140    0.010978   -0.038205
    4    1 C   Px        -0.012808    0.029802    0.272868   -0.074511    0.280786
    5    1 C   Py         0.041161    0.002829   -0.040079    0.027924   -0.016128
    6    1 C   Pz        -0.079222   -0.040496   -0.029372   -0.030641   -0.016786
    7    1 C   Px        -0.004348    0.010142    0.132244   -0.036105    0.148250
    8    1 C   Py         0.006364    0.004800   -0.006011    0.002750    0.115694
    9    1 C   Pz        -0.016658   -0.006232   -0.003320   -0.001375    0.057972
   10    2 H   S         -0.001423    0.003312    0.010954   -0.003002   -0.006190
   11    2 H   S         -0.004835    0.011184    0.023403   -0.006352    0.077547
   12    3 C   S          0.004056   -0.002415    0.004777    0.007258    0.003137
   13    3 C   S         -0.009050    0.005389   -0.011770   -0.017850   -0.019481
   14    3 C   S         -0.006219    0.003711   -0.022901   -0.034766   -0.022692
   15    3 C   Px         0.027841   -0.016616    0.155586    0.236194    0.166375
   16    3 C   Py         0.028538    0.067254    0.007049   -0.044627    0.010644
   17    3 C   Pz         0.042544    0.049700    0.043317    0.016553    0.026572
   18    3 C   Px         0.009470   -0.005659    0.075407    0.114470    0.087852
   19    3 C   Py         0.008604    0.011748   -0.001014   -0.005016    0.036842
   20    3 C   Pz         0.005261    0.011835    0.004207    0.003620   -0.069832
   21    4 H   S          0.003101   -0.001840    0.006241    0.009497   -0.003667
   22    4 H   S          0.010478   -0.006203    0.013393    0.020222    0.046007
   23    5 C   S          0.003552    0.003110   -0.008126   -0.003067   -0.005207
   24    5 C   S         -0.007926   -0.006939    0.020011    0.007550    0.032344
   25    5 C   S         -0.005459   -0.004765    0.038951    0.014701    0.037620
   26    5 C   Px         0.024406    0.021362   -0.264808   -0.099935   -0.276368
   27    5 C   Py         0.024562   -0.005976   -0.042896   -0.025476   -0.018466
   28    5 C   Pz         0.060018   -0.073327    0.024085   -0.033430    0.014611
   29    5 C   Px         0.008307    0.007262   -0.128342   -0.048436   -0.145922
   30    5 C   Py         0.001215   -0.004473   -0.006230   -0.002932    0.122721
   31    5 C   Pz         0.012801   -0.013947    0.002254   -0.001715   -0.034583
   32    6 H   S          0.002710    0.002375   -0.010619   -0.004009    0.006101
   33    6 H   S          0.009149    0.008044   -0.022735   -0.008569   -0.076357
   34    7 C   S         -0.004702   -0.000428   -0.005431    0.006779   -0.003359
   35    7 C   S          0.010491    0.000955    0.013358   -0.016660    0.020834
   36    7 C   S          0.007218    0.000652    0.026010   -0.032469    0.024209
   37    7 C   Px        -0.032290   -0.002969   -0.176691    0.220477   -0.177947
   38    7 C   Py         0.000129   -0.084011    0.011611    0.041778    0.014431
   39    7 C   Pz        -0.017255    0.047561   -0.043237    0.021063   -0.024290
   40    7 C   Px        -0.010988   -0.001001   -0.085626    0.106846   -0.093952
   41    7 C   Py         0.002555   -0.016543   -0.000655    0.004191    0.025485
   42    7 C   Pz         0.000883    0.009941   -0.004849    0.004172    0.079871
   43    8 H   S         -0.003594   -0.000326   -0.007112    0.008879    0.003906
   44    8 H   S         -0.012125   -0.001134   -0.015139    0.018853   -0.049124
   45    9 C   S         -0.001045   -0.004607    0.000404   -0.008680    0.000137
   46    9 C   S          0.002333    0.010279   -0.000980    0.021338   -0.000835
   47    9 C   S          0.001613    0.007076   -0.001919    0.041565   -0.000933
   48    9 C   Px        -0.007184   -0.031633    0.013046   -0.282231    0.007154
   49    9 C   Py        -0.094403    0.019900    0.040739   -0.003061    0.030978
   50    9 C   Pz        -0.006086    0.016584    0.001700    0.050203    0.002520
   51    9 C   Px        -0.002451   -0.010761    0.006317   -0.136772    0.003772
   52    9 C   Py        -0.018762    0.004472    0.002440   -0.000613   -0.023236
   53    9 C   Pz        -0.002289   -0.001589   -0.000188    0.007256    0.000901
   54   10 H   S         -0.000797   -0.003523    0.000536   -0.011371   -0.000151
   55   10 H   S         -0.002666   -0.011889    0.001077   -0.024154    0.001927
   56   11 C   S         -0.004702   -0.000412    0.005440   -0.006774   -0.003367
   57   11 C   S          0.010492    0.000920   -0.013383    0.016681    0.020881
   58   11 C   S          0.007213    0.000634   -0.026071    0.032461    0.024328
   59   11 C   Px         0.032297    0.002834   -0.177126    0.220631    0.178448
   60   11 C   Py        -0.000219   -0.083921   -0.011407   -0.041862    0.014403
   61   11 C   Pz        -0.017065    0.047783    0.043243   -0.020909   -0.024355
   62   11 C   Px         0.010989    0.000972   -0.085839    0.106938    0.094219
   63   11 C   Py         0.002509   -0.016574    0.000608   -0.004088    0.025830
   64   11 C   Pz         0.000920    0.009898    0.004848   -0.003963    0.080037
   65   12 H   S         -0.003591   -0.000311    0.007118   -0.008850    0.003922
   66   12 H   S         -0.012133   -0.001032    0.015182   -0.018946   -0.049292
   67   13 C   S          0.004048   -0.002431   -0.004754   -0.007271    0.003144
   68   13 C   S         -0.009031    0.005423    0.011674    0.017891   -0.019472
   69   13 C   S         -0.006217    0.003721    0.022758    0.034837   -0.022637
   70   13 C   Px        -0.027796    0.016693    0.154580    0.236626   -0.166409
   71   13 C   Py         0.028872    0.067245   -0.007208    0.044650    0.010694
   72   13 C   Pz         0.042676    0.049406   -0.043222   -0.016684    0.026622
   73   13 C   Px        -0.009462    0.005674    0.074903    0.114682   -0.087853
   74   13 C   Py         0.008623    0.011700    0.001180    0.004950    0.036487
   75   13 C   Pz         0.005312    0.011845   -0.004410   -0.003600   -0.069755
   76   14 H   S          0.003092   -0.001858   -0.006236   -0.009510   -0.003641
   77   14 H   S          0.010424   -0.006294   -0.013188   -0.020297    0.045892
   78   15 C   S         -0.001062   -0.004602   -0.000426    0.008681    0.000139
   79   15 C   S          0.002369    0.010268    0.001060   -0.021368   -0.000873
   80   15 C   S          0.001623    0.007066    0.002052   -0.041594   -0.001056
   81   15 C   Px         0.007282    0.031605    0.013930   -0.282604   -0.007436
   82   15 C   Py        -0.094338    0.020289   -0.040709    0.002939    0.031055
   83   15 C   Pz        -0.005843    0.016558   -0.001504   -0.050204    0.002469
   84   15 C   Px         0.002470    0.010754    0.006755   -0.136968   -0.003931
   85   15 C   Py        -0.018744    0.004526   -0.002467    0.000568   -0.023259
   86   15 C   Pz        -0.002335   -0.001577    0.000020   -0.007059    0.001256
   87   16 H   S         -0.000814   -0.003515   -0.000550    0.011351   -0.000169
   88   16 H   S         -0.002768   -0.011864   -0.001235    0.024251    0.002102
   89   17 C   S         -0.001847    0.004346   -0.008377    0.002282    0.005309
   90   17 C   S          0.004122   -0.009697    0.020595   -0.005628   -0.032912
   91   17 C   S          0.002844   -0.006673    0.040126   -0.010942   -0.038320
   92   17 C   Px         0.012675   -0.029861    0.272669   -0.074382   -0.281296
   93   17 C   Py         0.041027    0.002594    0.040203   -0.027842   -0.016253
   94   17 C   Pz        -0.079451   -0.040198    0.029163    0.030762   -0.016764
   95   17 C   Px         0.004319   -0.010155    0.132136   -0.036055   -0.148508
   96   17 C   Py         0.006420    0.004796    0.006153   -0.002590    0.115914
   97   17 C   Pz        -0.016659   -0.006174    0.003400    0.001425    0.057709
   98   18 H   S         -0.001410    0.003319   -0.010969    0.002980   -0.006176
   99   18 H   S         -0.004742    0.011224   -0.023326    0.006406    0.077644
  100   19 C   S          0.003564    0.003098    0.008117    0.003082   -0.005226
  101   19 C   S         -0.007952   -0.006913   -0.019946   -0.007575    0.032377
  102   19 C   S         -0.005476   -0.004760   -0.038865   -0.014771    0.037685
  103   19 C   Px        -0.024487   -0.021277   -0.264053   -0.100277    0.276694
  104   19 C   Py         0.024662   -0.006202    0.042798    0.025626   -0.018545
  105   19 C   Pz         0.059691   -0.073544   -0.024241    0.033377    0.014707
  106   19 C   Px        -0.008325   -0.007245   -0.127956   -0.048596    0.146074
  107   19 C   Py         0.001178   -0.004440    0.006509    0.002997    0.122491
  108   19 C   Pz         0.012765   -0.013993   -0.002307    0.001654   -0.034880
  109   20 H   S          0.002725    0.002365    0.010636    0.004034    0.006065
  110   20 H   S          0.009219    0.007967    0.022567    0.008585   -0.076347
  111   21 Fe  S          0.000000    0.000000    0.000000    0.000000   -0.000000
  112   21 Fe  S         -0.000001   -0.000007    0.000000    0.000000   -0.000000
  113   21 Fe  S          0.000000   -0.000001    0.000000   -0.000000    0.000000
  114   21 Fe  Px        -0.000004   -0.000004   -0.000000    0.000002    0.000000
  115   21 Fe  Py        -0.000005    0.000001    0.000103    0.000047    0.115258
  116   21 Fe  Pz         0.000000    0.000002   -0.000066    0.000084    0.014267
  117   21 Fe  Px         0.000017    0.000015   -0.000001    0.000010   -0.000000
  118   21 Fe  Py         0.000011   -0.000004   -0.000138   -0.000060   -0.155684
  119   21 Fe  Pz         0.000001    0.000002    0.000090   -0.000111   -0.019271
  120   21 Fe  Px        -0.000001   -0.000001    0.000000   -0.000002    0.000000
  121   21 Fe  Py        -0.000000    0.000000   -0.000021   -0.000009   -0.026279
  122   21 Fe  Pz        -0.000000   -0.000000    0.000014   -0.000017   -0.003253
  123   21 Fe  D-2        0.000007    0.000004    0.225967    0.033223   -0.000188
  124   21 Fe  D-1       -0.773008    0.346578   -0.000005    0.000005   -0.000045
  125   21 Fe  D0        -0.300145   -0.669448   -0.000004   -0.000005   -0.000005
  126   21 Fe  D+1        0.000004   -0.000008    0.033227   -0.225953    0.000079
  127   21 Fe  D+2       -0.173288   -0.386501   -0.000003   -0.000003   -0.000001
  128   21 Fe  D-2        0.000000    0.000000    0.202638    0.029794   -0.000171
  129   21 Fe  D-1       -0.251936    0.112955   -0.000001    0.000001   -0.000014
  130   21 Fe  D0        -0.097822   -0.218183   -0.000001   -0.000001   -0.000001
  131   21 Fe  D+1        0.000000   -0.000001    0.029796   -0.202629    0.000074
  132   21 Fe  D+2       -0.056478   -0.125970   -0.000001   -0.000001   -0.000000
 
                             43          44          45          46          47
    Orbital Energy        -0.33591     0.06430     0.06430     0.07732     0.14711
    1    1 C   S         -0.001590   -0.007577    0.002822   -0.007281    0.027385
    2    1 C   S          0.009836    0.040320   -0.015018    0.044687   -0.011330
    3    1 C   S          0.011498    0.030886   -0.011547   -0.068875   -0.333538
    4    1 C   Px        -0.084131    0.018712   -0.006972   -0.019777   -0.022384
    5    1 C   Py         0.017919   -0.043783    0.019615   -0.022098    0.056108
    6    1 C   Pz        -0.024736   -0.022142    0.000710   -0.009692    0.024608
    7    1 C   Px        -0.044418   -0.046459    0.017308   -0.171892   -0.138927
    8    1 C   Py        -0.044260   -0.224271    0.083476   -0.110978   -0.007755
    9    1 C   Pz         0.004680   -0.098294    0.036895   -0.048694   -0.003373
   10    2 H   S          0.001841    0.014796   -0.005512    0.001624   -0.015878
   11    2 H   S         -0.023222   -0.061047    0.022779   -0.015789   -0.019811
   12    3 C   S          0.004556   -0.005025   -0.006334   -0.007282    0.027384
   13    3 C   S         -0.028249    0.026740    0.033704    0.044691   -0.011333
   14    3 C   S         -0.032849    0.020535    0.025827   -0.068847   -0.333488
   15    3 C   Px         0.241341    0.012403    0.015646   -0.019773   -0.022425
   16    3 C   Py        -0.025550   -0.017096   -0.030813   -0.016049    0.040739
   17    3 C   Pz         0.002087    0.028288    0.027398    0.018020   -0.045759
   18    3 C   Px         0.127427   -0.030832   -0.038837   -0.171904   -0.138970
   19    3 C   Py         0.083606   -0.108209   -0.136017   -0.080588   -0.005609
   20    3 C   Pz        -0.074140    0.121175    0.152968    0.090485    0.006338
   21    4 H   S         -0.005304    0.009815    0.012370    0.001624   -0.015877
   22    4 H   S          0.066625   -0.040530   -0.051038   -0.015779   -0.019824
   23    5 C   S         -0.001831    0.007789    0.002170   -0.007280    0.027385
   24    5 C   S          0.011375   -0.041447   -0.011550    0.044688   -0.011330
   25    5 C   S          0.013177   -0.031772   -0.008815   -0.068886   -0.333537
   26    5 C   Px        -0.097162   -0.019236   -0.005359   -0.019778   -0.022375
   27    5 C   Py        -0.013537   -0.048758   -0.015294    0.023575   -0.059856
   28    5 C   Pz        -0.027147    0.012766   -0.004265   -0.005148    0.013068
   29    5 C   Px        -0.051305    0.047759    0.013309   -0.171893   -0.138917
   30    5 C   Py         0.048335   -0.245964   -0.068439    0.118409    0.008255
   31    5 C   Pz         0.011700    0.053608    0.015195   -0.025862   -0.001836
   32    6 H   S          0.002148   -0.015210   -0.004237    0.001624   -0.015878
   33    6 H   S         -0.026824    0.062774    0.017460   -0.015793   -0.019812
   34    7 C   S          0.004409    0.004470   -0.006736   -0.007283    0.027384
   35    7 C   S         -0.027301   -0.023790    0.035845    0.044692   -0.011333
   36    7 C   S         -0.031821   -0.018214    0.027520   -0.068831   -0.333487
   37    7 C   Px         0.233283   -0.011032    0.016639   -0.019770   -0.022443
   38    7 C   Py         0.025353   -0.009045    0.025670    0.012183   -0.030924
   39    7 C   Pz         0.005989   -0.028199    0.035449    0.020830   -0.052890
   40    7 C   Px         0.123167    0.027428   -0.041311   -0.171905   -0.138985
   41    7 C   Py        -0.066172   -0.073109    0.109780    0.061158    0.004303
   42    7 C   Pz        -0.085486   -0.124597    0.188076    0.104582    0.007291
   43    8 H   S         -0.005109   -0.008731    0.013158    0.001624   -0.015877
   44    8 H   S          0.064397    0.036008   -0.054326   -0.015771   -0.019824
   45    9 C   S         -0.005545    0.000343    0.008077   -0.007283    0.027383
   46    9 C   S          0.034341   -0.001823   -0.042981    0.044686   -0.011331
   47    9 C   S          0.040007   -0.001436   -0.032967   -0.068811   -0.333500
   48    9 C   Px        -0.293320   -0.000846   -0.019949   -0.019765   -0.022453
   49    9 C   Py        -0.001514    0.007450   -0.005496    0.002389   -0.006066
   50    9 C   Pz         0.022535    0.002969    0.051942   -0.024008    0.060971
   51    9 C   Px        -0.154852    0.002104    0.049526   -0.171873   -0.139011
   52    9 C   Py         0.012838   -0.001380   -0.025871    0.011999    0.000802
   53    9 C   Pz        -0.134197    0.011040    0.259815   -0.120534   -0.008353
   54   10 H   S          0.006423   -0.000670   -0.015776    0.001622   -0.015876
   55   10 H   S         -0.080976    0.002795    0.065114   -0.015758   -0.019771
   56   11 C   S          0.004382    0.004483   -0.006729    0.007281    0.027384
   57   11 C   S         -0.027215   -0.023855    0.035805   -0.044691   -0.011334
   58   11 C   S         -0.031615   -0.018323    0.027436    0.068862   -0.333482
   59   11 C   Px        -0.232441    0.011068   -0.016618   -0.019775    0.022410
   60   11 C   Py         0.025354   -0.009143    0.025716   -0.012221   -0.031020
   61   11 C   Pz         0.005780   -0.028247    0.035351   -0.020809   -0.052831
   62   11 C   Px        -0.122739   -0.027503    0.041261   -0.171910    0.138952
   63   11 C   Py        -0.066308   -0.073595    0.110003   -0.061372    0.004264
   64   11 C   Pz        -0.085171   -0.124856    0.187575   -0.104491    0.007312
   65   12 H   S         -0.005129   -0.008756    0.013141   -0.001625   -0.015878
   66   12 H   S          0.064215    0.036160   -0.054217    0.015784   -0.019827
   67   13 C   S          0.004560   -0.005014   -0.006343    0.007283    0.027384
   68   13 C   S         -0.028277    0.026680    0.033750   -0.044692   -0.011334
   69   13 C   S         -0.032935    0.020435    0.025913    0.068833   -0.333482
   70   13 C   Px        -0.241533   -0.012378   -0.015665   -0.019771    0.022437
   71   13 C   Py        -0.025485   -0.016988   -0.030796    0.016015    0.040657
   72   13 C   Pz         0.002214    0.028267    0.027505   -0.018051   -0.045832
   73   13 C   Px        -0.127532    0.030754    0.038898   -0.171903    0.138980
   74   13 C   Py         0.083499   -0.107671   -0.135933    0.080408   -0.005643
   75   13 C   Pz        -0.074485    0.121069    0.153509   -0.090632    0.006309
   76   14 H   S         -0.005308    0.009792    0.012389   -0.001624   -0.015877
   77   14 H   S          0.066728   -0.040390   -0.051152    0.015775   -0.019824
   78   15 C   S         -0.005528    0.000328    0.008078    0.007282    0.027383
   79   15 C   S          0.034298   -0.001747   -0.042987   -0.044686   -0.011331
   80   15 C   S          0.039909   -0.001303   -0.032963    0.068843   -0.333495
   81   15 C   Px         0.292928    0.000812    0.019952   -0.019770    0.022419
   82   15 C   Py        -0.001370    0.007465   -0.005390   -0.002344   -0.005956
   83   15 C   Pz         0.022441    0.002860    0.051956    0.024014    0.060979
   84   15 C   Px         0.154659   -0.002007   -0.049529   -0.171878    0.138977
   85   15 C   Py         0.012473   -0.001296   -0.025340   -0.011771    0.000845
   86   15 C   Pz        -0.134257    0.010484    0.259885    0.120587   -0.008347
   87   16 H   S          0.006449   -0.000640   -0.015777   -0.001623   -0.015877
   88   16 H   S         -0.080927    0.002612    0.065115    0.015772   -0.019773
   89   17 C   S         -0.001566   -0.007582    0.002808    0.007281    0.027385
   90   17 C   S          0.009743    0.040345   -0.014945   -0.044687   -0.011330
   91   17 C   S          0.011276    0.030939   -0.011419    0.068859   -0.333533
   92   17 C   Px         0.083156   -0.018726    0.006931   -0.019774    0.022398
   93   17 C   Py         0.017761   -0.043858    0.019535    0.022114    0.056154
   94   17 C   Pz        -0.024801   -0.022064    0.000634    0.009653    0.024504
   95   17 C   Px         0.043912    0.046489   -0.017225   -0.171891    0.138939
   96   17 C   Py        -0.043958   -0.224653    0.083059    0.111060   -0.007737
   97   17 C   Pz         0.004920   -0.097919    0.036514    0.048478   -0.003412
   98   18 H   S          0.001841    0.014807   -0.005484   -0.001624   -0.015878
   99   18 H   S         -0.022976   -0.061116    0.022603    0.015783   -0.019809
  100   19 C   S         -0.001849    0.007784    0.002184    0.007282    0.027384
  101   19 C   S          0.011453   -0.041423   -0.011623   -0.044688   -0.011331
  102   19 C   S          0.013378   -0.031748   -0.008949    0.068841   -0.333530
  103   19 C   Px         0.097879    0.019224    0.005394   -0.019771    0.022416
  104   19 C   Py        -0.013659   -0.048707   -0.015392   -0.023564   -0.059834
  105   19 C   Pz        -0.027007    0.012861   -0.004215    0.005191    0.013177
  106   19 C   Px         0.051679   -0.047734   -0.013399   -0.171889    0.138956
  107   19 C   Py         0.048632   -0.245714   -0.068940   -0.118325    0.008268
  108   19 C   Pz         0.011515    0.054077    0.015460    0.026081   -0.001795
  109   20 H   S          0.002145   -0.015203   -0.004267   -0.001624   -0.015877
  110   20 H   S         -0.027040    0.062733    0.017640    0.015777   -0.019811
  111   21 Fe  S          0.000001    0.000000   -0.000001    0.000000   -0.012765
  112   21 Fe  S          0.000006    0.000000   -0.000002   -0.000000    0.245523
  113   21 Fe  S         -0.000002    0.000001   -0.000047    0.000004    2.238152
  114   21 Fe  Px         0.000000    0.000000    0.000000   -0.005295   -0.000000
  115   21 Fe  Py         0.014265    0.002189    0.000125   -0.000000    0.000000
  116   21 Fe  Pz        -0.115251    0.000124   -0.002189    0.000000   -0.000005
  117   21 Fe  Px        -0.000000   -0.000000    0.000000   -1.890035   -0.000013
  118   21 Fe  Py        -0.019270   -0.482169   -0.027400    0.000000    0.000002
  119   21 Fe  Pz         0.155685   -0.027405    0.482147    0.000000   -0.000026
  120   21 Fe  Px         0.000000    0.000001   -0.000000    1.907116    0.000001
  121   21 Fe  Py        -0.003253    1.452848    0.082570   -0.000000    0.000003
  122   21 Fe  Pz         0.026283    0.082571   -1.452843   -0.000000   -0.000064
  123   21 Fe  D-2       -0.000123   -0.000001   -0.000001    0.000000    0.000000
  124   21 Fe  D-1       -0.000004   -0.000008   -0.000000   -0.000001   -0.000004
  125   21 Fe  D0         0.000018   -0.000001    0.000004   -0.000001   -0.030478
  126   21 Fe  D+1       -0.000164    0.000000   -0.000001   -0.000004    0.000000
  127   21 Fe  D+2       -0.000020   -0.000000   -0.000005   -0.000001    0.052817
  128   21 Fe  D-2       -0.000110    0.000000   -0.000003    0.000000    0.000000
  129   21 Fe  D-1       -0.000001    0.000002    0.000000   -0.000001    0.000001
  130   21 Fe  D0         0.000001    0.000000   -0.000004   -0.000003   -0.076831
  131   21 Fe  D+1       -0.000150   -0.000003   -0.000000    0.000001   -0.000000
  132   21 Fe  D+2       -0.000005    0.000000    0.000002   -0.000002    0.133070
 
                             48          49          50          51          52
    Orbital Energy         0.18429     0.18429     0.21020     0.21020     0.21219
    1    1 C   S         -0.000171   -0.000117   -0.012587    0.017627   -0.004600
    2    1 C   S          0.001536    0.000897    0.002003   -0.002801    0.004697
    3    1 C   S          0.033577    0.020289    0.354361   -0.495553    0.001803
    4    1 C   Px        -0.228747   -0.134288    0.174177   -0.244299    0.026441
    5    1 C   Py        -0.010803    0.000435   -0.009526    0.004415    0.027009
    6    1 C   Pz         0.003309   -0.013520    0.007525    0.010016   -0.064509
    7    1 C   Px        -0.617000   -0.362420    0.435343   -0.610825    0.076946
    8    1 C   Py         0.133834    0.072908    0.165087   -0.285191    0.124505
    9    1 C   Pz         0.050892    0.045151    0.141916   -0.075603   -0.088577
   10    2 H   S          0.012166    0.007124   -0.006191    0.008653   -0.000023
   11    2 H   S          0.089857    0.053243    0.032512   -0.045592    0.035006
   12    3 C   S          0.000072    0.000199    0.020619   -0.006818    0.015813
   13    3 C   S         -0.000704   -0.001627   -0.003340    0.001062   -0.016310
   14    3 C   S         -0.015226   -0.036297   -0.577845    0.192659   -0.001172
   15    3 C   Px         0.106081    0.243125   -0.284976    0.094982   -0.089315
   16    3 C   Py        -0.007330    0.010368    0.003166   -0.011583   -0.025900
   17    3 C   Pz        -0.011878   -0.002915   -0.009781   -0.006137   -0.028439
   18    3 C   Px         0.286019    0.655894   -0.712646    0.237511   -0.260824
   19    3 C   Py        -0.034286   -0.105668   -0.245243    0.018959   -0.232938
   20    3 C   Pz         0.057731    0.110499    0.238369   -0.133988    0.154145
   21    4 H   S         -0.005659   -0.012910    0.010098   -0.003366   -0.000015
   22    4 H   S         -0.041462   -0.095873   -0.053745    0.017424   -0.121477
   23    5 C   S         -0.000164    0.000128    0.012851    0.017450   -0.007031
   24    5 C   S          0.001333   -0.001177   -0.002026   -0.002792    0.007195
   25    5 C   S          0.029653   -0.025661   -0.361885   -0.490153    0.002415
   26    5 C   Px        -0.198411    0.176021   -0.178350   -0.241334    0.040250
   27    5 C   Py         0.009296   -0.004137   -0.008006   -0.006134   -0.012516
   28    5 C   Pz         0.007819    0.012066   -0.009095    0.009153   -0.065728
   29    5 C   Px        -0.535343    0.474745   -0.445925   -0.603342    0.117174
   30    5 C   Py        -0.124028    0.105075    0.194093    0.291844   -0.144025
   31    5 C   Pz         0.017543   -0.033748   -0.107041   -0.016577   -0.096858
   32    6 H   S          0.010532   -0.009371    0.006318    0.008563   -0.000029
   33    6 H   S          0.078391   -0.069055   -0.033085   -0.045251    0.053666
   34    7 C   S          0.000058   -0.000201   -0.020703   -0.006491    0.014350
   35    7 C   S         -0.000373    0.001734    0.003346    0.001004   -0.014772
   36    7 C   S         -0.008945    0.038362    0.580606    0.183866   -0.001929
   37    7 C   Px         0.057045   -0.259077    0.286505    0.089975   -0.081225
   38    7 C   Py         0.011228    0.007614    0.001501    0.012517    0.038023
   39    7 C   Pz        -0.009043    0.006752    0.010079   -0.003925   -0.026471
   40    7 C   Px         0.154019   -0.698838    0.716484    0.224802   -0.237031
   41    7 C   Py         0.006799   -0.084461   -0.193257    0.010736    0.198240
   42    7 C   Pz         0.038329   -0.138622   -0.283756   -0.130633    0.167934
   43    8 H   S         -0.003017    0.013770   -0.010143   -0.003215   -0.000004
   44    8 H   S         -0.022844    0.101892    0.053900    0.016598   -0.110089
   45    9 C   S          0.000213   -0.000008   -0.000175   -0.021763   -0.018537
   46    9 C   S         -0.001764    0.000175    0.000040    0.003561    0.019196
   47    9 C   S         -0.039331    0.003299    0.004593    0.608999   -0.001059
   48    9 C   Px         0.264036   -0.025773    0.002657    0.300682    0.103869
   49    9 C   Py        -0.002360   -0.014381    0.013390    0.000785    0.005332
   50    9 C   Pz         0.009701   -0.002415    0.001241   -0.009870   -0.004182
   51    9 C   Px         0.712256   -0.069388    0.006746    0.752016    0.303744
   52    9 C   Py         0.017675    0.012095    0.078421   -0.036251   -0.022267
   53    9 C   Pz        -0.164585    0.016738    0.010683    0.358320    0.315958
   54   10 H   S         -0.014030    0.001390   -0.000079   -0.010637    0.000065
   55   10 H   S         -0.103911    0.009790    0.000473    0.056932    0.142843
   56   11 C   S          0.000031   -0.000209    0.020738    0.006397   -0.014327
   57   11 C   S         -0.000371    0.001735   -0.003348   -0.000969    0.014753
   58   11 C   S         -0.007895    0.038511   -0.581612   -0.181161    0.001881
   59   11 C   Px        -0.056473    0.259166    0.286719    0.089232   -0.081118
   60   11 C   Py         0.011188    0.007569   -0.001475   -0.012491   -0.038073
   61   11 C   Pz        -0.009049    0.006785   -0.010101    0.003899    0.026580
   62   11 C   Px        -0.152162    0.699148    0.716960    0.223124   -0.236736
   63   11 C   Py         0.005759   -0.084896    0.193541   -0.011390   -0.198483
   64   11 C   Pz         0.036806   -0.138919    0.284161    0.129253   -0.167178
   65   12 H   S         -0.003020    0.013768    0.010164    0.003162    0.000000
   66   12 H   S         -0.021847    0.102165   -0.053953   -0.016259    0.109927
   67   13 C   S          0.000096    0.000187   -0.020586    0.006912   -0.015834
   68   13 C   S         -0.000705   -0.001627    0.003343   -0.001064    0.016327
   69   13 C   S         -0.016350   -0.035835    0.576857   -0.195413    0.001297
   70   13 C   Px        -0.106696   -0.242871   -0.284733    0.095722   -0.089342
   71   13 C   Py        -0.007338    0.010443   -0.003176    0.011638    0.025857
   72   13 C   Pz        -0.011834   -0.002864    0.009742    0.006106    0.028322
   73   13 C   Px        -0.287914   -0.655102   -0.712091    0.239210   -0.260880
   74   13 C   Py        -0.035332   -0.105068    0.244786   -0.019893    0.232734
   75   13 C   Pz         0.058913    0.110071   -0.238081    0.135178   -0.154994
   76   14 H   S         -0.005652   -0.012914   -0.010080    0.003415    0.000019
   77   14 H   S         -0.042308   -0.095482    0.053658   -0.017736    0.121627
   78   15 C   S          0.000212   -0.000035    0.000275    0.021768    0.018532
   79   15 C   S         -0.001765    0.000176   -0.000049   -0.003552   -0.019193
   80   15 C   S         -0.039134    0.004459   -0.007509   -0.609126    0.001138
   81   15 C   Px        -0.263936    0.026411    0.003433    0.300655    0.103939
   82   15 C   Py        -0.002437   -0.014334   -0.013370   -0.000826   -0.005457
   83   15 C   Pz         0.009709   -0.002376   -0.001193    0.009873    0.004165
   84   15 C   Px        -0.711963    0.071383    0.008516    0.751946    0.303995
   85   15 C   Py         0.017522    0.012114   -0.078145    0.036099    0.021427
   86   15 C   Pz        -0.164497    0.018521   -0.012262   -0.358335   -0.315860
   87   16 H   S         -0.014029    0.001383    0.000132    0.010640   -0.000059
   88   16 H   S         -0.103872    0.010747   -0.000801   -0.056876   -0.142756
   89   17 C   S         -0.000184   -0.000092    0.012504   -0.017683    0.004570
   90   17 C   S          0.001537    0.000894   -0.001972    0.002828   -0.004669
   91   17 C   S          0.034119    0.019425   -0.351980    0.497163   -0.001875
   92   17 C   Px         0.229044    0.133811    0.173553   -0.244751    0.026153
   93   17 C   Py        -0.010781    0.000435    0.009534   -0.004383   -0.026910
   94   17 C   Pz         0.003293   -0.013557   -0.007504   -0.010048    0.064582
   95   17 C   Px         0.617969    0.360846    0.433944   -0.611844    0.076064
   96   17 C   Py         0.134760    0.071431   -0.163882    0.286067   -0.124032
   97   17 C   Pz         0.051149    0.044325   -0.141398    0.075906    0.088988
   98   18 H   S          0.012165    0.007128    0.006143   -0.008685    0.000020
   99   18 H   S          0.090370    0.052322   -0.032243    0.045808   -0.034867
  100   19 C   S         -0.000144    0.000146   -0.012927   -0.017385    0.007064
  101   19 C   S          0.001331   -0.001178    0.002050    0.002790   -0.007224
  102   19 C   S          0.028978   -0.026558    0.364096    0.488266   -0.002496
  103   19 C   Px         0.198040   -0.176512   -0.178984   -0.240887    0.040388
  104   19 C   Py         0.009323   -0.004106    0.008027    0.006117    0.012608
  105   19 C   Pz         0.007899    0.012055    0.009141   -0.009135    0.065653
  106   19 C   Px         0.534141   -0.476286   -0.447369   -0.602334    0.117565
  107   19 C   Py        -0.122714    0.106364   -0.195296   -0.290892    0.144693
  108   19 C   Pz         0.017537   -0.033983    0.107495    0.016373    0.096410
  109   20 H   S          0.010537   -0.009369   -0.006360   -0.008527    0.000025
  110   20 H   S          0.077682   -0.069752    0.033392    0.045103   -0.053881
  111   21 Fe  S         -0.000007   -0.000000   -0.000005   -0.000008    0.000000
  112   21 Fe  S         -0.000042   -0.000004   -0.000039   -0.000056    0.000000
  113   21 Fe  S          0.000294    0.000006    0.000135    0.000191   -0.000001
  114   21 Fe  Px        -0.000008    0.000007    0.000003   -0.000017    0.000002
  115   21 Fe  Py        -0.000001   -0.000006    0.000008    0.000006   -0.000006
  116   21 Fe  Pz        -0.000008    0.000001    0.000006   -0.000008   -0.000006
  117   21 Fe  Px         0.000078   -0.000065   -0.000029    0.000201    0.000017
  118   21 Fe  Py        -0.000014   -0.000052   -0.000038   -0.000031    0.000036
  119   21 Fe  Pz         0.000056   -0.000013   -0.000032    0.000039    0.000032
  120   21 Fe  Px        -0.000031    0.000026    0.000012   -0.000073   -0.000021
  121   21 Fe  Py         0.000008    0.000040   -0.000007   -0.000006    0.000002
  122   21 Fe  Pz         0.000003    0.000001   -0.000006    0.000007   -0.000004
  123   21 Fe  D-2        0.000085   -0.000121    0.001714   -0.000099    0.119191
  124   21 Fe  D-1        0.064162    0.211111    0.000028    0.000139   -0.000038
  125   21 Fe  D0        -0.182825    0.055566   -0.000118    0.000029    0.000036
  126   21 Fe  D+1       -0.000122   -0.000084   -0.000205   -0.002597   -0.706004
  127   21 Fe  D+2       -0.105562    0.032082   -0.000076    0.000005    0.000021
  128   21 Fe  D-2        0.000067   -0.000096    0.001437   -0.000083    0.100479
  129   21 Fe  D-1        0.028363    0.093322    0.000013    0.000065   -0.000020
  130   21 Fe  D0        -0.080825    0.024563   -0.000062    0.000002    0.000019
  131   21 Fe  D+1       -0.000097   -0.000067   -0.000172   -0.002179   -0.595165
  132   21 Fe  D+2       -0.046649    0.014181   -0.000022    0.000022    0.000011
 
 Step CPU :      16.0, Total CPU :      16.5 of Master process
 Step Wall :      1.3, Total Wall :      1.4 at Sun Aug  1 23:59:13 2021

 ========================
   Property calculation
 ========================
 -------------------------------------
      Mulliken Population Analysis
     Atom       Charge     Population
 -------------------------------------
    1  C      -0.263530     6.263530
    2  H       0.244675     0.755325
    3  C      -0.263487     6.263487
    4  H       0.244672     0.755328
    5  C      -0.263545     6.263545
    6  H       0.244676     0.755324
    7  C      -0.263461     6.263461
    8  H       0.244670     0.755330
    9  C      -0.263424     6.263424
   10  H       0.244672     0.755328
   11  C      -0.263512     6.263512
   12  H       0.244672     0.755328
   13  C      -0.263469     6.263469
   14  H       0.244671     0.755329
   15  C      -0.263477     6.263477
   16  H       0.244674     0.755326
   17  C      -0.263510     6.263510
   18  H       0.244674     0.755326
   19  C      -0.263484     6.263484
   20  H       0.244673     0.755327
   21  Fe      0.188172    15.811828
 -------------------------------------
     Total    -0.000000
 -------------------------------------
 
 ----------------------------------------------
               Dipole Momemt (Debye)
        X          Y          Z       Total
 ----------------------------------------------
     -0.0000     0.0000    -0.0000     0.0000
 ----------------------------------------------

 Step CPU :       0.0, Total CPU :      16.5 of Master process
 Step Wall :      0.0, Total Wall :      1.4 at Sun Aug  1 23:59:13 2021

 Total CPU time :       16.6 seconds
 Total Wall time:        1.4 seconds
                 ( 0 days  0 hours  0 minutes  1.4 seconds)
 The job finished at Sun Aug  1 23:59:13 2021
 Used memory :       4 MB
 Your calculation finished successfully with  0 warning.
