 *******************************************
    Scalable Molecular Analysis Solver for
      High performance computing systems
            SMASH Version 3.0.0     
           written by K. ISHIMURA
 *******************************************

 The job started at Mon Aug  2 00:00:56 2021
 Master node is smash.jp
 Number of processes =     2
 Number of threads   =    12

 --------------
   Input data
 --------------
  job runtype=energy method=b3lyp basis=cc-pvdz
  geom
 --------------

 -------------------------------------------------------------------------
   Job information
 -------------------------------------------------------------------------
   Runtype = ENERGY      ,  Method  = B3LYP        ,  Basis    = CC-PVDZ     
   Memory  = 8000MB      ,  SCFtype = RHF          ,  Precision= MEDIUM      
   Charge  = 0.0         ,  Multi   = 1            ,  Spher    = T
   Bohr    = F           ,  Guess   = HUCKEL       ,  Multipole= DIPOLE      
   Pop     = MULLIKEN    ,  Iprint  = 3           
 -------------------------------------------------------------------------

 ------------------------------------------------
   Computational condition
 ------------------------------------------------
   Number of atoms                      =   14
   Number of alpha electrons            =   21
   Number of beta electrons             =   21
   Number of basis shells               =   54
   Number of basis contracted functions =  114
   Number of basis primitive functions  =  162
 ------------------------------------------------

 ----------------------------------------------------
          Molecular Geometry (Angstrom)
  Atom            X             Y             Z
 ----------------------------------------------------
   C         -1.8869700    -0.2873200     0.0000000
   C         -0.4918100    -0.2873200     0.0000000
   C          0.2057200     0.9203800     0.0000000
   C         -0.4919200     2.1289800    -0.0011000
   C         -1.8867500     2.1288800    -0.0016000
   C         -2.5843500     0.9206800    -0.0006000
   H         -2.4367300    -1.2396200     0.0004000
   H          0.0576900    -1.2398200     0.0013000
   H          1.3054000     0.9204800     0.0006000
   H          0.0582700     3.0810800    -0.0012000
   H         -2.4368700     3.0811800    -0.0026000
   H         -3.6839500     0.9208800    -0.0008000
   X         -1.0708200     0.7757900    -2.5905700
   X         -1.4295800     1.1068500     3.3003000
 ----------------------------------------------------

 -------------
   Basis set
 -------------
  C  
    S  8
       6665.0000000      0.00069200
       1000.0000000      0.00532900
        228.0000000      0.02707700
         64.7100000      0.10171800
         21.0600000      0.27474000
          7.4950000      0.44856400
          2.7970000      0.28507400
          0.5215000      0.01520400
    S  8
       6665.0000000     -0.00014600
       1000.0000000     -0.00115400
        228.0000000     -0.00572500
         64.7100000     -0.02331200
         21.0600000     -0.06395500
          7.4950000     -0.14998100
          2.7970000     -0.12726200
          0.5215000      0.54452900
    S  1
          0.1596000      1.00000000
    P  3
          9.4390000      0.03810900
          2.0020000      0.20948000
          0.5456000      0.50855700
    P  1
          0.1517000      1.00000000
    D  1
          0.5500000      1.00000000
  ****
  H  
    S  3
         13.0100000      0.01968500
          1.9620000      0.13797700
          0.4446000      0.47814800
    S  1
          0.1220000      1.00000000
    P  1
          0.7270000      1.00000000
  ****


 -----------------
   Atomic charge
 -----------------
   Atomic charges are set manually.
   Charge of Atom    13       1.000
   Charge of Atom    14      -0.900
 
 Nuclear repulsion energy =     204.838111144 Hartree

 =====================
   Guess calculation
 =====================
   Guess MOs are generated using extended Huckel orbitals.
 
 If the calculation stops at the beginning of SCF, increase the stack size.
 bash: Write the following two lines in the ~/.bashrc file.
       ulimit -s unlimited
       export OMP_STACKSIZE=1G
 tcsh: Write the following two lines in the ~/.tcshrc file.
       unlimit
       setenv OMP_STACKSIZE 1G

 Step CPU :       0.3, Total CPU :       0.3 of Master process
 Step Wall :      0.0, Total Wall :      0.0 at Mon Aug  2 00:00:56 2021

 ==========================================================================
   Restricted Hartree-Fock calculation for guess orbitals of DFT
 ==========================================================================
   SCFConv    = DIIS    ,  Dconv      = 5.00E-02,  MaxIter     = 150     
   Cutint2    = 5.00E-09,  ThreshEx   = 3.00E+01,  ThreshOver  = 1.00E-06
   MaxDIIS    = 20      ,  ThreshDIIS = 6.00E-01
 --------------------------------------------------------------------------
 Iter SubIt   Total Energy       Delta Energy     Delta Density     DIIS Error
   1    1    -230.280145863    -230.280145863      0.163834102      0.590784480
   2    2    -230.798904348      -0.518758485      0.063457329      0.109720402
   3    3    -230.831369037      -0.032464690      0.013872821      0.048634229
 --------------------
    SCF Converged.
 --------------------

 Step CPU :       2.4, Total CPU :       2.8 of Master process
 Step Wall :      0.2, Total Wall :      0.2 at Mon Aug  2 00:00:56 2021

 ==========================================================================
   Restricted DFT calculation
 ==========================================================================
   SCFConv    = DIIS    ,  Dconv      = 5.00E-06,  MaxIter     = 150     
   Cutint2    = 1.00E-11,  ThreshEx   = 3.00E+01,  ThreshOver  = 1.00E-06
   Nrad       = 96      ,  Nleb       = 302     ,  ThreshRho   = 1.00E-05
   ThreshDfock= 1.00E-04,  Threshdftao= 1.00E-03,  ThreshWeight= 1.00E-08
   MaxDIIS    = 20      ,  ThreshDIIS = 6.00E-01
 --------------------------------------------------------------------------
 Iter SubIt   Total Energy       Delta Energy     Delta Density     DIIS Error
   1    1    -232.354489552    -232.354489552      0.095194442      0.100149003
   2    2    -232.374438271      -0.019948718      0.022731573      0.022196934
   3    3    -232.375003294      -0.000565023      0.010800830      0.018843074
   4    4    -232.377098756      -0.002095462      0.001617000      0.001682755
   5    5    -232.377112456      -0.000013700      0.000754105      0.000881152
   6    6    -232.377116888      -0.000004432      0.000101816      0.000132185
   7    7    -232.377116997      -0.000000109      0.000003916      0.000004264
 ---------------------------------------------------------------
    SCF Converged.
    DFT Energy =    -232.377116997 Hartree
    Exchange + Correlation energy =     -28.136538739 Hartree
    Number of electrons           =      42.000126352
 ---------------------------------------------------------------

 --------------------------------------------------------------------------------
   Orbital Energies (Hartree)
 --------------------------------------------------------------------------------
   Alpha Occupied:    -10.23335   -10.23271   -10.23193   -10.23107   -10.23030
   Alpha Occupied:    -10.22967    -0.89734    -0.78627    -0.78622    -0.63941
   Alpha Occupied:     -0.63935    -0.55729    -0.49261    -0.48544    -0.45697
   Alpha Occupied:     -0.45695    -0.41333    -0.37971    -0.37959    -0.29719
   Alpha Occupied:     -0.29711
   Alpha Virtual :     -0.04743    -0.04739     0.02544     0.06889     0.06914
   Alpha Virtual :      0.10469     0.10504     0.11201     0.12501     0.24267
   Alpha Virtual :      0.24278     0.26099     0.26108     0.35997     0.37178
   Alpha Virtual :      0.39329     0.42769     0.44491     0.44507     0.46985
   Alpha Virtual :      0.47000     0.49801     0.50100     0.50471     0.50983
   Alpha Virtual :      0.55437     0.55463     0.60757     0.60765     0.61440
   Alpha Virtual :      0.61443     0.62891     0.68541     0.74755     0.78769
   Alpha Virtual :      0.82576     0.84701     0.84713     0.88417     0.94937
   Alpha Virtual :      0.94947     0.95991     0.96004     0.98839     0.98850
   Alpha Virtual :      1.02306     1.03268     1.03271     1.16710     1.23475
   Alpha Virtual :      1.23489     1.42337     1.43727     1.43748     1.47267
   Alpha Virtual :      1.49394     1.55976     1.55978     1.56567     1.56573
   Alpha Virtual :      1.58781     1.63813     1.63822     1.65514     1.65525
   Alpha Virtual :      1.69068     1.75556     1.75561     1.79459     1.80207
   Alpha Virtual :      1.80215     1.80783     1.80804     1.85210     1.93105
   Alpha Virtual :      1.93108     1.93628     1.93647     1.96312     2.15757
   Alpha Virtual :      2.20846     2.29929     2.36934     2.36941     2.38253
   Alpha Virtual :      2.38272     2.58645     2.58658     2.65693     2.74067
   Alpha Virtual :      2.85183     2.85192     3.58686
 --------------------------------------------------------------------------------
 -------------------------
   Alpha MO coefficients
 -------------------------
                             11          12          13          14          15
    Orbital Energy        -0.63935    -0.55729    -0.49261    -0.48544    -0.45697
    1    1 C   S          0.002549    0.001987   -0.007037   -0.000046   -0.000658
    2    1 C   S         -0.062243   -0.020634    0.114926   -0.002061   -0.044822
    3    1 C   S         -0.049087   -0.030553    0.250400   -0.002971   -0.111883
    4    1 C   Px         0.184495    0.099832   -0.060782    0.244302   -0.166576
    5    1 C   Py        -0.086444    0.169330   -0.116854   -0.138309   -0.246381
    6    1 C   Pz         0.001857   -0.000569   -0.003470    0.000043    0.005549
    7    1 C   Px         0.051056    0.029935    0.034224    0.078368   -0.034692
    8    1 C   Py        -0.034107    0.054239    0.052792   -0.044730   -0.080612
    9    1 C   Pz         0.006055   -0.000773   -0.020161    0.000077    0.001122
   10    1 C   D-2        0.005640    0.008977    0.019064    0.001690    0.000257
   11    1 C   D-1        0.000827   -0.002817    0.000546    0.001437    0.003514
   12    1 C   D0        -0.000574   -0.001881    0.003228   -0.000022   -0.000672
   13    1 C   D+1       -0.001245   -0.001639    0.000217   -0.002555    0.002276
   14    1 C   D+2        0.009612   -0.004735   -0.010652    0.003390   -0.004754
   15    2 C   S         -0.008395    0.001903    0.007215    0.000011   -0.000403
   16    2 C   S          0.199390   -0.019380   -0.112943    0.000415   -0.031218
   17    2 C   S          0.149351   -0.027628   -0.252269    0.000806   -0.078721
   18    2 C   Px        -0.011649   -0.099855   -0.067640   -0.243285    0.157956
   19    2 C   Py        -0.078007    0.174021    0.114479   -0.141013   -0.143629
   20    2 C   Pz        -0.005970   -0.000796    0.003414   -0.000047    0.004046
   21    2 C   Px        -0.016730   -0.032471    0.030767   -0.078984    0.000213
   22    2 C   Py        -0.000740    0.055559   -0.055104   -0.045615   -0.069891
   23    2 C   Pz        -0.019892   -0.000872    0.020192   -0.000119    0.000948
   24    2 C   D-2       -0.000765   -0.008633    0.019133   -0.001945    0.004958
   25    2 C   D-1       -0.000016   -0.002908   -0.000515    0.001487    0.002189
   26    2 C   D0         0.002377   -0.001925   -0.003230   -0.000002   -0.000502
   27    2 C   D+1        0.000434    0.001670    0.000313    0.002572   -0.001995
   28    2 C   D+2        0.002608   -0.005106    0.011147    0.003259   -0.012903
   29    3 C   S          0.005949    0.001951   -0.007134    0.000045    0.000244
   30    3 C   S         -0.143733   -0.019786    0.113685    0.001691    0.015092
   31    3 C   S         -0.108347   -0.029040    0.251416    0.002239    0.038151
   32    3 C   Px        -0.043327   -0.199150    0.132450    0.002166   -0.100458
   33    3 C   Py        -0.152671   -0.001294   -0.004479    0.280942    0.082236
   34    3 C   Pz         0.004217   -0.000736   -0.003367   -0.000097   -0.001384
   35    3 C   Px         0.006210   -0.063127   -0.062999    0.000449   -0.030516
   36    3 C   Py        -0.046163    0.000875   -0.002592    0.090896   -0.044463
   37    3 C   Pz         0.013974   -0.000926   -0.019928    0.000014   -0.000083
   38    3 C   D-2        0.008282    0.000279    0.000215   -0.003771   -0.017281
   39    3 C   D-1        0.001087    0.000003    0.000087   -0.002919   -0.000777
   40    3 C   D0        -0.001591   -0.001898    0.003221    0.000024    0.000147
   41    3 C   D+1       -0.000189    0.003279   -0.000574   -0.000021    0.001377
   42    3 C   D+2        0.000419    0.010068    0.022034    0.000227   -0.000971
   43    4 C   S          0.002136    0.002018    0.006897   -0.000034    0.000751
   44    4 C   S         -0.055167   -0.021570   -0.116336   -0.002349    0.044484
   45    4 C   S         -0.035182   -0.031652   -0.249093   -0.003273    0.110638
   46    4 C   Px        -0.185834   -0.095348   -0.070732    0.241923   -0.160783
   47    4 C   Py         0.087324   -0.168654   -0.109760   -0.141989   -0.253724
   48    4 C   Pz         0.001416   -0.000384    0.003342    0.000302   -0.004492
   49    4 C   Px        -0.053815   -0.031449    0.028552    0.077406   -0.035737
   50    4 C   Py         0.030475   -0.052095    0.055874   -0.045042   -0.081117
   51    4 C   Pz         0.005075   -0.000726    0.019636    0.000242   -0.000647
   52    4 C   D-2        0.006091    0.008650   -0.018574   -0.002127   -0.000277
   53    4 C   D-1       -0.000761    0.002695    0.000434    0.001429    0.003469
   54    4 C   D0        -0.000676   -0.001875   -0.003212   -0.000046    0.000517
   55    4 C   D+1        0.001226    0.001544    0.000360   -0.002439    0.002122
   56    4 C   D+2        0.009634   -0.005437    0.011085   -0.003155    0.003989
   57    5 C   S         -0.007707    0.002072   -0.006738    0.000008    0.000543
   58    5 C   S          0.203103   -0.022918    0.118409    0.000702    0.029162
   59    5 C   S          0.139398   -0.034189    0.247742    0.001098    0.072286
   60    5 C   Px         0.015126    0.095403   -0.062434   -0.243145    0.152999
   61    5 C   Py         0.074646   -0.164070    0.112198   -0.139767   -0.144751
   62    5 C   Pz        -0.005888   -0.000101   -0.003691   -0.000009   -0.002700
   63    5 C   Px         0.015382    0.029148    0.032283   -0.076557   -0.003750
   64    5 C   Py         0.003830   -0.051137   -0.053641   -0.044154   -0.069667
   65    5 C   Pz        -0.018682   -0.000381   -0.019872   -0.000183    0.000017
   66    5 C   D-2       -0.000369   -0.008998   -0.018517    0.001854   -0.005698
   67    5 C   D-1        0.000038    0.002637   -0.000484    0.001416    0.002096
   68    5 C   D0         0.001951   -0.001842    0.003218    0.000012    0.000297
   69    5 C   D+1       -0.000422   -0.001531    0.000275    0.002468   -0.001835
   70    5 C   D+2        0.003085   -0.005073   -0.010564   -0.003399    0.012162
   71    6 C   S          0.005436    0.002053    0.006791    0.000038   -0.000213
   72    6 C   S         -0.141539   -0.022505   -0.117751    0.001516   -0.013501
   73    6 C   S         -0.096226   -0.033232   -0.248158    0.002261   -0.033387
   74    6 C   Px         0.040888    0.191193    0.128954   -0.000993   -0.091440
   75    6 C   Py         0.155434   -0.001366    0.004059    0.280408    0.077844
   76    6 C   Pz         0.004041   -0.000259    0.003495   -0.000299    0.001869
   77    6 C   Px        -0.002334    0.059592   -0.062685   -0.000112   -0.025908
   78    6 C   Py         0.046922    0.000805    0.002301    0.088755   -0.047706
   79    6 C   Pz         0.013185   -0.000450    0.020029   -0.000117    0.000350
   80    6 C   D-2        0.008746   -0.000280    0.000237    0.003828    0.017064
   81    6 C   D-1       -0.001146    0.000005   -0.000073   -0.002888   -0.000719
   82    6 C   D0        -0.001459   -0.001856   -0.003219    0.000018   -0.000226
   83    6 C   D+1        0.000150   -0.003118   -0.000562    0.000007    0.001277
   84    6 C   D+2        0.000898    0.010287   -0.021425    0.000168    0.000610
   85    7 H   S         -0.044345   -0.144757    0.187837   -0.003205    0.218495
   86    7 H   S         -0.010905   -0.036974    0.097034   -0.001096    0.096292
   87    7 H   Px         0.001252   -0.005236    0.005142    0.005876    0.003978
   88    7 H   Py        -0.006132   -0.009165    0.008571   -0.003626    0.008902
   89    7 H   Pz         0.000120    0.000953   -0.000787    0.000024   -0.001345
   90    8 H   S          0.146420   -0.147466   -0.188838    0.000731    0.150403
   91    8 H   S          0.035816   -0.038173   -0.098682    0.000266    0.067223
   92    8 H   Px        -0.008606    0.005326    0.004914   -0.006018   -0.000266
   93    8 H   Py         0.012929   -0.009199   -0.008599   -0.003424    0.007450
   94    8 H   Pz        -0.000393    0.000973    0.000804   -0.000003   -0.000930
   95    9 H   S         -0.104636   -0.146491    0.188496    0.002854   -0.074347
   96    9 H   S         -0.025508   -0.037879    0.098104    0.001019   -0.032886
   97    9 H   Px         0.011077    0.010596   -0.009933   -0.000170    0.003324
   98    9 H   Py        -0.003105   -0.000036   -0.000126    0.006909    0.004432
   99    9 H   Pz         0.000271    0.000942   -0.000769   -0.000028    0.000458
  100   10 H   S         -0.040261   -0.142924   -0.187026   -0.003042   -0.220670
  101   10 H   S         -0.009012   -0.036048   -0.095882   -0.001038   -0.096149
  102   10 H   Px        -0.001458    0.005305    0.004866    0.006069    0.004251
  103   10 H   Py         0.005889    0.009080    0.008790   -0.003271    0.009029
  104   10 H   Pz         0.000102    0.000914    0.000744    0.000026    0.001335
  105   11 H   S          0.143429   -0.140317    0.185528    0.000924   -0.147944
  106   11 H   S          0.032481   -0.034759    0.094045    0.000318   -0.063474
  107   11 H   Px         0.008683   -0.005217    0.005111   -0.005940   -0.000473
  108   11 H   Py        -0.012935    0.009059   -0.008729   -0.003498    0.007542
  109   11 H   Pz        -0.000390    0.000914   -0.000764    0.000001    0.000916
  110   12 H   S         -0.100786   -0.141249   -0.185942    0.001798    0.066996
  111   12 H   S         -0.022867   -0.035155   -0.094594    0.000583    0.029055
  112   12 H   Px        -0.010916   -0.010480   -0.010087    0.000120    0.003003
  113   12 H   Py         0.003213   -0.000035    0.000123    0.006888    0.004313
  114   12 H   Pz         0.000280    0.000935    0.000778   -0.000022   -0.000406
 
                             16          17          18          19          20
    Orbital Energy        -0.45695    -0.41333    -0.37971    -0.37959    -0.29719
    1    1 C   S         -0.000196    0.009527   -0.004256   -0.001378    0.012699
    2    1 C   S         -0.009925    0.032423   -0.012167   -0.006927    0.036255
    3    1 C   S         -0.025320   -0.001735    0.036740    0.002523   -0.020259
    4    1 C   Px         0.037445    0.006915   -0.175764    0.180851    0.012422
    5    1 C   Py        -0.101037    0.009168   -0.144365   -0.187677    0.002952
    6    1 C   Pz         0.000436    0.224915    0.000944    0.000323    0.285686
    7    1 C   Px        -0.051298   -0.005096   -0.028740    0.076028   -0.010143
    8    1 C   Py         0.004916   -0.009405    0.000785   -0.052710   -0.025974
    9    1 C   Pz        -0.000145    0.125922   -0.004074   -0.001125    0.199703
   10    1 C   D-2        0.009366    0.002757    0.020292    0.014295    0.001200
   11    1 C   D-1        0.001198    0.011730    0.001334    0.001979   -0.000755
   12    1 C   D0        -0.000019   -0.007399   -0.001868   -0.000681   -0.006354
   13    1 C   D+1       -0.000226    0.007220    0.001762   -0.002007    0.014614
   14    1 C   D+2        0.015055   -0.001292   -0.017639    0.008573    0.000548
   15    2 C   S          0.000431    0.010341    0.000933    0.004324    0.013646
   16    2 C   S          0.034855    0.034618    0.002230    0.014542    0.038315
   17    2 C   S          0.087774   -0.004939   -0.010094   -0.033231   -0.028639
   18    2 C   Px        -0.061313   -0.006199    0.198326   -0.154696   -0.011652
   19    2 C   Py         0.225317    0.011153    0.166002    0.158935    0.003742
   20    2 C   Pz        -0.004821    0.231798   -0.000181   -0.001186    0.296428
   21    2 C   Px        -0.060448    0.006874    0.081361   -0.026107    0.013096
   22    2 C   Py         0.042419   -0.011832    0.049411    0.002522   -0.030049
   23    2 C   Pz        -0.001145    0.134003    0.001013    0.003756    0.215266
   24    2 C   D-2        0.008238   -0.002628    0.012479    0.021644   -0.001108
   25    2 C   D-1       -0.003085    0.012153   -0.001761   -0.001498   -0.000002
   26    2 C   D0         0.000615   -0.007566    0.000412    0.002018   -0.006555
   27    2 C   D+1        0.001111   -0.006879   -0.002216    0.001563   -0.013852
   28    2 C   D+2       -0.009421   -0.001569   -0.009979    0.016066    0.000474
   29    3 C   S          0.000602    0.009768    0.003288   -0.002975   -0.000109
   30    3 C   S          0.043993    0.033139    0.009236   -0.011200   -0.000027
   31    3 C   S          0.109825   -0.002474   -0.030113    0.018435    0.004977
   32    3 C   Px        -0.287124   -0.012080   -0.162912    0.149870   -0.000237
   33    3 C   Py        -0.030178   -0.001183   -0.174170   -0.194956   -0.016758
   34    3 C   Pz        -0.005837    0.229095   -0.000736    0.000830   -0.002667
   35    3 C   Px        -0.084415    0.011545   -0.009983    0.012000   -0.002371
   36    3 C   Py         0.015117   -0.000255   -0.062433   -0.073916   -0.007316
   37    3 C   Pz        -0.001484    0.130498    0.002862   -0.002516   -0.003785
   38    3 C   D-2        0.005995    0.000216    0.010403    0.011188    0.001998
   39    3 C   D-1        0.000296   -0.000296    0.001862    0.002119   -0.024890
   40    3 C   D0         0.000738   -0.007448    0.001469   -0.001396   -0.000075
   41    3 C   D+1        0.004038   -0.013857    0.001535   -0.001438    0.000499
   42    3 C   D+2       -0.002889    0.003041   -0.020612    0.018141    0.000108
   43    4 C   S          0.000082    0.008710   -0.004265   -0.001400   -0.012698
   44    4 C   S          0.008535    0.029874   -0.013296   -0.001360   -0.036248
   45    4 C   S          0.021425   -0.001240    0.031495    0.019638    0.020970
   46    4 C   Px         0.044158   -0.004115    0.180871   -0.183759    0.011126
   47    4 C   Py        -0.088308   -0.009159    0.147255    0.184457    0.003603
   48    4 C   Pz        -0.001627    0.219846    0.000875    0.000102   -0.301333
   49    4 C   Px        -0.049229    0.004483    0.036499   -0.075553   -0.011539
   50    4 C   Py         0.010809    0.007775   -0.002820    0.045910   -0.025818
   51    4 C   Pz        -0.000487    0.120383   -0.003787   -0.001576   -0.208838
   52    4 C   D-2       -0.009213    0.002430    0.020483    0.015279   -0.001078
   53    4 C   D-1        0.001043   -0.011996   -0.001341   -0.001832    0.000582
   54    4 C   D0         0.000213   -0.007085   -0.001857   -0.000525    0.006377
   55    4 C   D+1       -0.000258   -0.006474   -0.001801    0.001952    0.014753
   56    4 C   D+2       -0.015133   -0.001668   -0.016974    0.008463   -0.000475
   57    5 C   S         -0.000621    0.008337    0.000947    0.004441   -0.012705
   58    5 C   S         -0.033125    0.028694    0.003394    0.011601   -0.036563
   59    5 C   S         -0.082434   -0.002401   -0.005055   -0.037037    0.019243
   60    5 C   Px        -0.070160    0.004353   -0.201526    0.161922   -0.010744
   61    5 C   Py         0.224385   -0.007255   -0.173739   -0.170100    0.003497
   62    5 C   Pz         0.002774    0.213348   -0.000047   -0.000372   -0.303365
   63    5 C   Px        -0.062863   -0.004394   -0.076116    0.023009    0.011047
   64    5 C   Py         0.041323    0.007548   -0.048961   -0.004332   -0.025211
   65    5 C   Pz         0.000038    0.113664    0.000787    0.004702   -0.202858
   66    5 C   D-2       -0.006973   -0.002499    0.012669    0.021977    0.001182
   67    5 C   D-1       -0.002913   -0.011630    0.001782    0.001593    0.000925
   68    5 C   D0        -0.000286   -0.006894    0.000402    0.001798    0.006453
   69    5 C   D+1        0.001150    0.006841    0.002125   -0.001593   -0.014333
   70    5 C   D+2        0.009559   -0.001403   -0.010599    0.016587   -0.000362
   71    6 C   S         -0.000785    0.008633    0.003366   -0.003020   -0.000675
   72    6 C   S         -0.042370    0.029640    0.010584   -0.006666   -0.001724
   73    6 C   S         -0.104933   -0.001905   -0.023218    0.029504    0.003406
   74    6 C   Px        -0.291425    0.009328    0.173996   -0.153290   -0.000293
   75    6 C   Py        -0.021836   -0.000738    0.178959    0.197182   -0.015748
   76    6 C   Pz         0.004045    0.215731   -0.000713    0.000387   -0.015347
   77    6 C   Px        -0.085035   -0.008980    0.013177   -0.008798    0.002611
   78    6 C   Py         0.015673    0.000073    0.064270    0.066706   -0.006302
   79    6 C   Pz         0.000190    0.115985    0.003326   -0.003242   -0.012242
   80    6 C   D-2       -0.005382   -0.000180    0.010393    0.011889   -0.001916
   81    6 C   D-1        0.000193   -0.000293   -0.001916   -0.002072   -0.024554
   82    6 C   D0        -0.000424   -0.007067    0.001426   -0.001215    0.000271
   83    6 C   D+1        0.003995    0.013536   -0.001677    0.001445   -0.000815
   84    6 C   D+2        0.001803    0.002917   -0.020473    0.018876    0.000093
   85    7 H   S          0.050914    0.003026    0.218324    0.071284    0.006430
   86    7 H   S          0.022115   -0.012825    0.143622    0.046535   -0.022511
   87    7 H   Px         0.005087   -0.000836    0.000865    0.007544    0.000054
   88    7 H   Py        -0.000242   -0.001604    0.006359   -0.002105   -0.000882
   89    7 H   Pz        -0.000339    0.006785   -0.001601   -0.000527    0.010144
   90    8 H   S         -0.166895    0.002702   -0.046575   -0.220416    0.006988
   91    8 H   S         -0.074707   -0.014843   -0.031132   -0.146681   -0.024679
   92    8 H   Px         0.006359    0.000923    0.007260    0.001503   -0.000049
   93    8 H   Py        -0.004730   -0.001580    0.002767   -0.005897   -0.000797
   94    8 H   Pz         0.001019    0.006862    0.000340    0.001628    0.010351
   95    9 H   S         -0.212017    0.002715   -0.168169    0.152140   -0.000142
   96    9 H   S         -0.094554   -0.013541   -0.111603    0.100643    0.000496
   97    9 H   Px         0.009296    0.001824    0.004504   -0.004087    0.000088
   98    9 H   Py        -0.001524   -0.000066   -0.005259   -0.005884   -0.000903
   99    9 H   Pz         0.001265    0.006846    0.001216   -0.001092   -0.000064
  100   10 H   S         -0.039709    0.003177    0.221340    0.071519   -0.006301
  101   10 H   S         -0.017498   -0.011170    0.144172    0.046981    0.022727
  102   10 H   Px         0.004762    0.000931   -0.000880   -0.007604    0.000024
  103   10 H   Py        -0.000760    0.001468   -0.006565    0.002120   -0.000856
  104   10 H   Pz         0.000214    0.006723   -0.001576   -0.000507   -0.010762
  105   11 H   S          0.168086    0.003959   -0.049581   -0.231853   -0.006618
  106   11 H   S          0.071897   -0.010102   -0.031760   -0.149266    0.022263
  107   11 H   Px         0.006417   -0.000813   -0.007626   -0.001822    0.000024
  108   11 H   Py        -0.005206    0.001425   -0.002777    0.006528   -0.000881
  109   11 H   Pz        -0.001058    0.006611    0.000371    0.001693   -0.010977
  110   12 H   S          0.213835    0.003691   -0.175491    0.157234   -0.000338
  111   12 H   S          0.092079   -0.010748   -0.113182    0.101808    0.001469
  112   12 H   Px         0.009752   -0.001692   -0.004940    0.004411   -0.000019
  113   12 H   Py        -0.001350   -0.000056    0.005466    0.006020   -0.000881
  114   12 H   Pz        -0.001353    0.006653    0.001289   -0.001160   -0.000520
 
                             21          22          23          24          25
    Orbital Energy        -0.29711    -0.04743    -0.04739     0.02544     0.06889
    1    1 C   S          0.008270   -0.011093    0.012118    0.009381    0.015651
    2    1 C   S          0.023302   -0.020989    0.023499   -0.064189   -0.047596
    3    1 C   S         -0.018374    0.116269   -0.116357   -0.512186   -0.846306
    4    1 C   Px        -0.009353    0.017960    0.011128    0.056115    0.111626
    5    1 C   Py         0.011533   -0.004521   -0.012143    0.099383    0.182414
    6    1 C   Pz         0.186833   -0.252090    0.268019    0.020303    0.021400
    7    1 C   Px        -0.015184    0.045174   -0.018041    0.135833    0.286463
    8    1 C   Py        -0.014542    0.043421   -0.061053    0.215915    0.492562
    9    1 C   Pz         0.133765   -0.339971    0.360898   -0.010096   -0.014400
   10    1 C   D-2       -0.000512    0.001212   -0.001175    0.015852    0.004081
   11    1 C   D-1        0.014904   -0.006763   -0.019745   -0.000617   -0.001386
   12    1 C   D0        -0.004017    0.003971   -0.004441   -0.000392    0.004249
   13    1 C   D+1       -0.015734    0.026145    0.017183    0.000111   -0.001316
   14    1 C   D+2       -0.001651   -0.000419    0.000855   -0.008631   -0.003757
   15    2 C   S         -0.007410    0.016524    0.003477    0.010076    0.006281
   16    2 C   S         -0.020813    0.031448    0.006649   -0.067186   -0.021426
   17    2 C   S          0.014737   -0.167966   -0.035284   -0.560328   -0.348674
   18    2 C   Px        -0.010530    0.007579   -0.019410   -0.063072   -0.031256
   19    2 C   Py        -0.011794   -0.003646   -0.012897    0.108808    0.079443
   20    2 C   Pz        -0.160286    0.358364    0.076463    0.022242    0.008387
   21    2 C   Px        -0.014479    0.047375   -0.009890   -0.141272   -0.212816
   22    2 C   Py         0.011817   -0.073432   -0.026885    0.250774    0.152028
   23    2 C   Pz        -0.115652    0.494462    0.105761   -0.011226   -0.006844
   24    2 C   D-2       -0.000532    0.001583    0.000188   -0.015731   -0.004183
   25    2 C   D-1       -0.014049   -0.006053   -0.019424   -0.000530   -0.002543
   26    2 C   D0         0.003538   -0.005935   -0.001274   -0.000168    0.001654
   27    2 C   D+1       -0.017202    0.012120   -0.029124    0.000395   -0.002913
   28    2 C   D+2        0.001715    0.000864    0.000431   -0.009244    0.004027
   29    3 C   S         -0.015094   -0.005322   -0.015481    0.009897   -0.010508
   30    3 C   S         -0.042746   -0.009750   -0.029690   -0.066023    0.035741
   31    3 C   S          0.028273    0.061328    0.153746   -0.543863    0.578392
   32    3 C   Px         0.010322   -0.002598   -0.006466   -0.121857    0.140274
   33    3 C   Py         0.000384   -0.022340    0.007289    0.000739    0.012409
   34    3 C   Pz        -0.338801   -0.123531   -0.346004    0.021051   -0.013808
   35    3 C   Px        -0.034911   -0.030705   -0.080827   -0.276470    0.392017
   36    3 C   Py         0.000248   -0.022175    0.006397   -0.007309   -0.084080
   37    3 C   Pz        -0.242584   -0.169010   -0.472744   -0.010617    0.010512
   38    3 C   D-2       -0.000001    0.000289   -0.000044    0.000314    0.004939
   39    3 C   D-1       -0.000235   -0.033651    0.012151   -0.000363   -0.003100
   40    3 C   D0         0.007367    0.001828    0.005606   -0.000241   -0.002616
   41    3 C   D+1        0.007966   -0.003437   -0.010865    0.000564   -0.001299
   42    3 C   D+2       -0.000821    0.000589    0.001811    0.018174   -0.003155
   43    4 C   S         -0.007054   -0.010162    0.011915    0.009059   -0.015246
   44    4 C   S         -0.020420   -0.019560    0.022780   -0.062168    0.043520
   45    4 C   S          0.007953    0.095850   -0.120746   -0.483353    0.808846
   46    4 C   Px        -0.009323   -0.016964   -0.010744   -0.054495    0.104035
   47    4 C   Py         0.011294    0.004789    0.012463   -0.091971    0.182178
   48    4 C   Pz        -0.167253   -0.236958    0.282741    0.018939   -0.019919
   49    4 C   Px        -0.012020   -0.039981    0.018004   -0.109074    0.244299
   50    4 C   Py        -0.009206   -0.035461    0.062652   -0.207608    0.485466
   51    4 C   Pz        -0.113054   -0.313291    0.375003   -0.008976    0.012992
   52    4 C   D-2        0.000379    0.001218   -0.001195    0.015274   -0.005090
   53    4 C   D-1        0.013870    0.007468    0.018474    0.000160   -0.001145
   54    4 C   D0         0.003615    0.003779   -0.004383   -0.000512   -0.004107
   55    4 C   D+1       -0.016561   -0.027780   -0.015949    0.000468   -0.001392
   56    4 C   D+2        0.001719   -0.000528    0.000938   -0.009343    0.003602
   57    5 C   S          0.007138    0.015272    0.003023    0.008387   -0.005340
   58    5 C   S          0.020595    0.029551    0.005778   -0.059795    0.013771
   59    5 C   S         -0.010237   -0.146555   -0.029970   -0.439954    0.276683
   60    5 C   Px        -0.009395   -0.007563    0.018892    0.047887   -0.022585
   61    5 C   Py        -0.010917    0.003914    0.012532   -0.083451    0.075259
   62    5 C   Pz         0.171026    0.362704    0.071251    0.018135   -0.007217
   63    5 C   Px        -0.011992   -0.042011    0.011506    0.105674   -0.172772
   64    5 C   Py         0.010408    0.064748    0.024445   -0.177336    0.118707
   65    5 C   Pz         0.115265    0.469741    0.091972   -0.008009    0.004666
   66    5 C   D-2        0.000405    0.001746    0.000238   -0.015382    0.005616
   67    5 C   D-1       -0.014751    0.005428    0.019719    0.000285   -0.002317
   68    5 C   D0        -0.003668   -0.005809   -0.001116   -0.000738   -0.001411
   69    5 C   D+1       -0.016232   -0.011224    0.029783   -0.000115   -0.002766
   70    5 C   D+2       -0.001655    0.000946    0.000405   -0.008710   -0.004193
   71    6 C   S          0.014771   -0.004771   -0.015130    0.008568    0.008607
   72    6 C   S          0.042487   -0.009341   -0.029262   -0.060539   -0.021589
   73    6 C   S         -0.022854    0.041230    0.148464   -0.453576   -0.447478
   74    6 C   Px         0.010118    0.001937    0.006778    0.099493    0.123234
   75    6 C   Py        -0.000574    0.022158   -0.007645    0.000867    0.013591
   76    6 C   Pz         0.346474   -0.109189   -0.352934    0.018515    0.011629
   77    6 C   Px        -0.031681    0.021955    0.077925    0.214657    0.305501
   78    6 C   Py        -0.000596    0.021717   -0.007582   -0.006447   -0.084544
   79    6 C   Pz         0.234327   -0.141918   -0.460904   -0.008713   -0.007650
   80    6 C   D-2       -0.000077    0.000223   -0.000131   -0.000318   -0.005271
   81    6 C   D-1       -0.000703    0.034635   -0.010619   -0.000249   -0.003150
   82    6 C   D0        -0.007518    0.001824    0.005634   -0.000661    0.002453
   83    6 C   D+1        0.009007    0.003523    0.010051   -0.000335   -0.000943
   84    6 C   D+2        0.000916    0.000622    0.001888    0.017753    0.004017
   85    7 H   S          0.004343   -0.013986    0.014841    0.072268    0.050173
   86    7 H   S         -0.014950    0.026637   -0.029565    0.688773    1.178706
   87    7 H   Px        -0.000847    0.000144    0.000845   -0.001912    0.001339
   88    7 H   Py         0.000050   -0.000964    0.000364   -0.003304    0.001107
   89    7 H   Pz         0.006576   -0.012152    0.013010   -0.000350   -0.000428
   90    8 H   S         -0.003786    0.020614    0.004338    0.074292    0.019203
   91    8 H   S          0.013384   -0.039784   -0.008497    0.754917    0.485881
   92    8 H   Px        -0.000881   -0.000379   -0.000827    0.001815   -0.000747
   93    8 H   Py        -0.000083    0.001006   -0.000225   -0.003142    0.000424
   94    8 H   Pz        -0.005609    0.017302    0.003679   -0.000292   -0.000163
   95    9 H   S         -0.007510   -0.006849   -0.019083    0.073660   -0.033136
   96    9 H   S          0.027282    0.012404    0.037547    0.732180   -0.804282
   97    9 H   Px        -0.000800    0.000420    0.000984    0.003693    0.001053
   98    9 H   Py         0.000009   -0.000768    0.000267    0.000001   -0.000037
   99    9 H   Pz        -0.011919   -0.005940   -0.016750   -0.000319    0.000277
  100   10 H   S         -0.003448   -0.012624    0.014928    0.070943   -0.050803
  101   10 H   S          0.012327    0.024115   -0.028787    0.647997   -1.130117
  102   10 H   Px        -0.000893   -0.000194   -0.000852    0.001941    0.000189
  103   10 H   Py        -0.000039    0.000825   -0.000438    0.003414    0.001469
  104   10 H   Pz        -0.006028   -0.011547    0.013671   -0.000350    0.000470
  105   11 H   S          0.003718    0.019228    0.003779    0.068974   -0.019359
  106   11 H   S         -0.012469   -0.036500   -0.007036    0.590013   -0.395112
  107   11 H   Px        -0.000891    0.000334    0.000757   -0.002059    0.000366
  108   11 H   Py         0.000002   -0.000900    0.000205    0.003546    0.000616
  109   11 H   Pz         0.006171    0.017604    0.003475   -0.000371    0.000194
  110   12 H   S          0.007573   -0.005890   -0.018981    0.069611    0.029896
  111   12 H   S         -0.026014    0.011214    0.036476    0.607634    0.636710
  112   12 H   Px        -0.000878   -0.000249   -0.000977   -0.004040    0.000753
  113   12 H   Py        -0.000013    0.000749   -0.000260    0.000027    0.000214
  114   12 H   Pz         0.012482   -0.005339   -0.017103   -0.000378   -0.000305
 
                             26          27          28          29          30
    Orbital Energy         0.06914     0.10469     0.10504     0.11201     0.12501
    1    1 C   S          0.000749   -0.003330   -0.016893    0.010579    0.020981
    2    1 C   S          0.004763    0.054309    0.112810    0.007590    0.138066
    3    1 C   S         -0.022284    0.310863    1.131137   -0.233605   -0.507607
    4    1 C   Px        -0.006158    0.029738   -0.064698   -0.002644   -0.043434
    5    1 C   Py         0.019564   -0.078746   -0.082472   -0.008833   -0.058135
    6    1 C   Pz         0.000835   -0.014062   -0.014196    0.291187    0.013623
    7    1 C   Px         0.105327    0.064042   -0.352619   -0.022727   -0.630680
    8    1 C   Py        -0.038662   -0.453632   -0.444870   -0.059198   -0.991593
    9    1 C   Pz         0.000219   -0.004446    0.022568    0.573906    0.064337
   10    1 C   D-2        0.002754   -0.002746    0.011094    0.001445    0.007643
   11    1 C   D-1       -0.002066    0.000714    0.001647   -0.016478    0.000569
   12    1 C   D0         0.000790    0.002832   -0.000758   -0.004054    0.022946
   13    1 C   D+1        0.003464    0.001414    0.000326   -0.007539    0.000288
   14    1 C   D+2        0.005607   -0.011958   -0.003123   -0.001361   -0.002573
   15    2 C   S          0.014402    0.014185    0.004038   -0.010241   -0.023044
   16    2 C   S         -0.043478   -0.132178   -0.026459   -0.010610   -0.126124
   17    2 C   S         -0.783929   -1.058227   -0.270430    0.205670    0.642464
   18    2 C   Px        -0.101511   -0.069975    0.046372   -0.006031   -0.029603
   19    2 C   Py         0.167602    0.087330    0.050681    0.008806    0.056899
   20    2 C   Pz         0.019224    0.022294    0.002989   -0.284462   -0.014711
   21    2 C   Px        -0.226361   -0.422594    0.193260   -0.040362   -0.551372
   22    2 C   Py         0.490828    0.592975    0.250702    0.063072    0.988225
   23    2 C   Pz        -0.014751   -0.011156   -0.005482   -0.570797   -0.062037
   24    2 C   D-2       -0.001640    0.012454   -0.003558    0.002034    0.005699
   25    2 C   D-1       -0.000756   -0.002017    0.000125    0.015277   -0.000447
   26    2 C   D0         0.004228   -0.002907    0.000185    0.004156   -0.023337
   27    2 C   D+1        0.002211    0.001045    0.000903   -0.009310    0.000255
   28    2 C   D+2       -0.003455    0.003567    0.012083    0.001008    0.003878
   29    3 C   S          0.011822   -0.009929    0.011979    0.010068    0.022380
   30    3 C   S         -0.032356    0.100892   -0.085291    0.009103    0.129693
   31    3 C   S         -0.631800    0.760878   -0.820123   -0.211407   -0.600466
   32    3 C   Px        -0.161313    0.089206   -0.071257    0.009825    0.066344
   33    3 C   Py         0.006910   -0.050205   -0.044897   -0.001393    0.006358
   34    3 C   Pz         0.015358   -0.018959    0.010053    0.287105    0.014436
   35    3 C   Px        -0.430230    0.582205   -0.418463    0.068788    1.143783
   36    3 C   Py        -0.080392   -0.212565   -0.208097   -0.005994    0.037317
   37    3 C   Pz        -0.010554    0.004412   -0.016295    0.571610    0.062533
   38    3 C   D-2        0.003583   -0.009225   -0.008377   -0.000343    0.001148
   39    3 C   D-1       -0.002572   -0.000487   -0.000744   -0.001221   -0.000002
   40    3 C   D0         0.003662    0.002798    0.000036   -0.003975    0.023223
   41    3 C   D+1        0.001354   -0.001920    0.001101    0.017936   -0.000536
   42    3 C   D+2        0.002751    0.008867   -0.008895    0.002138    0.007197
   43    4 C   S         -0.003588   -0.006516   -0.017401   -0.010614   -0.019635
   44    4 C   S          0.016991    0.011909    0.117605   -0.004975   -0.145580
   45    4 C   S          0.208421    0.348066    1.164503    0.250746    0.421634
   46    4 C   Px         0.007142   -0.048995    0.078491   -0.005258   -0.032002
   47    4 C   Py         0.047502    0.040370    0.090646   -0.004501   -0.071732
   48    4 C   Pz        -0.004998    0.005903   -0.015094   -0.295901   -0.013146
   49    4 C   Px         0.152717   -0.253769    0.377960   -0.034068   -0.559144
   50    4 C   Py         0.063894    0.121713    0.490328   -0.037199   -1.066130
   51    4 C   Pz         0.003511    0.018108    0.022894   -0.575839   -0.064687
   52    4 C   D-2       -0.005078   -0.003184    0.011055   -0.001709   -0.006531
   53    4 C   D-1       -0.002301    0.000882   -0.001529   -0.014919    0.000550
   54    4 C   D0        -0.000434   -0.003232   -0.000698    0.003942   -0.022654
   55    4 C   D+1        0.003145   -0.000800   -0.000770   -0.010541    0.000396
   56    4 C   D+2       -0.004650   -0.010983   -0.001932    0.000488    0.005561
   57    5 C   S         -0.014284    0.020074    0.004491    0.011451    0.017450
   58    5 C   S          0.042556   -0.098945   -0.031355    0.002282    0.158470
   59    5 C   S          0.757387   -1.237786   -0.303065   -0.288836   -0.278384
   60    5 C   Px        -0.107299    0.068938   -0.038601   -0.000899   -0.047269
   61    5 C   Py         0.168987   -0.090135   -0.062709    0.003045    0.077142
   62    5 C   Pz        -0.019579    0.006504    0.004451    0.302787    0.011596
   63    5 C   Px        -0.226986    0.288915   -0.160116   -0.012888   -0.641795
   64    5 C   Py         0.455205   -0.361495   -0.292495    0.030492    1.080418
   65    5 C   Pz         0.012487   -0.035676   -0.006118    0.579107    0.066938
   66    5 C   D-2        0.005316    0.009058   -0.003558   -0.001225   -0.008095
   67    5 C   D-1       -0.000629    0.001090   -0.000258    0.016111   -0.000729
   68    5 C   D0        -0.003421    0.004195    0.000130   -0.004034    0.022154
   69    5 C   D+1        0.002054   -0.000191   -0.001370   -0.008749    0.000384
   70    5 C   D+2        0.006167    0.002323    0.010719   -0.000835   -0.004191
   71    6 C   S         -0.012732   -0.014460    0.013807   -0.011296   -0.018132
   72    6 C   S          0.039912    0.063286   -0.088322   -0.003561   -0.154548
   73    6 C   S          0.682928    0.872015   -0.907735    0.277060    0.321987
   74    6 C   Px        -0.175116   -0.069096    0.095963    0.004676    0.086586
   75    6 C   Py         0.013608    0.045794    0.048091    0.001512   -0.005589
   76    6 C   Pz        -0.017742   -0.001409    0.012376   -0.300482   -0.011935
   77    6 C   Px        -0.452475   -0.258504    0.466009    0.040467    1.240181
   78    6 C   Py        -0.050527    0.210151    0.202710    0.007602   -0.035156
   79    6 C   Pz         0.011357    0.028456   -0.017828   -0.578074   -0.067230
   80    6 C   D-2       -0.004364   -0.007957   -0.008276   -0.000283    0.001008
   81    6 C   D-1       -0.002338    0.000995    0.000793    0.001227   -0.000058
   82    6 C   D0        -0.002986   -0.003778    0.001003    0.004026   -0.022306
   83    6 C   D+1        0.001467    0.000435   -0.001375    0.018256   -0.000852
   84    6 C   D+2       -0.006533    0.006662   -0.007170   -0.001600   -0.008924
   85    7 H   S         -0.000623   -0.021681   -0.026250    0.025430   -0.064150
   86    7 H   S          0.037451   -0.585938   -1.197815    0.021673   -1.178428
   87    7 H   Px         0.000399    0.010931   -0.004454    0.000498    0.003844
   88    7 H   Py         0.000442   -0.005410   -0.000420   -0.000078    0.010585
   89    7 H   Pz         0.000002   -0.000312    0.000232    0.019735    0.002047
   90    8 H   S          0.041494    0.034915    0.004617   -0.025173    0.061793
   91    8 H   S          1.096951    1.357938    0.266885    0.006250    1.067851
   92    8 H   Px        -0.000727   -0.003187    0.010585   -0.000078    0.006213
   93    8 H   Py         0.001981   -0.000563    0.006942   -0.000142   -0.009582
   94    8 H   Pz        -0.000336    0.000197   -0.000040   -0.019469   -0.002009
   95    9 H   S          0.033701   -0.030136    0.018132    0.024712   -0.062518
   96    9 H   S          0.881856   -1.054674    0.877029    0.004883   -1.100670
   97    9 H   Px        -0.001781    0.000348   -0.001839   -0.000121   -0.011297
   98    9 H   Py        -0.000567   -0.009212   -0.009025   -0.000345    0.001374
   99    9 H   Pz        -0.000288   -0.000245   -0.000140    0.019595    0.002007
  100   10 H   S         -0.014535    0.005157   -0.031896   -0.025540    0.066242
  101   10 H   S         -0.279259   -0.128743   -1.284126   -0.047385    1.251818
  102   10 H   Px        -0.000375   -0.009381    0.004191   -0.000306    0.007139
  103   10 H   Py         0.000054    0.007971    0.000275    0.000419    0.008465
  104   10 H   Pz         0.000116    0.000478    0.000278   -0.019932   -0.002053
  105   11 H   S         -0.053359    0.024020    0.010432    0.027010   -0.070492
  106   11 H   S         -1.065972    1.133748    0.353948    0.084731   -1.383480
  107   11 H   Px        -0.000692    0.004455   -0.010356    0.000241    0.004829
  108   11 H   Py         0.000324   -0.001743   -0.006489   -0.000170   -0.009526
  109   11 H   Pz         0.000525   -0.000784   -0.000100    0.020154    0.002145
  110   12 H   S         -0.046705   -0.011242    0.026420   -0.026778    0.069047
  111   12 H   S         -0.951123   -0.716687    0.991715   -0.069107    1.343358
  112   12 H   Px        -0.000583   -0.003163    0.001779   -0.000261   -0.010737
  113   12 H   Py         0.000694    0.009052    0.008716    0.000335   -0.001344
  114   12 H   Pz         0.000434    0.000650   -0.000257   -0.020068   -0.002116
 
 Step CPU :       8.7, Total CPU :      11.5 of Master process
 Step Wall :      0.7, Total Wall :      1.0 at Mon Aug  2 00:00:57 2021

 ========================
   Property calculation
 ========================
 -------------------------------------
      Mulliken Population Analysis
     Atom       Charge     Population
 -------------------------------------
    1  C       0.000877     5.999123
    2  C      -0.020439     6.020439
    3  C      -0.009830     6.009830
    4  C       0.013358     5.986642
    5  C       0.030679     5.969321
    6  C       0.025258     5.974742
    7  H      -0.007305     1.007305
    8  H      -0.009152     1.009152
    9  H      -0.008614     1.008614
   10  H      -0.006114     1.006114
   11  H      -0.004035     1.004035
   12  H      -0.004683     1.004683
   13  X       1.000000     0.000000
   14  X      -0.900000     0.000000
 -------------------------------------
     Total     0.100000
 -------------------------------------
 
 ----------------------------------------------
               Dipole Momemt (Debye)
        X          Y          Z       Total
 ----------------------------------------------
      0.6775    -0.7034   -24.0606    24.0804
 ----------------------------------------------

 Step CPU :       0.0, Total CPU :      11.5 of Master process
 Step Wall :      0.0, Total Wall :      1.0 at Mon Aug  2 00:00:57 2021

 Total CPU time :       11.5 seconds
 Total Wall time:        1.0 seconds
                 ( 0 days  0 hours  0 minutes  1.0 seconds)
 The job finished at Mon Aug  2 00:00:57 2021
 Used memory :       5 MB
 Your calculation finished successfully with  0 warning.
