 *******************************************
    Scalable Molecular Analysis Solver for
      High performance computing systems
            SMASH Version 1.1.0     
           written by K. ISHIMURA
 *******************************************

 The job started at Fri Jan  2 13:16:19 2015
 Master node is hpcs03.local
 Number of processes =     3
 Number of threads   =    12

 --------------------------------------------------------------------------
   Job infomation
 --------------------------------------------------------------------------
   Runtype = ENERGY      ,   Method  = MP2         ,   Basis    = STO-3G      
   Memory  =      1000MB ,   SCFtype = RHF         ,   Spher    = T
   Charge  =         0.0 ,   Multi   =           1 ,   Bohr     = F
   Guess   = HUCKEL      
 --------------------------------------------------------------------------

 ------------------------------------------------
   Computational condition
 ------------------------------------------------
   Number of atoms                      =   26
   Number of alpha electrons            =   72
   Number of beta electrons             =   72
   Number of basis shells               =   66
   Number of basis contracted functions =  106
   Number of basis primitive functions  =  198
 ------------------------------------------------

 ----------------------------------------------------
          Molecular Geometry (Angstrom)
  Atom            X             Y             Z
 ----------------------------------------------------
   C         -0.1518540    -0.0195040     0.2916050
   N         -0.8761140    -1.0138210     0.7876740
   C         -2.2216600    -0.8063680     0.4606150
   C         -3.2939230    -1.6550400     0.8183640
   C         -4.5749780    -1.3297080     0.4259730
   C         -4.8105550    -0.1528970    -0.3295480
   C         -3.7753990     0.7044630    -0.6978000
   C         -2.4757940     0.3826830    -0.3049820
   S         -1.0281780     1.1970290    -0.5865970
   C          1.2913050     0.1183900     0.4340350
   N          2.1564970    -0.8422370     0.3025640
   C          3.5247000    -0.3815790     0.5258430
   C          3.5815780     1.1455810     0.7619330
   S          1.8894840     1.7154010     0.8086410
   H         -3.0967120    -2.5666760     1.4040260
   H         -5.4315130    -1.9688460     0.6868480
   O         -6.1210570     0.0803340    -0.6692280
   H         -6.1598700     0.9006010    -1.1832230
   H         -3.9755480     1.6119960    -1.2840270
   C          4.4204170    -0.7599990    -0.6390450
   O          4.6631460    -0.1261580    -1.6665100
   O          5.0431790    -1.9542880    -0.4666820
   H          5.5785530    -2.1603400    -1.2517240
   H          3.9058930    -0.9294210     1.4416800
   H          4.0793380     1.3770090     1.7307250
   H          4.1283660     1.6653240    -0.0613050
 ----------------------------------------------------

 -------------
   Basis set
 -------------
  C  
    S  3
         71.6168373      0.15432897
         13.0450963      0.53532814
          3.5305122      0.44463454
    S  3
          2.9412494     -0.09996723
          0.6834831      0.39951283
          0.2222899      0.70011547
    P  3
          2.9412494      0.15591627
          0.6834831      0.60768372
          0.2222899      0.39195739
  ****
  N  
    S  3
         99.1061690      0.15432897
         18.0523124      0.53532814
          4.8856602      0.44463454
    S  3
          3.7804559     -0.09996723
          0.8784966      0.39951283
          0.2857144      0.70011547
    P  3
          3.7804559      0.15591627
          0.8784966      0.60768372
          0.2857144      0.39195739
  ****
  S  
    S  3
        533.1257359      0.15432897
         97.1095183      0.53532814
         26.2816254      0.44463454
    S  3
         33.3297517     -0.09996723
          7.7451175      0.39951283
          2.5189526      0.70011547
    P  3
         33.3297517      0.15591627
          7.7451175      0.60768372
          2.5189526      0.39195739
    S  3
          2.0291943     -0.21962037
          0.5661401      0.22559543
          0.2215834      0.90039843
    P  3
          2.0291943      0.01058760
          0.5661401      0.59516701
          0.2215834      0.46200101
  ****
  H  
    S  3
          3.4252509      0.15432897
          0.6239137      0.53532814
          0.1688554      0.44463454
  ****
  O  
    S  3
        130.7093214      0.15432897
         23.8088660      0.53532814
          6.4436083      0.44463454
    S  3
          5.0331513     -0.09996723
          1.1695961      0.39951283
          0.3803890      0.70011547
    P  3
          5.0331513      0.15591627
          1.1695961      0.60768372
          0.3803890      0.39195739
  ****
 Nuclear repulsion energy =  1465.51995596 a.u.

 ---------------------
   Guess calculation
 ---------------------
   Guess MOs are generated using extended Huckel orbitals.
 
 If the calculation stops at the beginning of SCF, increase the stack size.
 bash: Write the following two lines in the ~/.bashrc file.
       ulimit -s unlimited
       export OMP_STACKSIZE=1G
 tcsh: Write the following two lines in the ~/.tcshrc file.
       unlimit
       setenv OMP_STACKSIZE 1G

 Step CPU :       1.2, Total CPU :       1.2 of Master node
 Step Wall :      0.1, Total Wall :      0.1 at Fri Jan  2 13:16:19 2015

 --------------------------------------------------------------------------
   Hartree-Fock calculation
 --------------------------------------------------------------------------
   DIIS = T,   SOSCF = F
   Dconv      = 5.00D-06,  MaxIter    =       100,  ThreshSOSCF= 2.50D-01
   Cutint2    = 1.00D-12,  ThreshEx   =  3.00D+01,  ThreshOver = 1.00D-06
 --------------------------------------------------------------------------
 ====================
    SCF Iteration
 ====================
 Iter SubIt   Total Energy      Delta Energy      Delta Density     DIIS Error
   1    0   -1527.069968280   -1527.069968280      0.629058601      1.456701602
   2    1   -1531.218282450      -4.148314171      0.310133785      0.128221612
   3    2   -1531.380973202      -0.162690752      0.169690572      0.084547226
   4    3   -1531.465291066      -0.084317863      0.031179927      0.012525408
   5    4   -1531.469348714      -0.004057648      0.012001879      0.006173981
   6    5   -1531.470000392      -0.000651678      0.006722043      0.003557949
   7    6   -1531.470144692      -0.000144301      0.002002665      0.000649162
   8    7   -1531.470155089      -0.000010396      0.000959104      0.000302448
   9    8   -1531.470157638      -0.000002549      0.000322140      0.000096044
  10    9   -1531.470157903      -0.000000265      0.000128516      0.000069688
  11   10   -1531.470157972      -0.000000069      0.000032396      0.000014156
  12   11   -1531.470157977      -0.000000005      0.000013673      0.000006730
  13   12   -1531.470157978      -0.000000001      0.000004713      0.000001388
 -----------------------------------------
    SCF Converged.
    RHF Energy =   -1531.470157978 a.u.
 -----------------------------------------

 --------------------------------------------------------------------------------
   Eigenvalues (Hartree)
 --------------------------------------------------------------------------------
   Alpha Occupied:    -90.84357   -90.78970   -20.30910   -20.30340   -20.25283
   Alpha Occupied:    -15.34878   -15.34026   -11.17732   -11.11618   -11.11018
   Alpha Occupied:    -11.10165   -11.08963   -11.07204   -11.05905   -11.05836
   Alpha Occupied:    -11.05090   -11.03757   -11.03131    -8.73738    -8.68963
   Alpha Occupied:     -6.36958    -6.36754    -6.36492    -6.32187    -6.31969
   Alpha Occupied:     -6.31667    -1.38328    -1.33562    -1.26872    -1.23114
   Alpha Occupied:     -1.20448    -1.08167    -1.02532    -1.00941    -0.98820
   Alpha Occupied:     -0.94134    -0.92364    -0.83279    -0.79870    -0.75735
   Alpha Occupied:     -0.74481    -0.71441    -0.67056    -0.65179    -0.63386
   Alpha Occupied:     -0.61119    -0.60732    -0.59213    -0.56802    -0.55912
   Alpha Occupied:     -0.54238    -0.53902    -0.53103    -0.50966    -0.50304
   Alpha Occupied:     -0.49595    -0.48578    -0.46843    -0.46096    -0.44836
   Alpha Occupied:     -0.41887    -0.40982    -0.39985    -0.37137    -0.35482
   Alpha Occupied:     -0.34967    -0.34629    -0.34132    -0.32958    -0.26157
   Alpha Occupied:     -0.25651    -0.22886
   Alpha Virtual :      0.18449     0.25784     0.26971     0.29478     0.34887
   Alpha Virtual :      0.40466     0.43145     0.49173     0.50273     0.50652
   Alpha Virtual :      0.53530     0.55489     0.59796     0.60074     0.60671
   Alpha Virtual :      0.61950     0.64930     0.66675     0.68940     0.69946
   Alpha Virtual :      0.70425     0.72243     0.72451     0.77965     0.78438
   Alpha Virtual :      0.83736     0.83932     0.88306     0.89486     0.91191
   Alpha Virtual :      0.96977     0.99711     1.07297     1.11281
 --------------------------------------------------------------------------------
 Step CPU :       7.1, Total CPU :       8.3 of Master node
 Step Wall :      0.6, Total Wall :      0.7 at Fri Jan  2 13:16:20 2015

 ----------------------------------------------
   MP2 calculation 
     Number of basis functions         =  106
     Number of basis shells            =   66
     Number of correlated occupied MOs =   46
     Number of virtual MOs             =   34
 ----------------------------------------------

 -------------------------------------------------
   HF Energy                  =  -1531.470157978
   MP2 Correlation Energy     =     -0.944443323
   HF + MP2 Energy            =  -1532.414601301
   SCS-MP2 Correlation Energy =     -0.957531261
   HF + SCS-MP2 Energy        =  -1532.427689239
 -------------------------------------------------
 Step CPU :       7.6, Total CPU :      15.9 of Master node
 Step Wall :      0.7, Total Wall :      1.4 at Fri Jan  2 13:16:20 2015

  -------------------
    MO coefficients
  -------------------
 
                         52         53         54         55         56
                      -0.5390    -0.5310    -0.5097    -0.5030    -0.4959
    1   1 C  S        -0.0002    -0.0209     0.0197    -0.0117     0.0179
    2        S         0.0003     0.0940    -0.0679     0.0439    -0.0674
    3        Px       -0.0128    -0.2150    -0.0711    -0.0563     0.0875
    4        Py        0.0637     0.1179     0.1422     0.0653     0.0152
    5        Pz        0.1001    -0.0561     0.0291     0.2286    -0.0277
    6   2 N  S         0.0011     0.0212    -0.0082     0.0090    -0.0417
    7        S        -0.0044    -0.1005     0.0333    -0.0412     0.1976
    8        Px       -0.0160    -0.0652    -0.1797     0.0863    -0.0060
    9        Py        0.0558     0.1345     0.0600     0.1152    -0.1359
   10        Pz        0.1012    -0.0169     0.0211     0.1609     0.0566
   11   3 C  S        -0.0020     0.0067     0.0276    -0.0122    -0.0033
   12        S         0.0072    -0.0244    -0.0907     0.0378     0.0181
   13        Px       -0.0181     0.0110     0.2022    -0.1389    -0.0097
   14        Py        0.0717     0.0501     0.0778     0.0057    -0.0130
   15        Pz        0.1134     0.0999    -0.0008     0.0850    -0.0136
   16   4 C  S         0.0020    -0.0019    -0.0149     0.0052     0.0057
   17        S        -0.0064     0.0107     0.0504    -0.0164    -0.0321
   18        Px       -0.0007     0.0365    -0.2686     0.1751    -0.2025
   19        Py        0.0363    -0.0272    -0.0502     0.0043     0.1491
   20        Pz        0.0794     0.1207    -0.0434     0.0033    -0.1250
   21   5 C  S         0.0000     0.0095     0.0023     0.0007    -0.0030
   22        S         0.0009    -0.0349    -0.0224     0.0050     0.0107
   23        Px       -0.0321    -0.0585     0.3265    -0.1686     0.1180
   24        Py        0.0349     0.0757     0.0299    -0.0655    -0.2614
   25        Pz        0.0770     0.0600    -0.0500    -0.1119     0.1871
   26   6 C  S         0.0004     0.0142     0.0063    -0.0040     0.0240
   27        S        -0.0019    -0.0529    -0.0142     0.0083    -0.0667
   28        Px       -0.0153     0.0258     0.0217     0.0384    -0.1422
   29        Py        0.0788     0.0158    -0.1122    -0.1393     0.2626
   30        Pz        0.1173     0.1928    -0.1011    -0.2129    -0.1539
   31   7 C  S        -0.0010    -0.0286    -0.0102     0.0042    -0.0055
   32        S         0.0029     0.0973     0.0373    -0.0147     0.0082
   33        Px       -0.0143     0.0788     0.0555    -0.0076     0.0610
   34        Py        0.0508     0.0300    -0.0170    -0.0482    -0.1302
   35        Pz        0.1031     0.1379    -0.0640    -0.0869     0.0952
   36   8 C  S        -0.0003     0.0188     0.0019     0.0017    -0.0027
   37        S         0.0002    -0.0846    -0.0109    -0.0045    -0.0022
   38        Px       -0.0274    -0.1949    -0.0146     0.0024    -0.1878
   39        Py        0.0637     0.0229     0.0181     0.0092    -0.0371
   40        Pz        0.1215     0.1016    -0.0268     0.0413    -0.0197
   41   9 S  S         0.0004    -0.0028    -0.0073     0.0026     0.0150
   42        S        -0.0013     0.0091     0.0235    -0.0084    -0.0475
   43        Px        0.0005    -0.0701    -0.0078     0.0106    -0.0454
   44        Py       -0.0234     0.0100     0.0085    -0.0297    -0.0514
   45        Pz       -0.0348    -0.0482    -0.0288    -0.0409     0.0329
   46        S         0.0069    -0.0331    -0.0936     0.0331     0.2020
   47        Px       -0.0024     0.1953     0.0215    -0.0325     0.1319
   48        Py        0.0719    -0.0272    -0.0226     0.0921     0.1512
   49        Pz        0.1076     0.1436     0.0876     0.1287    -0.0986
   50  10 C  S         0.0138     0.0176    -0.0277     0.0101     0.0104
   51        S        -0.0508    -0.0653     0.1172    -0.0337    -0.0393
   52        Px       -0.0407     0.1563     0.0657    -0.0030    -0.0334
   53        Py       -0.0060    -0.0573     0.1678     0.0506     0.0515
   54        Pz        0.0512    -0.0242     0.0497     0.1788    -0.0506
   55  11 N  S        -0.0262    -0.0115    -0.0060    -0.0124    -0.0097
   56        S         0.1196     0.0414     0.0298     0.0595     0.0483
   57        Px        0.0200    -0.1055     0.0586     0.1047     0.0913
   58        Py       -0.0899     0.0643     0.0137    -0.0049    -0.0098
   59        Pz        0.0681    -0.0335     0.0201     0.0990    -0.0565
   60  12 C  S        -0.0028     0.0194     0.0133     0.0157     0.0028
   61        S         0.0134    -0.0773    -0.0504    -0.0573    -0.0077
   62        Px        0.0108     0.0827    -0.0017    -0.1164    -0.0831
   63        Py       -0.0877     0.0276    -0.1107     0.0285     0.0421
   64        Pz        0.1054    -0.0581    -0.0005    -0.0880    -0.0751
   65  13 C  S         0.0070     0.0101     0.0048    -0.0030    -0.0033
   66        S        -0.0279    -0.0364    -0.0318     0.0097     0.0120
   67        Px        0.0630    -0.0166     0.2352     0.0277    -0.0028
   68        Py        0.1092    -0.0290     0.1071     0.0027    -0.0350
   69        Pz       -0.2955     0.2531     0.0139     0.0773     0.0998
   70  14 S  S         0.0063     0.0047    -0.0068    -0.0050    -0.0018
   71        S        -0.0202    -0.0151     0.0217     0.0160     0.0060
   72        Px        0.0114    -0.0052     0.0643     0.0126     0.0055
   73        Py       -0.0264    -0.0058     0.0307     0.0205     0.0018
   74        Pz        0.0268    -0.0294     0.0109    -0.0326    -0.0016
   75        S         0.0794     0.0586    -0.0860    -0.0629    -0.0215
   76        Px       -0.0336     0.0126    -0.1834    -0.0365    -0.0168
   77        Py        0.0775     0.0160    -0.0853    -0.0602    -0.0051
   78        Pz       -0.0818     0.0886    -0.0307     0.1021     0.0040
   79  15 H  S         0.0070     0.0845     0.0014     0.0170    -0.2232
   80  16 H  S         0.0199     0.0008    -0.2612     0.1299     0.1062
   81  17 O  S         0.0006    -0.0289    -0.0354     0.0178    -0.0015
   82        S        -0.0029     0.1460     0.1791    -0.0899     0.0053
   83        Px       -0.0218    -0.2001    -0.0697     0.0851     0.2346
   84        Py        0.0907    -0.0117    -0.3015    -0.1320    -0.0281
   85        Pz        0.1373     0.2269    -0.0945    -0.4208     0.1071
   86  18 H  S         0.0034    -0.0605    -0.1380     0.0793    -0.1238
   87  19 H  S        -0.0079    -0.0090     0.0244     0.0031    -0.1684
   88  20 C  S         0.0076    -0.0176    -0.0020    -0.0057     0.0018
   89        S        -0.0300     0.0640     0.0067     0.0254    -0.0037
   90        Px        0.3000    -0.0042     0.0113     0.0832     0.0839
   91        Py        0.0771     0.1677     0.0151     0.1130     0.0517
   92        Pz        0.0599     0.0952    -0.0004     0.0577     0.0544
   93  21 O  S         0.0086     0.0073     0.0041     0.0063    -0.0023
   94        S        -0.0436    -0.0386    -0.0207    -0.0342     0.0107
   95        Px        0.2292    -0.0482     0.0043     0.0148     0.0643
   96        Py        0.0044     0.1176     0.0056     0.0927     0.0482
   97        Pz        0.0920     0.1355     0.0272     0.1239     0.0338
   98  22 O  S         0.0208    -0.0190     0.0045    -0.0204    -0.0078
   99        S        -0.1054     0.0985    -0.0226     0.1051     0.0395
  100        Px        0.2808     0.1213     0.0285     0.1305     0.1234
  101        Py        0.2291    -0.0465     0.0070     0.0459     0.0761
  102        Pz        0.0179     0.1673    -0.0200     0.2066     0.1199
  103  23 H  S         0.0485    -0.0211     0.0213    -0.0694    -0.0313
  104  24 H  S         0.1124    -0.0534     0.0239    -0.1382    -0.1019
  105  25 H  S        -0.1978     0.1716     0.1206     0.0787     0.0816
  106  26 H  S         0.2543    -0.1900     0.1330    -0.0235    -0.0776
 
                         57         58         59         60         61
                      -0.4858    -0.4684    -0.4610    -0.4484    -0.4189
    1   1 C  S        -0.0085    -0.0036    -0.0040    -0.0243     0.0141
    2        S         0.0224     0.0101     0.0124     0.1043    -0.0614
    3        Px        0.1690     0.1486     0.1453    -0.0999     0.0321
    4        Py       -0.0330     0.1044     0.0573     0.1044    -0.1630
    5        Pz       -0.0590     0.0348    -0.0095    -0.0998    -0.0828
    6   2 N  S        -0.0002    -0.0015    -0.0008     0.0091    -0.0204
    7        S         0.0045     0.0130     0.0097    -0.0446     0.0972
    8        Px       -0.0335    -0.1444    -0.0997    -0.1131     0.1650
    9        Py       -0.0970    -0.0141    -0.0823     0.0571    -0.0527
   10        Pz       -0.0563     0.1418     0.0220    -0.0287     0.0004
   11   3 C  S         0.0093    -0.0002    -0.0030     0.0145     0.0035
   12        S        -0.0310     0.0072     0.0161    -0.0504    -0.0175
   13        Px        0.0961     0.1112     0.1084     0.0471    -0.1196
   14        Py       -0.0292     0.1354     0.0192    -0.0551     0.1059
   15        Pz       -0.0706     0.1546    -0.0276     0.1201     0.0823
   16   4 C  S        -0.0040     0.0036     0.0046    -0.0083    -0.0008
   17        S         0.0168    -0.0127    -0.0166     0.0291     0.0027
   18        Px       -0.0210    -0.1307    -0.0909    -0.0288     0.0352
   19        Py       -0.0725     0.0007    -0.0399     0.0633     0.0590
   20        Pz        0.0137     0.0754    -0.0051     0.0043     0.1158
   21   5 C  S        -0.0063    -0.0035    -0.0021    -0.0127     0.0055
   22        S         0.0193     0.0078     0.0038     0.0467    -0.0187
   23        Px        0.0674     0.1087     0.0758     0.0672    -0.0634
   24        Py        0.1562     0.0142    -0.0043     0.0847     0.0363
   25        Pz       -0.0564     0.0066     0.0118    -0.0241     0.0647
   26   6 C  S        -0.0211    -0.0006     0.0014    -0.0114    -0.0012
   27        S         0.0732     0.0032    -0.0054     0.0559    -0.0008
   28        Px       -0.0034     0.0406     0.0391    -0.2276     0.0595
   29        Py       -0.0552    -0.0616     0.0150    -0.0807     0.0095
   30        Pz        0.1412    -0.0860     0.0125    -0.0100    -0.0045
   31   7 C  S         0.0214    -0.0019    -0.0044     0.0212     0.0030
   32        S        -0.0700     0.0081     0.0169    -0.0815    -0.0085
   33        Px       -0.0221    -0.0231    -0.0347     0.2689    -0.1172
   34        Py        0.0902     0.0192    -0.0136     0.0723     0.0560
   35        Pz       -0.0478     0.0248    -0.0073     0.0294     0.0708
   36   8 C  S        -0.0229    -0.0049    -0.0013    -0.0201    -0.0043
   37        S         0.0998     0.0204     0.0065     0.0699     0.0239
   38        Px        0.1872     0.0198     0.0402    -0.1526     0.0761
   39        Py        0.0399     0.0860    -0.0271     0.1746     0.0435
   40        Pz       -0.0770     0.1462    -0.0110    -0.0505     0.1729
   41   9 S  S        -0.0145    -0.0028    -0.0004    -0.0154     0.0017
   42        S         0.0460     0.0089     0.0013     0.0491    -0.0053
   43        Px        0.0614     0.0121     0.0016    -0.0133     0.0272
   44        Py        0.0475    -0.0214     0.0054     0.0450    -0.0209
   45        Pz        0.0192    -0.0453     0.0077    -0.0445     0.0106
   46        S        -0.1921    -0.0378    -0.0070    -0.2032     0.0246
   47        Px       -0.1757    -0.0371    -0.0050     0.0354    -0.0770
   48        Py       -0.1440     0.0681    -0.0176    -0.1353     0.0651
   49        Pz       -0.0611     0.1424    -0.0244     0.1351    -0.0316
   50  10 C  S         0.0017     0.0230     0.0081     0.0032    -0.0079
   51        S        -0.0027    -0.1085    -0.0407    -0.0130     0.0385
   52        Px       -0.1894    -0.1847    -0.1591     0.0577     0.0660
   53        Py        0.1256    -0.2092    -0.0876    -0.0067     0.1502
   54        Pz       -0.0712    -0.1428     0.1102    -0.1162    -0.3864
   55  11 N  S        -0.0134    -0.0151    -0.0032     0.0005     0.0104
   56        S         0.0767     0.0733     0.0184    -0.0072    -0.0493
   57        Px        0.2344    -0.1183     0.0270    -0.0458     0.0871
   58        Py       -0.0741    -0.1111    -0.0861     0.0400     0.0977
   59        Pz       -0.1051    -0.1380     0.1644    -0.0593    -0.3025
   60  12 C  S        -0.0024    -0.0197     0.0113     0.0044    -0.0027
   61        S         0.0161     0.0768    -0.0414    -0.0183     0.0124
   62        Px       -0.1933     0.0721    -0.1374     0.0315    -0.0338
   63        Py        0.0527     0.1449     0.0363    -0.0280    -0.0621
   64        Pz       -0.1623    -0.0540     0.1775     0.0896     0.0894
   65  13 C  S        -0.0096    -0.0133    -0.0140     0.0019     0.0075
   66        S         0.0371     0.0665     0.0648    -0.0058    -0.0350
   67        Px       -0.0299    -0.2640    -0.1840    -0.0246     0.0893
   68        Py       -0.0444    -0.1447    -0.0126     0.0243     0.0305
   69        Pz        0.1418     0.0099    -0.1025    -0.0125     0.0468
   70  14 S  S        -0.0052     0.0079    -0.0046    -0.0001     0.0000
   71        S         0.0165    -0.0250     0.0148     0.0002    -0.0001
   72        Px        0.0005    -0.0729    -0.0550    -0.0142     0.0231
   73        Py        0.0161    -0.0578    -0.0036    -0.0074    -0.0059
   74        Pz       -0.0095    -0.0086    -0.0142     0.0245     0.0997
   75        S        -0.0677     0.1071    -0.0573    -0.0015    -0.0025
   76        Px        0.0006     0.2091     0.1603     0.0419    -0.0659
   77        Py       -0.0479     0.1663     0.0071     0.0226     0.0231
   78        Pz        0.0302     0.0224     0.0437    -0.0776    -0.3169
   79  15 H  S         0.0696     0.0100     0.0057    -0.0421     0.0250
   80  16 H  S        -0.1434    -0.0831    -0.0483    -0.0995     0.0398
   81  17 O  S         0.0166    -0.0128    -0.0157     0.0610    -0.0094
   82        S        -0.0853     0.0660     0.0818    -0.3221     0.0511
   83        Px        0.0050    -0.0225    -0.0950     0.4902    -0.0788
   84        Py        0.1951    -0.2269    -0.0560     0.2659    -0.1881
   85        Pz        0.1086    -0.2327     0.0742    -0.2120    -0.1971
   86  18 H  S         0.0846    -0.0438    -0.0523     0.1809    -0.0243
   87  19 H  S         0.0670     0.0094     0.0065    -0.0530     0.0307
   88  20 C  S         0.0065     0.0046     0.0012     0.0012     0.0137
   89        S        -0.0191    -0.0164    -0.0051    -0.0071    -0.0580
   90        Px        0.1558    -0.0019     0.0256    -0.0021     0.0460
   91        Py        0.0609    -0.0662     0.1378     0.0306     0.0393
   92        Pz        0.1020     0.0717    -0.2255    -0.0706    -0.1315
   93  21 O  S        -0.0080    -0.0172     0.0369     0.0096     0.0120
   94        S         0.0409     0.0940    -0.2077    -0.0548    -0.0723
   95        Px        0.1477     0.0839    -0.1833    -0.0461     0.0272
   96        Py        0.0727     0.0008    -0.0889    -0.0494    -0.1802
   97        Pz        0.0144    -0.1580     0.3495     0.0858     0.1005
   98  22 O  S        -0.0066     0.0161    -0.0580    -0.0114    -0.0210
   99        S         0.0325    -0.0857     0.3055     0.0608     0.1115
  100        Px        0.2421     0.0187    -0.1011    -0.0404     0.0248
  101        Py        0.1748     0.0770    -0.2204    -0.0828    -0.1103
  102        Pz        0.1749    -0.1063     0.3784     0.0697     0.2001
  103  23 H  S        -0.0342     0.0532    -0.2158    -0.0390    -0.0776
  104  24 H  S        -0.2011    -0.0542     0.0710     0.0973     0.1272
  105  25 H  S         0.1162    -0.1134    -0.1519    -0.0183     0.0908
  106  26 H  S        -0.1141    -0.1820     0.0177     0.0043    -0.0072
 
                         62         63         64         65         66
                      -0.4098    -0.3998    -0.3714    -0.3548    -0.3497
    1   1 C  S        -0.0211    -0.0215     0.0036     0.0017     0.0109
    2        S         0.0881     0.0899    -0.0133    -0.0107    -0.0174
    3        Px       -0.0012    -0.0994    -0.0377    -0.0532     0.0065
    4        Py        0.0414     0.0598     0.1300     0.0669     0.2011
    5        Pz       -0.0526    -0.0288     0.2187     0.1741    -0.0269
    6   2 N  S         0.0062     0.0166    -0.0083     0.0098    -0.0671
    7        S        -0.0276    -0.0816     0.0416    -0.0519     0.3508
    8        Px       -0.0373    -0.0522     0.0220    -0.0686     0.1903
    9        Py       -0.0184     0.0244     0.0468     0.2629    -0.3685
   10        Pz        0.0190    -0.0287     0.1482     0.2560     0.4327
   11   3 C  S         0.0060     0.0112     0.0029    -0.0035     0.0285
   12        S        -0.0237    -0.0453    -0.0117     0.0132    -0.1099
   13        Px       -0.0240    -0.0298    -0.0065    -0.0143    -0.1330
   14        Py       -0.1190    -0.2419    -0.0649     0.0957     0.0844
   15        Pz        0.1203     0.1102    -0.1363     0.1720     0.0096
   16   4 C  S        -0.0059    -0.0126     0.0002    -0.0014     0.0063
   17        S         0.0184     0.0424    -0.0011     0.0064    -0.0292
   18        Px        0.0370     0.0892     0.0478    -0.0218    -0.0294
   19        Py        0.1231     0.1421    -0.1794     0.1258    -0.0077
   20        Pz       -0.0202    -0.1109    -0.2834     0.1929     0.0624
   21   5 C  S         0.0014     0.0023     0.0006     0.0005    -0.0004
   22        S        -0.0028    -0.0046    -0.0023    -0.0016     0.0010
   23        Px       -0.0151    -0.0205     0.0371    -0.0213    -0.0036
   24        Py       -0.0684    -0.1254    -0.1730     0.0708     0.0264
   25        Pz        0.0745     0.0437    -0.2925     0.1213    -0.0027
   26   6 C  S         0.0018     0.0008    -0.0001     0.0000     0.0018
   27        S        -0.0080    -0.0045     0.0000     0.0002    -0.0080
   28        Px        0.0691     0.0938     0.0149     0.0085    -0.0089
   29        Py        0.0993     0.1357    -0.0585    -0.0291    -0.0474
   30        Pz       -0.0491    -0.0739    -0.0879    -0.0542    -0.0206
   31   7 C  S        -0.0086    -0.0115     0.0015    -0.0010     0.0054
   32        S         0.0308     0.0417    -0.0053     0.0030    -0.0164
   33        Px       -0.0563    -0.0623     0.0049     0.0460    -0.0110
   34        Py       -0.0753    -0.1243    -0.0564    -0.1663    -0.0296
   35        Pz        0.0568     0.0538    -0.1071    -0.2590    -0.1355
   36   8 C  S        -0.0016    -0.0035    -0.0025     0.0051    -0.0266
   37        S         0.0184     0.0329     0.0104    -0.0214     0.1081
   38        Px        0.0882     0.1403     0.0127     0.0247     0.0771
   39        Py        0.1578     0.2452    -0.0222    -0.1535    -0.1551
   40        Pz       -0.0603    -0.1391    -0.0008    -0.2792    -0.0214
   41   9 S  S        -0.0113    -0.0201     0.0000     0.0017    -0.0068
   42        S         0.0346     0.0623     0.0000    -0.0053     0.0207
   43        Px        0.0492     0.0819     0.0162    -0.0136    -0.0363
   44        Py        0.0770     0.1034    -0.0644     0.0542     0.0995
   45        Pz       -0.0215    -0.0664    -0.1046     0.1206    -0.0281
   46        S        -0.1649    -0.2862    -0.0001     0.0242    -0.1022
   47        Px       -0.1495    -0.2465    -0.0520     0.0445     0.1129
   48        Py       -0.2383    -0.3166     0.2090    -0.1783    -0.3131
   49        Pz        0.0637     0.2070     0.3393    -0.3915     0.0841
   50  10 C  S        -0.0344     0.0192    -0.0023    -0.0033     0.0192
   51        S         0.1365    -0.0748     0.0083     0.0186    -0.0886
   52        Px        0.0593    -0.0355     0.0345     0.0050     0.0823
   53        Py        0.0454    -0.0159     0.0223     0.0272    -0.0335
   54        Pz       -0.0053    -0.0146    -0.1661    -0.0290    -0.0631
   55  11 N  S         0.0401    -0.0285    -0.0028    -0.0118     0.0011
   56        S        -0.1971     0.1409     0.0128     0.0606    -0.0137
   57        Px        0.0550    -0.0458    -0.0478    -0.0553     0.0098
   58        Py        0.1441    -0.1035     0.0129    -0.0824     0.1281
   59        Pz        0.0365    -0.0513    -0.1916    -0.1104     0.0104
   60  12 C  S         0.0079    -0.0045    -0.0002    -0.0029     0.0058
   61        S        -0.0367     0.0214     0.0010     0.0147    -0.0270
   62        Px        0.0022     0.0182     0.0757     0.1005    -0.0502
   63        Py       -0.2549     0.1546    -0.0460    -0.0179     0.0254
   64        Pz       -0.0143     0.0135     0.0051    -0.0558     0.0747
   65  13 C  S        -0.0047     0.0045    -0.0052    -0.0051     0.0093
   66        S         0.0340    -0.0280     0.0269     0.0240    -0.0408
   67        Px       -0.2533     0.1694    -0.0862    -0.0331     0.0315
   68        Py        0.2743    -0.1713     0.0410     0.0056    -0.0091
   69        Pz        0.0413    -0.0340     0.0271     0.0007     0.0212
   70  14 S  S        -0.0236     0.0160    -0.0057    -0.0024     0.0046
   71        S         0.0742    -0.0507     0.0179     0.0072    -0.0142
   72        Px       -0.1177     0.0747    -0.0370    -0.0154     0.0079
   73        Py        0.0900    -0.0541     0.0053     0.0177    -0.0419
   74        Pz        0.0125    -0.0154     0.0620     0.0162     0.0168
   75        S        -0.3215     0.2153    -0.0759    -0.0350     0.0647
   76        Px        0.3566    -0.2251     0.1116     0.0482    -0.0253
   77        Py       -0.2748     0.1655    -0.0149    -0.0545     0.1307
   78        Pz       -0.0373     0.0492    -0.2004    -0.0520    -0.0558
   79  15 H  S        -0.1096    -0.1627     0.0087    -0.0048     0.0400
   80  16 H  S         0.0810     0.1174     0.0013     0.0043    -0.0163
   81  17 O  S        -0.0152    -0.0184     0.0000    -0.0001     0.0017
   82        S         0.0818     0.0990    -0.0001     0.0003    -0.0090
   83        Px       -0.0860    -0.1191    -0.0562    -0.0176    -0.0117
   84        Py       -0.1099    -0.0766     0.2103     0.0795     0.0553
   85        Pz       -0.0122     0.0740     0.3411     0.1278     0.0801
   86  18 H  S        -0.0625    -0.0773     0.0008    -0.0006     0.0086
   87  19 H  S        -0.0909    -0.1390     0.0097    -0.0076     0.0558
   88  20 C  S        -0.0163     0.0109     0.0014    -0.0002     0.0013
   89        S         0.0601    -0.0414    -0.0108    -0.0060     0.0004
   90        Px       -0.0473     0.0341    -0.0172    -0.0204     0.0823
   91        Py        0.0212    -0.0098     0.0097     0.0196     0.0190
   92        Pz        0.0795    -0.0509    -0.0232    -0.0001     0.0278
   93  21 O  S        -0.0024     0.0017     0.0013     0.0008    -0.0005
   94        S         0.0164    -0.0117    -0.0086    -0.0042     0.0016
   95        Px       -0.0700     0.0658     0.0606     0.1880    -0.0443
   96        Py        0.1045    -0.0835    -0.1628    -0.2745     0.3183
   97        Pz        0.0037    -0.0024    -0.0347    -0.0812     0.1600
   98  22 O  S         0.0187    -0.0114    -0.0017    -0.0020     0.0014
   99        S        -0.0963     0.0591     0.0093     0.0105    -0.0076
  100        Px        0.1347    -0.0920     0.0608     0.0401    -0.1975
  101        Py        0.0864    -0.0721    -0.0637    -0.1397     0.0238
  102        Pz       -0.0739     0.0448     0.0824     0.1039    -0.1752
  103  23 H  S         0.0862    -0.0514     0.0032     0.0079    -0.0078
  104  24 H  S         0.1035    -0.0523     0.0740     0.0093     0.0215
  105  25 H  S        -0.0063    -0.0024     0.0127    -0.0028     0.0190
  106  26 H  S        -0.0054     0.0118    -0.0575    -0.0327     0.0021
 
                         67         68         69         70         71
                      -0.3463    -0.3413    -0.3296    -0.2616    -0.2565
    1   1 C  S        -0.0010     0.0017     0.0250    -0.0005    -0.0005
    2        S         0.0117     0.0097    -0.0908     0.0030     0.0017
    3        Px        0.0143     0.0275    -0.1253    -0.0096     0.0080
    4        Py        0.0553     0.0637     0.0378     0.0535    -0.0129
    5        Pz       -0.0027    -0.1100    -0.0893     0.0762    -0.0136
    6   2 N  S        -0.0110    -0.0284    -0.0361     0.0025    -0.0021
    7        S         0.0591     0.1508     0.1848    -0.0121     0.0099
    8        Px        0.0180     0.0825     0.1468     0.0054     0.0339
    9        Py       -0.0719    -0.2855    -0.2329    -0.0837    -0.0987
   10        Pz        0.1063     0.0550     0.0540    -0.1158    -0.1728
   11   3 C  S         0.0051     0.0117     0.0181     0.0000    -0.0002
   12        S        -0.0192    -0.0443    -0.0726     0.0003     0.0004
   13        Px       -0.0167    -0.0320    -0.0869     0.0364     0.0062
   14        Py        0.0174    -0.0042    -0.0037    -0.1192    -0.0416
   15        Pz        0.0179    -0.0657    -0.0699    -0.1749    -0.0827
   16   4 C  S         0.0016     0.0045     0.0008     0.0000     0.0001
   17        S        -0.0072    -0.0197    -0.0055     0.0000    -0.0004
   18        Px       -0.0123    -0.0199     0.0053    -0.0203    -0.0354
   19        Py        0.0076    -0.0358    -0.0094     0.0790     0.1430
   20        Pz        0.0250    -0.0132     0.0054     0.1256     0.2377
   21   5 C  S        -0.0006    -0.0011     0.0014    -0.0005     0.0003
   22        S         0.0023     0.0038    -0.0055     0.0019    -0.0011
   23        Px        0.0025     0.0058    -0.0179    -0.0368    -0.0406
   24        Py        0.0092     0.0158     0.0301     0.1590     0.1577
   25        Pz        0.0092     0.0038     0.0270     0.2629     0.2561
   26   6 C  S         0.0003     0.0018     0.0026    -0.0001     0.0000
   27        S        -0.0013    -0.0069    -0.0107     0.0004     0.0000
   28        Px       -0.0011    -0.0197    -0.0214    -0.0119     0.0074
   29        Py       -0.0109     0.0046     0.0097     0.0515    -0.0307
   30        Pz       -0.0090     0.0437     0.0484     0.0817    -0.0489
   31   7 C  S         0.0006     0.0010     0.0005    -0.0006     0.0006
   32        S        -0.0014    -0.0021    -0.0005     0.0027    -0.0025
   33        Px        0.0038    -0.0106    -0.0093     0.0193     0.0435
   34        Py       -0.0188     0.0710     0.0586    -0.0680    -0.1865
   35        Pz       -0.0439     0.0756     0.0591    -0.1077    -0.3072
   36   8 C  S        -0.0058    -0.0103    -0.0072    -0.0013     0.0006
   37        S         0.0239     0.0400     0.0269     0.0062    -0.0032
   38        Px        0.0193    -0.0018    -0.0070     0.0311     0.0188
   39        Py       -0.0347    -0.0199    -0.0436    -0.0925    -0.0965
   40        Pz       -0.0248     0.0940     0.0634    -0.1696    -0.1441
   41   9 S  S        -0.0021    -0.0019    -0.0006    -0.0012     0.0007
   42        S         0.0066     0.0055     0.0014     0.0037    -0.0022
   43        Px       -0.0088    -0.0244    -0.0270     0.0097     0.0236
   44        Py        0.0288     0.0355     0.0404    -0.0404    -0.0926
   45        Pz       -0.0039    -0.0422    -0.0292    -0.0887    -0.1344
   46        S        -0.0313    -0.0317    -0.0137    -0.0158     0.0095
   47        Px        0.0275     0.0732     0.0824    -0.0314    -0.0791
   48        Py       -0.0910    -0.1109    -0.1270     0.1361     0.3079
   49        Pz        0.0109     0.1336     0.0914     0.2952     0.4488
   50  10 C  S         0.0016    -0.0054     0.0149     0.0004    -0.0003
   51        S        -0.0199     0.0090    -0.0287    -0.0050     0.0007
   52        Px        0.0221     0.0657     0.0650    -0.0149     0.0099
   53        Py       -0.1058    -0.1043     0.1974    -0.0407     0.0210
   54        Pz        0.0058     0.1378     0.1020     0.1445    -0.1180
   55  11 N  S         0.0234     0.0311    -0.0650    -0.0010     0.0027
   56        S        -0.1234    -0.1636     0.3407     0.0050    -0.0137
   57        Px       -0.0176     0.0122    -0.1738    -0.0324     0.0206
   58        Py        0.1860     0.2181    -0.5581    -0.0460     0.0576
   59        Pz        0.0616     0.1376    -0.0824     0.3059    -0.2403
   60  12 C  S        -0.0100    -0.0244     0.0302    -0.0013     0.0006
   61        S         0.0381     0.1040    -0.1223     0.0061    -0.0035
   62        Px       -0.0375     0.0553     0.1970     0.0102    -0.0082
   63        Py        0.0308    -0.0847     0.0445     0.0150    -0.0193
   64        Pz        0.0264    -0.1861     0.0209    -0.0618     0.0448
   65  13 C  S         0.0055     0.0096    -0.0239    -0.0024    -0.0002
   66        S        -0.0278    -0.0373     0.1020     0.0120     0.0008
   67        Px        0.0806     0.0238    -0.0570    -0.0223    -0.0096
   68        Py       -0.0093     0.1149    -0.1092    -0.0091     0.0211
   69        Pz       -0.0300    -0.0141    -0.0400     0.0766    -0.0502
   70  14 S  S         0.0072     0.0013    -0.0086    -0.0012    -0.0011
   71        S        -0.0222    -0.0038     0.0263     0.0040     0.0035
   72        Px        0.0238    -0.0098     0.0022    -0.0156     0.0045
   73        Py       -0.0626    -0.0133     0.1340    -0.0476     0.0338
   74        Pz       -0.0104    -0.0782     0.0035     0.2051    -0.1416
   75        S         0.1037     0.0198    -0.1305    -0.0152    -0.0137
   76        Px       -0.0747     0.0289    -0.0042     0.0493    -0.0164
   77        Py        0.1941     0.0388    -0.4174     0.1578    -0.1121
   78        Pz        0.0320     0.2535    -0.0070    -0.6828     0.4716
   79  15 H  S         0.0042     0.0190     0.0205    -0.0041     0.0028
   80  16 H  S        -0.0050    -0.0145     0.0001    -0.0008     0.0003
   81  17 O  S         0.0002     0.0013     0.0015    -0.0001     0.0000
   82        S        -0.0012    -0.0074    -0.0084     0.0003    -0.0002
   83        Px       -0.0024     0.0227     0.0220     0.0149    -0.0079
   84        Py        0.0161    -0.0410    -0.0420    -0.0601     0.0300
   85        Pz        0.0247    -0.0784    -0.0812    -0.0971     0.0488
   86  18 H  S         0.0010     0.0060     0.0070    -0.0003     0.0002
   87  19 H  S         0.0079     0.0267     0.0275    -0.0032     0.0024
   88  20 C  S         0.0020    -0.0104    -0.0012    -0.0129     0.0091
   89        S        -0.0065     0.0292     0.0049     0.0524    -0.0373
   90        Px       -0.1995    -0.0460    -0.0684    -0.0385     0.0285
   91        Py       -0.1317     0.0541    -0.0325     0.0201    -0.0131
   92        Pz       -0.1309     0.0690    -0.0297     0.0588    -0.0407
   93  21 O  S        -0.0004     0.0005     0.0000    -0.0012     0.0007
   94        S         0.0018     0.0018     0.0006     0.0087    -0.0058
   95        Px       -0.4968     0.4328    -0.1083     0.0447    -0.0280
   96        Py       -0.1931    -0.4847    -0.1175    -0.0438     0.0337
   97        Pz       -0.2593    -0.1609    -0.1006    -0.0423     0.0343
   98  22 O  S        -0.0007     0.0017     0.0007     0.0031    -0.0019
   99        S         0.0048    -0.0094    -0.0038    -0.0169     0.0106
  100        Px        0.4812     0.0449     0.1169     0.0136    -0.0102
  101        Py        0.3401    -0.2782     0.0409    -0.0300     0.0191
  102        Pz        0.2401     0.1450     0.0697     0.0032    -0.0036
  103  23 H  S        -0.0106     0.0392     0.0056     0.0202    -0.0131
  104  24 H  S         0.0312    -0.0594     0.0020    -0.0977     0.0799
  105  25 H  S        -0.0032    -0.0035    -0.0525     0.1118    -0.0804
  106  26 H  S         0.0334     0.0304    -0.0147    -0.1315     0.0874
 
                         72         73         74         75         76
                      -0.2289     0.1845     0.2578     0.2697     0.2948
    1   1 C  S        -0.0018    -0.0014     0.0008    -0.0153     0.0078
    2        S         0.0085     0.0031    -0.0039     0.0751    -0.0415
    3        Px       -0.0404     0.0602    -0.0023    -0.0200    -0.0344
    4        Py        0.1919    -0.2313     0.0010     0.1711    -0.0041
    5        Pz        0.3215    -0.4346     0.0182     0.0701    -0.0468
    6   2 N  S         0.0000    -0.0051     0.0011    -0.0119    -0.0053
    7        S        -0.0002     0.0308    -0.0070     0.0735     0.0317
    8        Px       -0.0287    -0.0362    -0.0103     0.0144    -0.0180
    9        Py        0.1252     0.2476     0.0263     0.0807     0.1413
   10        Pz        0.1964     0.3535     0.0501     0.0661     0.1952
   11   3 C  S        -0.0004     0.0014    -0.0003     0.0029     0.0030
   12        S         0.0016    -0.0068     0.0014    -0.0148    -0.0155
   13        Px        0.0494    -0.0416     0.0180     0.0051     0.0271
   14        Py       -0.2059     0.1231    -0.0649    -0.1482    -0.1626
   15        Pz       -0.3428     0.1794    -0.1000    -0.3091    -0.2854
   16   4 C  S         0.0001    -0.0011     0.0003    -0.0013    -0.0015
   17        S        -0.0004     0.0053    -0.0015     0.0068     0.0078
   18        Px        0.0263     0.0466     0.0657    -0.0201    -0.0152
   19        Py       -0.1069    -0.1683    -0.2686     0.1027     0.0874
   20        Pz       -0.1737    -0.2839    -0.4384     0.1510     0.1308
   21   5 C  S         0.0002     0.0007    -0.0002     0.0018     0.0008
   22        S        -0.0006    -0.0035     0.0012    -0.0093    -0.0042
   23        Px       -0.0281    -0.0054    -0.0745    -0.0241    -0.0199
   24        Py        0.1109     0.0105     0.3036     0.0713     0.0695
   25        Pz        0.1813     0.0130     0.4977     0.1040     0.1077
   26   6 C  S        -0.0001    -0.0009     0.0002    -0.0020    -0.0004
   27        S         0.0002     0.0041    -0.0008     0.0098     0.0017
   28        Px       -0.0476    -0.0444     0.0088     0.0483     0.0442
   29        Py        0.1943     0.1916    -0.0369    -0.1762    -0.1748
   30        Pz        0.3174     0.3054    -0.0594    -0.3060    -0.2916
   31   7 C  S         0.0004     0.0020    -0.0004     0.0055     0.0010
   32        S        -0.0015    -0.0097     0.0019    -0.0287    -0.0049
   33        Px       -0.0391     0.0153     0.0636    -0.0459    -0.0319
   34        Py        0.1491    -0.0940    -0.2517     0.1040     0.1139
   35        Pz        0.2429    -0.1597    -0.4097     0.1531     0.1815
   36   8 C  S         0.0002    -0.0020     0.0003    -0.0029    -0.0012
   37        S        -0.0012     0.0111    -0.0013     0.0168     0.0066
   38        Px        0.0330     0.0370    -0.0816    -0.0152    -0.0050
   39        Py       -0.1378    -0.1051     0.3267     0.0939     0.0458
   40        Pz       -0.2206    -0.1964     0.5376     0.1122     0.0592
   41   9 S  S         0.0002    -0.0021     0.0005    -0.0052    -0.0011
   42        S        -0.0007     0.0065    -0.0014     0.0156     0.0034
   43        Px       -0.0005     0.0202    -0.0110     0.0261     0.0031
   44        Py        0.0082    -0.0546     0.0371    -0.0180    -0.0036
   45        Pz        0.0240    -0.0635     0.0549     0.0432     0.0044
   46        S         0.0032    -0.0320     0.0072    -0.0833    -0.0170
   47        Px        0.0015    -0.0698     0.0394    -0.0924    -0.0096
   48        Py       -0.0278     0.1940    -0.1336     0.0666     0.0135
   49        Pz       -0.0802     0.2243    -0.1976    -0.1573    -0.0164
   50  10 C  S         0.0012     0.0024    -0.0013    -0.0009    -0.0005
   51        S        -0.0113    -0.0055     0.0071     0.0029     0.0044
   52        Px        0.0036     0.0256    -0.0020     0.0513     0.0070
   53        Py       -0.0065     0.0236    -0.0076     0.2010    -0.0509
   54        Pz       -0.1012    -0.3258     0.0534    -0.4490    -0.2743
   55  11 N  S        -0.0024     0.0077     0.0003    -0.0247     0.0267
   56        S         0.0103    -0.0460    -0.0020     0.1440    -0.1568
   57        Px       -0.0088     0.0055     0.0034     0.0667    -0.1746
   58        Py        0.0946    -0.1159     0.0070    -0.0418    -0.1016
   59        Pz       -0.2386     0.3991    -0.0494     0.4013     0.2469
   60  12 C  S         0.0002    -0.0010    -0.0002     0.0051    -0.0022
   61        S        -0.0019     0.0065     0.0007    -0.0194     0.0045
   62        Px        0.0097    -0.0319     0.0021     0.0849    -0.1232
   63        Py        0.0008    -0.0268     0.0024     0.0454    -0.0732
   64        Pz        0.0388     0.0178    -0.0054     0.0794    -0.0120
   65  13 C  S         0.0001     0.0015     0.0011     0.0105    -0.0185
   66        S         0.0005    -0.0078    -0.0061    -0.0478     0.0896
   67        Px       -0.0210     0.0263     0.0082     0.0442    -0.0589
   68        Py        0.0144    -0.0222    -0.0040     0.0438    -0.0825
   69        Pz       -0.0156     0.0032    -0.0018     0.0191    -0.0052
   70  14 S  S        -0.0007     0.0032     0.0003    -0.0014     0.0004
   71        S         0.0024    -0.0098    -0.0009     0.0041    -0.0010
   72        Px       -0.0086     0.0125    -0.0027    -0.0326     0.0410
   73        Py       -0.0122     0.0323    -0.0027    -0.0144     0.0181
   74        Pz       -0.0478    -0.0322     0.0049    -0.0487    -0.0174
   75        S        -0.0074     0.0473     0.0037    -0.0242     0.0084
   76        Px        0.0253    -0.0417     0.0101     0.1164    -0.1471
   77        Py        0.0376    -0.1138     0.0095     0.0524    -0.0660
   78        Pz        0.1599     0.1135    -0.0174     0.1749     0.0623
   79  15 H  S         0.0011     0.0032    -0.0005     0.0124     0.0032
   80  16 H  S         0.0003     0.0029    -0.0007     0.0067     0.0036
   81  17 O  S         0.0001     0.0003    -0.0001     0.0007     0.0001
   82        S        -0.0006    -0.0017     0.0003    -0.0037    -0.0006
   83        Px        0.0451     0.0156    -0.0021    -0.0248    -0.0173
   84        Py       -0.1878    -0.0786     0.0110     0.0659     0.0624
   85        Pz       -0.3042    -0.1266     0.0181     0.1086     0.1012
   86  18 H  S         0.0007     0.0005     0.0000    -0.0001    -0.0006
   87  19 H  S         0.0008    -0.0016     0.0003    -0.0002    -0.0014
   88  20 C  S         0.0076    -0.0121     0.0020    -0.0132    -0.0123
   89        S        -0.0318     0.0583    -0.0097     0.0665     0.0605
   90        Px        0.0245    -0.0089    -0.0068     0.3033    -0.5010
   91        Py       -0.0097     0.0265    -0.0088     0.2149    -0.2717
   92        Pz       -0.0327     0.0585    -0.0143     0.2490    -0.2398
   93  21 O  S         0.0001     0.0010    -0.0001     0.0009     0.0013
   94        S        -0.0023    -0.0032     0.0004    -0.0039    -0.0044
   95        Px       -0.0243    -0.0125     0.0090    -0.2904     0.4100
   96        Py        0.0302    -0.0293     0.0080    -0.1870     0.2230
   97        Pz        0.0284    -0.0326     0.0086    -0.1972     0.2237
   98  22 O  S        -0.0017     0.0028    -0.0006     0.0032     0.0032
   99        S         0.0092    -0.0166     0.0033    -0.0200    -0.0183
  100        Px       -0.0114    -0.0031     0.0040    -0.1362     0.1976
  101        Py        0.0141    -0.0183     0.0050    -0.0958     0.1001
  102        Pz       -0.0050    -0.0017     0.0019    -0.0712     0.1088
  103  23 H  S        -0.0107     0.0159    -0.0031     0.0213     0.0137
  104  24 H  S         0.0747    -0.1069     0.0137    -0.1648     0.0215
  105  25 H  S        -0.0355    -0.0078     0.0034    -0.0428     0.0000
  106  26 H  S         0.0224     0.0272    -0.0024    -0.0015     0.0443
 
                         77         78         79         80         81
                       0.3489     0.4047     0.4315     0.4917     0.5027
    1   1 C  S        -0.0177     0.0501    -0.0759     0.0011     0.0744
    2        S         0.0934    -0.2764     0.4286    -0.0062    -0.4304
    3        Px       -0.1424     0.0892    -0.2446     0.0598     0.0646
    4        Py        0.4216    -0.0747     0.2434    -0.1104    -0.2427
    5        Pz        0.3313     0.2938    -0.2516     0.0989     0.3783
    6   2 N  S        -0.0174     0.0053    -0.0066     0.0136     0.0071
    7        S         0.1096    -0.0385     0.0490    -0.0894    -0.0567
    8        Px        0.0774     0.1022    -0.1796    -0.0591    -0.0160
    9        Py       -0.2501     0.0058    -0.1268     0.0592    -0.0583
   10        Pz       -0.4475    -0.1457     0.0897     0.1635    -0.1911
   11   3 C  S         0.0064    -0.0018     0.0051    -0.0060     0.0040
   12        S        -0.0324     0.0062    -0.0213     0.0327    -0.0280
   13        Px       -0.1079     0.0969    -0.1851     0.0884     0.0173
   14        Py        0.1939    -0.0263     0.0717    -0.2952     0.0298
   15        Pz        0.2037     0.0729    -0.0665    -0.3694     0.2774
   16   4 C  S        -0.0006    -0.0106     0.0206     0.0096     0.0162
   17        S         0.0025     0.0598    -0.1176    -0.0558    -0.0961
   18        Px        0.0065     0.0418    -0.0743    -0.0743     0.0372
   19        Py       -0.0210    -0.0006    -0.0011     0.2143    -0.1305
   20        Pz       -0.0686     0.0092    -0.0340     0.4106    -0.1698
   21   5 C  S         0.0038    -0.0061     0.0119     0.0005     0.0065
   22        S        -0.0206     0.0355    -0.0706    -0.0052    -0.0437
   23        Px        0.0105     0.0090    -0.0046     0.0853     0.0552
   24        Py       -0.0799    -0.0215     0.0213    -0.2541     0.0848
   25        Pz       -0.1531    -0.0282     0.0213    -0.3695     0.1873
   26   6 C  S        -0.0013    -0.0081     0.0169     0.0156     0.0479
   27        S         0.0063     0.0432    -0.0901    -0.0830    -0.2565
   28        Px       -0.0416    -0.0113     0.0222    -0.0182     0.1654
   29        Py        0.1823     0.0591    -0.0736     0.1751    -0.2480
   30        Pz        0.2804     0.0334     0.0093     0.4260    -0.0459
   31   7 C  S         0.0073    -0.0047     0.0088    -0.0077    -0.0234
   32        S        -0.0407     0.0308    -0.0587     0.0404     0.1259
   33        Px        0.0066     0.0101    -0.0028     0.1065     0.1334
   34        Py       -0.1307     0.0163    -0.0847    -0.2989    -0.1245
   35        Pz       -0.2238    -0.0760     0.0815    -0.2987     0.3040
   36   8 C  S         0.0031    -0.0397     0.0717     0.0325     0.0807
   37        S        -0.0158     0.2225    -0.4047    -0.1895    -0.4749
   38        Px       -0.0373     0.1837    -0.3326    -0.1472    -0.1561
   39        Py        0.0295     0.1422    -0.2311     0.0860    -0.4295
   40        Pz        0.0308    -0.0149     0.0743     0.4345     0.0167
   41   9 S  S        -0.0062    -0.0003     0.0003     0.0106     0.0305
   42        S         0.0184     0.0010    -0.0001    -0.0304    -0.0871
   43        Px        0.0447    -0.1201     0.2108     0.0287     0.0493
   44        Py       -0.0145     0.0366    -0.0332     0.0583     0.1315
   45        Pz        0.0702    -0.0147     0.0499     0.0030    -0.0747
   46        S        -0.1020    -0.0049     0.0135     0.1865     0.5334
   47        Px       -0.1640     0.4563    -0.7991    -0.1127    -0.1942
   48        Py        0.0568    -0.1338     0.1235    -0.2254    -0.5137
   49        Pz       -0.2576     0.0575    -0.1869    -0.0076     0.2913
   50  10 C  S        -0.0154     0.0535     0.0377     0.0273    -0.0222
   51        S         0.0771    -0.2986    -0.2144    -0.1543     0.1302
   52        Px        0.0611    -0.1530    -0.0930    -0.0484    -0.1422
   53        Py        0.2382    -0.2529    -0.1535    -0.2349    -0.1659
   54        Pz       -0.3759    -0.2540     0.0978    -0.1114    -0.2537
   55  11 N  S        -0.0108     0.0106    -0.0011     0.0117     0.0263
   56        S         0.0708    -0.0697     0.0059    -0.0815    -0.1706
   57        Px       -0.1015    -0.1771    -0.1291     0.0230     0.0226
   58        Py       -0.0479     0.0674     0.0867     0.0081    -0.0646
   59        Pz        0.3035     0.0913    -0.0752     0.0318     0.0839
   60  12 C  S         0.0061    -0.0013     0.0030    -0.0045    -0.0181
   61        S        -0.0318    -0.0012    -0.0227     0.0249     0.1013
   62        Px        0.0269    -0.2094    -0.1145    -0.0400    -0.0865
   63        Py        0.0342    -0.0989    -0.0234    -0.1203    -0.1393
   64        Pz        0.0617     0.0036    -0.0281    -0.0204     0.0055
   65  13 C  S        -0.0074    -0.0599    -0.0383     0.0233     0.0177
   66        S         0.0403     0.3131     0.2005    -0.1288    -0.0973
   67        Px       -0.0148    -0.5023    -0.3463     0.1825     0.1617
   68        Py       -0.0069     0.1605     0.1279    -0.1584    -0.1424
   69        Pz        0.0158     0.0205    -0.0038    -0.0228    -0.0018
   70  14 S  S        -0.0070    -0.0056    -0.0045     0.0152     0.0102
   71        S         0.0207     0.0173     0.0133    -0.0442    -0.0294
   72        Px       -0.0231     0.2026     0.1343    -0.0262    -0.0341
   73        Py       -0.0506     0.0663     0.0244     0.0773     0.0463
   74        Pz       -0.0430     0.0087     0.0247     0.0131    -0.0020
   75        S        -0.1116    -0.0827    -0.0749     0.2556     0.1727
   76        Px        0.0818    -0.7503    -0.4969     0.1001     0.1298
   77        Py        0.1863    -0.2465    -0.0909    -0.2961    -0.1783
   78        Pz        0.1569    -0.0334    -0.0901    -0.0502     0.0066
   79  15 H  S         0.0297    -0.0643     0.1252    -0.0010     0.0247
   80  16 H  S         0.0147    -0.0215     0.0495     0.0102     0.0859
   81  17 O  S         0.0009     0.0028    -0.0068    -0.0103    -0.0351
   82        S        -0.0051    -0.0165     0.0413     0.0640     0.2196
   83        Px        0.0074    -0.0329     0.0769     0.1012     0.2529
   84        Py       -0.0596    -0.0060    -0.0014    -0.0567     0.0661
   85        Pz       -0.0919    -0.0228     0.0238    -0.0958     0.0570
   86  18 H  S         0.0026    -0.0040     0.0045    -0.0184    -0.0934
   87  19 H  S         0.0106    -0.0853     0.1741     0.1055     0.2771
   88  20 C  S        -0.0154    -0.0218    -0.0097     0.0063     0.0053
   89        S         0.0795     0.1137     0.0514    -0.0356    -0.0310
   90        Px       -0.2163     0.0930     0.0566     0.0413     0.0506
   91        Py       -0.0922     0.0855     0.0499    -0.0074    -0.0051
   92        Pz       -0.0569     0.1622     0.0804    -0.0010     0.0117
   93  21 O  S         0.0016     0.0011     0.0007    -0.0014    -0.0018
   94        S        -0.0072    -0.0027    -0.0026     0.0093     0.0120
   95        Px        0.1477    -0.0785    -0.0415    -0.0231    -0.0298
   96        Py        0.0713    -0.0630    -0.0308    -0.0096    -0.0144
   97        Pz        0.0604    -0.0646    -0.0351     0.0086     0.0083
   98  22 O  S         0.0036     0.0105     0.0050     0.0004     0.0011
   99        S        -0.0217    -0.0650    -0.0308    -0.0025    -0.0072
  100        Px        0.0715    -0.0424    -0.0270    -0.0033    -0.0050
  101        Py        0.0258    -0.0541    -0.0239    -0.0075    -0.0122
  102        Pz        0.0433    -0.0012    -0.0022    -0.0012     0.0004
  103  23 H  S         0.0195     0.0634     0.0324    -0.0010     0.0034
  104  24 H  S        -0.0497     0.0175     0.0819    -0.0557    -0.1193
  105  25 H  S        -0.0540     0.0309     0.0450     0.0502     0.0164
  106  26 H  S         0.0070     0.0440     0.0049     0.0433     0.0466
 
                         82         83         84         85         86
                       0.5065     0.5353     0.5549     0.5980     0.6007
    1   1 C  S         0.1084     0.0007     0.0250    -0.0495    -0.0332
    2        S        -0.6285    -0.0047    -0.1473     0.2973     0.2003
    3        Px       -0.1143    -0.0265    -0.0438     0.1439     0.0523
    4        Py       -0.2010     0.0423    -0.1106    -0.0949    -0.0385
    5        Pz       -0.0940     0.0386     0.0751     0.0382     0.0119
    6   2 N  S        -0.0345    -0.0014     0.0059     0.0476     0.0282
    7        S         0.2131     0.0091    -0.0440    -0.3124    -0.1849
    8        Px       -0.0137     0.0040     0.0073     0.1848     0.0949
    9        Py        0.2160    -0.0165    -0.0007    -0.0688    -0.0553
   10        Pz        0.0380    -0.0283    -0.0073     0.0908     0.0587
   11   3 C  S         0.0306     0.0007    -0.0114    -0.0394    -0.0225
   12        S        -0.1785    -0.0034     0.0716     0.2311     0.1324
   13        Px       -0.0319    -0.0091    -0.0344     0.1980     0.1034
   14        Py       -0.0612     0.0172    -0.1121    -0.1977    -0.1102
   15        Pz       -0.1560     0.0120     0.0689     0.1414     0.0768
   16   4 C  S        -0.0057    -0.0014    -0.0407    -0.0009     0.0007
   17        S         0.0309     0.0083     0.2507     0.0102    -0.0017
   18        Px        0.0299    -0.0005    -0.1663     0.0578     0.0316
   19        Py        0.1419    -0.0045    -0.2101    -0.2828    -0.1612
   20        Pz        0.0755    -0.0136     0.0994     0.1861     0.1064
   21   5 C  S         0.0122     0.0001    -0.0002    -0.0309    -0.0190
   22        S        -0.0739    -0.0003     0.0117     0.1913     0.1174
   23        Px        0.0442    -0.0086    -0.2635    -0.0055    -0.0054
   24        Py       -0.0191     0.0058    -0.2475    -0.1808    -0.1017
   25        Pz       -0.1203     0.0074     0.1142     0.1070     0.0593
   26   6 C  S         0.0245    -0.0024    -0.0498     0.0070     0.0032
   27        S        -0.1329     0.0128     0.2519    -0.0278    -0.0111
   28        Px        0.0591    -0.0122    -0.4945     0.1241     0.0709
   29        Py        0.0139     0.0017    -0.1178    -0.1099    -0.0549
   30        Pz        0.1323    -0.0136    -0.0054     0.0881     0.0463
   31   7 C  S        -0.0106     0.0004    -0.0186    -0.0020     0.0004
   32        S         0.0579    -0.0018     0.1285     0.0079    -0.0050
   33        Px        0.0789    -0.0087    -0.1071     0.0702     0.0344
   34        Py       -0.1340     0.0141    -0.0801    -0.1120    -0.0564
   35        Pz       -0.0293     0.0002     0.0354     0.0772     0.0371
   36   8 C  S         0.0296    -0.0024     0.0145     0.0004    -0.0015
   37        S        -0.1758     0.0142    -0.0843    -0.0029     0.0094
   38        Px       -0.0535     0.0029    -0.2434     0.0654     0.0353
   39        Py       -0.0447     0.0065    -0.1626    -0.1263    -0.0642
   40        Pz        0.1532    -0.0158     0.0602     0.0900     0.0489
   41   9 S  S         0.0140    -0.0009     0.0124     0.0000    -0.0014
   42        S        -0.0403     0.0025    -0.0351     0.0004     0.0043
   43        Px       -0.0045    -0.0017     0.0394     0.0136     0.0110
   44        Py        0.0640    -0.0028     0.0500    -0.0062    -0.0087
   45        Pz       -0.0441     0.0046    -0.0243     0.0037     0.0073
   46        S         0.2419    -0.0159     0.2232     0.0033    -0.0220
   47        Px        0.0166     0.0067    -0.1563    -0.0518    -0.0414
   48        Py       -0.2488     0.0111    -0.1983     0.0231     0.0342
   49        Pz        0.1702    -0.0175     0.0963    -0.0136    -0.0280
   50  10 C  S        -0.1353     0.0132    -0.0290     0.0508     0.0314
   51        S         0.7849    -0.0750     0.1727    -0.3011    -0.1917
   52        Px       -0.0741    -0.0415    -0.0314     0.1279     0.0730
   53        Py        0.4363    -0.0622     0.0252     0.2029     0.0109
   54        Pz        0.1078    -0.1127    -0.0436     0.0220     0.0152
   55  11 N  S         0.0158     0.0119     0.0122    -0.0277    -0.0262
   56        S        -0.0833    -0.0774    -0.0770     0.1909     0.1701
   57        Px       -0.0116    -0.1318    -0.0004    -0.0606     0.0998
   58        Py       -0.1767    -0.0630    -0.0580    -0.0123     0.1180
   59        Pz       -0.0377     0.1618     0.0061     0.0007    -0.0126
   60  12 C  S        -0.0228    -0.0467    -0.0100     0.0486    -0.0671
   61        S         0.1264     0.2486     0.0567    -0.2900     0.4071
   62        Px       -0.0295     0.0120    -0.0379    -0.2570     0.4361
   63        Py        0.1945     0.1692    -0.0171     0.6468    -0.0531
   64        Pz       -0.0144    -0.5866     0.0086     0.1557     0.2889
   65  13 C  S        -0.0430     0.0426    -0.0040     0.0949    -0.0482
   66        S         0.2381    -0.2443     0.0224    -0.5618     0.2963
   67        Px       -0.3419     0.0358    -0.0228    -0.0733     0.0223
   68        Py        0.3273     0.2199     0.0129     0.2524     0.3013
   69        Pz        0.0312    -0.3423     0.0119     0.0872     0.4344
   70  14 S  S        -0.0322     0.0052    -0.0029     0.0007    -0.0022
   71        S         0.0933    -0.0152     0.0083    -0.0025     0.0064
   72        Px        0.0417    -0.0054     0.0019    -0.0148     0.0475
   73        Py       -0.1739     0.0406    -0.0182     0.0029     0.0146
   74        Pz       -0.0365    -0.0124    -0.0053     0.0007     0.0180
   75        S        -0.5462     0.0889    -0.0504     0.0075    -0.0397
   76        Px       -0.1566     0.0210    -0.0064     0.0584    -0.1812
   77        Py        0.6676    -0.1548     0.0703    -0.0096    -0.0540
   78        Pz        0.1398     0.0454     0.0207    -0.0019    -0.0677
   79  15 H  S         0.0647    -0.0005    -0.3591    -0.3632    -0.2019
   80  16 H  S         0.1116    -0.0058    -0.4409    -0.2367    -0.1396
   81  17 O  S        -0.0179     0.0028     0.1050    -0.0264    -0.0158
   82        S         0.1130    -0.0177    -0.6828     0.1713     0.1032
   83        Px        0.1244    -0.0161    -0.3423     0.1131     0.0590
   84        Py        0.0099    -0.0043    -0.3644     0.0898     0.0600
   85        Pz       -0.0230     0.0030     0.1759    -0.0392    -0.0289
   86  18 H  S        -0.0605     0.0119     0.7329    -0.1548    -0.1033
   87  19 H  S         0.1017    -0.0151    -0.0734     0.1640     0.0881
   88  20 C  S         0.0032     0.1024     0.0008    -0.0796     0.0338
   89        S        -0.0158    -0.5686    -0.0049     0.4803    -0.1897
   90        Px       -0.0151     0.0548     0.0136    -0.2486    -0.1115
   91        Py        0.0560     0.2662     0.0038     0.2171     0.0275
   92        Pz       -0.0092    -0.2700     0.0077     0.0977    -0.1119
   93  21 O  S         0.0011    -0.0055    -0.0004     0.0271    -0.0083
   94        S        -0.0096     0.0134     0.0029    -0.1726     0.0447
   95        Px        0.0145     0.0286    -0.0077     0.1364     0.0586
   96        Py       -0.0026    -0.0536    -0.0048     0.0373    -0.0225
   97        Pz       -0.0223    -0.0204     0.0001    -0.2207     0.0510
   98  22 O  S        -0.0102    -0.0919     0.0000     0.0071    -0.0647
   99        S         0.0653     0.5944     0.0001    -0.0444     0.4261
  100        Px       -0.0054     0.0320    -0.0025    -0.0439     0.2234
  101        Py        0.0311     0.2277    -0.0025     0.0417     0.0056
  102        Pz       -0.0377    -0.3675    -0.0015     0.0531    -0.3510
  103  23 H  S        -0.0561    -0.5931    -0.0003     0.1098    -0.6119
  104  24 H  S         0.0662     0.4626    -0.0347     0.3980    -0.5390
  105  25 H  S        -0.0823     0.3938    -0.0143     0.1614    -0.5793
  106  26 H  S        -0.1038    -0.2917     0.0033     0.2471     0.0453
 
                         87         88         89         90         91
                       0.6067     0.6195     0.6493     0.6667     0.6894
    1   1 C  S         0.0408    -0.0218     0.0016     0.0189    -0.0113
    2        S        -0.2489     0.1277    -0.0094    -0.1212     0.0800
    3        Px       -0.0466     0.1044    -0.3448    -0.2374    -0.0511
    4        Py        0.0458     0.0224     0.1254     0.0869    -0.0041
    5        Pz       -0.0080    -0.0180    -0.1107    -0.0630     0.0032
    6   2 N  S        -0.0408    -0.0085    -0.0066    -0.0236     0.0512
    7        S         0.2688     0.0554     0.0398     0.1530    -0.3361
    8        Px       -0.1817    -0.0821    -0.0173    -0.1136     0.3650
    9        Py        0.0709     0.0452    -0.0402     0.0133    -0.1121
   10        Pz       -0.0838    -0.0302     0.0114    -0.0351     0.1198
   11   3 C  S         0.0340     0.0523     0.0530     0.0670    -0.1527
   12        S        -0.2005    -0.3137    -0.3177    -0.4065     0.9477
   13        Px       -0.1683     0.0463     0.0165    -0.0476     0.0682
   14        Py        0.1713    -0.1155    -0.0935    -0.0323     0.1045
   15        Pz       -0.1240     0.0754     0.0648     0.0160    -0.0546
   16   4 C  S         0.0058    -0.0181    -0.0536    -0.0509     0.0512
   17        S        -0.0407     0.0964     0.3322     0.3188    -0.3248
   18        Px       -0.0696     0.0516     0.1583     0.1217    -0.2439
   19        Py        0.2837     0.0508    -0.1973    -0.0808    -0.1289
   20        Pz       -0.1865    -0.0230     0.1416     0.0660     0.0428
   21   5 C  S         0.0366     0.0894    -0.0048    -0.0092     0.0804
   22        S        -0.2273    -0.5470     0.0395     0.0647    -0.5104
   23        Px        0.0387     0.2922    -0.0556    -0.1092     0.2457
   24        Py        0.1740    -0.0353    -0.1101    -0.0219    -0.1937
   25        Pz       -0.0988     0.0665     0.0604    -0.0024     0.1554
   26   6 C  S        -0.0062    -0.0324    -0.0149     0.0008    -0.1167
   27        S         0.0244     0.2014     0.0947    -0.0095     0.7397
   28        Px       -0.1054     0.2735     0.1071    -0.0106     0.2008
   29        Py        0.0869    -0.1402    -0.0323     0.0125    -0.0784
   30        Pz       -0.0707     0.1258     0.0346    -0.0097     0.0784
   31   7 C  S         0.0050     0.1116     0.0477     0.0255     0.0225
   32        S        -0.0270    -0.6816    -0.2963    -0.1592    -0.1448
   33        Px       -0.0534     0.0620    -0.0228    -0.0810     0.4328
   34        Py        0.0765    -0.3360    -0.1053    -0.0637     0.1800
   35        Pz       -0.0532     0.2163     0.0629     0.0274    -0.0450
   36   8 C  S         0.0026    -0.0736    -0.0660    -0.0505     0.0910
   37        S        -0.0161     0.4407     0.4030     0.3110    -0.5747
   38        Px       -0.0691     0.1309     0.1050     0.0219     0.0394
   39        Py        0.1090     0.0263    -0.0630    -0.0832     0.2744
   40        Pz       -0.0795     0.0032     0.0511     0.0533    -0.1614
   41   9 S  S         0.0021    -0.0096    -0.0124    -0.0059     0.0007
   42        S        -0.0063     0.0271     0.0347     0.0163    -0.0019
   43        Px       -0.0139    -0.0483    -0.0222    -0.0126     0.0107
   44        Py        0.0158    -0.0336    -0.0622    -0.0300     0.0074
   45        Pz       -0.0107     0.0125     0.0347     0.0178    -0.0026
   46        S         0.0346    -0.1730    -0.2284    -0.1092     0.0128
   47        Px        0.0525     0.1935     0.0883     0.0499    -0.0449
   48        Py       -0.0614     0.1350     0.2491     0.1208    -0.0286
   49        Pz        0.0416    -0.0504    -0.1396    -0.0713     0.0095
   50  10 C  S         0.0033     0.0298    -0.0718    -0.0060    -0.0167
   51        S        -0.0153    -0.1833     0.4471     0.0432     0.1098
   52        Px       -0.2311     0.0536     0.0065    -0.2481     0.1518
   53        Py       -0.1215     0.0336    -0.0653    -0.1254     0.0403
   54        Pz        0.0001     0.0256     0.0448    -0.0246     0.0069
   55  11 N  S         0.0206    -0.0243     0.0683     0.0288     0.0367
   56        S        -0.1235     0.1581    -0.4525    -0.1812    -0.2442
   57        Px       -0.1878     0.0663    -0.2288    -0.2568    -0.1971
   58        Py       -0.0538     0.0858    -0.2218    -0.0651    -0.1662
   59        Pz       -0.1056     0.0279    -0.1154    -0.0374    -0.0448
   60  12 C  S        -0.0515     0.0223    -0.0305    -0.1530    -0.0954
   61        S         0.2915    -0.1265     0.1639     0.9112     0.5668
   62        Px       -0.3532     0.1321    -0.3586    -0.0817    -0.0493
   63        Py        0.3048     0.0546    -0.4466     0.2433    -0.0548
   64        Pz        0.3023    -0.0137    -0.0541    -0.0014    -0.0364
   65  13 C  S         0.1101    -0.0148     0.0399     0.0320     0.0467
   66        S        -0.6451     0.0889    -0.2532    -0.1736    -0.2866
   67        Px        0.0710     0.0127    -0.2041     0.3083    -0.1131
   68        Py        0.1439     0.0426    -0.5040     0.5827     0.0706
   69        Pz        0.4095    -0.0436     0.0863     0.0307     0.0366
   70  14 S  S         0.0105     0.0002    -0.0037     0.0078    -0.0033
   71        S        -0.0300    -0.0006     0.0108    -0.0220     0.0092
   72        Px       -0.0437     0.0086    -0.0299    -0.0183    -0.0021
   73        Py        0.0533     0.0077    -0.0496     0.0591    -0.0216
   74        Pz        0.0247     0.0001    -0.0028     0.0092    -0.0044
   75        S         0.1827     0.0037    -0.0640     0.1417    -0.0599
   76        Px        0.1686    -0.0339     0.1135     0.0733     0.0092
   77        Py       -0.2085    -0.0295     0.1915    -0.2312     0.0860
   78        Pz       -0.0944    -0.0008     0.0110    -0.0360     0.0178
   79  15 H  S         0.3764    -0.0289    -0.4321    -0.2765     0.0713
   80  16 H  S         0.2725     0.4865    -0.1226    -0.1144     0.2864
   81  17 O  S         0.0287     0.0284    -0.0183    -0.0119     0.0165
   82        S        -0.1883    -0.1958     0.1228     0.0814    -0.1047
   83        Px       -0.0863     0.1875     0.0252    -0.0229    -0.0984
   84        Py       -0.1283    -0.3721     0.1022     0.1040    -0.0063
   85        Pz        0.0670     0.2588    -0.0592    -0.0677    -0.0107
   86  18 H  S         0.2137     0.5534    -0.1754    -0.1677     0.0556
   87  19 H  S        -0.1114     0.7083     0.2789     0.1440    -0.0221
   88  20 C  S        -0.0470    -0.0001     0.0038     0.0685     0.0548
   89        S         0.2952    -0.0010    -0.0196    -0.4165    -0.3336
   90        Px       -0.1720    -0.0244     0.1172     0.0912     0.0845
   91        Py        0.2513    -0.0284     0.0613    -0.0968    -0.0555
   92        Pz        0.0800    -0.0223     0.0822    -0.0883    -0.0307
   93  21 O  S         0.0187    -0.0003    -0.0016    -0.0172    -0.0148
   94        S        -0.1221     0.0017     0.0129     0.1131     0.0999
   95        Px        0.0984     0.0113    -0.0521    -0.0671    -0.0583
   96        Py       -0.0218     0.0160    -0.0683    -0.0169    -0.0546
   97        Pz       -0.1850     0.0129    -0.0254     0.1614     0.1204
   98  22 O  S        -0.0310     0.0032    -0.0193     0.0274     0.0037
   99        S         0.2067    -0.0214     0.1314    -0.1920    -0.0297
  100        Px        0.0728    -0.0024     0.0883    -0.2571    -0.1063
  101        Py        0.0183     0.0043    -0.0692     0.1742     0.0901
  102        Pz       -0.1715     0.0226    -0.1712     0.3017     0.0900
  103  23 H  S        -0.2628     0.0294    -0.2539     0.4914     0.1580
  104  24 H  S        -0.1201     0.0605    -0.1461    -0.2842    -0.2470
  105  25 H  S        -0.0955    -0.0225     0.2298    -0.1550     0.1397
  106  26 H  S         0.5198    -0.1003     0.4857    -0.2650     0.1796
 
 -------------------------------------
      Mulliken Population Analysis
     Atom     Population     Charge
 -------------------------------------
    1  C       6.011457    -0.011457
    2  N       7.227616    -0.227616
    3  C       5.952314     0.047686
    4  C       6.038746    -0.038746
    5  C       6.083605    -0.083605
    6  C       5.856943     0.143057
    7  C       6.108897    -0.108897
    8  C       6.112183    -0.112183
    9  S      15.728655     0.271345
   10  C       5.987865     0.012135
   11  N       7.238170    -0.238170
   12  C       5.983017     0.016983
   13  C       6.194923    -0.194923
   14  S      15.814905     0.185095
   15  H       0.918343     0.081657
   16  H       0.925943     0.074057
   17  O       8.285921    -0.285921
   18  H       0.788879     0.211121
   19  H       0.944110     0.055890
   20  C       5.678858     0.321142
   21  O       8.274328    -0.274328
   22  O       8.305048    -0.305048
   23  H       0.778278     0.221722
   24  H       0.909399     0.090601
   25  H       0.929936     0.070064
   26  H       0.921663     0.078337
 -------------------------------------
     Total                  0.000000
 -------------------------------------
 
 Total CPU time :       16.5 seconds
 Total Wall time:        1.5 seconds
                 ( 0 days  0 hours  0 minutes  1.5 seconds)
 The job finished at Fri Jan  2 13:16:21 2015
 Used memory :    193 MB
 Your calculation finished with  0 warning(s).
