 *******************************************
    Scalable Molecular Analysis Solver for
      High performance computing systems
            SMASH Version 1.0       
           written by K. ISHIMURA
 *******************************************

 The job started at Sun Aug 31 19:08:38 2014
 Master node is hpcs03.local
 Number of processes =     3
 Number of threads   =    12

 Warning! SCFtype changes from RHF to UHF.
 --------------------------------------------------------------------------
   Job infomation
 --------------------------------------------------------------------------
   Runtype = OPTIMIZE    ,   Method  = HARTREE-FOCK,   Basis    = 6-31G(D)    
   Memory  =      1000MB ,   SCFtype = UHF         ,   Spher    = F
   Charge  =         0.0 ,   Multi   =           3 ,   Bohr     = F
   Nopt    =          50 ,   Optconv =     1.0D-04 ,   Cartesian= F
   Check   =                                                                 
 --------------------------------------------------------------------------

 ------------------------------------------------
   Computational condition
 ------------------------------------------------
   Number of atoms                      =    3
   Number of alpha electrons            =    5
   Number of beta electrons             =    3
   Number of basis shells               =   10
   Number of basis contracted functions =   19
   Number of basis primitive functions  =   23
 ------------------------------------------------

 ----------------------------------------------------
          Molecular Geometry (Angstrom)
  Atom            X             Y             Z
 ----------------------------------------------------
   C          0.0000000     0.0000000     0.0000000
   H          0.0000000    -0.8288400     0.7079000
   H          0.0000000     0.8288400     0.7079000
 ----------------------------------------------------

 -------------
   Basis set
 -------------
  C  
    S  6
       3047.5248800      0.00183474
        457.3695180      0.01403732
        103.9486850      0.06884262
         29.2101553      0.23218444
          9.2866630      0.46794135
          3.1639270      0.36231199
    S  3
          7.8682723     -0.11933242
          1.8812885     -0.16085415
          0.5442493      1.14345644
    P  3
          7.8682723      0.06899907
          1.8812885      0.31642396
          0.5442493      0.74430829
    S  1
          0.1687145      1.00000000
    P  1
          0.1687145      1.00000000
    D  1
          0.8000000      1.00000000
  ****
  H  
    S  3
         18.7311370      0.03349460
          2.8253944      0.23472695
          0.6401217      0.81375733
    S  1
          0.1612778      1.00000000
  ****
 Nuclear repulsion energy =     6.14503628 a.u.

 ---------------------
   Guess calculation
 ---------------------
 Guess MOs are generated using extended Huckel orbitals.

 If the calculation stops at the beginning of SCF, increase the stack size.
 bash: Write the following two lines in the ~/.bashrc file.
       ulimit -s unlimited
       export OMP_STACKSIZE=1G
 tcsh: Write the following two lines in the ~/.tcshrc file.
       unlimit
       setenv OMP_STACKSIZE 1G

 Step CPU :       0.8, Total CPU :       0.8 of Master node
 Step Wall :      0.7, Total Wall :      0.7 at Sun Aug 31 19:08:39 2014

 --------------------------------------------------------------------------
   Unrestricted Hartree-Fock calculation
 --------------------------------------------------------------------------
   DIIS = T,   SOSCF = F
   Dconv      = 5.00D-06,  MaxIter    =       100,  ThreshSOSCF= 2.50D-01
   Cutint2    = 1.00D-12,  ThreshEx   =  3.00D+01,  ThreshOver = 1.00D-06
 --------------------------------------------------------------------------
 ====================
    SCF Iteration
 ====================
 Iter SubIt   Total Energy      Delta Energy      Delta Density     DIIS Error
   1    0     -38.671702834     -38.671702834      0.294363085      0.714510497
   2    1     -38.893367771      -0.221664937      0.054658022      0.038806271
   3    2     -38.899768673      -0.006400902      0.026457443      0.016935449
   4    3     -38.900555245      -0.000786571      0.008701866      0.004920932
   5    4     -38.900669307      -0.000114063      0.003447722      0.001448954
   6    5     -38.900685750      -0.000016443      0.001526958      0.000530756
   7    6     -38.900688869      -0.000003119      0.000681324      0.000205665
   8    7     -38.900689319      -0.000000450      0.000110458      0.000041497
   9    8     -38.900689330      -0.000000010      0.000014530      0.000007489
  10    9     -38.900689330       0.000000000      0.000002931      0.000001365
 -----------------------------------------
    SCF Converged.
    UHF Energy =     -38.900689330 a.u.
 -----------------------------------------

 -------------------------------
    Sz =  1.000
    S-squared =  2.013
 -------------------------------

 --------------------------------------------------------------------------------
   Eigenvalues (Hartree)
 --------------------------------------------------------------------------------
   Alpha Occupied:    -11.27443    -0.95420    -0.55958    -0.50970    -0.41684
   Alpha Virtual :      0.26794     0.30171     0.71092     0.71507     0.72302
   Alpha Virtual :      0.96108     1.11798     1.19982     1.89063     1.89325
   Alpha Virtual :      1.91192     2.27471     2.54986     4.37768
   Beta  Occupied:    -11.22295    -0.79563    -0.51639
   Beta  Virtual :      0.10589     0.17569     0.29749     0.35220     0.73867
   Beta  Virtual :      0.86747     0.89668     1.02876     1.16916     1.24145
   Beta  Virtual :      2.01462     2.03895     2.07380     2.39239     2.62271
   Beta  Virtual :      4.45032
 --------------------------------------------------------------------------------
 Step CPU :       4.1, Total CPU :       4.9 of Master node
 Step Wall :      1.8, Total Wall :      2.5 at Sun Aug 31 19:08:41 2014

 ---------------------------------------------------------
   Unrestricted Hartree-Fock energy gradient calculation
 ---------------------------------------------------------
 ----------------------------------------------------
          Gradient (Hartree/Bohr)
  Atom            X             Y             Z
 ----------------------------------------------------
   C          0.0000000     0.0000000    -0.0664210
   H          0.0000000     0.0222964     0.0332105
   H          0.0000000    -0.0222964     0.0332105
 ----------------------------------------------------
 Step CPU :       0.2, Total CPU :       5.1 of Master node
 Step Wall :      0.1, Total Wall :      2.6 at Sun Aug 31 19:08:41 2014

 Optimization Cycle   1    Maximum gradient =   0.066421    RMS gradient =   0.029082

 ---------------------------------------------------------------
   Redundant coordinate parameters (Angstrom and Degree)
                                        New           Old
 ---------------------------------------------------------------
   Bond1    (1,2)                      1.0836        1.0900
   Bond2    (1,3)                      1.0836        1.0900
   Angle1    (2,1,3)                 123.1039       98.9997
 ---------------------------------------------------------------
 ----------------------------------------------------
          Delta xyz (Angstrom)
  Atom            X             Y             Z
 ----------------------------------------------------
   C          0.0000000     0.0000000     0.1278038
   H          0.0000000    -0.1239306    -0.0639019
   H          0.0000000     0.1239306    -0.0639019
 ----------------------------------------------------
 Step CPU :       0.1, Total CPU :       5.1 of Master node
 Step Wall :      0.0, Total Wall :      2.6 at Sun Aug 31 19:08:41 2014

 ----------------------------------------------------
          Molecular Geometry (Angstrom)
  Atom            X             Y             Z
 ----------------------------------------------------
   C          0.0000000     0.0000000     0.1278038
   H          0.0000000    -0.9527706     0.6439981
   H          0.0000000     0.9527706     0.6439981
 ----------------------------------------------------

 Nuclear repulsion energy =     6.13781849 a.u.

 Step CPU :       0.2, Total CPU :       5.3 of Master node
 Step Wall :      0.1, Total Wall :      2.7 at Sun Aug 31 19:08:41 2014

 --------------------------------------------------------------------------
   Unrestricted Hartree-Fock calculation
 --------------------------------------------------------------------------
   DIIS = T,   SOSCF = F
   Dconv      = 5.00D-06,  MaxIter    =       100,  ThreshSOSCF= 2.50D-01
   Cutint2    = 1.00D-12,  ThreshEx   =  3.00D+01,  ThreshOver = 1.00D-06
 --------------------------------------------------------------------------
 ====================
    SCF Iteration
 ====================
 Iter SubIt   Total Energy      Delta Energy      Delta Density     DIIS Error
   1    1     -38.957733176     -38.957733176      0.044855722      0.027876355
   2    2     -38.919745850       0.037987326      0.010434243      0.008838912
   3    3     -38.920229236      -0.000483386      0.004848160      0.004406064
   4    4     -38.920325926      -0.000096690      0.002599999      0.002044918
   5    5     -38.920345740      -0.000019814      0.000712590      0.000448088
   6    6     -38.920347007      -0.000001267      0.000065702      0.000041218
   7    7     -38.920347021      -0.000000013      0.000030129      0.000013438
   8    8     -38.920347022      -0.000000002      0.000016334      0.000005401
   9    9     -38.920347023       0.000000000      0.000005598      0.000001677
  10   10     -38.920347023       0.000000000      0.000000856      0.000000302
 -----------------------------------------
    SCF Converged.
    UHF Energy =     -38.920347023 a.u.
 -----------------------------------------

 -------------------------------
    Sz =  1.000
    S-squared =  2.013
 -------------------------------

 Step CPU :       3.3, Total CPU :       8.6 of Master node
 Step Wall :      1.4, Total Wall :      4.1 at Sun Aug 31 19:08:42 2014

 ---------------------------------------------------------
   Unrestricted Hartree-Fock energy gradient calculation
 ---------------------------------------------------------
 ----------------------------------------------------
          Gradient (Hartree/Bohr)
  Atom            X             Y             Z
 ----------------------------------------------------
   C          0.0000000     0.0000000    -0.0201417
   H          0.0000000    -0.0031858     0.0100709
   H          0.0000000     0.0031858     0.0100709
 ----------------------------------------------------
 Step CPU :       0.2, Total CPU :       8.9 of Master node
 Step Wall :      0.1, Total Wall :      4.2 at Sun Aug 31 19:08:42 2014

 Optimization Cycle   2    Maximum gradient =   0.020142    RMS gradient =   0.008359

 ---------------------------------------------------------------
   Redundant coordinate parameters (Angstrom and Degree)
                                        New           Old
 ---------------------------------------------------------------
   Bond1    (1,2)                      1.0696        1.0836
   Bond2    (1,3)                      1.0696        1.0836
   Angle1    (2,1,3)                 128.7488      123.1039
 ---------------------------------------------------------------
 ----------------------------------------------------
          Delta xyz (Angstrom)
  Atom            X             Y             Z
 ----------------------------------------------------
   C          0.0000000     0.0000000     0.0357469
   H          0.0000000    -0.0115922    -0.0178735
   H          0.0000000     0.0115922    -0.0178735
 ----------------------------------------------------
 Step CPU :       0.0, Total CPU :       8.9 of Master node
 Step Wall :      0.0, Total Wall :      4.2 at Sun Aug 31 19:08:42 2014

 ----------------------------------------------------
          Molecular Geometry (Angstrom)
  Atom            X             Y             Z
 ----------------------------------------------------
   C          0.0000000     0.0000000     0.1635507
   H          0.0000000    -0.9643629     0.6261246
   H          0.0000000     0.9643629     0.6261246
 ----------------------------------------------------

 Nuclear repulsion energy =     6.21147483 a.u.

 Step CPU :       0.2, Total CPU :       9.1 of Master node
 Step Wall :      0.1, Total Wall :      4.3 at Sun Aug 31 19:08:42 2014

 --------------------------------------------------------------------------
   Unrestricted Hartree-Fock calculation
 --------------------------------------------------------------------------
   DIIS = T,   SOSCF = F
   Dconv      = 5.00D-06,  MaxIter    =       100,  ThreshSOSCF= 2.50D-01
   Cutint2    = 1.00D-12,  ThreshEx   =  3.00D+01,  ThreshOver = 1.00D-06
 --------------------------------------------------------------------------
 ====================
    SCF Iteration
 ====================
 Iter SubIt   Total Energy      Delta Energy      Delta Density     DIIS Error
   1    1     -38.934958887     -38.934958887      0.010565600      0.010427016
   2    2     -38.921376583       0.013582304      0.003311466      0.002717882
   3    3     -38.921416236      -0.000039654      0.001953888      0.001117280
   4    4     -38.921424990      -0.000008754      0.000954640      0.000424999
   5    5     -38.921426456      -0.000001466      0.000321988      0.000087571
   6    6     -38.921426576      -0.000000119      0.000078167      0.000037523
   7    7     -38.921426583      -0.000000008      0.000037531      0.000015323
   8    8     -38.921426585      -0.000000001      0.000009786      0.000003456
   9    9     -38.921426585       0.000000000      0.000001534      0.000000772
 -----------------------------------------
    SCF Converged.
    UHF Energy =     -38.921426585 a.u.
 -----------------------------------------

 -------------------------------
    Sz =  1.000
    S-squared =  2.014
 -------------------------------

 Step CPU :       3.8, Total CPU :      12.9 of Master node
 Step Wall :      1.8, Total Wall :      6.1 at Sun Aug 31 19:08:44 2014

 ---------------------------------------------------------
   Unrestricted Hartree-Fock energy gradient calculation
 ---------------------------------------------------------
 ----------------------------------------------------
          Gradient (Hartree/Bohr)
  Atom            X             Y             Z
 ----------------------------------------------------
   C          0.0000000     0.0000000    -0.0020260
   H          0.0000000     0.0022865     0.0010130
   H          0.0000000    -0.0022865     0.0010130
 ----------------------------------------------------
 Step CPU :       0.1, Total CPU :      13.0 of Master node
 Step Wall :      0.0, Total Wall :      6.1 at Sun Aug 31 19:08:44 2014

 Optimization Cycle   3    Maximum gradient =   0.002287    RMS gradient =   0.001359

 ---------------------------------------------------------------
   Redundant coordinate parameters (Angstrom and Degree)
                                        New           Old
 ---------------------------------------------------------------
   Bond1    (1,2)                      1.0712        1.0696
   Bond2    (1,3)                      1.0712        1.0696
   Angle1    (2,1,3)                 130.5433      128.7489
 ---------------------------------------------------------------
 ----------------------------------------------------
          Delta xyz (Angstrom)
  Atom            X             Y             Z
 ----------------------------------------------------
   C          0.0000000     0.0000000     0.0096410
   H          0.0000000    -0.0086344    -0.0048205
   H          0.0000000     0.0086344    -0.0048205
 ----------------------------------------------------
 Step CPU :       0.1, Total CPU :      13.0 of Master node
 Step Wall :      0.0, Total Wall :      6.2 at Sun Aug 31 19:08:44 2014

 ----------------------------------------------------
          Molecular Geometry (Angstrom)
  Atom            X             Y             Z
 ----------------------------------------------------
   C          0.0000000     0.0000000     0.1731917
   H          0.0000000    -0.9729973     0.6213041
   H          0.0000000     0.9729973     0.6213041
 ----------------------------------------------------

 Nuclear repulsion energy =     6.19982859 a.u.

 Step CPU :       0.2, Total CPU :      13.2 of Master node
 Step Wall :      0.1, Total Wall :      6.2 at Sun Aug 31 19:08:44 2014

 --------------------------------------------------------------------------
   Unrestricted Hartree-Fock calculation
 --------------------------------------------------------------------------
   DIIS = T,   SOSCF = F
   Dconv      = 5.00D-06,  MaxIter    =       100,  ThreshSOSCF= 2.50D-01
   Cutint2    = 1.00D-12,  ThreshEx   =  3.00D+01,  ThreshOver = 1.00D-06
 --------------------------------------------------------------------------
 ====================
    SCF Iteration
 ====================
 Iter SubIt   Total Energy      Delta Energy      Delta Density     DIIS Error
   1    1     -38.920448669     -38.920448669      0.003230166      0.002604219
   2    2     -38.921491648      -0.001042979      0.000935041      0.000752942
   3    3     -38.921495172      -0.000003523      0.000639661      0.000396535
   4    4     -38.921496071      -0.000000899      0.000319253      0.000119924
   5    5     -38.921496207      -0.000000137      0.000066949      0.000027912
   6    6     -38.921496214      -0.000000007      0.000021842      0.000008999
   7    7     -38.921496215      -0.000000001      0.000010923      0.000003622
   8    8     -38.921496215       0.000000000      0.000001949      0.000000569
 -----------------------------------------
    SCF Converged.
    UHF Energy =     -38.921496215 a.u.
 -----------------------------------------

 -------------------------------
    Sz =  1.000
    S-squared =  2.015
 -------------------------------

 Step CPU :       2.6, Total CPU :      15.8 of Master node
 Step Wall :      1.3, Total Wall :      7.6 at Sun Aug 31 19:08:46 2014

 ---------------------------------------------------------
   Unrestricted Hartree-Fock energy gradient calculation
 ---------------------------------------------------------
 ----------------------------------------------------
          Gradient (Hartree/Bohr)
  Atom            X             Y             Z
 ----------------------------------------------------
   C          0.0000000     0.0000000    -0.0003654
   H          0.0000000    -0.0000120     0.0001827
   H          0.0000000     0.0000120     0.0001827
 ----------------------------------------------------
 Step CPU :       0.0, Total CPU :      15.8 of Master node
 Step Wall :      0.0, Total Wall :      7.6 at Sun Aug 31 19:08:46 2014

 Optimization Cycle   4    Maximum gradient =   0.000365    RMS gradient =   0.000149

 ---------------------------------------------------------------
   Redundant coordinate parameters (Angstrom and Degree)
                                        New           Old
 ---------------------------------------------------------------
   Bond1    (1,2)                      1.0711        1.0712
   Bond2    (1,3)                      1.0711        1.0712
   Angle1    (2,1,3)                 130.7187      130.5433
 ---------------------------------------------------------------
 ----------------------------------------------------
          Delta xyz (Angstrom)
  Atom            X             Y             Z
 ----------------------------------------------------
   C          0.0000000     0.0000000     0.0010417
   H          0.0000000    -0.0005275    -0.0005208
   H          0.0000000     0.0005275    -0.0005208
 ----------------------------------------------------
 Step CPU :       0.0, Total CPU :      15.8 of Master node
 Step Wall :      0.0, Total Wall :      7.6 at Sun Aug 31 19:08:46 2014

 ----------------------------------------------------
          Molecular Geometry (Angstrom)
  Atom            X             Y             Z
 ----------------------------------------------------
   C          0.0000000     0.0000000     0.1742334
   H          0.0000000    -0.9735247     0.6207833
   H          0.0000000     0.9735247     0.6207833
 ----------------------------------------------------

 Nuclear repulsion energy =     6.20064012 a.u.

 Step CPU :       0.0, Total CPU :      15.9 of Master node
 Step Wall :      0.0, Total Wall :      7.6 at Sun Aug 31 19:08:46 2014

 --------------------------------------------------------------------------
   Unrestricted Hartree-Fock calculation
 --------------------------------------------------------------------------
   DIIS = T,   SOSCF = F
   Dconv      = 5.00D-06,  MaxIter    =       100,  ThreshSOSCF= 2.50D-01
   Cutint2    = 1.00D-12,  ThreshEx   =  3.00D+01,  ThreshOver = 1.00D-06
 --------------------------------------------------------------------------
 ====================
    SCF Iteration
 ====================
 Iter SubIt   Total Energy      Delta Energy      Delta Density     DIIS Error
   1    1     -38.921672086     -38.921672086      0.000326283      0.000233057
   2    2     -38.921496706       0.000175379      0.000098261      0.000084491
   3    3     -38.921496742      -0.000000036      0.000079782      0.000037172
   4    4     -38.921496752      -0.000000010      0.000028054      0.000008114
   5    5     -38.921496753      -0.000000001      0.000004248      0.000001965
 -----------------------------------------
    SCF Converged.
    UHF Energy =     -38.921496753 a.u.
 -----------------------------------------

 -------------------------------
    Sz =  1.000
    S-squared =  2.015
 -------------------------------

 Step CPU :       0.6, Total CPU :      16.4 of Master node
 Step Wall :      0.1, Total Wall :      7.8 at Sun Aug 31 19:08:46 2014

 ---------------------------------------------------------
   Unrestricted Hartree-Fock energy gradient calculation
 ---------------------------------------------------------
 ----------------------------------------------------
          Gradient (Hartree/Bohr)
  Atom            X             Y             Z
 ----------------------------------------------------
   C          0.0000000     0.0000000    -0.0000018
   H          0.0000000     0.0000083     0.0000009
   H          0.0000000    -0.0000083     0.0000009
 ----------------------------------------------------
 Step CPU :       0.0, Total CPU :      16.5 of Master node
 Step Wall :      0.0, Total Wall :      7.8 at Sun Aug 31 19:08:46 2014

 Optimization Cycle   5    Maximum gradient =   0.000008    RMS gradient =   0.000004

 Geometry is converged.

 --------------------------------------------------------------------------------
   Eigenvalues (Hartree)
 --------------------------------------------------------------------------------
   Alpha Occupied:    -11.25933    -0.94846    -0.61368    -0.45273    -0.40764
   Alpha Virtual :      0.25829     0.32745     0.71865     0.73007     0.76820
   Alpha Virtual :      0.80624     1.16421     1.21403     1.90155     1.91057
   Alpha Virtual :      1.91270     2.42741     2.45400     4.39030
   Beta  Occupied:    -11.21137    -0.77672    -0.58091
   Beta  Virtual :      0.14614     0.17626     0.29153     0.36258     0.80186
   Beta  Virtual :      0.81335     0.90069     0.92027     1.21077     1.26090
   Beta  Virtual :      2.02069     2.08850     2.09853     2.49671     2.52787
   Beta  Virtual :      4.45822
 --------------------------------------------------------------------------------
 -----------------------
  Alpha MO coefficients
 -----------------------
 
                          1          2          3          4          5
                     -11.2593    -0.9485    -0.6137    -0.4527    -0.4076
    1   1 C  S        -0.9948     0.2102     0.0000    -0.0517     0.0000
    2        S        -0.0311    -0.4203     0.0000     0.1181     0.0000
    3        Px        0.0000     0.0000     0.0000     0.0000    -0.6159
    4        Py        0.0000     0.0000    -0.4722     0.0000     0.0000
    5        Pz       -0.0002    -0.0272     0.0000    -0.5722     0.0000
    6        S         0.0074    -0.4592     0.0000     0.2896     0.0000
    7        Px        0.0000     0.0000     0.0000     0.0000    -0.5116
    8        Py        0.0000     0.0000    -0.2082     0.0000     0.0000
    9        Pz        0.0009    -0.0150     0.0000    -0.4200     0.0000
   10        Dxx       0.0032     0.0020     0.0000     0.0068     0.0000
   11        Dyy       0.0037    -0.0145     0.0000    -0.0257     0.0000
   12        Dzz       0.0033    -0.0026     0.0000     0.0017     0.0000
   13        Dxy       0.0000     0.0000     0.0000     0.0000     0.0000
   14        Dxz       0.0000     0.0000     0.0000     0.0000     0.0016
   15        Dyz       0.0000     0.0000    -0.0298     0.0000     0.0000
   16   2 H  S         0.0002    -0.1511     0.2353    -0.1152     0.0000
   17        S        -0.0020    -0.0305     0.1589    -0.1113     0.0000
   18   3 H  S         0.0002    -0.1511    -0.2353    -0.1152     0.0000
   19        S        -0.0020    -0.0305    -0.1589    -0.1113     0.0000
 
                          6          7          8          9         10
                       0.2583     0.3274     0.7187     0.7301     0.7682
    1   1 C  S        -0.1196     0.0000     0.0265     0.0000     0.0000
    2        S         0.1494     0.0000    -0.0693     0.0000     0.0000
    3        Px        0.0000     0.0000     0.0000    -1.0494     0.0000
    4        Py        0.0000     0.3406     0.0000     0.0000    -0.7337
    5        Pz        0.1577     0.0000     0.9470     0.0000     0.0000
    6        S         1.9412     0.0000    -0.1559     0.0000     0.0000
    7        Px        0.0000     0.0000     0.0000     1.1040     0.0000
    8        Py        0.0000     1.6662     0.0000     0.0000     1.9723
    9        Pz        0.6837     0.0000    -1.1617     0.0000     0.0000
   10        Dxx       0.0055     0.0000    -0.0367     0.0000     0.0000
   11        Dyy      -0.0229     0.0000     0.0588     0.0000     0.0000
   12        Dzz      -0.0001     0.0000    -0.0260     0.0000     0.0000
   13        Dxy       0.0000     0.0000     0.0000     0.0000     0.0000
   14        Dxz       0.0000     0.0000     0.0000     0.0059     0.0000
   15        Dyz       0.0000    -0.0113     0.0000     0.0000    -0.1112
   16   2 H  S        -0.0659     0.0157     0.2456     0.0000     0.4200
   17        S        -1.4331     1.8545     0.0076     0.0000     0.6378
   18   3 H  S        -0.0659    -0.0157     0.2456     0.0000    -0.4200
   19        S        -1.4331    -1.8545     0.0076     0.0000    -0.6378
 
                         11         12         13         14         15
                       0.8062     1.1642     1.2140     1.9016     1.9106
    1   1 C  S        -0.0345    -0.0261     0.0000     0.0000    -0.0011
    2        S        -1.0761     1.3633     0.0000     0.0000    -0.0026
    3        Px        0.0000     0.0000     0.0000     0.0000     0.0000
    4        Py        0.0000     0.0000     0.9230     0.0000     0.0000
    5        Pz        0.2908     0.4334     0.0000     0.0000    -0.0072
    6        S         2.0339    -2.7977     0.0000     0.0000     0.0189
    7        Px        0.0000     0.0000     0.0000     0.0000     0.0000
    8        Py        0.0000     0.0000    -1.2170     0.0000     0.0000
    9        Pz        0.1351    -0.6631     0.0000     0.0000     0.0126
   10        Dxx      -0.0085     0.1992     0.0000     0.0000     0.7365
   11        Dyy      -0.2442    -0.0728     0.0000     0.0000     0.2153
   12        Dzz      -0.0607     0.1356     0.0000     0.0000    -0.9546
   13        Dxy       0.0000     0.0000     0.0000    -1.0000     0.0000
   14        Dxz       0.0000     0.0000     0.0000     0.0000     0.0000
   15        Dyz       0.0000     0.0000    -0.2360     0.0000     0.0000
   16   2 H  S        -0.5152    -0.6024     0.7391     0.0000    -0.0077
   17        S        -0.2031     1.3665    -1.2969     0.0000    -0.0056
   18   3 H  S        -0.5152    -0.6024    -0.7391     0.0000    -0.0077
   19        S        -0.2031     1.3665     1.2969     0.0000    -0.0056
 
                         16         17         18         19
                       1.9127     2.4274     2.4540     4.3903
    1   1 C  S         0.0000     0.0000    -0.0574     0.4514
    2        S         0.0000     0.0000     0.0134    -3.1481
    3        Px        0.0071     0.0000     0.0000     0.0000
    4        Py        0.0000    -0.1706     0.0000     0.0000
    5        Pz        0.0000     0.0000     0.0808     0.0608
    6        S         0.0000     0.0000     0.6000    -1.3942
    7        Px       -0.0057     0.0000     0.0000     0.0000
    8        Py        0.0000    -0.6643     0.0000     0.0000
    9        Pz        0.0000     0.0000     0.2356    -0.1577
   10        Dxx       0.0000     0.0000    -0.7979     1.7621
   11        Dyy       0.0000     0.0000     1.0391     1.8805
   12        Dzz       0.0000     0.0000    -0.3880     1.7870
   13        Dxy       0.0000     0.0000     0.0000     0.0000
   14        Dxz       1.0000     0.0000     0.0000     0.0000
   15        Dyz       0.0000    -1.0919     0.0000     0.0000
   16   2 H  S         0.0000    -0.6658    -0.6410    -0.2205
   17        S         0.0000    -0.1098     0.0041     0.4443
   18   3 H  S         0.0000     0.6658    -0.6410    -0.2205
   19        S         0.0000     0.1098     0.0041     0.4443
 
 -----------------------
  Beta MO coefficients
 -----------------------
 
                          1          2          3          4          5
                     -11.2114    -0.7767    -0.5809     0.1461     0.1763
    1   1 C  S        -0.9963     0.1787     0.0000    -0.0919     0.0000
    2        S        -0.0227    -0.3440     0.0000     0.0975     0.0000
    3        Px        0.0000     0.0000     0.0000     0.0000    -0.3584
    4        Py        0.0000     0.0000    -0.4226     0.0000     0.0000
    5        Pz       -0.0007    -0.1345     0.0000    -0.3136     0.0000
    6        S         0.0079    -0.2835     0.0000     0.6050     0.0000
    7        Px        0.0000     0.0000     0.0000     0.0000    -0.7512
    8        Py        0.0000     0.0000    -0.1523     0.0000     0.0000
    9        Pz        0.0008    -0.0341     0.0000    -0.5886     0.0000
   10        Dxx       0.0021     0.0251     0.0000    -0.0031     0.0000
   11        Dyy       0.0003    -0.0501     0.0000     0.0058     0.0000
   12        Dzz       0.0018     0.0072     0.0000    -0.0299     0.0000
   13        Dxy       0.0000     0.0000     0.0000     0.0000     0.0000
   14        Dxz       0.0000     0.0000     0.0000     0.0000    -0.0194
   15        Dyz       0.0000     0.0000    -0.0372     0.0000     0.0000
   16   2 H  S         0.0004    -0.2116     0.2619    -0.0722     0.0000
   17        S        -0.0021    -0.1254     0.2188    -0.1988     0.0000
   18   3 H  S         0.0004    -0.2116    -0.2619    -0.0722     0.0000
   19        S        -0.0021    -0.1254    -0.2188    -0.1988     0.0000
 
                          6          7          8          9         10
                       0.2915     0.3626     0.8019     0.8134     0.9007
    1   1 C  S        -0.1277     0.0000     0.0000     0.0638     0.0000
    2        S         0.1340     0.0000     0.0000     0.5900     0.0000
    3        Px        0.0000     0.0000     0.0000     0.0000    -1.1626
    4        Py        0.0000    -0.3442    -0.7197     0.0000     0.0000
    5        Pz        0.1696     0.0000     0.0000     0.5548     0.0000
    6        S         2.0221     0.0000     0.0000    -1.4940     0.0000
    7        Px        0.0000     0.0000     0.0000     0.0000     0.9572
    8        Py        0.0000    -1.6862     2.0189     0.0000     0.0000
    9        Pz        0.7426     0.0000     0.0000    -0.9031     0.0000
   10        Dxx      -0.0191     0.0000     0.0000    -0.0077     0.0000
   11        Dyy       0.0007     0.0000     0.0000     0.1863     0.0000
   12        Dzz       0.0031     0.0000     0.0000     0.0232     0.0000
   13        Dxy       0.0000     0.0000     0.0000     0.0000     0.0000
   14        Dxz       0.0000     0.0000     0.0000     0.0000    -0.0146
   15        Dyz       0.0000    -0.0164    -0.0974     0.0000     0.0000
   16   2 H  S        -0.0245     0.0318     0.4297     0.5514     0.0000
   17        S        -1.4642    -1.8837     0.6808     0.1358     0.0000
   18   3 H  S        -0.0245    -0.0318    -0.4297     0.5514     0.0000
   19        S        -1.4642     1.8837    -0.6808     0.1358     0.0000
 
                         11         12         13         14         15
                       0.9203     1.2108     1.2609     2.0207     2.0885
    1   1 C  S        -0.0004     0.0352     0.0000     0.0000     0.0038
    2        S         0.7842    -1.4193     0.0000     0.0000     0.0022
    3        Px        0.0000     0.0000     0.0000     0.0000     0.0000
    4        Py        0.0000     0.0000     0.9608     0.0000     0.0000
    5        Pz       -0.9458    -0.4137     0.0000     0.0000    -0.0346
    6        S        -1.2468     2.7914     0.0000     0.0000    -0.0436
    7        Px        0.0000     0.0000     0.0000     0.0000     0.0000
    8        Py        0.0000     0.0000    -1.1206     0.0000     0.0000
    9        Pz        0.5867     0.6280     0.0000     0.0000    -0.0179
   10        Dxx       0.0540    -0.1757     0.0000     0.0000    -0.7027
   11        Dyy       0.1771     0.0263     0.0000     0.0000    -0.2570
   12        Dzz       0.0480    -0.1554     0.0000     0.0000     0.9690
   13        Dxy       0.0000     0.0000     0.0000     1.0000     0.0000
   14        Dxz       0.0000     0.0000     0.0000     0.0000     0.0000
   15        Dyz       0.0000     0.0000    -0.1953     0.0000     0.0000
   16   2 H  S         0.2325     0.5917     0.7522     0.0000     0.0519
   17        S         0.0825    -1.3254    -1.2209     0.0000    -0.0028
   18   3 H  S         0.2325     0.5917    -0.7522     0.0000     0.0519
   19        S         0.0825    -1.3254     1.2209     0.0000    -0.0028
 
                         16         17         18         19
                       2.0985     2.4967     2.5279     4.4582
    1   1 C  S         0.0000     0.0000     0.0492    -0.4509
    2        S         0.0000     0.0000     0.0291     3.1656
    3        Px        0.0240     0.0000     0.0000     0.0000
    4        Py        0.0000    -0.1421     0.0000     0.0000
    5        Pz        0.0000     0.0000    -0.0894    -0.0692
    6        S         0.0000     0.0000    -0.6050     1.3690
    7        Px        0.0006     0.0000     0.0000     0.0000
    8        Py        0.0000    -0.6585     0.0000     0.0000
    9        Pz        0.0000     0.0000    -0.2304     0.1600
   10        Dxx       0.0000     0.0000     0.8343    -1.7609
   11        Dyy       0.0000     0.0000    -1.0336    -1.8784
   12        Dzz       0.0000     0.0000     0.3474    -1.7861
   13        Dxy       0.0000     0.0000     0.0000     0.0000
   14        Dxz      -0.9997     0.0000     0.0000     0.0000
   15        Dyz       0.0000    -1.1009     0.0000     0.0000
   16   2 H  S         0.0000    -0.6337     0.6157     0.2191
   17        S         0.0000    -0.1221     0.0068    -0.4378
   18   3 H  S         0.0000     0.6337     0.6157     0.2191
   19        S         0.0000     0.1221     0.0068    -0.4378
 
 -------------------------------------
      Mulliken Population Analysis
     Atom     Population     Charge
 -------------------------------------
    1  C       6.359871    -0.359871
    2  H       0.820064     0.179936
    3  H       0.820064     0.179936
 -------------------------------------
 
 Step CPU :       0.0, Total CPU :      16.5 of Master node
 Step Wall :      0.0, Total Wall :      7.8 at Sun Aug 31 19:08:46 2014

 Total CPU time :       16.6 seconds
 Total wall time:        7.8 seconds
                 ( 0 days  0 hours  0 minutes  7.8 seconds)
 The job finished at Sun Aug 31 19:08:46 2014
 Used memory :      0 MB
 Your calculation finished with  1 warning(s).
