 ****************************************
    Scalable Molecular Analysis Solver
      for High performance computing
            SMASH Version 0.1
          written by K. ISHIMURA
 ****************************************

 The job started at Thu Jun 19 23:22:51 2014
 Master node is hpcs01.local
 Number of processes =     1
 Number of threads   =    12

 --------------------------------------------------------------------------
   Job infomation
 --------------------------------------------------------------------------
   Runtype = OPTIMIZE    ,   Method  = B3LYP       ,   Basis    = GEN         
   Memory  =      1000MB ,   SCFtype = RHF         ,   Spher    = T
   Charge  =         0.0 ,   Multi   =           1 ,   Bohr     = F
   Nopt    =          50 ,   Optconv =     1.0D-04 ,   Cartesian= F
 --------------------------------------------------------------------------

 ------------------------------------------------
   Computational condition
 ------------------------------------------------
   Number of atoms                      =    5
   Number of alpha electrons            =   14
   Number of beta electrons             =   14
   Number of basis shells               =   23
   Number of basis contracted functions =   55
   Number of basis primitive functions  =   40
 ------------------------------------------------

 ----------------------------------------------------
          Molecular Geometry (Angstrom)
  Atom            X             Y             Z
 ----------------------------------------------------
   C          0.4100000     2.5200000     0.0000000
   H          0.7666544     1.5111900     0.0000000
   Cl         0.9966768     3.3496643     1.4370343
   Br        -1.5000000     2.5200235     0.0000000
   I          1.1100121     3.5099403    -1.7146431
 ----------------------------------------------------

 -------------
   Basis set
 -------------
  C  
    S  6
      3047.5248800      0.0018347
       457.3695180      0.0140373
       103.9486850      0.0688426
        29.2101553      0.2321844
         9.2866630      0.4679413
         3.1639270      0.3623120
    S  3
         7.8682723     -0.1193324
         1.8812885     -0.1608542
         0.5442493      1.1434564
    P  3
         7.8682723      0.0689991
         1.8812885      0.3164240
         0.5442493      0.7443083
    S  1
         0.1687145      1.0000000
    P  1
         0.1687145      1.0000000
    D  1
         0.8000000      1.0000000
  ****
  H  
    S  3
        18.7311370      0.0334946
         2.8253944      0.2347270
         0.6401217      0.8137573
    S  1
         0.1612778      1.0000000
  ****
  Cl 
    S  2
         2.2310000     -0.4900589
         0.4720000      1.2542684
    S  1
         0.1631000      1.0000000
    P  2
         6.2960000     -0.0635641
         0.6333000      1.0141355
    P  1
         0.1819000      1.0000000
    D  1
         0.6720000      1.0000000
  ****
  Br 
    S  2
         1.1590000     -3.0378769
         0.7107000      3.3703735
    S  1
         0.1905000      1.0000000
    P  2
         2.6910000     -0.1189800
         0.4446000      1.0424471
    P  1
         0.1377000      1.0000000
    D  1
         0.4510000      1.0000000
  ****
  I  
    S  2
         0.7242000     -2.9731048
         0.4653000      3.4827643
    S  1
         0.1336000      1.0000000
    P  2
         1.2900000     -0.2092377
         0.3180000      1.1035347
    P  1
         0.1053000      1.0000000
    D  1
         0.3060000      1.0000000
  ****
 ----------------
   ECP function
 ----------------
  Cl 
  Cl-ECP     2   10
  d-ul potential
    5
  1      94.8130000     -10.0000000
  2     165.6440000      66.2729170
  2      30.8317000     -28.9685950
  2      10.5841000     -12.8663370
  2       3.7704000      -1.7102170
  s-ul potential
    5
  0     128.8391000       3.0000000
  1     120.3786000      12.8528510
  2      63.5622000     275.6723980
  2      18.0695000     115.6777120
  2       3.8142000      35.0606090
  p-ul potential
    6
  0     216.5263000       5.0000000
  1      46.5723000       7.4794860
  2     147.4685000     613.0320000
  2      48.9869000     280.8006850
  2      13.2096000     107.8788240
  2       3.1831000      15.3439560
  Br 
  Br-ECP     3   28
  f-ul potential
    4
  1     213.6143969     -28.0000000
  2      41.0585380    -134.9268852
  2       8.7086530     -41.9271913
  2       2.6074661      -5.9336420
  s-ul potential
    4
  0      54.1980682       3.0000000
  1      32.9053558      27.3430642
  2      13.6744890     118.8028847
  2       3.0341152      43.4354876
  p-ul potential
    5
  0      54.2563340       5.0000000
  1      26.0095593      25.0504252
  2      28.2012995      92.6157463
  2       9.4341061      95.8249016
  2       2.5321764      26.2684983
  d-ul potential
    5
  0      87.6328721       3.0000000
  1      61.7373377      22.5533557
  2      32.4385104     178.1241988
  2       8.7537199      76.9924162
  2       1.6633189       9.4818270
  I  
  I-ECP      3   46
  f-ul potential
    5
  0       1.0715702      -0.0747621
  1      44.1936028     -30.0811224
  2      12.9367609     -75.3722721
  2       3.1956412     -22.0563758
  2       0.8589806      -1.6979585
  s-ul potential
    5
  0     127.9202670       2.9380036
  1      78.6211465      41.2471267
  2      36.5146237     287.8680095
  2       9.9065681     114.3758506
  2       1.9420086      37.6547714
  p-ul potential
    5
  0      13.0035304       2.2222630
  1      76.0331404      39.4090831
  2      24.1961684     177.4075002
  2       6.4053433      77.9889462
  2       1.5851786      25.7547641
  d-ul potential
    5
  0      40.4278108       7.0524360
  1      28.9084375      33.3041635
  2      15.6268936     186.9453875
  2       4.1442856      71.9688361
  2       0.9377235       9.3630657
 
 Nuclear repulsion energy =    67.05898400 a.u.

 Step CPU :       0.5, Total CPU :       0.5 of Master node
 Step Wall :      0.1, Total Wall :      0.1 at Thu Jun 19 23:22:51 2014

 --------------------------------------------------------------------------
   Hartree-Fock calculation
 --------------------------------------------------------------------------
   DIIS = T,   SOSCF = F
   Dconv      = 5.00D-06,  MaxIter    =       100,  ThreshSOSCF= 2.50D-01
   Cutint2    = 1.00D-12,  ThreshEx   =  3.00D+01,  ThreshOver = 1.00D-06
 --------------------------------------------------------------------------
 ====================
    SCF Iteration
 ====================
 Iter SubIt   Total Energy      Delta Energy      Delta Density     DIIS Error
   1    0     -76.369092450     -76.369092450      0.534244734      0.862479474
   2    1     -77.168647974      -0.799555524      0.150661997      0.105489893
   3    2     -77.202262773      -0.033614799      0.065408311      0.073135922
   4    3     -77.234361539      -0.032098766      0.009979687      0.009350885
   5    4     -77.234975373      -0.000613834      0.002248929      0.001136070
   6    5     -77.234991583      -0.000016211      0.000343511      0.000215926
   7    6     -77.234992228      -0.000000644      0.000122178      0.000074641
   8    7     -77.234992308      -0.000000080      0.000055841      0.000022001
   9    8     -77.234992318      -0.000000010      0.000020495      0.000007266
  10    9     -77.234992319      -0.000000001      0.000006832      0.000002255
  11   10     -77.234992319       0.000000000      0.000002017      0.000000586
 -----------------------------------------
    SCF Converged.
    RHF Energy =     -77.234992319 a.u.
 -----------------------------------------

 Step CPU :       3.7, Total CPU :       4.2 of Master node
 Step Wall :      0.3, Total Wall :      0.4 at Thu Jun 19 23:22:52 2014

 --------------------------------------------------------------------------
   DFT calculation
 --------------------------------------------------------------------------
   DIIS = T,   SOSCF = F
   Dconv      = 5.00D-06,  MaxIter    =       100,  ThreshSOSCF= 2.50D-01
   Cutint2    = 1.00D-12,  ThreshEx   =  3.00D+01,  ThreshOver = 1.00D-06
   Nrad       =       96,  Nleb       =       302,  ThreshRho  = 1.00D-07
   ThreshDfock= 1.00D-06
 --------------------------------------------------------------------------
 ====================
    SCF Iteration
 ====================
 Iter SubIt   Total Energy      Delta Energy      Delta Density     DIIS Error
   1    1     -78.088035828     -78.088035828      0.060189241      0.041197715
   2    2     -78.094301848      -0.006266020      0.051167618      0.026237444
   3    3     -78.094303264      -0.000001417      0.024723888      0.025275630
   4    4     -78.098698000      -0.004394736      0.002352537      0.001589065
   5    5     -78.098718046      -0.000020046      0.000431859      0.000263507
   6    6     -78.098718759      -0.000000713      0.000108444      0.000069983
   7    7     -78.098718802      -0.000000043      0.000020864      0.000012697
   8    8     -78.098718804      -0.000000002      0.000002823      0.000001938
 -----------------------------------------------------------
    SCF Converged.
    DFT Energy =     -78.098718804 a.u.
    Exchange + Correlation energy =     -10.908441963 a.u.
    Number of electrons           =      27.999970038
 -----------------------------------------------------------

 --------------------------------------------------------------------------------
   Eigenvalues (Hartree)
 --------------------------------------------------------------------------------
   Alpha Occupied:    -10.33046    -0.90607    -0.79815    -0.72085    -0.62879
   Alpha Occupied:     -0.49464    -0.45294    -0.43557    -0.33411    -0.33050
   Alpha Occupied:     -0.30267    -0.29779    -0.27573    -0.26569
   Alpha Virtual :     -0.06950    -0.01378     0.01599     0.09863     0.35465
   Alpha Virtual :      0.35815     0.36584     0.38154     0.38752     0.41987
   Alpha Virtual :      0.42842     0.44437     0.46565     0.47942     0.49989
   Alpha Virtual :      0.52304     0.55855     0.59112     0.61365     0.62485
   Alpha Virtual :      0.64428     0.66222     0.67579     0.75373     0.77703
   Alpha Virtual :      0.79535     0.80571     0.84157     0.87869     0.95969
   Alpha Virtual :      0.98534     1.10381     1.14444     1.70530     1.72078
   Alpha Virtual :      1.91566     2.02261     2.16039     6.90324    10.39703
   Alpha Virtual :     18.86005
 --------------------------------------------------------------------------------
 Step CPU :       5.7, Total CPU :       9.9 of Master node
 Step Wall :      0.5, Total Wall :      0.9 at Thu Jun 19 23:22:52 2014

 -----------------------------------
   DFT energy gradient calculation
 -----------------------------------
 ----------------------------------------------------
          Force (Hartree/Bohr)
  Atom            X             Y             Z
 ----------------------------------------------------
   C         -0.0002321    -0.0110393    -0.0065319
   H         -0.0036461     0.0107095    -0.0002603
   Cl        -0.0082812    -0.0004464    -0.0147682
   Br         0.0249889     0.0076711    -0.0014280
   I         -0.0128294    -0.0068949     0.0229885
 ----------------------------------------------------
 Step CPU :       2.6, Total CPU :      12.5 of Master node
 Step Wall :      0.3, Total Wall :      1.1 at Thu Jun 19 23:22:52 2014

 Optimization Cycle   1    Maximum gradient =   0.024989    RMS gradient =   0.011563

 Lambda iteration in RFO  1   Lambda= 0.00000000D+00    Sum=-1.50011250D-02
 Lambda iteration in RFO  2   Lambda=-1.50011250D-02    Sum=-1.38294331D-02
 Lambda iteration in RFO  3   Lambda=-1.38294331D-02    Sum=-1.39140640D-02
 Lambda iteration in RFO  4   Lambda=-1.39140640D-02    Sum=-1.39079151D-02
 Lambda iteration in RFO  5   Lambda=-1.39079151D-02    Sum=-1.39083617D-02
 Lambda iteration in RFO  6   Lambda=-1.39083617D-02    Sum=-1.39083293D-02
 Lambda iteration in RFO  7   Lambda=-1.39083293D-02    Sum=-1.39083316D-02
 Displacement Iteration  1  RMS(Cart)= 9.728D-02    RMS(Red)= 8.522D-02
 Displacement Iteration  2  RMS(Cart)= 4.794D-03    RMS(Red)= 5.073D-03
 Displacement Iteration  3  RMS(Cart)= 2.066D-05    RMS(Red)= 1.784D-03
 Displacement Iteration  4  RMS(Cart)= 4.629D-08    RMS(Red)= 1.784D-03

 ---------------------------------------------------------
   Redundant coordinate parameters (Angstrom and Degree)
 ---------------------------------------------------------
                                  New           Old
   R1    (1,2)                   1.0855        1.0700
   R2    (1,3)                   1.7857        1.7600
   R3    (1,4)                   1.9790        1.9100
   R4    (1,5)                   2.1904        2.1000
   A1    (2,1,3)               105.7121      109.4712
   A2    (2,1,4)               105.7477      109.4712
   A3    (2,1,5)               105.9603      109.4712
   A4    (3,1,4)               112.3146      109.4712
   A5    (3,1,5)               112.6920      109.4713
   A6    (4,1,5)               113.6115      109.4712
 ---------------------------------------------------------
 Step CPU :       0.0, Total CPU :      12.5 of Master node
 Step Wall :      0.0, Total Wall :      1.1 at Thu Jun 19 23:22:52 2014

 ----------------------------------------------------
          Molecular Geometry (Angstrom)
  Atom            X             Y             Z
 ----------------------------------------------------
   C          0.3898525     2.5796547     0.0056967
   H          0.7518103     1.5562905     0.0019743
   Cl         1.0366751     3.3159448     1.4984529
   Br        -1.5848578     2.4508535     0.0259953
   I          1.1898632     3.5080744    -1.8097281
 ----------------------------------------------------

 Nuclear repulsion energy =    64.72492136 a.u.

 Step CPU :       0.1, Total CPU :      12.6 of Master node
 Step Wall :      0.0, Total Wall :      1.1 at Thu Jun 19 23:22:52 2014

 --------------------------------------------------------------------------
   DFT calculation
 --------------------------------------------------------------------------
   DIIS = T,   SOSCF = F
   Dconv      = 5.00D-06,  MaxIter    =       100,  ThreshSOSCF= 2.50D-01
   Cutint2    = 1.00D-12,  ThreshEx   =  3.00D+01,  ThreshOver = 1.00D-06
   Nrad       =       96,  Nleb       =       302,  ThreshRho  = 1.00D-07
   ThreshDfock= 1.00D-06
 --------------------------------------------------------------------------
 ====================
    SCF Iteration
 ====================
 Iter SubIt   Total Energy      Delta Energy      Delta Density     DIIS Error
   1    1     -78.070536806     -78.070536806      0.039001422      0.054123606
   2    2     -78.102929019      -0.032392212      0.011431716      0.011280270
   3    3     -78.102888209       0.000040810      0.010827240      0.008417221
   4    4     -78.103448179      -0.000559970      0.004539189      0.004380193
   5    5     -78.103551025      -0.000102846      0.000358015      0.000354149
   6    6     -78.103552236      -0.000001210      0.000113706      0.000078104
   7    7     -78.103552301      -0.000000066      0.000023440      0.000019861
   8    8     -78.103552305      -0.000000004      0.000006971      0.000004438
   9    9     -78.103552306       0.000000000      0.000002068      0.000001613
 -----------------------------------------------------------
    SCF Converged.
    DFT Energy =     -78.103552306 a.u.
    Exchange + Correlation energy =     -10.854931652 a.u.
    Number of electrons           =      27.999745758
 -----------------------------------------------------------

 Step CPU :       6.5, Total CPU :      19.1 of Master node
 Step Wall :      0.5, Total Wall :      1.7 at Thu Jun 19 23:22:53 2014

 -----------------------------------
   DFT energy gradient calculation
 -----------------------------------
 ----------------------------------------------------
          Force (Hartree/Bohr)
  Atom            X             Y             Z
 ----------------------------------------------------
   C         -0.0017578     0.0020997    -0.0040902
   H          0.0009956    -0.0005324     0.0030194
   Cl         0.0030698    -0.0008676     0.0044606
   Br        -0.0050225    -0.0020686     0.0006925
   I          0.0027149     0.0013690    -0.0040823
 ----------------------------------------------------
 Step CPU :       2.4, Total CPU :      21.5 of Master node
 Step Wall :      0.3, Total Wall :      2.0 at Thu Jun 19 23:22:53 2014

 Optimization Cycle   2    Maximum gradient =   0.005023    RMS gradient =   0.002835

 Lambda iteration in RFO  1   Lambda= 0.00000000D+00    Sum=-7.48078629D-04
 Lambda iteration in RFO  2   Lambda=-7.48078629D-04    Sum=-7.45829136D-04
 Lambda iteration in RFO  3   Lambda=-7.45829136D-04    Sum=-7.45835880D-04
 Displacement Iteration  1  RMS(Cart)= 2.192D-02    RMS(Red)= 1.731D-02
 Displacement Iteration  2  RMS(Cart)= 2.880D-04    RMS(Red)= 3.371D-04
 Displacement Iteration  3  RMS(Cart)= 6.724D-08    RMS(Red)= 1.371D-04

 ---------------------------------------------------------
   Redundant coordinate parameters (Angstrom and Degree)
 ---------------------------------------------------------
                                  New           Old
   R1    (1,2)                   1.0848        1.0855
   R2    (1,3)                   1.7797        1.7857
   R3    (1,4)                   1.9683        1.9790
   R4    (1,5)                   2.1779        2.1904
   A1    (2,1,3)               107.7533      105.7121
   A2    (2,1,4)               106.2945      105.7477
   A3    (2,1,5)               105.9296      105.9603
   A4    (3,1,4)               111.7152      112.3146
   A5    (3,1,5)               112.1109      112.6920
   A6    (4,1,5)               112.5699      113.6115
 ---------------------------------------------------------
 Step CPU :       0.0, Total CPU :      21.5 of Master node
 Step Wall :      0.0, Total Wall :      2.0 at Thu Jun 19 23:22:53 2014

 ----------------------------------------------------
          Molecular Geometry (Angstrom)
  Atom            X             Y             Z
 ----------------------------------------------------
   C          0.3969612     2.5660815     0.0111371
   H          0.7539871     1.5419067    -0.0097464
   Cl         1.0259905     3.3300041     1.4903756
   Br        -1.5687765     2.4655591     0.0227507
   I          1.1751810     3.5072666    -1.7921259
 ----------------------------------------------------

 Nuclear repulsion energy =    65.09628635 a.u.

 Step CPU :       0.1, Total CPU :      21.6 of Master node
 Step Wall :      0.0, Total Wall :      2.0 at Thu Jun 19 23:22:53 2014

 --------------------------------------------------------------------------
   DFT calculation
 --------------------------------------------------------------------------
   DIIS = T,   SOSCF = F
   Dconv      = 5.00D-06,  MaxIter    =       100,  ThreshSOSCF= 2.50D-01
   Cutint2    = 1.00D-12,  ThreshEx   =  3.00D+01,  ThreshOver = 1.00D-06
   Nrad       =       96,  Nleb       =       302,  ThreshRho  = 1.00D-07
   ThreshDfock= 1.00D-06
 --------------------------------------------------------------------------
 ====================
    SCF Iteration
 ====================
 Iter SubIt   Total Energy      Delta Energy      Delta Density     DIIS Error
   1    1     -78.110032354     -78.110032354      0.009481634      0.012951926
   2    2     -78.103935471       0.006096883      0.004241204      0.002729139
   3    3     -78.103910991       0.000024480      0.003184952      0.002637681
   4    4     -78.103967733      -0.000056742      0.000801073      0.000735311
   5    5     -78.103970946      -0.000003212      0.000134653      0.000082619
   6    6     -78.103971023      -0.000000077      0.000036987      0.000024254
   7    7     -78.103971027      -0.000000004      0.000007924      0.000007223
   8    8     -78.103971028       0.000000000      0.000001036      0.000001103
 -----------------------------------------------------------
    SCF Converged.
    DFT Energy =     -78.103971028 a.u.
    Exchange + Correlation energy =     -10.862329703 a.u.
    Number of electrons           =      27.999735780
 -----------------------------------------------------------

 Step CPU :       5.7, Total CPU :      27.3 of Master node
 Step Wall :      0.5, Total Wall :      2.5 at Thu Jun 19 23:22:54 2014

 -----------------------------------
   DFT energy gradient calculation
 -----------------------------------
 ----------------------------------------------------
          Force (Hartree/Bohr)
  Atom            X             Y             Z
 ----------------------------------------------------
   C         -0.0004373    -0.0007275    -0.0021363
   H          0.0000347    -0.0002484     0.0003185
   Cl         0.0009084     0.0008958     0.0020055
   Br        -0.0007964    -0.0001865     0.0001991
   I          0.0002907     0.0002666    -0.0003868
 ----------------------------------------------------
 Step CPU :       2.5, Total CPU :      29.8 of Master node
 Step Wall :      0.3, Total Wall :      2.7 at Thu Jun 19 23:22:54 2014

 Optimization Cycle   3    Maximum gradient =   0.002136    RMS gradient =   0.000899

 Lambda iteration in RFO  1   Lambda= 0.00000000D+00    Sum=-3.09721254D-05
 Lambda iteration in RFO  2   Lambda=-3.09721254D-05    Sum=-3.09679537D-05
 Displacement Iteration  1  RMS(Cart)= 3.051D-03    RMS(Red)= 3.670D-03
 Displacement Iteration  2  RMS(Cart)= 2.711D-06    RMS(Red)= 3.424D-06
 Displacement Iteration  3  RMS(Cart)= 5.464D-12    RMS(Red)= 1.223D-06

 ---------------------------------------------------------
   Redundant coordinate parameters (Angstrom and Degree)
 ---------------------------------------------------------
                                  New           Old
   R1    (1,2)                   1.0845        1.0848
   R2    (1,3)                   1.7750        1.7797
   R3    (1,4)                   1.9659        1.9683
   R4    (1,5)                   2.1761        2.1779
   A1    (2,1,3)               107.9265      107.7533
   A2    (2,1,4)               106.3680      106.2945
   A3    (2,1,5)               105.8065      105.9296
   A4    (3,1,4)               111.7423      111.7152
   A5    (3,1,5)               112.1245      112.1109
   A6    (4,1,5)               112.4172      112.5699
 ---------------------------------------------------------
 Step CPU :       0.0, Total CPU :      29.8 of Master node
 Step Wall :      0.0, Total Wall :      2.7 at Thu Jun 19 23:22:54 2014

 ----------------------------------------------------
          Molecular Geometry (Angstrom)
  Atom            X             Y             Z
 ----------------------------------------------------
   C          0.3974599     2.5658633     0.0130130
   H          0.7547540     1.5422074    -0.0106122
   Cl         1.0242014     3.3293850     1.4877648
   Br        -1.5659922     2.4672702     0.0219664
   I          1.1729204     3.5060921    -1.7897409
 ----------------------------------------------------

 Nuclear repulsion energy =    65.19750272 a.u.

 Step CPU :       0.1, Total CPU :      29.9 of Master node
 Step Wall :      0.0, Total Wall :      2.8 at Thu Jun 19 23:22:54 2014

 --------------------------------------------------------------------------
   DFT calculation
 --------------------------------------------------------------------------
   DIIS = T,   SOSCF = F
   Dconv      = 5.00D-06,  MaxIter    =       100,  ThreshSOSCF= 2.50D-01
   Cutint2    = 1.00D-12,  ThreshEx   =  3.00D+01,  ThreshOver = 1.00D-06
   Nrad       =       96,  Nleb       =       302,  ThreshRho  = 1.00D-07
   ThreshDfock= 1.00D-06
 --------------------------------------------------------------------------
 ====================
    SCF Iteration
 ====================
 Iter SubIt   Total Energy      Delta Energy      Delta Density     DIIS Error
   1    1     -78.106152025     -78.106152025      0.001266302      0.002580519
   2    2     -78.103986443       0.002165582      0.001084469      0.000674991
   3    3     -78.103986457      -0.000000014      0.000641632      0.000644387
   4    4     -78.103988451      -0.000001994      0.000247901      0.000231744
   5    5     -78.103988802      -0.000000351      0.000030895      0.000022743
   6    6     -78.103988805      -0.000000004      0.000004406      0.000004603
 -----------------------------------------------------------
    SCF Converged.
    DFT Energy =     -78.103988805 a.u.
    Exchange + Correlation energy =     -10.864734628 a.u.
    Number of electrons           =      27.999734568
 -----------------------------------------------------------

 Step CPU :       4.3, Total CPU :      34.2 of Master node
 Step Wall :      0.4, Total Wall :      3.1 at Thu Jun 19 23:22:54 2014

 -----------------------------------
   DFT energy gradient calculation
 -----------------------------------
 ----------------------------------------------------
          Force (Hartree/Bohr)
  Atom            X             Y             Z
 ----------------------------------------------------
   C         -0.0003025    -0.0002962    -0.0010403
   H          0.0000142     0.0000410     0.0001404
   Cl         0.0002160     0.0002862     0.0004935
   Br         0.0001896     0.0000386     0.0000957
   I         -0.0001172    -0.0000696     0.0003108
 ----------------------------------------------------
 Step CPU :       2.5, Total CPU :      36.6 of Master node
 Step Wall :      0.3, Total Wall :      3.4 at Thu Jun 19 23:22:55 2014

 Optimization Cycle   4    Maximum gradient =   0.001040    RMS gradient =   0.000348

 Lambda iteration in RFO  1   Lambda= 0.00000000D+00    Sum=-3.93347061D-06
 Lambda iteration in RFO  2   Lambda=-3.93347061D-06    Sum=-3.93337286D-06
 Displacement Iteration  1  RMS(Cart)= 8.735D-04    RMS(Red)= 1.576D-03
 Displacement Iteration  2  RMS(Cart)= 9.348D-07    RMS(Red)= 1.348D-06

 ---------------------------------------------------------
   Redundant coordinate parameters (Angstrom and Degree)
 ---------------------------------------------------------
                                  New           Old
   R1    (1,2)                   1.0845        1.0845
   R2    (1,3)                   1.7732        1.7750
   R3    (1,4)                   1.9662        1.9659
   R4    (1,5)                   2.1772        2.1761
   A1    (2,1,3)               108.0179      107.9265
   A2    (2,1,4)               106.3411      106.3680
   A3    (2,1,5)               105.6997      105.8065
   A4    (3,1,4)               111.7912      111.7423
   A5    (3,1,5)               112.1687      112.1245
   A6    (4,1,5)               112.3601      112.4172
 ---------------------------------------------------------
 Step CPU :       0.0, Total CPU :      36.6 of Master node
 Step Wall :      0.0, Total Wall :      3.4 at Thu Jun 19 23:22:55 2014

 ----------------------------------------------------
          Molecular Geometry (Angstrom)
  Atom            X             Y             Z
 ----------------------------------------------------
   C          0.3977395     2.5662813     0.0143808
   H          0.7547987     1.5425625    -0.0111540
   Cl         1.0239222     3.3289805     1.4876202
   Br        -1.5659798     2.4672344     0.0217825
   I          1.1728627     3.5057593    -1.7902384
 ----------------------------------------------------

 Nuclear repulsion energy =    65.20395861 a.u.

 Step CPU :       0.1, Total CPU :      36.7 of Master node
 Step Wall :      0.0, Total Wall :      3.4 at Thu Jun 19 23:22:55 2014

 --------------------------------------------------------------------------
   DFT calculation
 --------------------------------------------------------------------------
   DIIS = T,   SOSCF = F
   Dconv      = 5.00D-06,  MaxIter    =       100,  ThreshSOSCF= 2.50D-01
   Cutint2    = 1.00D-12,  ThreshEx   =  3.00D+01,  ThreshOver = 1.00D-06
   Nrad       =       96,  Nleb       =       302,  ThreshRho  = 1.00D-07
   ThreshDfock= 1.00D-06
 --------------------------------------------------------------------------
 ====================
    SCF Iteration
 ====================
 Iter SubIt   Total Energy      Delta Energy      Delta Density     DIIS Error
   1    1     -78.104282217     -78.104282217      0.000467081      0.001272734
   2    2     -78.103990657       0.000291560      0.000515538      0.000353126
   3    3     -78.103991251      -0.000000594      0.000216247      0.000195491
   4    4     -78.103991450      -0.000000200      0.000059855      0.000040211
   5    5     -78.103991463      -0.000000012      0.000019271      0.000017794
   6    6     -78.103991465      -0.000000002      0.000001991      0.000002991
 -----------------------------------------------------------
    SCF Converged.
    DFT Energy =     -78.103991465 a.u.
    Exchange + Correlation energy =     -10.864890343 a.u.
    Number of electrons           =      27.999733967
 -----------------------------------------------------------

 Step CPU :       4.4, Total CPU :      41.1 of Master node
 Step Wall :      0.4, Total Wall :      3.8 at Thu Jun 19 23:22:55 2014

 -----------------------------------
   DFT energy gradient calculation
 -----------------------------------
 ----------------------------------------------------
          Force (Hartree/Bohr)
  Atom            X             Y             Z
 ----------------------------------------------------
   C         -0.0001410    -0.0000619    -0.0003787
   H          0.0000148     0.0000223     0.0000385
   Cl         0.0000521     0.0000829     0.0001055
   Br         0.0001745     0.0000238     0.0000441
   I         -0.0001004    -0.0000671     0.0001905
 ----------------------------------------------------
 Step CPU :       3.4, Total CPU :      44.5 of Master node
 Step Wall :      0.3, Total Wall :      4.1 at Thu Jun 19 23:22:55 2014

 Optimization Cycle   5    Maximum gradient =   0.000379    RMS gradient =   0.000135

 Lambda iteration in RFO  1   Lambda= 0.00000000D+00    Sum=-1.08383555D-06
 Lambda iteration in RFO  2   Lambda=-1.08383555D-06    Sum=-1.08382395D-06
 Displacement Iteration  1  RMS(Cart)= 6.024D-04    RMS(Red)= 1.035D-03
 Displacement Iteration  2  RMS(Cart)= 2.862D-07    RMS(Red)= 3.910D-07

 ---------------------------------------------------------
   Redundant coordinate parameters (Angstrom and Degree)
 ---------------------------------------------------------
                                  New           Old
   R1    (1,2)                   1.0845        1.0845
   R2    (1,3)                   1.7724        1.7732
   R3    (1,4)                   1.9668        1.9662
   R4    (1,5)                   2.1783        2.1772
   A1    (2,1,3)               108.0659      108.0179
   A2    (2,1,4)               106.3173      106.3411
   A3    (2,1,5)               105.6426      105.6997
   A4    (3,1,4)               111.8210      111.7912
   A5    (3,1,5)               112.1937      112.1687
   A6    (4,1,5)               112.3336      112.3600
 ---------------------------------------------------------
 Step CPU :       0.0, Total CPU :      44.5 of Master node
 Step Wall :      0.0, Total Wall :      4.1 at Thu Jun 19 23:22:55 2014

 ----------------------------------------------------
          Molecular Geometry (Angstrom)
  Atom            X             Y             Z
 ----------------------------------------------------
   C          0.3979155     2.5665210     0.0151763
   H          0.7547667     1.5427394    -0.0113735
   Cl         1.0238998     3.3287606     1.4877221
   Br        -1.5663485     2.4670477     0.0217609
   I          1.1731098     3.5057494    -1.7908946
 ----------------------------------------------------

 Nuclear repulsion energy =    65.19655233 a.u.

 Step CPU :       0.1, Total CPU :      44.6 of Master node
 Step Wall :      0.0, Total Wall :      4.1 at Thu Jun 19 23:22:55 2014

 --------------------------------------------------------------------------
   DFT calculation
 --------------------------------------------------------------------------
   DIIS = T,   SOSCF = F
   Dconv      = 5.00D-06,  MaxIter    =       100,  ThreshSOSCF= 2.50D-01
   Cutint2    = 1.00D-12,  ThreshEx   =  3.00D+01,  ThreshOver = 1.00D-06
   Nrad       =       96,  Nleb       =       302,  ThreshRho  = 1.00D-07
   ThreshDfock= 1.00D-06
 --------------------------------------------------------------------------
 ====================
    SCF Iteration
 ====================
 Iter SubIt   Total Energy      Delta Energy      Delta Density     DIIS Error
   1    1     -78.103958694     -78.103958694      0.000269260      0.000890280
   2    2     -78.103991750      -0.000033056      0.000324187      0.000212477
   3    3     -78.103991945      -0.000000195      0.000139604      0.000126833
   4    4     -78.103992029      -0.000000085      0.000015940      0.000016579
   5    5     -78.103992031      -0.000000001      0.000007741      0.000005685
   6    6     -78.103992031       0.000000000      0.000002498      0.000002215
 -----------------------------------------------------------
    SCF Converged.
    DFT Energy =     -78.103992031 a.u.
    Exchange + Correlation energy =     -10.864721417 a.u.
    Number of electrons           =      27.999733617
 -----------------------------------------------------------

 Step CPU :       4.4, Total CPU :      49.0 of Master node
 Step Wall :      0.4, Total Wall :      4.4 at Thu Jun 19 23:22:56 2014

 -----------------------------------
   DFT energy gradient calculation
 -----------------------------------
 ----------------------------------------------------
          Force (Hartree/Bohr)
  Atom            X             Y             Z
 ----------------------------------------------------
   C         -0.0000099     0.0000100    -0.0000029
   H          0.0000119     0.0000047    -0.0000041
   Cl         0.0000040     0.0000006    -0.0000239
   Br         0.0000264    -0.0000069     0.0000225
   I         -0.0000325    -0.0000084     0.0000083
 ----------------------------------------------------
 Step CPU :       2.8, Total CPU :      51.8 of Master node
 Step Wall :      0.3, Total Wall :      4.7 at Thu Jun 19 23:22:56 2014

 Optimization Cycle   6    Maximum gradient =   0.000032    RMS gradient =   0.000015

 Geometry is converged.

 --------------------------------------------------------------------------------
   Eigenvalues (Hartree)
 --------------------------------------------------------------------------------
   Alpha Occupied:    -10.33850    -0.89594    -0.79280    -0.71504    -0.62897
   Alpha Occupied:     -0.48627    -0.44774    -0.42955    -0.33284    -0.32915
   Alpha Occupied:     -0.30348    -0.29730    -0.27819    -0.27093
   Alpha Virtual :     -0.08841    -0.02723     0.01315     0.09559     0.35150
   Alpha Virtual :      0.35897     0.36772     0.38038     0.38291     0.42494
   Alpha Virtual :      0.43149     0.45143     0.46030     0.48717     0.50384
   Alpha Virtual :      0.51462     0.57345     0.58956     0.59537     0.61668
   Alpha Virtual :      0.63925     0.65899     0.67338     0.73986     0.77027
   Alpha Virtual :      0.77511     0.78933     0.83253     0.86555     0.96243
   Alpha Virtual :      0.97774     1.06641     1.12191     1.69483     1.70197
   Alpha Virtual :      1.87193     1.99470     2.14988     6.88046    10.24668
   Alpha Virtual :     18.73315
 --------------------------------------------------------------------------------
-----------------
 MO coefficients
-----------------
 
                          1          2          3          4          5
                     -10.3385    -0.8959    -0.7928    -0.7150    -0.6290
    1   1 C  S         0.9954     0.1242    -0.0514     0.0704    -0.1251
    2        S         0.0358    -0.2456     0.1039    -0.1413     0.2578
    3        Px        0.0000    -0.0147    -0.1063    -0.0806     0.0394
    4        Py        0.0003    -0.0269    -0.0441     0.0054    -0.1549
    5        Pz        0.0002    -0.0720    -0.0699     0.1019     0.0412
    6        S        -0.0259    -0.2128     0.0967    -0.1580     0.3079
    7        Px       -0.0009    -0.0089    -0.0228    -0.0268     0.0195
    8        Py        0.0001    -0.0043    -0.0117     0.0035    -0.0585
    9        Pz       -0.0008    -0.0148    -0.0193     0.0322     0.0107
   10        D 0      -0.0002    -0.0048    -0.0091    -0.0027    -0.0058
   11        D+1       0.0000    -0.0057    -0.0051     0.0047     0.0029
   12        D-1       0.0000    -0.0079    -0.0057     0.0066     0.0032
   13        D+2      -0.0002    -0.0004     0.0074     0.0065    -0.0078
   14        D-2      -0.0002    -0.0027    -0.0021     0.0003    -0.0067
   15   2 H  S        -0.0008    -0.0658     0.0388    -0.0674     0.1768
   16        S         0.0059     0.0060     0.0052    -0.0084     0.0582
   17   3 Cl S        -0.0006    -0.4224    -0.3152     0.1622    -0.1912
   18        S         0.0047    -0.2522    -0.2262     0.1356    -0.1841
   19        Px        0.0001     0.0344    -0.0050    -0.0050    -0.0326
   20        Py        0.0000     0.0405     0.0056     0.0075    -0.0718
   21        Pz        0.0001     0.0778     0.0108     0.0342    -0.0815
   22        Px       -0.0011     0.0138    -0.0028    -0.0055    -0.0157
   23        Py       -0.0012     0.0172     0.0042     0.0026    -0.0414
   24        Pz       -0.0025     0.0309     0.0094     0.0130    -0.0435
   25        D 0      -0.0001    -0.0166    -0.0059    -0.0064     0.0055
   26        D+1      -0.0002    -0.0165    -0.0016     0.0015     0.0070
   27        D-1      -0.0002    -0.0194    -0.0049    -0.0020     0.0165
   28        D+2       0.0000     0.0010     0.0021     0.0022    -0.0056
   29        D-2      -0.0001    -0.0087    -0.0007     0.0014     0.0058
   30   4 Br S         0.0001    -0.0749     0.2185     0.1211    -0.0962
   31        S         0.0026    -0.1811     0.5682     0.3330    -0.2822
   32        Px        0.0006    -0.0503     0.0630    -0.0148     0.0800
   33        Py        0.0000    -0.0050     0.0002    -0.0019    -0.0144
   34        Pz        0.0000    -0.0041    -0.0067     0.0129     0.0056
   35        Px        0.0018    -0.0149     0.0278    -0.0011     0.0358
   36        Py        0.0003     0.0009    -0.0008     0.0009    -0.0080
   37        Pz        0.0001    -0.0002    -0.0020     0.0036     0.0011
   38        D 0       0.0000     0.0088    -0.0135    -0.0011    -0.0076
   39        D+1       0.0001    -0.0013    -0.0026     0.0042     0.0014
   40        D-1       0.0000    -0.0003    -0.0005     0.0009     0.0002
   41        D+2       0.0000    -0.0154     0.0231     0.0020     0.0116
   42        D-2       0.0001    -0.0021     0.0015     0.0005    -0.0054
   43   5 I  S         0.0001    -0.0472     0.0475    -0.2992    -0.2291
   44        S         0.0026    -0.0607     0.0690    -0.4656    -0.3911
   45        Px       -0.0002     0.0115    -0.0160     0.0197    -0.0116
   46        Py       -0.0005     0.0119    -0.0125     0.0318    -0.0293
   47        Pz        0.0008    -0.0303     0.0142    -0.0530     0.0360
   48        Px       -0.0008     0.0005    -0.0039     0.0057     0.0021
   49        Py       -0.0007     0.0025    -0.0028     0.0126    -0.0074
   50        Pz        0.0018    -0.0007     0.0029    -0.0183     0.0025
   51        D 0       0.0006    -0.0055     0.0009    -0.0141    -0.0022
   52        D+1      -0.0004     0.0051    -0.0060     0.0129     0.0022
   53        D-1      -0.0005     0.0058    -0.0048     0.0178    -0.0023
   54        D+2       0.0000     0.0004     0.0010     0.0030    -0.0033
   55        D-2       0.0002    -0.0026     0.0034    -0.0069    -0.0005
 
                          6          7          8          9         10
                      -0.4863    -0.4477    -0.4295    -0.3328    -0.3291
    1   1 C  S        -0.0292    -0.0192     0.0164    -0.0048     0.0043
    2        S         0.0627     0.0374    -0.0263     0.0080    -0.0047
    3        Px       -0.0948    -0.3041    -0.1818     0.0890    -0.0859
    4        Py        0.3774     0.0030    -0.1337    -0.0729    -0.0646
    5        Pz        0.1174    -0.2107     0.2674    -0.0333     0.0791
    6        S         0.1043     0.0739    -0.0752     0.0120    -0.0310
    7        Px       -0.0479    -0.1617    -0.1159     0.0254    -0.0303
    8        Py        0.1918     0.0093    -0.0909    -0.0180    -0.0312
    9        Pz        0.0500    -0.1138     0.1727    -0.0101     0.0420
   10        D 0       0.0112    -0.0085     0.0032    -0.0026    -0.0212
   11        D+1       0.0026    -0.0090    -0.0008    -0.0195     0.0046
   12        D-1       0.0095    -0.0075     0.0054     0.0076     0.0072
   13        D+2       0.0088     0.0082     0.0034    -0.0174     0.0023
   14        D-2       0.0099    -0.0027    -0.0046    -0.0046     0.0126
   15   2 H  S        -0.1944    -0.0365     0.0179     0.0887     0.0191
   16        S        -0.1327    -0.0317     0.0141     0.0957     0.0211
   17   3 Cl S        -0.1245     0.0862    -0.0220    -0.0036    -0.0008
   18        S        -0.1582     0.1179    -0.0330    -0.0049    -0.0011
   19        Px       -0.1559    -0.0073    -0.1815    -0.3266     0.2340
   20        Py       -0.0090     0.1720    -0.1513     0.3358     0.2745
   21        Pz       -0.2400     0.2316     0.0557     0.0292    -0.2404
   22        Px       -0.1163    -0.0098    -0.1552    -0.3499     0.2514
   23        Py        0.0039     0.1350    -0.1271     0.3521     0.2934
   24        Pz       -0.1723     0.1803     0.0545     0.0282    -0.2588
   25        D 0       0.0233    -0.0171    -0.0192    -0.0011     0.0073
   26        D+1       0.0264    -0.0018     0.0143     0.0043    -0.0028
   27        D-1       0.0054    -0.0249     0.0105    -0.0088    -0.0032
   28        D+2       0.0113     0.0105     0.0004     0.0071     0.0015
   29        D-2       0.0070    -0.0039     0.0156     0.0005    -0.0030
   30   4 Br S        -0.0297    -0.0655    -0.0283     0.0018     0.0000
   31        S        -0.0996    -0.2297    -0.1026     0.0078    -0.0011
   32        Px        0.0922     0.2900     0.1497    -0.1436     0.1523
   33        Py        0.0932     0.0300    -0.0325    -0.0215    -0.1959
   34        Pz        0.0259    -0.0586     0.1120     0.1898     0.0364
   35        Px        0.0509     0.1869     0.0987    -0.1202     0.1297
   36        Py        0.0592     0.0241    -0.0203    -0.0135    -0.1818
   37        Pz        0.0148    -0.0364     0.0807     0.1870     0.0205
   38        D 0      -0.0057    -0.0157    -0.0062     0.0061    -0.0118
   39        D+1       0.0054    -0.0106     0.0181     0.0114     0.0023
   40        D-1       0.0004    -0.0002     0.0014     0.0048     0.0005
   41        D+2       0.0092     0.0283     0.0135    -0.0123     0.0110
   42        D-2       0.0202     0.0056    -0.0050    -0.0035    -0.0116
   43   5 I  S        -0.0324    -0.0332     0.1072    -0.0012     0.0112
   44        S        -0.0665    -0.0714     0.2360    -0.0039     0.0338
   45        Px       -0.0372    -0.0963     0.0840     0.0728     0.1404
   46        Py        0.0348    -0.0350     0.1122    -0.0532     0.1458
   47        Pz        0.0672     0.0297    -0.2444     0.0474    -0.0849
   48        Px       -0.0159    -0.0472     0.0440     0.0568     0.1210
   49        Py        0.0231    -0.0141     0.0527    -0.0389     0.1180
   50        Pz        0.0242     0.0125    -0.1320     0.0389    -0.0387
   51        D 0       0.0104    -0.0049    -0.0168     0.0046     0.0028
   52        D+1      -0.0081    -0.0128     0.0097     0.0019     0.0143
   53        D-1       0.0057    -0.0020     0.0138    -0.0057     0.0163
   54        D+2       0.0072     0.0038     0.0005    -0.0115     0.0004
   55        D-2      -0.0013     0.0080    -0.0057    -0.0026    -0.0058
 
                         11         12         13         14         15
                      -0.3035    -0.2973    -0.2782    -0.2709    -0.0884
    1   1 C  S         0.0044     0.0039     0.0072     0.0006    -0.1263
    2        S        -0.0034    -0.0107    -0.0124    -0.0017     0.2559
    3        Px        0.0328    -0.0053    -0.0342    -0.0249    -0.0429
    4        Py       -0.0340     0.1357     0.0478    -0.0032     0.2188
    5        Pz        0.0657    -0.0549     0.0192     0.0054    -0.1836
    6        S        -0.0429     0.0087    -0.0301     0.0003     0.8990
    7        Px       -0.0244    -0.0069     0.0002     0.0147    -0.0354
    8        Py       -0.0332     0.0289    -0.0044     0.0051     0.2464
    9        Pz       -0.0169    -0.0320    -0.0237     0.0104    -0.2200
   10        D 0       0.0055     0.0123     0.0051    -0.0059    -0.0039
   11        D+1       0.0152    -0.0057    -0.0010    -0.0015     0.0019
   12        D-1       0.0108    -0.0038     0.0109     0.0007     0.0030
   13        D+2      -0.0104     0.0050     0.0114     0.0055    -0.0045
   14        D-2       0.0008     0.0180     0.0005     0.0005    -0.0036
   15   2 H  S         0.0286    -0.1111    -0.0544    -0.0052    -0.0301
   16        S         0.0358    -0.1386    -0.0747    -0.0074    -0.1216
   17   3 Cl S         0.0248     0.0054     0.0147    -0.0075    -0.0401
   18        S         0.0519     0.0107     0.0319    -0.0176    -0.0892
   19        Px       -0.1979    -0.0808     0.0401    -0.0909     0.0568
   20        Py        0.0825    -0.1332     0.0177    -0.0414     0.0039
   21        Pz       -0.1022     0.0596    -0.0956     0.0842     0.1360
   22        Px       -0.2101    -0.0866     0.0370    -0.0945     0.0965
   23        Py        0.0843    -0.1481     0.0151    -0.0407     0.0140
   24        Pz       -0.1242     0.0637    -0.1101     0.0936     0.2340
   25        D 0       0.0060     0.0053     0.0013     0.0000     0.0333
   26        D+1       0.0091     0.0008     0.0040    -0.0024     0.0245
   27        D-1       0.0074    -0.0027     0.0044    -0.0029     0.0068
   28        D+2      -0.0047     0.0016     0.0045     0.0001     0.0081
   29        D-2       0.0025     0.0033     0.0002     0.0007    -0.0014
   30   4 Br S        -0.0041    -0.0012     0.0046     0.0067    -0.0355
   31        S        -0.0173    -0.0055     0.0192     0.0296    -0.1616
   32        Px       -0.0829     0.0260     0.0662     0.0568    -0.2020
   33        Py       -0.1376    -0.4839     0.0550     0.0626    -0.0552
   34        Pz       -0.4330     0.0583    -0.0136    -0.2561     0.0281
   35        Px       -0.0763     0.0223     0.0642     0.0588    -0.3453
   36        Py       -0.1261    -0.4716     0.0551     0.0618    -0.0849
   37        Pz       -0.4124     0.0645    -0.0137    -0.2467     0.0416
   38        D 0       0.0063     0.0030    -0.0013    -0.0055    -0.0266
   39        D+1      -0.0086     0.0004     0.0013     0.0014    -0.0161
   40        D-1       0.0022     0.0003     0.0035     0.0039     0.0013
   41        D+2      -0.0079    -0.0004     0.0060     0.0056     0.0379
   42        D-2      -0.0045    -0.0057     0.0032     0.0000     0.0240
   43   5 I  S        -0.0006     0.0013    -0.0029    -0.0028    -0.0912
   44        S         0.0020    -0.0036    -0.0068    -0.0062    -0.2738
   45        Px       -0.1293     0.0002     0.1738     0.4591     0.1403
   46        Py        0.0183    -0.1160    -0.4830     0.0774     0.1244
   47        Pz       -0.1777     0.1642    -0.2076     0.2037    -0.2818
   48        Px       -0.1277     0.0103     0.1605     0.4112     0.2540
   49        Py        0.0109    -0.0993    -0.4392     0.0667     0.2347
   50        Pz       -0.1481     0.1209    -0.1842     0.1820    -0.5240
   51        D 0      -0.0097     0.0118    -0.0064    -0.0018     0.0393
   52        D+1       0.0025    -0.0067     0.0063     0.0038    -0.0494
   53        D-1       0.0089    -0.0092    -0.0004    -0.0001    -0.0365
   54        D+2       0.0035    -0.0024    -0.0035     0.0028     0.0034
   55        D-2       0.0024     0.0054     0.0002    -0.0041     0.0195
 
                         16         17         18         19         20
                      -0.0272     0.0132     0.0956     0.3515     0.3590
    1   1 C  S         0.0427     0.0513    -0.0672     0.0213     0.0002
    2        S        -0.0938    -0.1007     0.0924    -0.2297     0.0191
    3        Px        0.4370    -0.2527     0.1113    -0.1759     0.3328
    4        Py        0.0797    -0.1626    -0.3422    -0.0379     0.0714
    5        Pz       -0.2511    -0.4237     0.0058     0.0814     0.2887
    6        S        -0.3388    -0.4986     1.2385     0.3938    -0.0319
    7        Px        0.6112    -0.4424     0.3840     0.1937    -0.4615
    8        Py        0.1201    -0.2789    -1.1029     0.1549    -0.0903
    9        Pz       -0.3631    -0.7402    -0.0489    -0.1133    -0.3867
   10        D 0      -0.0109     0.0116     0.0125     0.0311     0.0652
   11        D+1       0.0061     0.0111     0.0006    -0.0519     0.0327
   12        D-1       0.0072     0.0152    -0.0016    -0.0408     0.0022
   13        D+2       0.0141    -0.0067     0.0165     0.0056    -0.0465
   14        D-2      -0.0004     0.0044     0.0130     0.0238    -0.0146
   15   2 H  S         0.0031     0.0019    -0.1467    -0.0736     0.0329
   16        S         0.0547     0.0838    -2.0435     0.2940     0.0235
   17   3 Cl S         0.0308     0.1923     0.0250     0.0227     0.0031
   18        S         0.0890     0.6158     0.0604    -0.0123     0.2073
   19        Px       -0.0953    -0.0927    -0.0162     0.0320     0.0378
   20        Py       -0.0377    -0.1471     0.0037     0.0634     0.0133
   21        Pz       -0.0132    -0.2609    -0.0248    -0.0235    -0.0960
   22        Px       -0.2028    -0.2736    -0.0874    -0.0108     0.0286
   23        Py       -0.0881    -0.3990     0.1239     0.0015    -0.0474
   24        Pz       -0.0433    -0.7217    -0.0667    -0.0479     0.0010
   25        D 0       0.0244    -0.0551    -0.0072    -0.0860     0.0272
   26        D+1      -0.0415    -0.0424    -0.0275    -0.0004     0.1091
   27        D-1      -0.0041    -0.0693     0.0424     0.0055     0.0904
   28        D+2      -0.0059     0.0115    -0.0159    -0.0007    -0.0005
   29        D-2      -0.0327    -0.0250     0.0238     0.0129     0.0569
   30   4 Br S         0.0851    -0.0294     0.0110     0.0152    -0.0013
   31        S         0.4414    -0.1652     0.0545     0.0911    -0.1077
   32        Px        0.2986    -0.0913     0.0398    -0.0182    -0.2704
   33        Py        0.0009     0.0246    -0.0058     0.0860    -0.0425
   34        Pz        0.0246     0.0579     0.0001    -0.1064     0.1413
   35        Px        0.6854    -0.2211     0.0135     0.0944     0.2256
   36        Py        0.0178     0.0485     0.1467    -0.0260     0.0660
   37        Pz        0.0659     0.1454     0.0054     0.0005    -0.0877
   38        D 0       0.0417    -0.0065     0.0163    -0.0404     0.1118
   39        D+1      -0.0226    -0.0529     0.0009     0.1588    -0.0651
   40        D-1       0.0050     0.0093    -0.0001     0.0348    -0.0023
   41        D+2      -0.0718     0.0231     0.0348     0.0265    -0.1749
   42        D-2       0.0001    -0.0179    -0.0427    -0.0805    -0.0204
   43   5 I  S        -0.0702    -0.0233     0.0173    -0.0436    -0.0142
   44        S        -0.2372    -0.0855     0.0443    -0.1615    -0.0517
   45        Px        0.0291     0.0470    -0.0089    -0.5084    -0.2922
   46        Py        0.1000     0.0561    -0.0652    -0.4520    -0.1631
   47        Pz       -0.1500    -0.0191     0.0502     0.9768     0.1186
   48        Px        0.0720     0.1399    -0.0657     0.5764     0.4533
   49        Py        0.2093     0.1332     0.1199     0.5782     0.2243
   50        Pz       -0.3641    -0.0243     0.0453    -1.2201    -0.1169
   51        D 0       0.0322    -0.0384    -0.0031     0.1498    -0.4277
   52        D+1       0.0033    -0.0249     0.0362    -0.0036    -0.3879
   53        D-1      -0.0456    -0.0126    -0.0345    -0.1553     0.0450
   54        D+2      -0.0142    -0.0090    -0.0003    -0.0979     0.1809
   55        D-2       0.0012     0.0449     0.0324    -0.0117     0.3173
 
                         21         22         23         24         25
                       0.3677     0.3804     0.3829     0.4249     0.4315
    1   1 C  S         0.0008     0.0053    -0.0021    -0.0010     0.0034
    2        S        -0.0692    -0.0677     0.0243     0.0444     0.0117
    3        Px        0.1019     0.0097    -0.0171    -0.2250    -0.0307
    4        Py       -0.4124    -0.0731    -0.0311     0.0186     0.1237
    5        Pz       -0.1955    -0.1099    -0.0752    -0.0742    -0.0580
    6        S         0.1591     0.0061    -0.0325    -0.1605    -0.1669
    7        Px       -0.1254    -0.0259    -0.0246     0.4536    -0.0172
    8        Py        0.5067     0.0607     0.0027     0.0031    -0.1663
    9        Pz        0.3217     0.1692     0.0490     0.1841     0.1656
   10        D 0      -0.0297    -0.0096    -0.0188     0.0085     0.0031
   11        D+1       0.0057    -0.0152    -0.0061    -0.0009    -0.0075
   12        D-1      -0.0452    -0.0203    -0.0065    -0.0069    -0.0158
   13        D+2      -0.0492    -0.0244     0.0139     0.0072    -0.0085
   14        D-2      -0.0106    -0.0175    -0.0014    -0.0124     0.0171
   15   2 H  S         0.2297     0.1091    -0.0059    -0.0196    -0.0030
   16        S        -0.1354     0.0932    -0.0645    -0.0233     0.0233
   17   3 Cl S         0.0112    -0.0282    -0.0330    -0.0056    -0.0109
   18        S        -0.1738    -0.0901    -0.0399    -0.1259    -0.0010
   19        Px        0.0107     0.0492    -0.0705    -0.0269    -0.0784
   20        Py       -0.0313    -0.0692    -0.0110     0.0693    -0.0004
   21        Pz        0.0532     0.0550     0.0772    -0.0652     0.1239
   22        Px        0.0773    -0.0008     0.0169     0.0040     0.0581
   23        Py       -0.0092     0.0286    -0.0204     0.0036     0.0259
   24        Pz       -0.0086     0.0068    -0.0019     0.1272    -0.1198
   25        D 0      -0.0569    -0.0313     0.0169    -0.0356    -0.0011
   26        D+1      -0.0367    -0.0105    -0.0678    -0.0298    -0.0189
   27        D-1      -0.0890    -0.0861    -0.0403     0.0084    -0.0162
   28        D+2       0.0187     0.0013     0.0175     0.0043    -0.0135
   29        D-2      -0.0303    -0.0110    -0.0059    -0.0196     0.0166
   30   4 Br S         0.0012    -0.0036     0.0136     0.0231     0.0016
   31        S        -0.0283    -0.0199     0.0458     0.2023     0.0103
   32        Px       -0.1000    -0.0692     0.0758    -0.2823    -0.1427
   33        Py       -0.0819    -0.2099     0.0130    -0.2106     0.1737
   34        Pz        0.0585    -0.0717    -0.2084     0.2034     0.1872
   35        Px        0.1007     0.0592    -0.0350     0.4836     0.1576
   36        Py       -0.0195     0.1482     0.0157     0.2169    -0.1373
   37        Pz       -0.1141     0.0316     0.1104    -0.2296    -0.2115
   38        D 0       0.0361    -0.0238    -0.0812    -0.0164     0.0148
   39        D+1       0.0297     0.0560     0.0893     0.0245     0.0448
   40        D-1      -0.0169    -0.0568     0.0458    -0.0309    -0.0119
   41        D+2      -0.0761    -0.0761     0.0372     0.0615    -0.0055
   42        D-2       0.0695     0.0683    -0.0204     0.0283    -0.0552
   43   5 I  S        -0.0004     0.0029     0.0088    -0.0059     0.0105
   44        S         0.0106     0.0298     0.0286    -0.0055     0.0742
   45        Px       -0.0660     0.2915    -1.1057    -0.0630    -0.0018
   46        Py        0.2167    -1.1614    -0.0268     0.0554    -0.1436
   47        Pz        0.2612    -0.3656    -0.6563    -0.0089    -0.0681
   48        Px        0.1052    -0.3047     1.1051     0.0416    -0.0307
   49        Py       -0.3480     1.1481    -0.0005    -0.0525     0.1174
   50        Pz       -0.3069     0.3869     0.6998    -0.0150     0.1498
   51        D 0       0.3284     0.0499     0.0380    -0.2067     0.3310
   52        D+1      -0.2887    -0.1028    -0.0101     0.1435     0.4025
   53        D-1       0.3913    -0.0045     0.0290    -0.4891     0.0552
   54        D+2       0.3817     0.0201     0.0148     0.6411     0.3331
   55        D-2      -0.1256    -0.0777    -0.0417    -0.2968     0.7050
 
                         26         27         28         29         30
                       0.4514     0.4603     0.4872     0.5038     0.5146
    1   1 C  S        -0.0047     0.0155    -0.0043    -0.0012     0.0043
    2        S         0.0836    -0.2930    -0.0167     0.0315    -0.0929
    3        Px        0.0868     0.3589     0.0172    -0.2779     0.1202
    4        Py        0.2210     0.1067    -0.2936    -0.0210    -0.0561
    5        Pz       -0.4366    -0.1346    -0.1559    -0.0097    -0.0499
    6        S        -0.3289     0.7039     0.1077    -0.0410     0.1190
    7        Px       -0.2189    -0.7749     0.0405     0.6823    -0.2391
    8        Py       -0.5726    -0.1698     0.6217     0.0832     0.1266
    9        Pz        1.0217     0.3859     0.3237     0.0129     0.0496
   10        D 0       0.0524    -0.0124    -0.0006    -0.0264    -0.0065
   11        D+1      -0.0622    -0.0018    -0.0436    -0.0086    -0.0427
   12        D-1      -0.0426    -0.0230     0.0097     0.0120     0.0017
   13        D+2      -0.0260     0.0502     0.0112     0.0210     0.0040
   14        D-2       0.0216     0.0209    -0.0802    -0.0070    -0.0550
   15   2 H  S        -0.1573    -0.0602     0.1311     0.0100     0.1412
   16        S        -0.1975     0.1577     0.0186     0.0029     0.0369
   17   3 Cl S        -0.0306     0.0164     0.0061     0.0064    -0.0145
   18        S        -0.2061    -0.0652    -0.2337    -0.1028    -0.0146
   19        Px        0.1053    -0.1006     0.0905    -0.0287     0.2854
   20        Py        0.0676     0.0248     0.0788    -0.0804     0.0524
   21        Pz       -0.0015    -0.0276    -0.0523     0.0733     0.0080
   22        Px        0.0463     0.1361    -0.0328    -0.0839    -0.1636
   23        Py        0.1313     0.0447    -0.0801     0.0982    -0.0755
   24        Pz       -0.0007     0.0161     0.1766     0.0298    -0.0360
   25        D 0      -0.1720    -0.0138    -0.0424     0.0524    -0.1111
   26        D+1      -0.0060    -0.0260    -0.0177    -0.0783     0.0534
   27        D-1      -0.0226     0.0104    -0.0893     0.0085    -0.0599
   28        D+2      -0.0004    -0.0880     0.0218    -0.0343     0.1109
   29        D-2       0.0834     0.0006    -0.0284    -0.1140    -0.0133
   30   4 Br S        -0.0076    -0.0616     0.0014     0.0364    -0.0188
   31        S        -0.0723    -0.4450     0.0140     0.2911    -0.1252
   32        Px       -0.3676     0.9500     0.0208    -0.0304     0.2474
   33        Py       -0.0051     0.0180     0.5729    -0.6277    -0.7618
   34        Pz        0.0183     0.3429     0.2719     0.7949    -0.5514
   35        Px        0.3228    -1.4604    -0.0014     0.3206    -0.3892
   36        Py        0.0933    -0.0053    -0.7211     0.6553     0.7315
   37        Pz       -0.1802    -0.3961    -0.3506    -0.8461     0.5431
   38        D 0       0.1242    -0.0218     0.0080    -0.1177     0.0917
   39        D+1       0.3625     0.0991     0.2887     0.2114     0.1471
   40        D-1      -0.0484    -0.0573     0.0162     0.0863     0.0685
   41        D+2      -0.0792     0.0346    -0.0401     0.1270    -0.0011
   42        D-2      -0.2020    -0.1011     0.5485    -0.0253     0.2251
   43   5 I  S         0.0833     0.0295     0.0012    -0.0464     0.0102
   44        S         0.4112     0.1606    -0.0087    -0.1318     0.0251
   45        Px        0.1053     0.0166    -0.0234    -0.1348     0.0230
   46        Py        0.2281    -0.0771     0.0163     0.0212     0.2227
   47        Pz       -0.1444     0.0366    -0.0251     0.0365     0.1097
   48        Px       -0.3090    -0.0563     0.0264     0.1977    -0.0286
   49        Py       -0.4763    -0.0099    -0.0926     0.0618    -0.2979
   50        Pz        0.6052     0.1417    -0.0227    -0.2301    -0.1008
   51        D 0       0.2143     0.0227    -0.2856    -0.1596    -0.1101
   52        D+1      -0.4037    -0.1533     0.0751    -0.0172     0.1637
   53        D-1      -0.2909    -0.1694    -0.1736     0.2502    -0.1495
   54        D+2      -0.1871     0.2151    -0.1617    -0.2465    -0.0002
   55        D-2       0.0920     0.0062     0.1143     0.0998     0.3022
 
                         31         32         33         34
                       0.5734     0.5896     0.5954     0.6167
    1   1 C  S        -0.0135     0.0005    -0.0345    -0.0001
    2        S         0.0811    -0.0521     0.1139     0.0338
    3        Px        0.3228     0.0277     0.0847    -0.0792
    4        Py        0.0127    -0.1804     0.2372     0.0517
    5        Pz        0.0296    -0.0822    -0.4725    -0.0642
    6        S        -0.0267     0.2479     0.4548    -0.1535
    7        Px       -0.8684    -0.1713     0.1924     0.4325
    8        Py       -0.0211     0.3166     0.0069    -0.2155
    9        Pz       -0.3123     0.3371     0.2407     0.1923
   10        D 0       0.0008     0.0344    -0.0248    -0.0076
   11        D+1      -0.0573     0.0019     0.0130     0.0392
   12        D-1       0.0654     0.0296     0.0313    -0.0595
   13        D+2      -0.0751    -0.0265    -0.0103     0.0652
   14        D-2       0.0189    -0.0014     0.0265    -0.0086
   15   2 H  S         0.1119    -0.0027     0.0348    -0.1924
   16        S         0.0060     0.1089    -0.0888    -0.0204
   17   3 Cl S         0.0398    -0.0309    -0.0158    -0.0104
   18        S         0.2727    -0.2188    -0.1729    -0.0782
   19        Px        0.0821    -0.3529     0.0864     0.2449
   20        Py       -0.2181    -0.1685     0.0639     0.0391
   21        Pz        0.1381    -0.2084    -0.3167     0.0342
   22        Px       -0.0196     0.4822    -0.0319    -0.2998
   23        Py        0.0425     0.2255     0.0224     0.0676
   24        Pz       -0.3334     0.3586     0.4202    -0.0024
   25        D 0       0.0236    -0.0342     0.0918    -0.0833
   26        D+1       0.2499     0.1473    -0.0124    -0.2614
   27        D-1      -0.1257    -0.0079    -0.0037     0.1759
   28        D+2       0.1457     0.0578     0.0248    -0.1858
   29        D-2       0.0723     0.0513    -0.0643    -0.0452
   30   4 Br S        -0.0349    -0.0046     0.0057     0.0116
   31        S        -0.3193    -0.0741     0.0399     0.1473
   32        Px       -0.0679    -0.0430    -0.0100     0.0231
   33        Py        0.0146    -0.1729     0.1271     0.0929
   34        Pz        0.2184     0.0015    -0.2236    -0.2053
   35        Px       -0.2452    -0.0212     0.0477     0.1198
   36        Py       -0.0292     0.1512    -0.1254    -0.0720
   37        Pz       -0.1991    -0.0253     0.1911     0.2021
   38        D 0      -0.0688    -0.5371    -0.0614    -0.6347
   39        D+1       0.1275    -0.0495     0.2797    -0.0463
   40        D-1       0.5650    -0.4768    -0.1406     0.4382
   41        D+2      -0.3580    -0.4442     0.0207    -0.1264
   42        D-2      -0.1923    -0.0086    -0.2348     0.0917
   43   5 I  S        -0.0076     0.0085    -0.0318     0.0225
   44        S         0.0051     0.0416    -0.0323     0.0584
   45        Px       -0.0260    -0.0477    -0.0040     0.1837
   46        Py        0.0003     0.1355    -0.1250     0.0284
   47        Pz        0.0330     0.0458     0.2237    -0.0048
   48        Px        0.1730     0.0614     0.0254    -0.3341
   49        Py       -0.0039    -0.2341     0.2181    -0.0411
   50        Pz       -0.0078    -0.0151    -0.4071     0.0628
   51        D 0       0.0712     0.0356    -0.4694    -0.0745
   52        D+1       0.3465     0.0862     0.3243    -0.2368
   53        D-1      -0.0743    -0.1562     0.5226     0.0578
   54        D+2      -0.0551    -0.1336     0.1300     0.1615
   55        D-2      -0.2552     0.0742    -0.1229     0.1367
 
 Step CPU :       0.0, Total CPU :      51.8 of Master node
 Step Wall :      0.0, Total Wall :      4.7 at Thu Jun 19 23:22:56 2014

 Total CPU time :       51.9 seconds
 Total wall time:        4.7 seconds
                 ( 0 days  0 hours  0 minutes  4.7 seconds)
 The job finished at Thu Jun 19 23:22:56 2014
 Used memory :     52 MB
 Your calculation finished with  0 warning(s).
