 ****************************************
    Scalable Molecular Analysis Solver
      for High performance computing
            SMASH Version 0.1
          written by K. ISHIMURA
 ****************************************

 The job started at Thu Jun 19 15:57:01 2014
 Master node is hpcs01.local
 Number of processes =     1
 Number of threads   =    12

 Warning! SCFtype changes from RHF to UHF.
 --------------------------------------------------------------------------
   Job infomation
 --------------------------------------------------------------------------
   Runtype = OPTIMIZE    ,   Method  = HARTREE-FOCK,   Basis    = 6-31G(D)    
   Memory  =      1000MB ,   SCFtype = UHF         ,   Spher    = F
   Charge  =         0.0 ,   Multi   =           3 ,   Bohr     = F
   Nopt    =          50 ,   Optconv =     1.0D-04 ,   Cartesian= F
 --------------------------------------------------------------------------

 ------------------------------------------------
   Computational condition
 ------------------------------------------------
   Number of atoms                      =    3
   Number of alpha electrons            =    5
   Number of beta electrons             =    3
   Number of basis shells               =   10
   Number of basis contracted functions =   19
   Number of basis primitive functions  =   23
 ------------------------------------------------

 ----------------------------------------------------
          Molecular Geometry (Angstrom)
  Atom            X             Y             Z
 ----------------------------------------------------
   C          0.0000000     0.0000000     0.0000000
   H          0.0000000    -0.8288400     0.7079000
   H          0.0000000     0.8288400     0.7079000
 ----------------------------------------------------

 -------------
   Basis set
 -------------
  C  
    S  6
      3047.5248800      0.0018347
       457.3695180      0.0140373
       103.9486850      0.0688426
        29.2101553      0.2321844
         9.2866630      0.4679413
         3.1639270      0.3623120
    S  3
         7.8682723     -0.1193324
         1.8812885     -0.1608542
         0.5442493      1.1434564
    P  3
         7.8682723      0.0689991
         1.8812885      0.3164240
         0.5442493      0.7443083
    S  1
         0.1687145      1.0000000
    P  1
         0.1687145      1.0000000
    D  1
         0.8000000      1.0000000
  ****
  H  
    S  3
        18.7311370      0.0334946
         2.8253944      0.2347270
         0.6401217      0.8137573
    S  1
         0.1612778      1.0000000
  ****
 Nuclear repulsion energy =     6.14503628 a.u.

 Step CPU :       0.2, Total CPU :       0.2 of Master node
 Step Wall :      0.0, Total Wall :      0.0 at Thu Jun 19 15:57:01 2014

 --------------------------------------------------------------------------
   Unrestricted Hartree-Fock calculation
 --------------------------------------------------------------------------
   DIIS = T,   SOSCF = F
   Dconv      = 5.00D-06,  MaxIter    =       100,  ThreshSOSCF= 2.50D-01
   Cutint2    = 1.00D-12,  ThreshEx   =  3.00D+01,  ThreshOver = 1.00D-06
 --------------------------------------------------------------------------
 ====================
    SCF Iteration
 ====================
 Iter SubIt   Total Energy      Delta Energy      Delta Density     DIIS Error
   1    0     -38.671702834     -38.671702834      0.294363085      0.714510497
   2    1     -38.893367771      -0.221664937      0.054658022      0.038806271
   3    2     -38.899768673      -0.006400902      0.026457443      0.016935449
   4    3     -38.900555245      -0.000786571      0.008701866      0.004920932
   5    4     -38.900669307      -0.000114063      0.003447722      0.001448954
   6    5     -38.900685750      -0.000016443      0.001526958      0.000530756
   7    6     -38.900688869      -0.000003119      0.000681324      0.000205665
   8    7     -38.900689319      -0.000000450      0.000110458      0.000041497
   9    8     -38.900689330      -0.000000010      0.000014530      0.000007489
  10    9     -38.900689330       0.000000000      0.000002931      0.000001365
 -----------------------------------------
    SCF Converged.
    UHF Energy =     -38.900689330 a.u.
 -----------------------------------------

 -------------------------------
    Sz =  1.000
    S-squared =  2.013
 -------------------------------

 --------------------------------------------------------------------------------
   Eigenvalues (Hartree)
 --------------------------------------------------------------------------------
   Alpha Occupied:    -11.27443    -0.95420    -0.55958    -0.50970    -0.41684
   Alpha Virtual :      0.26794     0.30171     0.71092     0.71507     0.72302
   Alpha Virtual :      0.96108     1.11798     1.19982     1.89063     1.89325
   Alpha Virtual :      1.91192     2.27471     2.54986     4.37768
   Beta  Occupied:    -11.22295    -0.79563    -0.51639
   Beta  Virtual :      0.10589     0.17569     0.29749     0.35220     0.73867
   Beta  Virtual :      0.86747     0.89668     1.02876     1.16916     1.24145
   Beta  Virtual :      2.01462     2.03895     2.07380     2.39239     2.62271
   Beta  Virtual :      4.45032
 --------------------------------------------------------------------------------
 Step CPU :       0.1, Total CPU :       0.3 of Master node
 Step Wall :      0.0, Total Wall :      0.0 at Thu Jun 19 15:57:01 2014

 ---------------------------------------------------------
   Unrestricted Hartree-Fock energy gradient calculation
 ---------------------------------------------------------
 ----------------------------------------------------
          Force (Hartree/Bohr)
  Atom            X             Y             Z
 ----------------------------------------------------
   C          0.0000000     0.0000000    -0.0664210
   H          0.0000000     0.0222964     0.0332105
   H          0.0000000    -0.0222964     0.0332105
 ----------------------------------------------------
 Step CPU :       0.1, Total CPU :       0.4 of Master node
 Step Wall :      0.0, Total Wall :      0.0 at Thu Jun 19 15:57:01 2014

 Optimization Cycle   1    Maximum gradient =   0.066421    RMS gradient =   0.029082

 Lambda iteration in RFO  1   Lambda= 0.00000000D+00    Sum=-4.19872056D-02
 Lambda iteration in RFO  2   Lambda=-4.19872056D-02    Sum=-3.32715610D-02
 Lambda iteration in RFO  3   Lambda=-3.32715610D-02    Sum=-3.47695250D-02
 Lambda iteration in RFO  4   Lambda=-3.47695250D-02    Sum=-3.45025360D-02
 Lambda iteration in RFO  5   Lambda=-3.45025360D-02    Sum=-3.45498218D-02
 Lambda iteration in RFO  6   Lambda=-3.45498218D-02    Sum=-3.45414376D-02
 Lambda iteration in RFO  7   Lambda=-3.45414376D-02    Sum=-3.45429239D-02
 Lambda iteration in RFO  8   Lambda=-3.45429239D-02    Sum=-3.45426604D-02
 Lambda iteration in RFO  9   Lambda=-3.45426604D-02    Sum=-3.45427071D-02
 Lambda iteration in RFO 10   Lambda=-3.45427071D-02    Sum=-3.45426989D-02
 Displacement Iteration  1  RMS(Cart)= 7.627D-02    RMS(Red)= 2.431D-01
 Displacement Iteration  2  RMS(Cart)= 1.217D-01    RMS(Red)= 1.809D-01
 Displacement Iteration  3  RMS(Cart)= 6.702D-03    RMS(Red)= 1.610D-02
 Displacement Iteration  4  RMS(Cart)= 6.314D-05    RMS(Red)= 9.431D-05
 Displacement Iteration  5  RMS(Cart)= 1.787D-09    RMS(Red)= 4.290D-09

 ---------------------------------------------------------
   Redundant coordinate parameters (Angstrom and Degree)
 ---------------------------------------------------------
                                  New           Old
   R1    (1,2)                   1.0836        1.0900
   R2    (1,3)                   1.0836        1.0900
   A1    (2,1,3)               123.1039       98.9997
 ---------------------------------------------------------
 Step CPU :       0.0, Total CPU :       0.4 of Master node
 Step Wall :      0.0, Total Wall :      0.0 at Thu Jun 19 15:57:01 2014

 ----------------------------------------------------
          Molecular Geometry (Angstrom)
  Atom            X             Y             Z
 ----------------------------------------------------
   C         -0.0009095    -0.0031434     0.1750074
   H         -0.0002687    -0.9496172     0.7026582
   H          0.0022080     0.9557837     0.6796633
 ----------------------------------------------------

 Nuclear repulsion energy =     6.13781849 a.u.

 Step CPU :       0.0, Total CPU :       0.4 of Master node
 Step Wall :      0.0, Total Wall :      0.0 at Thu Jun 19 15:57:01 2014

 --------------------------------------------------------------------------
   Unrestricted Hartree-Fock calculation
 --------------------------------------------------------------------------
   DIIS = T,   SOSCF = F
   Dconv      = 5.00D-06,  MaxIter    =       100,  ThreshSOSCF= 2.50D-01
   Cutint2    = 1.00D-12,  ThreshEx   =  3.00D+01,  ThreshOver = 1.00D-06
 --------------------------------------------------------------------------
 ====================
    SCF Iteration
 ====================
 Iter SubIt   Total Energy      Delta Energy      Delta Density     DIIS Error
   1    1     -38.957660648     -38.957660648      0.044854039      0.027772775
   2    2     -38.919738564       0.037922085      0.010453963      0.008835911
   3    3     -38.920227127      -0.000488564      0.004856748      0.004403125
   4    4     -38.920325441      -0.000098314      0.002599388      0.002039039
   5    5     -38.920345662      -0.000020220      0.000717263      0.000443314
   6    6     -38.920346994      -0.000001332      0.000076748      0.000050224
   7    7     -38.920347017      -0.000000024      0.000042277      0.000024579
   8    8     -38.920347022      -0.000000005      0.000021580      0.000009482
   9    9     -38.920347023      -0.000000001      0.000005626      0.000001250
  10   10     -38.920347023       0.000000000      0.000000975      0.000000246
 -----------------------------------------
    SCF Converged.
    UHF Energy =     -38.920347023 a.u.
 -----------------------------------------

 -------------------------------
    Sz =  1.000
    S-squared =  2.013
 -------------------------------

 Step CPU :       0.1, Total CPU :       0.5 of Master node
 Step Wall :      0.0, Total Wall :      0.0 at Thu Jun 19 15:57:01 2014

 ---------------------------------------------------------
   Unrestricted Hartree-Fock energy gradient calculation
 ---------------------------------------------------------
 ----------------------------------------------------
          Force (Hartree/Bohr)
  Atom            X             Y             Z
 ----------------------------------------------------
   C         -0.0000733    -0.0002429    -0.0201401
   H          0.0000325    -0.0030641     0.0101085
   H          0.0000408     0.0033071     0.0100316
 ----------------------------------------------------
 Step CPU :       0.1, Total CPU :       0.6 of Master node
 Step Wall :      0.0, Total Wall :      0.1 at Thu Jun 19 15:57:01 2014

 Optimization Cycle   2    Maximum gradient =   0.020140    RMS gradient =   0.008359

 Lambda iteration in RFO  1   Lambda= 0.00000000D+00    Sum=-1.90505125D-03
 Lambda iteration in RFO  2   Lambda=-1.90505125D-03    Sum=-1.88362802D-03
 Lambda iteration in RFO  3   Lambda=-1.88362802D-03    Sum=-1.88386616D-03
 Lambda iteration in RFO  4   Lambda=-1.88386616D-03    Sum=-1.88386351D-03
 Displacement Iteration  1  RMS(Cart)= 3.932D-02    RMS(Red)= 6.088D-02
 Displacement Iteration  2  RMS(Cart)= 3.080D-02    RMS(Red)= 6.139D-02
 Displacement Iteration  3  RMS(Cart)= 1.345D-03    RMS(Red)= 2.239D-03
 Displacement Iteration  4  RMS(Cart)= 4.233D-07    RMS(Red)= 8.613D-07

 ---------------------------------------------------------
   Redundant coordinate parameters (Angstrom and Degree)
 ---------------------------------------------------------
                                  New           Old
   R1    (1,2)                   1.0696        1.0836
   R2    (1,3)                   1.0696        1.0836
   A1    (2,1,3)               128.7488      123.1039
 ---------------------------------------------------------
 Step CPU :       0.0, Total CPU :       0.6 of Master node
 Step Wall :      0.0, Total Wall :      0.1 at Thu Jun 19 15:57:01 2014

 ----------------------------------------------------
          Molecular Geometry (Angstrom)
  Atom            X             Y             Z
 ----------------------------------------------------
   C          0.0096727    -0.0028941     0.2461834
   H          0.0016586    -0.9616807     0.7201395
   H          0.0003148     0.9669074     0.6971466
 ----------------------------------------------------

 Nuclear repulsion energy =     6.21147486 a.u.

 Step CPU :       0.0, Total CPU :       0.6 of Master node
 Step Wall :      0.0, Total Wall :      0.1 at Thu Jun 19 15:57:01 2014

 --------------------------------------------------------------------------
   Unrestricted Hartree-Fock calculation
 --------------------------------------------------------------------------
   DIIS = T,   SOSCF = F
   Dconv      = 5.00D-06,  MaxIter    =       100,  ThreshSOSCF= 2.50D-01
   Cutint2    = 1.00D-12,  ThreshEx   =  3.00D+01,  ThreshOver = 1.00D-06
 --------------------------------------------------------------------------
 ====================
    SCF Iteration
 ====================
 Iter SubIt   Total Energy      Delta Energy      Delta Density     DIIS Error
   1    1     -38.934918437     -38.934918437      0.010580493      0.010425284
   2    2     -38.921370689       0.013547748      0.003321655      0.002703876
   3    3     -38.921414477      -0.000043788      0.001990719      0.001106016
   4    4     -38.921424701      -0.000010224      0.000960654      0.000409751
   5    5     -38.921426432      -0.000001731      0.000305202      0.000079114
   6    6     -38.921426574      -0.000000141      0.000078414      0.000037777
   7    7     -38.921426583      -0.000000010      0.000035079      0.000014692
   8    8     -38.921426585      -0.000000001      0.000009198      0.000003459
   9    9     -38.921426585       0.000000000      0.000001989      0.000000786
 -----------------------------------------
    SCF Converged.
    UHF Energy =     -38.921426585 a.u.
 -----------------------------------------

 -------------------------------
    Sz =  1.000
    S-squared =  2.014
 -------------------------------

 Step CPU :       0.1, Total CPU :       0.7 of Master node
 Step Wall :      0.0, Total Wall :      0.1 at Thu Jun 19 15:57:01 2014

 ---------------------------------------------------------
   Unrestricted Hartree-Fock energy gradient calculation
 ---------------------------------------------------------
 ----------------------------------------------------
          Force (Hartree/Bohr)
  Atom            X             Y             Z
 ----------------------------------------------------
   C          0.0000379    -0.0000242    -0.0020254
   H         -0.0000205     0.0022984     0.0009855
   H         -0.0000173    -0.0022743     0.0010400
 ----------------------------------------------------
 Step CPU :       0.0, Total CPU :       0.7 of Master node
 Step Wall :      0.0, Total Wall :      0.1 at Thu Jun 19 15:57:01 2014

 Optimization Cycle   3    Maximum gradient =   0.002298    RMS gradient =   0.001359

 Lambda iteration in RFO  1   Lambda= 0.00000000D+00    Sum=-1.30735682D-04
 Lambda iteration in RFO  2   Lambda=-1.30735682D-04    Sum=-1.30604744D-04
 Lambda iteration in RFO  3   Lambda=-1.30604744D-04    Sum=-1.30604875D-04
 Displacement Iteration  1  RMS(Cart)= 1.215D-02    RMS(Red)= 1.826D-02
 Displacement Iteration  2  RMS(Cart)= 1.003D-02    RMS(Red)= 1.730D-02
 Displacement Iteration  3  RMS(Cart)= 8.382D-05    RMS(Red)= 1.695D-04
 Displacement Iteration  4  RMS(Cart)= 2.068D-09    RMS(Red)= 3.461D-09

 ---------------------------------------------------------
   Redundant coordinate parameters (Angstrom and Degree)
 ---------------------------------------------------------
                                  New           Old
   R1    (1,2)                   1.0712        1.0696
   R2    (1,3)                   1.0712        1.0696
   A1    (2,1,3)               130.5433      128.7489
 ---------------------------------------------------------
 Step CPU :       0.0, Total CPU :       0.7 of Master node
 Step Wall :      0.0, Total Wall :      0.1 at Thu Jun 19 15:57:01 2014

 ----------------------------------------------------
          Molecular Geometry (Angstrom)
  Atom            X             Y             Z
 ----------------------------------------------------
   C          0.0199220    -0.0054088     0.2637548
   H         -0.0029724    -0.9737112     0.7213516
   H         -0.0034874     0.9721781     0.7011382
 ----------------------------------------------------

 Nuclear repulsion energy =     6.19982859 a.u.

 Step CPU :       0.0, Total CPU :       0.7 of Master node
 Step Wall :      0.0, Total Wall :      0.1 at Thu Jun 19 15:57:01 2014

 --------------------------------------------------------------------------
   Unrestricted Hartree-Fock calculation
 --------------------------------------------------------------------------
   DIIS = T,   SOSCF = F
   Dconv      = 5.00D-06,  MaxIter    =       100,  ThreshSOSCF= 2.50D-01
   Cutint2    = 1.00D-12,  ThreshEx   =  3.00D+01,  ThreshOver = 1.00D-06
 --------------------------------------------------------------------------
 ====================
    SCF Iteration
 ====================
 Iter SubIt   Total Energy      Delta Energy      Delta Density     DIIS Error
   1    1     -38.920367508     -38.920367508      0.003352260      0.003168812
   2    2     -38.921480163      -0.001112655      0.002019583      0.001415173
   3    3     -38.921492159      -0.000011996      0.001678277      0.000698417
   4    4     -38.921495784      -0.000003625      0.000632678      0.000226404
   5    5     -38.921496189      -0.000000405      0.000157861      0.000053184
   6    6     -38.921496214      -0.000000025      0.000024970      0.000013461
   7    7     -38.921496215      -0.000000001      0.000008524      0.000004445
   8    8     -38.921496215       0.000000000      0.000002779      0.000000901
 -----------------------------------------
    SCF Converged.
    UHF Energy =     -38.921496215 a.u.
 -----------------------------------------

 -------------------------------
    Sz =  1.000
    S-squared =  2.015
 -------------------------------

 Step CPU :       0.1, Total CPU :       0.8 of Master node
 Step Wall :      0.0, Total Wall :      0.1 at Thu Jun 19 15:57:01 2014

 ---------------------------------------------------------
   Unrestricted Hartree-Fock energy gradient calculation
 ---------------------------------------------------------
 ----------------------------------------------------
          Force (Hartree/Bohr)
  Atom            X             Y             Z
 ----------------------------------------------------
   C          0.0000188    -0.0000038    -0.0003649
   H         -0.0000094    -0.0000101     0.0001826
   H         -0.0000094     0.0000139     0.0001823
 ----------------------------------------------------
 Step CPU :       0.0, Total CPU :       0.9 of Master node
 Step Wall :      0.0, Total Wall :      0.1 at Thu Jun 19 15:57:01 2014

 Optimization Cycle   4    Maximum gradient =   0.000365    RMS gradient =   0.000149

 Lambda iteration in RFO  1   Lambda= 0.00000000D+00    Sum=-1.05472550D-06
 Lambda iteration in RFO  2   Lambda=-1.05472550D-06    Sum=-1.05471538D-06
 Displacement Iteration  1  RMS(Cart)= 7.082D-03    RMS(Red)= 1.788D-03
 Displacement Iteration  2  RMS(Cart)= 2.074D-03    RMS(Red)= 4.606D-03
 Displacement Iteration  3  RMS(Cart)= 6.000D-06    RMS(Red)= 9.978D-06
 Displacement Iteration  4  RMS(Cart)= 9.372D-12    RMS(Red)= 1.957D-11

 ---------------------------------------------------------
   Redundant coordinate parameters (Angstrom and Degree)
 ---------------------------------------------------------
                                  New           Old
   R1    (1,2)                   1.0711        1.0712
   R2    (1,3)                   1.0711        1.0712
   A1    (2,1,3)               130.7187      130.5433
 ---------------------------------------------------------
 Step CPU :       0.0, Total CPU :       0.9 of Master node
 Step Wall :      0.0, Total Wall :      0.1 at Thu Jun 19 15:57:01 2014

 ----------------------------------------------------
          Molecular Geometry (Angstrom)
  Atom            X             Y             Z
 ----------------------------------------------------
   C          0.0304768    -0.0050077     0.2666528
   H         -0.0019920    -0.9738082     0.7222058
   H         -0.0025240     0.9731335     0.7017484
 ----------------------------------------------------

 Nuclear repulsion energy =     6.20064008 a.u.

 Step CPU :       0.0, Total CPU :       0.9 of Master node
 Step Wall :      0.0, Total Wall :      0.1 at Thu Jun 19 15:57:01 2014

 --------------------------------------------------------------------------
   Unrestricted Hartree-Fock calculation
 --------------------------------------------------------------------------
   DIIS = T,   SOSCF = F
   Dconv      = 5.00D-06,  MaxIter    =       100,  ThreshSOSCF= 2.50D-01
   Cutint2    = 1.00D-12,  ThreshEx   =  3.00D+01,  ThreshOver = 1.00D-06
 --------------------------------------------------------------------------
 ====================
    SCF Iteration
 ====================
 Iter SubIt   Total Energy      Delta Energy      Delta Density     DIIS Error
   1    1     -38.921637751     -38.921637751      0.001619389      0.002040107
   2    2     -38.921491899       0.000145852      0.001426178      0.000921273
   3    3     -38.921495605      -0.000003706      0.001261509      0.000422101
   4    4     -38.921496706      -0.000001101      0.000245644      0.000086070
   5    5     -38.921496751      -0.000000045      0.000035743      0.000020147
   6    6     -38.921496753      -0.000000002      0.000005508      0.000003202
   7    7     -38.921496753       0.000000000      0.000000869      0.000000434
 -----------------------------------------
    SCF Converged.
    UHF Energy =     -38.921496753 a.u.
 -----------------------------------------

 -------------------------------
    Sz =  1.000
    S-squared =  2.015
 -------------------------------

 Step CPU :       0.1, Total CPU :       1.0 of Master node
 Step Wall :      0.0, Total Wall :      0.1 at Thu Jun 19 15:57:01 2014

 ---------------------------------------------------------
   Unrestricted Hartree-Fock energy gradient calculation
 ---------------------------------------------------------
 ----------------------------------------------------
          Force (Hartree/Bohr)
  Atom            X             Y             Z
 ----------------------------------------------------
   C          0.0000001     0.0000000    -0.0000018
   H         -0.0000001     0.0000083     0.0000008
   H         -0.0000001    -0.0000082     0.0000010
 ----------------------------------------------------
 Step CPU :       0.1, Total CPU :       1.0 of Master node
 Step Wall :      0.0, Total Wall :      0.1 at Thu Jun 19 15:57:01 2014

 Optimization Cycle   5    Maximum gradient =   0.000008    RMS gradient =   0.000004

 Geometry is converged.

 --------------------------------------------------------------------------------
   Eigenvalues (Hartree)
 --------------------------------------------------------------------------------
   Alpha Occupied:    -11.25933    -0.94846    -0.61368    -0.45273    -0.40764
   Alpha Virtual :      0.25829     0.32745     0.71865     0.73007     0.76820
   Alpha Virtual :      0.80624     1.16421     1.21403     1.90155     1.91057
   Alpha Virtual :      1.91270     2.42741     2.45400     4.39030
   Beta  Occupied:    -11.21137    -0.77672    -0.58091
   Beta  Virtual :      0.14614     0.17626     0.29153     0.36258     0.80186
   Beta  Virtual :      0.81335     0.90069     0.92027     1.21077     1.26090
   Beta  Virtual :      2.02069     2.08850     2.09853     2.49671     2.52787
   Beta  Virtual :      4.45822
 --------------------------------------------------------------------------------
-----------------------
 Alpha MO coefficients
-----------------------
 
                          1          2          3          4          5
                     -11.2593    -0.9485    -0.6137    -0.4527    -0.4076
    1   1 C  S        -0.9948    -0.2102     0.0000    -0.0517     0.0000
    2        S        -0.0311     0.4203     0.0000     0.1181     0.0000
    3        Px        0.0000    -0.0020     0.0001     0.0419    -0.6142
    4        Py        0.0000     0.0003    -0.4722    -0.0060    -0.0006
    5        Pz       -0.0002     0.0271     0.0050    -0.5706    -0.0451
    6        S         0.0074     0.4592     0.0000     0.2896     0.0000
    7        Px       -0.0001    -0.0011     0.0001     0.0308    -0.5102
    8        Py        0.0000     0.0002    -0.2082    -0.0044    -0.0005
    9        Pz        0.0009     0.0149     0.0022    -0.4189    -0.0375
   10        Dxx       0.0032    -0.0020     0.0000     0.0068    -0.0002
   11        Dyy       0.0037     0.0145    -0.0005    -0.0257     0.0000
   12        Dzz       0.0033     0.0026     0.0005     0.0017     0.0002
   13        Dxy       0.0000     0.0000     0.0022     0.0000     0.0000
   14        Dxz       0.0000    -0.0004     0.0000     0.0004     0.0015
   15        Dyz       0.0000    -0.0001    -0.0297     0.0003     0.0000
   16   2 H  S         0.0002     0.1511     0.2353    -0.1152     0.0000
   17        S        -0.0020     0.0305     0.1589    -0.1113     0.0000
   18   3 H  S         0.0002     0.1511    -0.2353    -0.1152     0.0000
   19        S        -0.0020     0.0305    -0.1589    -0.1113     0.0000
 
                          6          7          8          9         10
                       0.2583     0.3274     0.7187     0.7301     0.7682
    1   1 C  S        -0.1196     0.0000     0.0265     0.0000     0.0000
    2        S         0.1494     0.0000    -0.0693     0.0000     0.0000
    3        Px       -0.0116     0.0001    -0.0694    -1.0466    -0.0002
    4        Py        0.0016    -0.3406     0.0099    -0.0011     0.7337
    5        Pz        0.1573     0.0036     0.9444    -0.0769    -0.0077
    6        S         1.9412     0.0000    -0.1559     0.0000     0.0000
    7        Px       -0.0501     0.0005     0.0852     1.1011     0.0005
    8        Py        0.0072    -1.6661    -0.0121     0.0012    -1.9722
    9        Pz        0.6819     0.0175    -1.1585     0.0809     0.0207
   10        Dxx       0.0055     0.0000    -0.0367    -0.0007     0.0000
   11        Dyy      -0.0229     0.0002     0.0588     0.0000     0.0020
   12        Dzz      -0.0001    -0.0002    -0.0260     0.0007    -0.0020
   13        Dxy       0.0000    -0.0008     0.0000     0.0001    -0.0082
   14        Dxz       0.0005     0.0000    -0.0009     0.0058     0.0001
   15        Dyz       0.0003     0.0113    -0.0010     0.0000     0.1109
   16   2 H  S        -0.0659    -0.0157     0.2456     0.0000    -0.4200
   17        S        -1.4331    -1.8545     0.0076     0.0000    -0.6378
   18   3 H  S        -0.0659     0.0157     0.2456     0.0000     0.4200
   19        S        -1.4331     1.8545     0.0076     0.0000     0.6378
 
                         11         12         13         14         15
                       0.8062     1.1642     1.2140     1.9016     1.9106
    1   1 C  S         0.0345    -0.0261     0.0000     0.0000     0.0011
    2        S         1.0761     1.3633     0.0000     0.0000     0.0026
    3        Px        0.0213    -0.0318    -0.0003     0.0000    -0.0005
    4        Py       -0.0030     0.0045     0.9230     0.0000     0.0001
    5        Pz       -0.2900     0.4322    -0.0097     0.0000     0.0072
    6        S        -2.0339    -2.7977     0.0000     0.0000    -0.0189
    7        Px        0.0099     0.0486     0.0003     0.0000     0.0009
    8        Py       -0.0014    -0.0069    -1.2169     0.0000    -0.0001
    9        Pz       -0.1347    -0.6613     0.0128     0.0000    -0.0125
   10        Dxx       0.0088     0.1989     0.0000     0.0005    -0.7274
   11        Dyy       0.2441    -0.0727    -0.0043    -0.0018    -0.2152
   12        Dzz       0.0605     0.1359     0.0043     0.0013     0.9454
   13        Dxy      -0.0001     0.0001     0.0173    -0.9973    -0.0017
   14        Dxz      -0.0044     0.0054    -0.0001     0.0105    -0.1428
   15        Dyz      -0.0022     0.0025    -0.2353    -0.0733     0.0140
   16   2 H  S         0.5152    -0.6024     0.7391     0.0000     0.0077
   17        S         0.2031     1.3665    -1.2969     0.0000     0.0056
   18   3 H  S         0.5152    -0.6024    -0.7391     0.0000     0.0077
   19        S         0.2031     1.3665     1.2969     0.0000     0.0056
 
                         16         17         18         19
                       1.9127     2.4274     2.4540     4.3903
    1   1 C  S         0.0000     0.0000     0.0574    -0.4514
    2        S         0.0000     0.0000    -0.0134     3.1481
    3        Px        0.0071     0.0000     0.0059     0.0045
    4        Py        0.0000    -0.1706    -0.0008    -0.0006
    5        Pz        0.0005     0.0018    -0.0806    -0.0606
    6        S         0.0000     0.0000    -0.6000     1.3942
    7        Px       -0.0057     0.0002     0.0173    -0.0116
    8        Py        0.0000    -0.6643    -0.0025     0.0016
    9        Pz       -0.0004     0.0070    -0.2349     0.1573
   10        Dxx      -0.1266     0.0000     0.7957    -1.7622
   11        Dyy       0.0000    -0.0198    -1.0389    -1.8805
   12        Dzz       0.1266     0.0198     0.3900    -1.7869
   13        Dxy       0.0104     0.0800     0.0009     0.0001
   14        Dxz       0.9892    -0.0005     0.0346     0.0021
   15        Dyz       0.0018    -1.0887     0.0173     0.0011
   16   2 H  S         0.0000    -0.6658     0.6410     0.2205
   17        S         0.0000    -0.1098    -0.0041    -0.4443
   18   3 H  S         0.0000     0.6658     0.6410     0.2205
   19        S         0.0000     0.1098    -0.0041    -0.4443
 
-----------------------
 Beta MO coefficients
-----------------------
 
                          1          2          3          4          5
                     -11.2114    -0.7767    -0.5809     0.1461     0.1763
    1   1 C  S        -0.9963     0.1787     0.0000     0.0919     0.0000
    2        S        -0.0227    -0.3440     0.0000    -0.0975     0.0000
    3        Px        0.0001     0.0099     0.0001    -0.0230     0.3575
    4        Py        0.0000    -0.0014    -0.4226     0.0033     0.0004
    5        Pz       -0.0007    -0.1341     0.0044     0.3128     0.0263
    6        S         0.0079    -0.2835     0.0000    -0.6050     0.0000
    7        Px       -0.0001     0.0025     0.0000    -0.0431     0.7492
    8        Py        0.0000    -0.0004    -0.1523     0.0062     0.0008
    9        Pz        0.0008    -0.0340     0.0016     0.5870     0.0551
   10        Dxx       0.0021     0.0250     0.0000     0.0033    -0.0025
   11        Dyy       0.0003    -0.0501    -0.0007    -0.0058     0.0000
   12        Dzz       0.0018     0.0073     0.0007     0.0297     0.0025
   13        Dxy       0.0000     0.0000     0.0027     0.0000     0.0002
   14        Dxz       0.0000     0.0015     0.0000    -0.0023     0.0192
   15        Dyz       0.0000     0.0007    -0.0371     0.0004     0.0000
   16   2 H  S         0.0004    -0.2117     0.2619     0.0722     0.0000
   17        S        -0.0021    -0.1254     0.2188     0.1989     0.0000
   18   3 H  S         0.0004    -0.2117    -0.2619     0.0722     0.0000
   19        S        -0.0021    -0.1254    -0.2188     0.1988     0.0000
 
                          6          7          8          9         10
                       0.2915     0.3626     0.8019     0.8134     0.9007
    1   1 C  S        -0.1277     0.0000     0.0000    -0.0638     0.0000
    2        S         0.1340     0.0000     0.0000    -0.5900     0.0000
    3        Px       -0.0124    -0.0001     0.0002     0.0407    -1.1595
    4        Py        0.0018     0.3442    -0.7197    -0.0058    -0.0012
    5        Pz        0.1692    -0.0036     0.0076    -0.5532    -0.0852
    6        S         2.0221     0.0000     0.0000     1.4940     0.0000
    7        Px       -0.0544    -0.0005    -0.0006    -0.0662     0.9547
    8        Py        0.0078     1.6861     2.0188     0.0094     0.0010
    9        Pz        0.7406    -0.0177    -0.0212     0.9006     0.0702
   10        Dxx      -0.0190     0.0000     0.0000     0.0075     0.0019
   11        Dyy       0.0007     0.0003    -0.0018    -0.1862     0.0000
   12        Dzz       0.0030    -0.0003     0.0018    -0.0230    -0.0019
   13        Dxy       0.0000    -0.0012     0.0071     0.0001    -0.0002
   14        Dxz      -0.0019     0.0000     0.0000     0.0026    -0.0145
   15        Dyz       0.0000     0.0163    -0.0971     0.0020     0.0000
   16   2 H  S        -0.0245    -0.0318     0.4297    -0.5514     0.0000
   17        S        -1.4642     1.8837     0.6808    -0.1358     0.0000
   18   3 H  S        -0.0245     0.0318    -0.4297    -0.5514     0.0000
   19        S        -1.4642    -1.8837    -0.6808    -0.1358     0.0000
 
                         11         12         13         14         15
                       0.9203     1.2108     1.2609     2.0207     2.0885
    1   1 C  S         0.0004     0.0352     0.0000     0.0000    -0.0038
    2        S        -0.7842    -1.4193     0.0000     0.0000    -0.0022
    3        Px       -0.0693     0.0303    -0.0003     0.0000    -0.0025
    4        Py        0.0099    -0.0043     0.9607     0.0000     0.0004
    5        Pz        0.9432    -0.4126    -0.0101     0.0000     0.0345
    6        S         1.2468     2.7914     0.0000     0.0000     0.0436
    7        Px        0.0430    -0.0460     0.0003     0.0000    -0.0013
    8        Py       -0.0061     0.0066    -1.1205     0.0000     0.0002
    9        Pz       -0.5851     0.6263     0.0118     0.0000     0.0179
   10        Dxx      -0.0540    -0.1756     0.0000     0.0005     0.6937
   11        Dyy      -0.1771     0.0262    -0.0035    -0.0018     0.2568
   12        Dzz      -0.0480    -0.1555     0.0035     0.0013    -0.9599
   13        Dxy       0.0000    -0.0001     0.0143    -0.9973     0.0016
   14        Dxz      -0.0005    -0.0017    -0.0001     0.0105     0.1411
   15        Dyz       0.0016    -0.0022    -0.1947    -0.0733    -0.0147
   16   2 H  S        -0.2325     0.5917     0.7522     0.0000    -0.0519
   17        S        -0.0825    -1.3254    -1.2209     0.0000     0.0028
   18   3 H  S        -0.2325     0.5917    -0.7522     0.0000    -0.0519
   19        S        -0.0825    -1.3254     1.2209     0.0000     0.0028
 
                         16         17         18         19
                       2.0985     2.4967     2.5279     4.4582
    1   1 C  S         0.0000     0.0000    -0.0492    -0.4509
    2        S         0.0000     0.0000    -0.0291     3.1656
    3        Px        0.0239     0.0000    -0.0066     0.0051
    4        Py        0.0000    -0.1421     0.0009    -0.0007
    5        Pz        0.0018     0.0015     0.0892    -0.0690
    6        S         0.0000     0.0000     0.6050     1.3690
    7        Px        0.0006     0.0002    -0.0169    -0.0117
    8        Py        0.0000    -0.6585     0.0024     0.0017
    9        Pz        0.0000     0.0069     0.2298     0.1596
   10        Dxx       0.1266     0.0000    -0.8317    -1.7610
   11        Dyy       0.0000    -0.0199     1.0335    -1.8784
   12        Dzz      -0.1266     0.0200    -0.3498    -1.7860
   13        Dxy      -0.0104     0.0807    -0.0010     0.0001
   14        Dxz      -0.9889    -0.0005    -0.0411     0.0021
   15        Dyz      -0.0018    -1.0977    -0.0168     0.0011
   16   2 H  S         0.0000    -0.6337    -0.6157     0.2191
   17        S         0.0000    -0.1221    -0.0068    -0.4378
   18   3 H  S         0.0000     0.6337    -0.6157     0.2191
   19        S         0.0000     0.1221    -0.0068    -0.4378
 
 Step CPU :       0.0, Total CPU :       1.0 of Master node
 Step Wall :      0.0, Total Wall :      0.1 at Thu Jun 19 15:57:01 2014

 Total CPU time :        1.1 seconds
 Total wall time:        0.1 seconds
                 ( 0 days  0 hours  0 minutes  0.1 seconds)
 The job finished at Thu Jun 19 15:57:01 2014
 Used memory :      0 MB
 Your calculation finished with  1 warning(s).
